2023-06-14 11:27:50,791 INFO: 
                ____                _       _____  ____
               / __ ) ____ _ _____ (_)_____/ ___/ / __ \
              / __  |/ __ `// ___// // ___/\__ \ / /_/ /
             / /_/ // /_/ /(__  )/ // /__ ___/ // _, _/
            /_____/ \__,_//____//_/ \___//____//_/ |_|
     ______                   __   __                 __      __
    / ____/____   ____   ____/ /  / /   __  __ _____ / /__   / /
   / / __ / __ \ / __ \ / __  /  / /   / / / // ___// //_/  / /
  / /_/ // /_/ // /_/ // /_/ /  / /___/ /_/ // /__ / /<    /_/
  \____/ \____/ \____/ \____/  /_____/\____/ \___//_/|_|  (_)
    
Version Information: 
	BasicSR: 1.2.0+50cb149
	PyTorch: 2.0.0
	TorchVision: 0.15.0
2023-06-14 11:27:50,793 INFO: 
  name: RestoreNet-width64
  model_type: ImageRestorationModel
  scale: 1
  num_gpu: 1
  manual_seed: 10
  datasets:[
    train:[
      name: RestoreNet-train
      type: PairedImageDataset
      dataroot_gt: D:\Premodel\RestoreNet\train\output
      dataroot_lq: D:\Premodel\RestoreNet\train\input
      filename_tmpl: {}
      io_backend:[
        type: disk
      ]
      gt_size: 256
      use_flip: True
      use_rot: True
      use_shuffle: True
      num_worker_per_gpu: 2
      batch_size_per_gpu: 2
      dataset_enlarge_ratio: 1
      prefetch_mode: None
      phase: train
      scale: 1
    ]
    val:[
      name: RestoreNet-test
      type: PairedImageDataset
      dataroot_gt: D:\Premodel\RestoreNet\test\output
      dataroot_lq: D:\Premodel\RestoreNet\test\input
      io_backend:[
        type: disk
      ]
      phase: val
      scale: 1
    ]
  ]
  network_g:[
    type: RestoreNetLocal
    width_deblur: 64
    enc_blk_nums_deblur: [1, 1, 1, 28]
    middle_blk_num_deblur: 1
    dec_blk_nums_deblur: [1, 1, 1, 1]
    dw_expand_deblur: 2
    ffn_expand_deblur: 2
    width_denoise: 64
    enc_blk_nums_denoise: [2, 2, 4, 8]
    middle_blk_num_denoise: 12
    dec_blk_nums_denoise: [2, 2, 2, 2]
    dw_expand_denoise: 2
    ffn_expand_denoise: 2
  ]
  path:[
    pretrain_network_g: None
    strict_load_g: True
    resume_state: experiments/RestoreNet-width64/training_states/205000.state
    root: d:\premodel\restorenet64
    experiments_root: d:\premodel\restorenet64\experiments\RestoreNet-width64
    models: d:\premodel\restorenet64\experiments\RestoreNet-width64\models
    training_states: d:\premodel\restorenet64\experiments\RestoreNet-width64\training_states
    log: d:\premodel\restorenet64\experiments\RestoreNet-width64
    visualization: d:\premodel\restorenet64\experiments\RestoreNet-width64\visualization
  ]
  train:[
    optim_g:[
      type: AdamW
      lr: 0.001
      weight_decay: 0.001
      betas: [0.9, 0.9]
    ]
    scheduler:[
      type: TrueCosineAnnealingLR
      T_max: 400000
      eta_min: 1e-07
    ]
    total_iter: 400000
    warmup_iter: -1
    pixel_opt:[
      type: PSNRLoss
      loss_weight: 1
      reduction: mean
    ]
  ]
  val:[
    val_freq: 5000.0
    save_img: False
    metrics:[
      psnr:[
        type: calculate_psnr
        crop_border: 0
        test_y_channel: False
      ]
      ssim:[
        type: calculate_ssim
        crop_border: 0
        test_y_channel: False
      ]
    ]
  ]
  logger:[
    print_freq: 200
    save_checkpoint_freq: 5000.0
    use_tb_logger: True
    wandb:[
      project: None
      resume_id: None
    ]
  ]
  dist_params:[
    backend: gloo
    port: 4321
  ]
  is_train: True
  dist: False
  rank: 0
  world_size: 1

2023-06-14 11:27:56,585 INFO: Dataset PairedImageDataset - RestoreNet-train is created.
2023-06-14 11:27:56,586 INFO: Training statistics:
	Number of train images: 19978
	Dataset enlarge ratio: 1
	Batch size per gpu: 2
	World size (gpu number): 1
	Require iter number per epoch: 9989
	Total epochs: 41; iters: 400000.
2023-06-14 11:27:56,588 INFO: Dataset PairedImageDataset - RestoreNet-test is created.
2023-06-14 11:27:56,588 INFO: Number of val images/folders in RestoreNet-test: 21
2023-06-14 11:27:56,588 INFO: Set pretrain_network_g to d:\premodel\restorenet64\experiments\RestoreNet-width64\models\net_g_205000.pth
2023-06-14 11:28:03,399 INFO: Loading RestoreNetLocal model from d:\premodel\restorenet64\experiments\RestoreNet-width64\models\net_g_205000.pth.
2023-06-14 11:28:06,078 INFO: Model [ImageRestorationModel] is created.
2023-06-14 11:28:06,703 INFO: Resuming training from epoch: 15, iter: 205000.
2023-06-14 11:28:11,038 INFO: Start training from epoch: 15, iter: 205000
2023-06-14 11:30:02,526 INFO: [Resto..][epoch: 15, iter: 205,200, lr:(4.796e-04,)] [eta: 1 day, 7:10:49, time (data): 0.560 (0.000)] l_pix: -2.5182e+01 
2023-06-14 11:31:51,505 INFO: [Resto..][epoch: 15, iter: 205,400, lr:(4.789e-04,)] [eta: 1 day, 6:18:12, time (data): 0.546 (0.000)] l_pix: -2.9180e+01 
2023-06-14 11:33:40,988 INFO: [Resto..][epoch: 15, iter: 205,600, lr:(4.781e-04,)] [eta: 1 day, 6:02:07, time (data): 0.544 (0.000)] l_pix: -2.6323e+01 
2023-06-14 11:35:30,452 INFO: [Resto..][epoch: 15, iter: 205,800, lr:(4.773e-04,)] [eta: 1 day, 5:53:04, time (data): 0.540 (0.001)] l_pix: -1.9865e+01 
2023-06-14 11:37:19,602 INFO: [Resto..][epoch: 15, iter: 206,000, lr:(4.765e-04,)] [eta: 1 day, 5:45:54, time (data): 0.550 (0.000)] l_pix: -2.4265e+01 
2023-06-14 11:39:09,309 INFO: [Resto..][epoch: 15, iter: 206,200, lr:(4.757e-04,)] [eta: 1 day, 5:42:01, time (data): 0.559 (0.001)] l_pix: -2.1716e+01 
2023-06-14 11:40:58,152 INFO: [Resto..][epoch: 15, iter: 206,400, lr:(4.749e-04,)] [eta: 1 day, 5:36:43, time (data): 0.538 (0.001)] l_pix: -2.6828e+01 
2023-06-14 11:42:46,742 INFO: [Resto..][epoch: 15, iter: 206,600, lr:(4.741e-04,)] [eta: 1 day, 5:31:47, time (data): 0.556 (0.000)] l_pix: -2.4121e+01 
2023-06-14 11:44:35,114 INFO: [Resto..][epoch: 15, iter: 206,800, lr:(4.734e-04,)] [eta: 1 day, 5:27:09, time (data): 0.540 (0.000)] l_pix: -2.3717e+01 
2023-06-14 11:46:24,414 INFO: [Resto..][epoch: 15, iter: 207,000, lr:(4.726e-04,)] [eta: 1 day, 5:24:35, time (data): 0.544 (0.001)] l_pix: -2.0660e+01 
2023-06-14 11:48:13,888 INFO: [Resto..][epoch: 15, iter: 207,200, lr:(4.718e-04,)] [eta: 1 day, 5:22:24, time (data): 0.540 (0.001)] l_pix: -2.5625e+01 
2023-06-14 11:50:03,234 INFO: [Resto..][epoch: 15, iter: 207,400, lr:(4.710e-04,)] [eta: 1 day, 5:20:07, time (data): 0.559 (0.001)] l_pix: -2.7870e+01 
2023-06-14 11:51:53,104 INFO: [Resto..][epoch: 15, iter: 207,600, lr:(4.702e-04,)] [eta: 1 day, 5:18:32, time (data): 0.535 (0.000)] l_pix: -2.2852e+01 
2023-06-14 11:53:42,941 INFO: [Resto..][epoch: 15, iter: 207,800, lr:(4.694e-04,)] [eta: 1 day, 5:16:53, time (data): 0.572 (0.001)] l_pix: -2.3672e+01 
2023-06-14 11:55:32,057 INFO: [Resto..][epoch: 15, iter: 208,000, lr:(4.687e-04,)] [eta: 1 day, 5:14:26, time (data): 0.535 (0.001)] l_pix: -2.2355e+01 
2023-06-14 11:57:21,914 INFO: [Resto..][epoch: 15, iter: 208,200, lr:(4.679e-04,)] [eta: 1 day, 5:12:49, time (data): 0.545 (0.001)] l_pix: -2.7994e+01 
2023-06-14 11:59:11,414 INFO: [Resto..][epoch: 15, iter: 208,400, lr:(4.671e-04,)] [eta: 1 day, 5:10:50, time (data): 0.536 (0.000)] l_pix: -2.4760e+01 
2023-06-14 12:01:01,253 INFO: [Resto..][epoch: 15, iter: 208,600, lr:(4.663e-04,)] [eta: 1 day, 5:09:10, time (data): 0.580 (0.000)] l_pix: -2.3769e+01 
2023-06-14 12:02:50,890 INFO: [Resto..][epoch: 15, iter: 208,800, lr:(4.655e-04,)] [eta: 1 day, 5:07:19, time (data): 0.544 (0.000)] l_pix: -2.2296e+01 
2023-06-14 12:04:40,267 INFO: [Resto..][epoch: 15, iter: 209,000, lr:(4.647e-04,)] [eta: 1 day, 5:05:15, time (data): 0.537 (0.000)] l_pix: -2.1511e+01 
2023-06-14 12:06:29,681 INFO: [Resto..][epoch: 15, iter: 209,200, lr:(4.640e-04,)] [eta: 1 day, 5:03:15, time (data): 0.534 (0.000)] l_pix: -2.1879e+01 
2023-06-14 12:08:19,323 INFO: [Resto..][epoch: 15, iter: 209,400, lr:(4.632e-04,)] [eta: 1 day, 5:01:26, time (data): 0.536 (0.000)] l_pix: -2.0611e+01 
2023-06-14 12:10:09,390 INFO: [Resto..][epoch: 15, iter: 209,600, lr:(4.624e-04,)] [eta: 1 day, 4:59:53, time (data): 0.560 (0.001)] l_pix: -2.3280e+01 
2023-06-14 12:11:58,776 INFO: [Resto..][epoch: 15, iter: 209,800, lr:(4.616e-04,)] [eta: 1 day, 4:57:53, time (data): 0.557 (0.001)] l_pix: -2.3123e+01 
2023-06-14 12:13:48,793 INFO: [Resto..][epoch: 15, iter: 210,000, lr:(4.608e-04,)] [eta: 1 day, 4:56:18, time (data): 0.609 (0.001)] l_pix: -2.2358e+01 
2023-06-14 12:13:48,793 INFO: Saving models and training states.
2023-06-14 12:14:42,656 INFO: Validation RestoreNet-test, 		 # psnr: 24.6947	 # ssim: 0.8326
2023-06-14 12:14:42,657 INFO: [Resto..][epoch: 15, iter: 210,000, lr:(4.608e-04,)] m_psnr: 2.4695e+01 m_ssim: 8.3260e-01 
2023-06-14 12:16:32,461 INFO: [Resto..][epoch: 15, iter: 210,200, lr:(4.600e-04,)] [eta: 1 day, 5:27:19, time (data): 0.548 (0.000)] l_pix: -2.3561e+01 
2023-06-14 12:18:22,802 INFO: [Resto..][epoch: 15, iter: 210,400, lr:(4.593e-04,)] [eta: 1 day, 5:24:38, time (data): 0.554 (0.001)] l_pix: -2.3056e+01 
2023-06-14 12:20:12,522 INFO: [Resto..][epoch: 15, iter: 210,600, lr:(4.585e-04,)] [eta: 1 day, 5:21:40, time (data): 0.547 (0.001)] l_pix: -2.4495e+01 
2023-06-14 12:22:02,672 INFO: [Resto..][epoch: 15, iter: 210,800, lr:(4.577e-04,)] [eta: 1 day, 5:19:00, time (data): 0.540 (0.000)] l_pix: -2.6602e+01 
2023-06-14 12:23:52,711 INFO: [Resto..][epoch: 15, iter: 211,000, lr:(4.569e-04,)] [eta: 1 day, 5:16:21, time (data): 0.546 (0.000)] l_pix: -2.5649e+01 
2023-06-14 12:25:42,469 INFO: [Resto..][epoch: 15, iter: 211,200, lr:(4.561e-04,)] [eta: 1 day, 5:13:36, time (data): 0.557 (0.001)] l_pix: -2.6620e+01 
2023-06-14 12:27:34,011 INFO: [Resto..][epoch: 15, iter: 211,400, lr:(4.554e-04,)] [eta: 1 day, 5:11:47, time (data): 0.557 (0.000)] l_pix: -2.2404e+01 
2023-06-14 12:29:28,597 INFO: [Resto..][epoch: 15, iter: 211,600, lr:(4.546e-04,)] [eta: 1 day, 5:11:24, time (data): 0.614 (0.001)] l_pix: -2.1804e+01 
2023-06-14 12:31:22,396 INFO: [Resto..][epoch: 15, iter: 211,800, lr:(4.538e-04,)] [eta: 1 day, 5:10:35, time (data): 0.547 (0.002)] l_pix: -2.0061e+01 
2023-06-14 12:33:18,198 INFO: [Resto..][epoch: 15, iter: 212,000, lr:(4.530e-04,)] [eta: 1 day, 5:10:35, time (data): 0.569 (0.000)] l_pix: -2.1677e+01 
2023-06-14 12:35:12,123 INFO: [Resto..][epoch: 15, iter: 212,200, lr:(4.522e-04,)] [eta: 1 day, 5:09:41, time (data): 0.555 (0.001)] l_pix: -2.5207e+01 
2023-06-14 12:37:04,970 INFO: [Resto..][epoch: 15, iter: 212,400, lr:(4.514e-04,)] [eta: 1 day, 5:08:15, time (data): 0.537 (0.001)] l_pix: -2.5867e+01 
2023-06-14 12:38:59,391 INFO: [Resto..][epoch: 15, iter: 212,600, lr:(4.507e-04,)] [eta: 1 day, 5:07:27, time (data): 0.582 (0.001)] l_pix: -2.1442e+01 
2023-06-14 12:40:53,495 INFO: [Resto..][epoch: 15, iter: 212,800, lr:(4.499e-04,)] [eta: 1 day, 5:06:29, time (data): 0.546 (0.000)] l_pix: -2.6884e+01 
2023-06-14 12:42:47,979 INFO: [Resto..][epoch: 15, iter: 213,000, lr:(4.491e-04,)] [eta: 1 day, 5:05:36, time (data): 0.558 (0.000)] l_pix: -2.2891e+01 
2023-06-14 12:44:41,823 INFO: [Resto..][epoch: 15, iter: 213,200, lr:(4.483e-04,)] [eta: 1 day, 5:04:25, time (data): 0.532 (0.001)] l_pix: -2.1404e+01 
2023-06-14 12:46:35,189 INFO: [Resto..][epoch: 15, iter: 213,400, lr:(4.475e-04,)] [eta: 1 day, 5:03:02, time (data): 0.555 (0.001)] l_pix: -2.5536e+01 
2023-06-14 12:48:29,038 INFO: [Resto..][epoch: 15, iter: 213,600, lr:(4.468e-04,)] [eta: 1 day, 5:01:48, time (data): 0.540 (0.001)] l_pix: -2.2304e+01 
2023-06-14 12:50:22,733 INFO: [Resto..][epoch: 15, iter: 213,800, lr:(4.460e-04,)] [eta: 1 day, 5:00:29, time (data): 0.554 (0.000)] l_pix: -2.3777e+01 
2023-06-14 12:52:15,754 INFO: [Resto..][epoch: 15, iter: 214,000, lr:(4.452e-04,)] [eta: 1 day, 4:58:54, time (data): 0.553 (0.000)] l_pix: -2.2771e+01 
2023-06-14 12:54:09,723 INFO: [Resto..][epoch: 15, iter: 214,200, lr:(4.444e-04,)] [eta: 1 day, 4:57:38, time (data): 0.538 (0.001)] l_pix: -2.4391e+01 
2023-06-14 12:56:03,728 INFO: [Resto..][epoch: 15, iter: 214,400, lr:(4.436e-04,)] [eta: 1 day, 4:56:21, time (data): 0.576 (0.002)] l_pix: -2.2168e+01 
2023-06-14 12:57:57,384 INFO: [Resto..][epoch: 15, iter: 214,600, lr:(4.429e-04,)] [eta: 1 day, 4:54:56, time (data): 0.537 (0.002)] l_pix: -2.2136e+01 
2023-06-14 12:59:51,504 INFO: [Resto..][epoch: 15, iter: 214,800, lr:(4.421e-04,)] [eta: 1 day, 4:53:38, time (data): 0.599 (0.001)] l_pix: -1.9951e+01 
2023-06-14 13:01:45,136 INFO: [Resto..][epoch: 16, iter: 215,000, lr:(4.413e-04,)] [eta: 1 day, 4:52:10, time (data): 0.566 (0.001)] l_pix: -2.3052e+01 
2023-06-14 13:01:45,137 INFO: Saving models and training states.
2023-06-14 13:01:58,848 INFO: Validation RestoreNet-test, 		 # psnr: 24.7217	 # ssim: 0.8351
2023-06-14 13:01:58,849 INFO: [Resto..][epoch: 16, iter: 215,000, lr:(4.413e-04,)] m_psnr: 2.4722e+01 m_ssim: 8.3511e-01 
2023-06-14 13:03:52,900 INFO: [Resto..][epoch: 16, iter: 215,200, lr:(4.405e-04,)] [eta: 1 day, 4:54:56, time (data): 0.576 (0.001)] l_pix: -2.8535e+01 
2023-06-14 13:05:45,650 INFO: [Resto..][epoch: 16, iter: 215,400, lr:(4.397e-04,)] [eta: 1 day, 4:53:05, time (data): 0.574 (0.001)] l_pix: -2.2592e+01 
2023-06-14 13:07:39,399 INFO: [Resto..][epoch: 16, iter: 215,600, lr:(4.390e-04,)] [eta: 1 day, 4:51:31, time (data): 0.582 (0.001)] l_pix: -2.8950e+01 
2023-06-14 13:09:32,764 INFO: [Resto..][epoch: 16, iter: 215,800, lr:(4.382e-04,)] [eta: 1 day, 4:49:50, time (data): 0.547 (0.000)] l_pix: -2.4688e+01 
2023-06-14 13:11:27,059 INFO: [Resto..][epoch: 16, iter: 216,000, lr:(4.374e-04,)] [eta: 1 day, 4:48:25, time (data): 0.574 (0.001)] l_pix: -2.3993e+01 
2023-06-14 13:13:21,892 INFO: [Resto..][epoch: 16, iter: 216,200, lr:(4.366e-04,)] [eta: 1 day, 4:47:06, time (data): 0.571 (0.001)] l_pix: -2.6665e+01 
2023-06-14 13:15:16,063 INFO: [Resto..][epoch: 16, iter: 216,400, lr:(4.358e-04,)] [eta: 1 day, 4:45:36, time (data): 0.555 (0.001)] l_pix: -2.5419e+01 
2023-06-14 13:17:10,164 INFO: [Resto..][epoch: 16, iter: 216,600, lr:(4.351e-04,)] [eta: 1 day, 4:44:04, time (data): 0.534 (0.000)] l_pix: -2.0839e+01 
2023-06-14 13:19:03,578 INFO: [Resto..][epoch: 16, iter: 216,800, lr:(4.343e-04,)] [eta: 1 day, 4:42:21, time (data): 0.583 (0.001)] l_pix: -2.4956e+01 
2023-06-14 13:20:57,988 INFO: [Resto..][epoch: 16, iter: 217,000, lr:(4.335e-04,)] [eta: 1 day, 4:40:52, time (data): 0.588 (0.001)] l_pix: -2.4768e+01 
2023-06-14 13:22:52,270 INFO: [Resto..][epoch: 16, iter: 217,200, lr:(4.327e-04,)] [eta: 1 day, 4:39:21, time (data): 0.585 (0.001)] l_pix: -2.4790e+01 
2023-06-14 13:24:46,068 INFO: [Resto..][epoch: 16, iter: 217,400, lr:(4.319e-04,)] [eta: 1 day, 4:37:42, time (data): 0.573 (0.001)] l_pix: -2.9372e+01 
2023-06-14 13:26:38,530 INFO: [Resto..][epoch: 16, iter: 217,600, lr:(4.312e-04,)] [eta: 1 day, 4:35:43, time (data): 0.561 (0.000)] l_pix: -2.8090e+01 
2023-06-14 13:28:30,800 INFO: [Resto..][epoch: 16, iter: 217,800, lr:(4.304e-04,)] [eta: 1 day, 4:33:41, time (data): 0.559 (0.000)] l_pix: -2.4203e+01 
2023-06-14 13:30:22,849 INFO: [Resto..][epoch: 16, iter: 218,000, lr:(4.296e-04,)] [eta: 1 day, 4:31:37, time (data): 0.566 (0.001)] l_pix: -3.0883e+01 
2023-06-14 13:32:14,901 INFO: [Resto..][epoch: 16, iter: 218,200, lr:(4.288e-04,)] [eta: 1 day, 4:29:33, time (data): 0.582 (0.001)] l_pix: -2.8349e+01 
2023-06-14 13:34:07,523 INFO: [Resto..][epoch: 16, iter: 218,400, lr:(4.281e-04,)] [eta: 1 day, 4:27:37, time (data): 0.577 (0.000)] l_pix: -2.0600e+01 
2023-06-14 13:35:59,970 INFO: [Resto..][epoch: 16, iter: 218,600, lr:(4.273e-04,)] [eta: 1 day, 4:25:39, time (data): 0.578 (0.001)] l_pix: -2.5815e+01 
2023-06-14 13:37:51,821 INFO: [Resto..][epoch: 16, iter: 218,800, lr:(4.265e-04,)] [eta: 1 day, 4:23:34, time (data): 0.556 (0.000)] l_pix: -2.7471e+01 
2023-06-14 13:39:44,116 INFO: [Resto..][epoch: 16, iter: 219,000, lr:(4.257e-04,)] [eta: 1 day, 4:21:34, time (data): 0.576 (0.000)] l_pix: -2.2466e+01 
2023-06-14 13:41:36,015 INFO: [Resto..][epoch: 16, iter: 219,200, lr:(4.249e-04,)] [eta: 1 day, 4:19:29, time (data): 0.535 (0.001)] l_pix: -2.5065e+01 
2023-06-14 13:43:27,986 INFO: [Resto..][epoch: 16, iter: 219,400, lr:(4.242e-04,)] [eta: 1 day, 4:17:26, time (data): 0.581 (0.000)] l_pix: -2.4251e+01 
2023-06-14 13:45:20,647 INFO: [Resto..][epoch: 16, iter: 219,600, lr:(4.234e-04,)] [eta: 1 day, 4:15:32, time (data): 0.559 (0.000)] l_pix: -2.0270e+01 
2023-06-14 13:47:12,695 INFO: [Resto..][epoch: 16, iter: 219,800, lr:(4.226e-04,)] [eta: 1 day, 4:13:30, time (data): 0.556 (0.001)] l_pix: -2.6356e+01 
2023-06-14 13:49:04,970 INFO: [Resto..][epoch: 16, iter: 220,000, lr:(4.218e-04,)] [eta: 1 day, 4:11:31, time (data): 0.598 (0.001)] l_pix: -2.1883e+01 
2023-06-14 13:49:04,971 INFO: Saving models and training states.
2023-06-14 13:49:19,356 INFO: Validation RestoreNet-test, 		 # psnr: 24.6721	 # ssim: 0.8348
2023-06-14 13:49:19,357 INFO: [Resto..][epoch: 16, iter: 220,000, lr:(4.218e-04,)] m_psnr: 2.4672e+01 m_ssim: 8.3477e-01 
2023-06-14 13:51:06,134 INFO: [Resto..][epoch: 16, iter: 220,200, lr:(4.211e-04,)] [eta: 1 day, 4:11:18, time (data): 0.533 (0.000)] l_pix: -2.7087e+01 
2023-06-14 13:52:54,851 INFO: [Resto..][epoch: 16, iter: 220,400, lr:(4.203e-04,)] [eta: 1 day, 4:08:36, time (data): 0.554 (0.001)] l_pix: -2.6018e+01 
2023-06-14 13:54:44,372 INFO: [Resto..][epoch: 16, iter: 220,600, lr:(4.195e-04,)] [eta: 1 day, 4:06:06, time (data): 0.549 (0.001)] l_pix: -2.3685e+01 
2023-06-14 13:56:34,015 INFO: [Resto..][epoch: 16, iter: 220,800, lr:(4.187e-04,)] [eta: 1 day, 4:03:37, time (data): 0.549 (0.000)] l_pix: -2.0302e+01 
2023-06-14 13:58:22,585 INFO: [Resto..][epoch: 16, iter: 221,000, lr:(4.180e-04,)] [eta: 1 day, 4:00:58, time (data): 0.542 (0.001)] l_pix: -2.2545e+01 
2023-06-14 14:00:12,319 INFO: [Resto..][epoch: 16, iter: 221,200, lr:(4.172e-04,)] [eta: 1 day, 3:58:32, time (data): 0.579 (0.001)] l_pix: -2.0427e+01 
2023-06-14 14:02:02,749 INFO: [Resto..][epoch: 16, iter: 221,400, lr:(4.164e-04,)] [eta: 1 day, 3:56:16, time (data): 0.547 (0.000)] l_pix: -2.5249e+01 
2023-06-14 14:03:52,793 INFO: [Resto..][epoch: 16, iter: 221,600, lr:(4.156e-04,)] [eta: 1 day, 3:53:55, time (data): 0.540 (0.000)] l_pix: -2.1460e+01 
2023-06-14 14:05:42,758 INFO: [Resto..][epoch: 16, iter: 221,800, lr:(4.149e-04,)] [eta: 1 day, 3:51:35, time (data): 0.553 (0.000)] l_pix: -2.3786e+01 
2023-06-14 14:07:32,320 INFO: [Resto..][epoch: 16, iter: 222,000, lr:(4.141e-04,)] [eta: 1 day, 3:49:11, time (data): 0.538 (0.001)] l_pix: -2.7505e+01 
2023-06-14 14:09:22,559 INFO: [Resto..][epoch: 16, iter: 222,200, lr:(4.133e-04,)] [eta: 1 day, 3:46:54, time (data): 0.537 (0.001)] l_pix: -2.5297e+01 
2023-06-14 14:11:12,610 INFO: [Resto..][epoch: 16, iter: 222,400, lr:(4.126e-04,)] [eta: 1 day, 3:44:37, time (data): 0.542 (0.000)] l_pix: -2.6319e+01 
2023-06-14 14:13:03,027 INFO: [Resto..][epoch: 16, iter: 222,600, lr:(4.118e-04,)] [eta: 1 day, 3:42:24, time (data): 0.541 (0.000)] l_pix: -2.1959e+01 
2023-06-14 14:14:52,702 INFO: [Resto..][epoch: 16, iter: 222,800, lr:(4.110e-04,)] [eta: 1 day, 3:40:04, time (data): 0.545 (0.001)] l_pix: -2.4457e+01 
2023-06-14 14:16:41,310 INFO: [Resto..][epoch: 16, iter: 223,000, lr:(4.102e-04,)] [eta: 1 day, 3:37:34, time (data): 0.541 (0.001)] l_pix: -2.3284e+01 
2023-06-14 14:18:30,121 INFO: [Resto..][epoch: 16, iter: 223,200, lr:(4.095e-04,)] [eta: 1 day, 3:35:07, time (data): 0.546 (0.001)] l_pix: -2.1916e+01 
2023-06-14 14:20:21,651 INFO: [Resto..][epoch: 16, iter: 223,400, lr:(4.087e-04,)] [eta: 1 day, 3:33:07, time (data): 0.551 (0.001)] l_pix: -2.0581e+01 
2023-06-14 14:22:10,370 INFO: [Resto..][epoch: 16, iter: 223,600, lr:(4.079e-04,)] [eta: 1 day, 3:30:40, time (data): 0.537 (0.001)] l_pix: -2.3192e+01 
2023-06-14 14:23:58,790 INFO: [Resto..][epoch: 16, iter: 223,800, lr:(4.071e-04,)] [eta: 1 day, 3:28:11, time (data): 0.537 (0.001)] l_pix: -2.0244e+01 
2023-06-14 14:25:47,483 INFO: [Resto..][epoch: 16, iter: 224,000, lr:(4.064e-04,)] [eta: 1 day, 3:25:46, time (data): 0.538 (0.001)] l_pix: -1.9830e+01 
2023-06-14 14:27:35,605 INFO: [Resto..][epoch: 16, iter: 224,200, lr:(4.056e-04,)] [eta: 1 day, 3:23:17, time (data): 0.539 (0.001)] l_pix: -2.7823e+01 
2023-06-14 14:29:24,186 INFO: [Resto..][epoch: 16, iter: 224,400, lr:(4.048e-04,)] [eta: 1 day, 3:20:52, time (data): 0.557 (0.001)] l_pix: -2.5090e+01 
2023-06-14 14:31:13,863 INFO: [Resto..][epoch: 16, iter: 224,600, lr:(4.041e-04,)] [eta: 1 day, 3:18:38, time (data): 0.549 (0.001)] l_pix: -1.7163e+01 
