2023-06-14 14:35:31,716 INFO: 
                ____                _       _____  ____
               / __ ) ____ _ _____ (_)_____/ ___/ / __ \
              / __  |/ __ `// ___// // ___/\__ \ / /_/ /
             / /_/ // /_/ /(__  )/ // /__ ___/ // _, _/
            /_____/ \__,_//____//_/ \___//____//_/ |_|
     ______                   __   __                 __      __
    / ____/____   ____   ____/ /  / /   __  __ _____ / /__   / /
   / / __ / __ \ / __ \ / __  /  / /   / / / // ___// //_/  / /
  / /_/ // /_/ // /_/ // /_/ /  / /___/ /_/ // /__ / /<    /_/
  \____/ \____/ \____/ \____/  /_____/\____/ \___//_/|_|  (_)
    
Version Information: 
	BasicSR: 1.2.0+50cb149
	PyTorch: 2.0.0
	TorchVision: 0.15.0
2023-06-14 14:35:31,717 INFO: 
  name: RestoreNet-width64
  model_type: ImageRestorationModel
  scale: 1
  num_gpu: 1
  manual_seed: 10
  datasets:[
    train:[
      name: RestoreNet-train
      type: PairedImageDataset
      dataroot_gt: D:\Premodel\RestoreNet\train\output
      dataroot_lq: D:\Premodel\RestoreNet\train\input
      filename_tmpl: {}
      io_backend:[
        type: disk
      ]
      gt_size: 256
      use_flip: True
      use_rot: True
      use_shuffle: True
      num_worker_per_gpu: 2
      batch_size_per_gpu: 2
      dataset_enlarge_ratio: 1
      prefetch_mode: None
      phase: train
      scale: 1
    ]
    val:[
      name: RestoreNet-test
      type: PairedImageDataset
      dataroot_gt: D:\Premodel\RestoreNet\test\output
      dataroot_lq: D:\Premodel\RestoreNet\test\input
      io_backend:[
        type: disk
      ]
      phase: val
      scale: 1
    ]
  ]
  network_g:[
    type: RestoreNetLocal
    width_deblur: 64
    enc_blk_nums_deblur: [1, 1, 1, 28]
    middle_blk_num_deblur: 1
    dec_blk_nums_deblur: [1, 1, 1, 1]
    dw_expand_deblur: 2
    ffn_expand_deblur: 2
    width_denoise: 64
    enc_blk_nums_denoise: [2, 2, 4, 8]
    middle_blk_num_denoise: 12
    dec_blk_nums_denoise: [2, 2, 2, 2]
    dw_expand_denoise: 2
    ffn_expand_denoise: 2
  ]
  path:[
    pretrain_network_g: None
    strict_load_g: True
    resume_state: experiments/RestoreNet-width64/training_states/220000.state
    root: d:\premodel\restorenet64
    experiments_root: d:\premodel\restorenet64\experiments\RestoreNet-width64
    models: d:\premodel\restorenet64\experiments\RestoreNet-width64\models
    training_states: d:\premodel\restorenet64\experiments\RestoreNet-width64\training_states
    log: d:\premodel\restorenet64\experiments\RestoreNet-width64
    visualization: d:\premodel\restorenet64\experiments\RestoreNet-width64\visualization
  ]
  train:[
    optim_g:[
      type: AdamW
      lr: 0.001
      weight_decay: 0.001
      betas: [0.9, 0.9]
    ]
    scheduler:[
      type: TrueCosineAnnealingLR
      T_max: 400000
      eta_min: 1e-07
    ]
    total_iter: 400000
    warmup_iter: -1
    pixel_opt:[
      type: PSNRLoss
      loss_weight: 1
      reduction: mean
    ]
  ]
  val:[
    val_freq: 5000.0
    save_img: False
    metrics:[
      psnr:[
        type: calculate_psnr
        crop_border: 0
        test_y_channel: False
      ]
      ssim:[
        type: calculate_ssim
        crop_border: 0
        test_y_channel: False
      ]
    ]
  ]
  logger:[
    print_freq: 200
    save_checkpoint_freq: 5000.0
    use_tb_logger: True
    wandb:[
      project: None
      resume_id: None
    ]
  ]
  dist_params:[
    backend: gloo
    port: 4321
  ]
  is_train: True
  dist: False
  rank: 0
  world_size: 1

2023-06-14 14:35:37,788 INFO: Dataset PairedImageDataset - RestoreNet-train is created.
2023-06-14 14:35:37,789 INFO: Training statistics:
	Number of train images: 19978
	Dataset enlarge ratio: 1
	Batch size per gpu: 2
	World size (gpu number): 1
	Require iter number per epoch: 9989
	Total epochs: 41; iters: 400000.
2023-06-14 14:35:37,791 INFO: Dataset PairedImageDataset - RestoreNet-test is created.
2023-06-14 14:35:37,792 INFO: Number of val images/folders in RestoreNet-test: 21
2023-06-14 14:35:37,792 INFO: Set pretrain_network_g to d:\premodel\restorenet64\experiments\RestoreNet-width64\models\net_g_220000.pth
2023-06-14 14:35:45,027 INFO: Loading RestoreNetLocal model from d:\premodel\restorenet64\experiments\RestoreNet-width64\models\net_g_220000.pth.
2023-06-14 14:35:47,438 INFO: Model [ImageRestorationModel] is created.
2023-06-14 14:35:48,076 INFO: Resuming training from epoch: 16, iter: 220000.
2023-06-14 14:35:53,016 INFO: Start training from epoch: 16, iter: 220000
2023-06-14 14:37:46,583 INFO: [Resto..][epoch: 16, iter: 220,200, lr:(4.211e-04,)] [eta: 1 day, 5:26:47, time (data): 0.546 (0.001)] l_pix: -2.2090e+01 
2023-06-14 14:39:39,359 INFO: [Resto..][epoch: 16, iter: 220,400, lr:(4.203e-04,)] [eta: 1 day, 4:46:26, time (data): 0.548 (0.001)] l_pix: -2.2893e+01 
2023-06-14 14:41:30,945 INFO: [Resto..][epoch: 16, iter: 220,600, lr:(4.195e-04,)] [eta: 1 day, 4:25:46, time (data): 0.599 (0.001)] l_pix: -2.1855e+01 
2023-06-14 14:43:22,312 INFO: [Resto..][epoch: 16, iter: 220,800, lr:(4.187e-04,)] [eta: 1 day, 4:13:41, time (data): 0.542 (0.001)] l_pix: -2.1787e+01 
2023-06-14 14:45:13,734 INFO: [Resto..][epoch: 16, iter: 221,000, lr:(4.180e-04,)] [eta: 1 day, 4:05:50, time (data): 0.552 (0.001)] l_pix: -2.4715e+01 
2023-06-14 14:47:05,779 INFO: [Resto..][epoch: 16, iter: 221,200, lr:(4.172e-04,)] [eta: 1 day, 4:01:33, time (data): 0.561 (0.000)] l_pix: -2.6837e+01 
2023-06-14 14:48:56,139 INFO: [Resto..][epoch: 16, iter: 221,400, lr:(4.164e-04,)] [eta: 1 day, 3:54:21, time (data): 0.549 (0.001)] l_pix: -2.7611e+01 
2023-06-14 14:50:46,530 INFO: [Resto..][epoch: 16, iter: 221,600, lr:(4.156e-04,)] [eta: 1 day, 3:48:34, time (data): 0.556 (0.001)] l_pix: -1.9500e+01 
2023-06-14 14:52:36,951 INFO: [Resto..][epoch: 16, iter: 221,800, lr:(4.149e-04,)] [eta: 1 day, 3:43:42, time (data): 0.561 (0.000)] l_pix: -2.2973e+01 
2023-06-14 14:54:28,249 INFO: [Resto..][epoch: 16, iter: 222,000, lr:(4.141e-04,)] [eta: 1 day, 3:40:44, time (data): 0.546 (0.001)] l_pix: -2.4306e+01 
2023-06-14 14:56:19,619 INFO: [Resto..][epoch: 16, iter: 222,200, lr:(4.133e-04,)] [eta: 1 day, 3:38:05, time (data): 0.613 (0.001)] l_pix: -2.4726e+01 
2023-06-14 14:58:10,216 INFO: [Resto..][epoch: 16, iter: 222,400, lr:(4.126e-04,)] [eta: 1 day, 3:34:36, time (data): 0.547 (0.000)] l_pix: -2.6854e+01 
2023-06-14 15:00:01,243 INFO: [Resto..][epoch: 16, iter: 222,600, lr:(4.118e-04,)] [eta: 1 day, 3:31:52, time (data): 0.547 (0.000)] l_pix: -1.7959e+01 
2023-06-14 15:01:54,080 INFO: [Resto..][epoch: 16, iter: 222,800, lr:(4.110e-04,)] [eta: 1 day, 3:31:09, time (data): 0.566 (0.001)] l_pix: -2.7494e+01 
2023-06-14 15:03:46,187 INFO: [Resto..][epoch: 16, iter: 223,000, lr:(4.102e-04,)] [eta: 1 day, 3:29:34, time (data): 0.548 (0.001)] l_pix: -2.6290e+01 
2023-06-14 15:05:37,485 INFO: [Resto..][epoch: 16, iter: 223,200, lr:(4.095e-04,)] [eta: 1 day, 3:27:13, time (data): 0.545 (0.000)] l_pix: -2.3484e+01 
2023-06-14 15:07:28,939 INFO: [Resto..][epoch: 16, iter: 223,400, lr:(4.087e-04,)] [eta: 1 day, 3:25:03, time (data): 0.568 (0.002)] l_pix: -1.9727e+01 
2023-06-14 15:09:21,535 INFO: [Resto..][epoch: 16, iter: 223,600, lr:(4.079e-04,)] [eta: 1 day, 3:23:51, time (data): 0.569 (0.001)] l_pix: -2.2957e+01 
2023-06-14 15:11:13,362 INFO: [Resto..][epoch: 16, iter: 223,800, lr:(4.071e-04,)] [eta: 1 day, 3:21:59, time (data): 0.548 (0.000)] l_pix: -2.3122e+01 
2023-06-14 15:13:05,085 INFO: [Resto..][epoch: 16, iter: 224,000, lr:(4.064e-04,)] [eta: 1 day, 3:20:03, time (data): 0.548 (0.000)] l_pix: -2.5944e+01 
2023-06-14 15:14:56,835 INFO: [Resto..][epoch: 16, iter: 224,200, lr:(4.056e-04,)] [eta: 1 day, 3:18:08, time (data): 0.551 (0.001)] l_pix: -1.9624e+01 
2023-06-14 15:16:48,520 INFO: [Resto..][epoch: 16, iter: 224,400, lr:(4.048e-04,)] [eta: 1 day, 3:16:11, time (data): 0.546 (0.001)] l_pix: -2.3681e+01 
2023-06-14 15:18:40,061 INFO: [Resto..][epoch: 16, iter: 224,600, lr:(4.041e-04,)] [eta: 1 day, 3:14:09, time (data): 0.563 (0.001)] l_pix: -2.3785e+01 
2023-06-14 15:20:32,068 INFO: [Resto..][epoch: 16, iter: 224,800, lr:(4.033e-04,)] [eta: 1 day, 3:12:24, time (data): 0.555 (0.001)] l_pix: -2.1439e+01 
2023-06-14 15:22:23,953 INFO: [Resto..][epoch: 16, iter: 225,000, lr:(4.025e-04,)] [eta: 1 day, 3:10:35, time (data): 0.545 (0.001)] l_pix: -2.3713e+01 
2023-06-14 15:22:23,954 INFO: Saving models and training states.
2023-06-14 15:23:19,405 INFO: Validation RestoreNet-test, 		 # psnr: 24.7228	 # ssim: 0.8340
2023-06-14 15:23:19,407 INFO: [Resto..][epoch: 16, iter: 225,000, lr:(4.025e-04,)] m_psnr: 2.4723e+01 m_ssim: 8.3398e-01 
2023-06-14 15:25:08,600 INFO: [Resto..][epoch: 16, iter: 225,200, lr:(4.017e-04,)] [eta: 1 day, 3:38:19, time (data): 0.554 (0.000)] l_pix: -2.7513e+01 
2023-06-14 15:26:57,755 INFO: [Resto..][epoch: 16, iter: 225,400, lr:(4.010e-04,)] [eta: 1 day, 3:33:53, time (data): 0.544 (0.001)] l_pix: -1.8080e+01 
2023-06-14 15:28:46,598 INFO: [Resto..][epoch: 16, iter: 225,600, lr:(4.002e-04,)] [eta: 1 day, 3:29:30, time (data): 0.547 (0.001)] l_pix: -1.9498e+01 
2023-06-14 15:30:35,569 INFO: [Resto..][epoch: 16, iter: 225,800, lr:(3.994e-04,)] [eta: 1 day, 3:25:20, time (data): 0.539 (0.001)] l_pix: -2.3080e+01 
2023-06-14 15:32:24,348 INFO: [Resto..][epoch: 16, iter: 226,000, lr:(3.987e-04,)] [eta: 1 day, 3:21:14, time (data): 0.543 (0.001)] l_pix: -2.1855e+01 
2023-06-14 15:34:13,366 INFO: [Resto..][epoch: 16, iter: 226,200, lr:(3.979e-04,)] [eta: 1 day, 3:17:24, time (data): 0.540 (0.000)] l_pix: -2.8097e+01 
2023-06-14 15:36:02,239 INFO: [Resto..][epoch: 16, iter: 226,400, lr:(3.971e-04,)] [eta: 1 day, 3:13:38, time (data): 0.541 (0.001)] l_pix: -2.6381e+01 
2023-06-14 15:37:51,308 INFO: [Resto..][epoch: 16, iter: 226,600, lr:(3.964e-04,)] [eta: 1 day, 3:10:04, time (data): 0.541 (0.000)] l_pix: -2.3993e+01 
2023-06-14 15:39:40,254 INFO: [Resto..][epoch: 16, iter: 226,800, lr:(3.956e-04,)] [eta: 1 day, 3:06:32, time (data): 0.542 (0.000)] l_pix: -2.5553e+01 
2023-06-14 15:41:31,903 INFO: [Resto..][epoch: 16, iter: 227,000, lr:(3.948e-04,)] [eta: 1 day, 3:04:14, time (data): 0.535 (0.000)] l_pix: -2.5952e+01 
2023-06-14 15:43:20,521 INFO: [Resto..][epoch: 16, iter: 227,200, lr:(3.941e-04,)] [eta: 1 day, 3:00:44, time (data): 0.553 (0.000)] l_pix: -2.4973e+01 
2023-06-14 15:45:09,447 INFO: [Resto..][epoch: 16, iter: 227,400, lr:(3.933e-04,)] [eta: 1 day, 2:57:27, time (data): 0.549 (0.001)] l_pix: -2.1052e+01 
2023-06-14 15:46:59,934 INFO: [Resto..][epoch: 16, iter: 227,600, lr:(3.925e-04,)] [eta: 1 day, 2:54:50, time (data): 0.542 (0.000)] l_pix: -2.1141e+01 
2023-06-14 15:48:49,349 INFO: [Resto..][epoch: 16, iter: 227,800, lr:(3.918e-04,)] [eta: 1 day, 2:51:52, time (data): 0.543 (0.000)] l_pix: -2.2490e+01 
2023-06-14 15:50:38,450 INFO: [Resto..][epoch: 16, iter: 228,000, lr:(3.910e-04,)] [eta: 1 day, 2:48:50, time (data): 0.545 (0.000)] l_pix: -2.2528e+01 
2023-06-14 15:52:27,495 INFO: [Resto..][epoch: 16, iter: 228,200, lr:(3.902e-04,)] [eta: 1 day, 2:45:51, time (data): 0.543 (0.000)] l_pix: -2.7091e+01 
2023-06-14 15:54:16,681 INFO: [Resto..][epoch: 16, iter: 228,400, lr:(3.895e-04,)] [eta: 1 day, 2:42:58, time (data): 0.548 (0.000)] l_pix: -2.5503e+01 
2023-06-14 15:56:06,785 INFO: [Resto..][epoch: 16, iter: 228,600, lr:(3.887e-04,)] [eta: 1 day, 2:40:26, time (data): 0.555 (0.001)] l_pix: -1.8916e+01 
2023-06-14 15:57:58,316 INFO: [Resto..][epoch: 16, iter: 228,800, lr:(3.879e-04,)] [eta: 1 day, 2:38:24, time (data): 0.554 (0.001)] l_pix: -2.2869e+01 
2023-06-14 15:59:48,807 INFO: [Resto..][epoch: 16, iter: 229,000, lr:(3.872e-04,)] [eta: 1 day, 2:36:02, time (data): 0.549 (0.000)] l_pix: -2.4289e+01 
2023-06-14 16:01:38,482 INFO: [Resto..][epoch: 16, iter: 229,200, lr:(3.864e-04,)] [eta: 1 day, 2:33:27, time (data): 0.545 (0.001)] l_pix: -1.9938e+01 
2023-06-14 16:03:27,553 INFO: [Resto..][epoch: 16, iter: 229,400, lr:(3.856e-04,)] [eta: 1 day, 2:30:43, time (data): 0.541 (0.001)] l_pix: -2.5816e+01 
2023-06-14 16:05:18,132 INFO: [Resto..][epoch: 16, iter: 229,600, lr:(3.849e-04,)] [eta: 1 day, 2:28:28, time (data): 0.546 (0.001)] l_pix: -2.5590e+01 
2023-06-14 16:07:07,635 INFO: [Resto..][epoch: 16, iter: 229,800, lr:(3.841e-04,)] [eta: 1 day, 2:25:55, time (data): 0.540 (0.001)] l_pix: -2.3988e+01 
2023-06-14 16:08:56,030 INFO: [Resto..][epoch: 17, iter: 230,000, lr:(3.833e-04,)] [eta: 1 day, 2:23:05, time (data): 0.541 (0.001)] l_pix: -1.9360e+01 
2023-06-14 16:08:56,031 INFO: Saving models and training states.
2023-06-14 16:09:10,865 INFO: Validation RestoreNet-test, 		 # psnr: 24.6969	 # ssim: 0.8362
2023-06-14 16:09:10,866 INFO: [Resto..][epoch: 17, iter: 230,000, lr:(3.833e-04,)] m_psnr: 2.4697e+01 m_ssim: 8.3622e-01 
2023-06-14 16:10:59,979 INFO: [Resto..][epoch: 17, iter: 230,200, lr:(3.826e-04,)] [eta: 1 day, 2:24:36, time (data): 0.536 (0.000)] l_pix: -2.2043e+01 
2023-06-14 16:12:48,722 INFO: [Resto..][epoch: 17, iter: 230,400, lr:(3.818e-04,)] [eta: 1 day, 2:21:51, time (data): 0.544 (0.001)] l_pix: -2.8569e+01 
2023-06-14 16:14:37,241 INFO: [Resto..][epoch: 17, iter: 230,600, lr:(3.811e-04,)] [eta: 1 day, 2:19:05, time (data): 0.539 (0.001)] l_pix: -2.4300e+01 
2023-06-14 16:16:26,167 INFO: [Resto..][epoch: 17, iter: 230,800, lr:(3.803e-04,)] [eta: 1 day, 2:16:27, time (data): 0.533 (0.000)] l_pix: -2.2319e+01 
2023-06-14 16:18:14,721 INFO: [Resto..][epoch: 17, iter: 231,000, lr:(3.795e-04,)] [eta: 1 day, 2:13:45, time (data): 0.539 (0.000)] l_pix: -2.4702e+01 
2023-06-14 16:20:03,358 INFO: [Resto..][epoch: 17, iter: 231,200, lr:(3.788e-04,)] [eta: 1 day, 2:11:07, time (data): 0.539 (0.000)] l_pix: -2.6076e+01 
2023-06-14 16:21:51,767 INFO: [Resto..][epoch: 17, iter: 231,400, lr:(3.780e-04,)] [eta: 1 day, 2:08:26, time (data): 0.573 (0.000)] l_pix: -2.5468e+01 
2023-06-14 16:23:39,946 INFO: [Resto..][epoch: 17, iter: 231,600, lr:(3.772e-04,)] [eta: 1 day, 2:05:45, time (data): 0.535 (0.001)] l_pix: -3.2185e+01 
2023-06-14 16:25:28,117 INFO: [Resto..][epoch: 17, iter: 231,800, lr:(3.765e-04,)] [eta: 1 day, 2:03:04, time (data): 0.539 (0.001)] l_pix: -2.3859e+01 
2023-06-14 16:27:16,676 INFO: [Resto..][epoch: 17, iter: 232,000, lr:(3.757e-04,)] [eta: 1 day, 2:00:32, time (data): 0.541 (0.000)] l_pix: -2.3910e+01 
2023-06-14 16:29:05,128 INFO: [Resto..][epoch: 17, iter: 232,200, lr:(3.750e-04,)] [eta: 1 day, 1:57:59, time (data): 0.535 (0.000)] l_pix: -2.2928e+01 
2023-06-14 16:30:54,137 INFO: [Resto..][epoch: 17, iter: 232,400, lr:(3.742e-04,)] [eta: 1 day, 1:55:35, time (data): 0.530 (0.000)] l_pix: -2.1104e+01 
2023-06-14 16:32:42,342 INFO: [Resto..][epoch: 17, iter: 232,600, lr:(3.734e-04,)] [eta: 1 day, 1:53:01, time (data): 0.541 (0.000)] l_pix: -2.9300e+01 
2023-06-14 16:34:30,462 INFO: [Resto..][epoch: 17, iter: 232,800, lr:(3.727e-04,)] [eta: 1 day, 1:50:28, time (data): 0.550 (0.000)] l_pix: -2.3040e+01 
2023-06-14 16:36:19,204 INFO: [Resto..][epoch: 17, iter: 233,000, lr:(3.719e-04,)] [eta: 1 day, 1:48:04, time (data): 0.530 (0.000)] l_pix: -2.1780e+01 
2023-06-14 16:38:07,233 INFO: [Resto..][epoch: 17, iter: 233,200, lr:(3.712e-04,)] [eta: 1 day, 1:45:32, time (data): 0.541 (0.000)] l_pix: -2.8275e+01 
2023-06-14 16:39:55,154 INFO: [Resto..][epoch: 17, iter: 233,400, lr:(3.704e-04,)] [eta: 1 day, 1:43:00, time (data): 0.542 (0.000)] l_pix: -1.9626e+01 
2023-06-14 16:41:42,712 INFO: [Resto..][epoch: 17, iter: 233,600, lr:(3.696e-04,)] [eta: 1 day, 1:40:25, time (data): 0.540 (0.000)] l_pix: -2.2994e+01 
2023-06-14 16:43:29,980 INFO: [Resto..][epoch: 17, iter: 233,800, lr:(3.689e-04,)] [eta: 1 day, 1:37:48, time (data): 0.533 (0.000)] l_pix: -2.7296e+01 
2023-06-14 16:45:17,712 INFO: [Resto..][epoch: 17, iter: 234,000, lr:(3.681e-04,)] [eta: 1 day, 1:35:18, time (data): 0.531 (0.000)] l_pix: -1.7985e+01 
2023-06-14 16:47:04,976 INFO: [Resto..][epoch: 17, iter: 234,200, lr:(3.674e-04,)] [eta: 1 day, 1:32:44, time (data): 0.532 (0.000)] l_pix: -3.0319e+01 
2023-06-14 16:48:52,240 INFO: [Resto..][epoch: 17, iter: 234,400, lr:(3.666e-04,)] [eta: 1 day, 1:30:10, time (data): 0.532 (0.000)] l_pix: -3.0994e+01 
2023-06-14 16:50:39,377 INFO: [Resto..][epoch: 17, iter: 234,600, lr:(3.659e-04,)] [eta: 1 day, 1:27:37, time (data): 0.531 (0.000)] l_pix: -2.4868e+01 
2023-06-14 16:52:29,371 INFO: [Resto..][epoch: 17, iter: 234,800, lr:(3.651e-04,)] [eta: 1 day, 1:25:37, time (data): 0.541 (0.000)] l_pix: -2.6677e+01 
2023-06-14 16:54:17,998 INFO: [Resto..][epoch: 17, iter: 235,000, lr:(3.643e-04,)] [eta: 1 day, 1:23:22, time (data): 0.538 (0.000)] l_pix: -2.3902e+01 
2023-06-14 16:54:17,998 INFO: Saving models and training states.
2023-06-14 16:54:32,449 INFO: Validation RestoreNet-test, 		 # psnr: 24.8414	 # ssim: 0.8347
2023-06-14 16:54:32,459 INFO: [Resto..][epoch: 17, iter: 235,000, lr:(3.643e-04,)] m_psnr: 2.4841e+01 m_ssim: 8.3466e-01 
2023-06-14 16:56:25,296 INFO: [Resto..][epoch: 17, iter: 235,200, lr:(3.636e-04,)] [eta: 1 day, 1:24:30, time (data): 0.578 (0.000)] l_pix: -2.6929e+01 
2023-06-14 16:58:18,276 INFO: [Resto..][epoch: 17, iter: 235,400, lr:(3.628e-04,)] [eta: 1 day, 1:23:00, time (data): 0.549 (0.000)] l_pix: -2.0396e+01 
2023-06-14 17:00:11,167 INFO: [Resto..][epoch: 17, iter: 235,600, lr:(3.621e-04,)] [eta: 1 day, 1:21:29, time (data): 0.539 (0.010)] l_pix: -2.2255e+01 
2023-06-14 17:02:03,963 INFO: [Resto..][epoch: 17, iter: 235,800, lr:(3.613e-04,)] [eta: 1 day, 1:19:56, time (data): 0.578 (0.000)] l_pix: -2.6109e+01 
2023-06-14 17:03:57,359 INFO: [Resto..][epoch: 17, iter: 236,000, lr:(3.606e-04,)] [eta: 1 day, 1:18:28, time (data): 0.581 (0.000)] l_pix: -2.4939e+01 
2023-06-14 17:05:51,178 INFO: [Resto..][epoch: 17, iter: 236,200, lr:(3.598e-04,)] [eta: 1 day, 1:17:05, time (data): 0.600 (0.000)] l_pix: -2.4328e+01 
2023-06-14 17:07:44,339 INFO: [Resto..][epoch: 17, iter: 236,400, lr:(3.591e-04,)] [eta: 1 day, 1:15:34, time (data): 0.530 (0.000)] l_pix: -1.8873e+01 
2023-06-14 17:09:37,861 INFO: [Resto..][epoch: 17, iter: 236,600, lr:(3.583e-04,)] [eta: 1 day, 1:14:06, time (data): 0.580 (0.000)] l_pix: -2.3880e+01 
2023-06-14 17:11:30,669 INFO: [Resto..][epoch: 17, iter: 236,800, lr:(3.576e-04,)] [eta: 1 day, 1:12:30, time (data): 0.618 (0.000)] l_pix: -2.3405e+01 
2023-06-14 17:13:23,293 INFO: [Resto..][epoch: 17, iter: 237,000, lr:(3.568e-04,)] [eta: 1 day, 1:10:52, time (data): 0.555 (0.001)] l_pix: -2.4372e+01 
2023-06-14 17:15:15,727 INFO: [Resto..][epoch: 17, iter: 237,200, lr:(3.561e-04,)] [eta: 1 day, 1:09:13, time (data): 0.549 (0.001)] l_pix: -1.9489e+01 
2023-06-14 17:17:08,807 INFO: [Resto..][epoch: 17, iter: 237,400, lr:(3.553e-04,)] [eta: 1 day, 1:07:39, time (data): 0.550 (0.001)] l_pix: -1.5889e+01 
2023-06-14 17:19:02,209 INFO: [Resto..][epoch: 17, iter: 237,600, lr:(3.546e-04,)] [eta: 1 day, 1:06:07, time (data): 0.577 (0.000)] l_pix: -2.0771e+01 
2023-06-14 17:20:55,632 INFO: [Resto..][epoch: 17, iter: 237,800, lr:(3.538e-04,)] [eta: 1 day, 1:04:35, time (data): 0.595 (0.001)] l_pix: -2.7618e+01 
2023-06-14 17:22:48,888 INFO: [Resto..][epoch: 17, iter: 238,000, lr:(3.530e-04,)] [eta: 1 day, 1:03:01, time (data): 0.560 (0.001)] l_pix: -2.4258e+01 
2023-06-14 17:24:42,754 INFO: [Resto..][epoch: 17, iter: 238,200, lr:(3.523e-04,)] [eta: 1 day, 1:01:32, time (data): 0.566 (0.001)] l_pix: -2.2671e+01 
2023-06-14 17:26:36,359 INFO: [Resto..][epoch: 17, iter: 238,400, lr:(3.515e-04,)] [eta: 1 day, 1:00:01, time (data): 0.543 (0.000)] l_pix: -3.1483e+01 
2023-06-14 17:28:29,499 INFO: [Resto..][epoch: 17, iter: 238,600, lr:(3.508e-04,)] [eta: 1 day, 0:58:25, time (data): 0.625 (0.001)] l_pix: -2.3426e+01 
2023-06-14 17:30:22,805 INFO: [Resto..][epoch: 17, iter: 238,800, lr:(3.500e-04,)] [eta: 1 day, 0:56:49, time (data): 0.558 (0.001)] l_pix: -2.3659e+01 
2023-06-14 17:32:15,367 INFO: [Resto..][epoch: 17, iter: 239,000, lr:(3.493e-04,)] [eta: 1 day, 0:55:08, time (data): 0.581 (0.001)] l_pix: -2.0969e+01 
2023-06-14 17:34:08,782 INFO: [Resto..][epoch: 17, iter: 239,200, lr:(3.486e-04,)] [eta: 1 day, 0:53:33, time (data): 0.555 (0.001)] l_pix: -2.3357e+01 
2023-06-14 17:36:02,331 INFO: [Resto..][epoch: 17, iter: 239,400, lr:(3.478e-04,)] [eta: 1 day, 0:51:59, time (data): 0.584 (0.001)] l_pix: -2.3212e+01 
2023-06-14 17:37:56,641 INFO: [Resto..][epoch: 17, iter: 239,600, lr:(3.471e-04,)] [eta: 1 day, 0:50:30, time (data): 0.559 (0.001)] l_pix: -2.2111e+01 
2023-06-14 17:39:49,982 INFO: [Resto..][epoch: 17, iter: 239,800, lr:(3.463e-04,)] [eta: 1 day, 0:48:53, time (data): 0.544 (0.001)] l_pix: -2.8645e+01 
2023-06-14 17:41:43,180 INFO: [Resto..][epoch: 18, iter: 240,000, lr:(3.456e-04,)] [eta: 1 day, 0:47:15, time (data): 0.557 (0.000)] l_pix: -2.0263e+01 
2023-06-14 17:41:43,180 INFO: Saving models and training states.
2023-06-14 17:41:58,459 INFO: Validation RestoreNet-test, 		 # psnr: 24.8218	 # ssim: 0.8362
2023-06-14 17:41:58,460 INFO: [Resto..][epoch: 18, iter: 240,000, lr:(3.456e-04,)] m_psnr: 2.4822e+01 m_ssim: 8.3619e-01 
