2023-06-17 14:33:51,875 INFO: 
                ____                _       _____  ____
               / __ ) ____ _ _____ (_)_____/ ___/ / __ \
              / __  |/ __ `// ___// // ___/\__ \ / /_/ /
             / /_/ // /_/ /(__  )/ // /__ ___/ // _, _/
            /_____/ \__,_//____//_/ \___//____//_/ |_|
     ______                   __   __                 __      __
    / ____/____   ____   ____/ /  / /   __  __ _____ / /__   / /
   / / __ / __ \ / __ \ / __  /  / /   / / / // ___// //_/  / /
  / /_/ // /_/ // /_/ // /_/ /  / /___/ /_/ // /__ / /<    /_/
  \____/ \____/ \____/ \____/  /_____/\____/ \___//_/|_|  (_)
    
Version Information: 
	BasicSR: 1.2.0+50cb149
	PyTorch: 2.0.0
	TorchVision: 0.15.0
2023-06-17 14:33:51,888 INFO: 
  name: RestoreNet-width64
  model_type: ImageRestorationModel
  scale: 1
  num_gpu: 1
  manual_seed: 10
  datasets:[
    train:[
      name: RestoreNet-train
      type: PairedImageDataset
      dataroot_gt: D:\Premodel\RestoreNet\train\output
      dataroot_lq: D:\Premodel\RestoreNet\train\input
      filename_tmpl: {}
      io_backend:[
        type: disk
      ]
      gt_size: 256
      use_flip: True
      use_rot: True
      use_shuffle: True
      num_worker_per_gpu: 2
      batch_size_per_gpu: 2
      dataset_enlarge_ratio: 1
      prefetch_mode: None
      phase: train
      scale: 1
    ]
    val:[
      name: RestoreNet-test
      type: PairedImageDataset
      dataroot_gt: D:\Premodel\RestoreNet\test\output
      dataroot_lq: D:\Premodel\RestoreNet\test\input
      io_backend:[
        type: disk
      ]
      phase: val
      scale: 1
    ]
  ]
  network_g:[
    type: RestoreNetLocal
    width_deblur: 64
    enc_blk_nums_deblur: [1, 1, 1, 28]
    middle_blk_num_deblur: 1
    dec_blk_nums_deblur: [1, 1, 1, 1]
    dw_expand_deblur: 2
    ffn_expand_deblur: 2
    width_denoise: 64
    enc_blk_nums_denoise: [2, 2, 4, 8]
    middle_blk_num_denoise: 12
    dec_blk_nums_denoise: [2, 2, 2, 2]
    dw_expand_denoise: 2
    ffn_expand_denoise: 2
  ]
  path:[
    pretrain_network_g: None
    strict_load_g: True
    resume_state: experiments/RestoreNet-width64/training_states/365000.state
    root: d:\premodel\restorenet64
    experiments_root: d:\premodel\restorenet64\experiments\RestoreNet-width64
    models: d:\premodel\restorenet64\experiments\RestoreNet-width64\models
    training_states: d:\premodel\restorenet64\experiments\RestoreNet-width64\training_states
    log: d:\premodel\restorenet64\experiments\RestoreNet-width64
    visualization: d:\premodel\restorenet64\experiments\RestoreNet-width64\visualization
  ]
  train:[
    optim_g:[
      type: AdamW
      lr: 0.001
      weight_decay: 0.001
      betas: [0.9, 0.9]
    ]
    scheduler:[
      type: TrueCosineAnnealingLR
      T_max: 400000
      eta_min: 1e-07
    ]
    total_iter: 400000
    warmup_iter: -1
    pixel_opt:[
      type: PSNRLoss
      loss_weight: 1
      reduction: mean
    ]
  ]
  val:[
    val_freq: 5000.0
    save_img: False
    metrics:[
      psnr:[
        type: calculate_psnr
        crop_border: 0
        test_y_channel: False
      ]
      ssim:[
        type: calculate_ssim
        crop_border: 0
        test_y_channel: False
      ]
    ]
  ]
  logger:[
    print_freq: 200
    save_checkpoint_freq: 5000.0
    use_tb_logger: True
    wandb:[
      project: None
      resume_id: None
    ]
  ]
  dist_params:[
    backend: gloo
    port: 4321
  ]
  is_train: True
  dist: False
  rank: 0
  world_size: 1

2023-06-17 14:33:58,628 INFO: Dataset PairedImageDataset - RestoreNet-train is created.
2023-06-17 14:33:58,628 INFO: Training statistics:
	Number of train images: 19978
	Dataset enlarge ratio: 1
	Batch size per gpu: 2
	World size (gpu number): 1
	Require iter number per epoch: 9989
	Total epochs: 41; iters: 400000.
2023-06-17 14:33:58,637 INFO: Dataset PairedImageDataset - RestoreNet-test is created.
2023-06-17 14:33:58,637 INFO: Number of val images/folders in RestoreNet-test: 21
2023-06-17 14:33:58,637 INFO: Set pretrain_network_g to d:\premodel\restorenet64\experiments\RestoreNet-width64\models\net_g_365000.pth
2023-06-17 14:34:04,276 INFO: Loading RestoreNetLocal model from d:\premodel\restorenet64\experiments\RestoreNet-width64\models\net_g_365000.pth.
2023-06-17 14:34:06,547 INFO: Model [ImageRestorationModel] is created.
2023-06-17 14:34:08,002 INFO: Resuming training from epoch: 30, iter: 365000.
2023-06-17 14:34:12,045 INFO: Start training from epoch: 30, iter: 365000
2023-06-17 14:36:05,656 INFO: [Resto..][epoch: 30, iter: 365,200, lr:(1.866e-05,)] [eta: 5:39:29, time (data): 0.563 (0.000)] l_pix: -2.3938e+01 
2023-06-17 14:37:55,266 INFO: [Resto..][epoch: 30, iter: 365,400, lr:(1.845e-05,)] [eta: 5:26:48, time (data): 0.543 (0.000)] l_pix: -2.5601e+01 
2023-06-17 14:39:44,749 INFO: [Resto..][epoch: 30, iter: 365,600, lr:(1.824e-05,)] [eta: 5:21:14, time (data): 0.568 (0.000)] l_pix: -2.3537e+01 
2023-06-17 14:41:35,424 INFO: [Resto..][epoch: 30, iter: 365,800, lr:(1.803e-05,)] [eta: 5:18:22, time (data): 0.538 (0.000)] l_pix: -2.5863e+01 
2023-06-17 14:43:28,218 INFO: [Resto..][epoch: 30, iter: 366,000, lr:(1.782e-05,)] [eta: 5:17:07, time (data): 0.532 (0.000)] l_pix: -2.4086e+01 
2023-06-17 14:45:21,360 INFO: [Resto..][epoch: 30, iter: 366,200, lr:(1.761e-05,)] [eta: 5:15:49, time (data): 0.607 (0.010)] l_pix: -2.1216e+01 
2023-06-17 14:47:14,093 INFO: [Resto..][epoch: 30, iter: 366,400, lr:(1.741e-05,)] [eta: 5:14:12, time (data): 0.537 (0.001)] l_pix: -2.8815e+01 
2023-06-17 14:49:07,673 INFO: [Resto..][epoch: 30, iter: 366,600, lr:(1.720e-05,)] [eta: 5:12:48, time (data): 0.558 (0.000)] l_pix: -2.3213e+01 
2023-06-17 14:51:00,591 INFO: [Resto..][epoch: 30, iter: 366,800, lr:(1.700e-05,)] [eta: 5:11:05, time (data): 0.561 (0.000)] l_pix: -2.3590e+01 
2023-06-17 14:52:53,655 INFO: [Resto..][epoch: 30, iter: 367,000, lr:(1.680e-05,)] [eta: 5:09:23, time (data): 0.617 (0.000)] l_pix: -1.7646e+01 
2023-06-17 14:54:46,529 INFO: [Resto..][epoch: 30, iter: 367,200, lr:(1.660e-05,)] [eta: 5:07:36, time (data): 0.555 (0.001)] l_pix: -2.6082e+01 
2023-06-17 14:56:39,133 INFO: [Resto..][epoch: 30, iter: 367,400, lr:(1.640e-05,)] [eta: 5:05:44, time (data): 0.588 (0.001)] l_pix: -2.2618e+01 
2023-06-17 14:58:31,504 INFO: [Resto..][epoch: 30, iter: 367,600, lr:(1.620e-05,)] [eta: 5:03:49, time (data): 0.549 (0.000)] l_pix: -2.2663e+01 
2023-06-17 15:00:23,708 INFO: [Resto..][epoch: 30, iter: 367,800, lr:(1.600e-05,)] [eta: 5:01:53, time (data): 0.575 (0.000)] l_pix: -2.4412e+01 
2023-06-17 15:02:16,080 INFO: [Resto..][epoch: 30, iter: 368,000, lr:(1.581e-05,)] [eta: 4:59:59, time (data): 0.566 (0.000)] l_pix: -2.7556e+01 
2023-06-17 15:04:08,022 INFO: [Resto..][epoch: 30, iter: 368,200, lr:(1.561e-05,)] [eta: 4:58:01, time (data): 0.564 (0.001)] l_pix: -2.1114e+01 
2023-06-17 15:06:00,360 INFO: [Resto..][epoch: 30, iter: 368,400, lr:(1.542e-05,)] [eta: 4:56:07, time (data): 0.624 (0.001)] l_pix: -2.5578e+01 
2023-06-17 15:07:50,938 INFO: [Resto..][epoch: 30, iter: 368,600, lr:(1.523e-05,)] [eta: 4:53:59, time (data): 0.550 (0.001)] l_pix: -2.3200e+01 
2023-06-17 15:09:41,022 INFO: [Resto..][epoch: 30, iter: 368,800, lr:(1.504e-05,)] [eta: 4:51:48, time (data): 0.536 (0.000)] l_pix: -2.2130e+01 
2023-06-17 15:11:31,324 INFO: [Resto..][epoch: 30, iter: 369,000, lr:(1.485e-05,)] [eta: 4:49:40, time (data): 0.536 (0.001)] l_pix: -3.0028e+01 
2023-06-17 15:13:20,902 INFO: [Resto..][epoch: 30, iter: 369,200, lr:(1.466e-05,)] [eta: 4:47:29, time (data): 0.557 (0.001)] l_pix: -2.4249e+01 
2023-06-17 15:15:10,773 INFO: [Resto..][epoch: 30, iter: 369,400, lr:(1.447e-05,)] [eta: 4:45:23, time (data): 0.539 (0.001)] l_pix: -1.8131e+01 
2023-06-17 15:17:00,990 INFO: [Resto..][epoch: 30, iter: 369,600, lr:(1.428e-05,)] [eta: 4:43:19, time (data): 0.539 (0.001)] l_pix: -2.2804e+01 
2023-06-17 15:18:51,290 INFO: [Resto..][epoch: 30, iter: 369,800, lr:(1.410e-05,)] [eta: 4:41:18, time (data): 0.543 (0.000)] l_pix: -1.7921e+01 
2023-06-17 15:20:41,624 INFO: [Resto..][epoch: 30, iter: 370,000, lr:(1.391e-05,)] [eta: 4:39:17, time (data): 0.534 (0.001)] l_pix: -2.2808e+01 
2023-06-17 15:20:41,624 INFO: Saving models and training states.
2023-06-17 15:21:39,124 INFO: Validation RestoreNet-test, 		 # psnr: 25.0244	 # ssim: 0.8458
2023-06-17 15:21:39,125 INFO: [Resto..][epoch: 30, iter: 370,000, lr:(1.391e-05,)] m_psnr: 2.5024e+01 m_ssim: 8.4579e-01 
2023-06-17 15:23:26,170 INFO: [Resto..][epoch: 30, iter: 370,200, lr:(1.373e-05,)] [eta: 4:42:28, time (data): 0.533 (0.001)] l_pix: -2.5402e+01 
2023-06-17 15:25:13,541 INFO: [Resto..][epoch: 30, iter: 370,400, lr:(1.355e-05,)] [eta: 4:40:00, time (data): 0.532 (0.000)] l_pix: -2.4966e+01 
2023-06-17 15:27:02,763 INFO: [Resto..][epoch: 30, iter: 370,600, lr:(1.337e-05,)] [eta: 4:37:43, time (data): 0.543 (0.001)] l_pix: -2.6639e+01 
2023-06-17 15:28:51,856 INFO: [Resto..][epoch: 30, iter: 370,800, lr:(1.319e-05,)] [eta: 4:35:29, time (data): 0.539 (0.001)] l_pix: -2.1985e+01 
2023-06-17 15:30:41,008 INFO: [Resto..][epoch: 30, iter: 371,000, lr:(1.301e-05,)] [eta: 4:33:16, time (data): 0.563 (0.001)] l_pix: -2.1648e+01 
2023-06-17 15:32:30,515 INFO: [Resto..][epoch: 30, iter: 371,200, lr:(1.284e-05,)] [eta: 4:31:06, time (data): 0.536 (0.000)] l_pix: -2.1871e+01 
2023-06-17 15:34:19,047 INFO: [Resto..][epoch: 30, iter: 371,400, lr:(1.266e-05,)] [eta: 4:28:53, time (data): 0.545 (0.001)] l_pix: -2.6132e+01 
2023-06-17 15:36:07,308 INFO: [Resto..][epoch: 30, iter: 371,600, lr:(1.249e-05,)] [eta: 4:26:41, time (data): 0.540 (0.000)] l_pix: -2.4610e+01 
2023-06-17 15:37:56,052 INFO: [Resto..][epoch: 30, iter: 371,800, lr:(1.231e-05,)] [eta: 4:24:32, time (data): 0.537 (0.001)] l_pix: -1.9792e+01 
2023-06-17 15:39:44,897 INFO: [Resto..][epoch: 30, iter: 372,000, lr:(1.214e-05,)] [eta: 4:22:24, time (data): 0.544 (0.000)] l_pix: -2.4981e+01 
2023-06-17 15:41:34,382 INFO: [Resto..][epoch: 30, iter: 372,200, lr:(1.197e-05,)] [eta: 4:20:20, time (data): 0.544 (0.001)] l_pix: -2.2813e+01 
2023-06-17 15:43:23,082 INFO: [Resto..][epoch: 30, iter: 372,400, lr:(1.180e-05,)] [eta: 4:18:14, time (data): 0.539 (0.000)] l_pix: -2.9518e+01 
2023-06-17 15:45:11,514 INFO: [Resto..][epoch: 30, iter: 372,600, lr:(1.163e-05,)] [eta: 4:16:08, time (data): 0.540 (0.001)] l_pix: -2.5474e+01 
2023-06-17 15:47:00,941 INFO: [Resto..][epoch: 30, iter: 372,800, lr:(1.147e-05,)] [eta: 4:14:06, time (data): 0.549 (0.000)] l_pix: -2.2815e+01 
2023-06-17 15:48:51,014 INFO: [Resto..][epoch: 30, iter: 373,000, lr:(1.130e-05,)] [eta: 4:12:07, time (data): 0.601 (0.001)] l_pix: -2.4440e+01 
2023-06-17 15:50:40,712 INFO: [Resto..][epoch: 30, iter: 373,200, lr:(1.114e-05,)] [eta: 4:10:07, time (data): 0.545 (0.001)] l_pix: -2.3656e+01 
2023-06-17 15:52:29,229 INFO: [Resto..][epoch: 30, iter: 373,400, lr:(1.097e-05,)] [eta: 4:08:04, time (data): 0.541 (0.001)] l_pix: -2.6207e+01 
2023-06-17 15:54:18,232 INFO: [Resto..][epoch: 30, iter: 373,600, lr:(1.081e-05,)] [eta: 4:06:04, time (data): 0.544 (0.000)] l_pix: -2.3051e+01 
2023-06-17 15:56:07,017 INFO: [Resto..][epoch: 30, iter: 373,800, lr:(1.065e-05,)] [eta: 4:04:03, time (data): 0.548 (0.001)] l_pix: -2.3484e+01 
2023-06-17 15:57:55,699 INFO: [Resto..][epoch: 30, iter: 374,000, lr:(1.049e-05,)] [eta: 4:02:02, time (data): 0.533 (0.001)] l_pix: -2.0753e+01 
2023-06-17 15:59:42,970 INFO: [Resto..][epoch: 30, iter: 374,200, lr:(1.033e-05,)] [eta: 3:59:58, time (data): 0.536 (0.001)] l_pix: -2.8104e+01 
2023-06-17 16:01:31,930 INFO: [Resto..][epoch: 30, iter: 374,400, lr:(1.017e-05,)] [eta: 3:57:59, time (data): 0.535 (0.000)] l_pix: -2.1896e+01 
2023-06-17 16:03:20,821 INFO: [Resto..][epoch: 30, iter: 374,600, lr:(1.002e-05,)] [eta: 3:56:00, time (data): 0.555 (0.001)] l_pix: -2.3712e+01 
2023-06-17 16:05:09,662 INFO: [Resto..][epoch: 30, iter: 374,800, lr:(9.861e-06,)] [eta: 3:54:02, time (data): 0.548 (0.001)] l_pix: -2.2824e+01 
2023-06-17 16:06:57,500 INFO: [Resto..][epoch: 31, iter: 375,000, lr:(9.707e-06,)] [eta: 3:52:01, time (data): 0.537 (0.000)] l_pix: -2.5730e+01 
2023-06-17 16:06:57,501 INFO: Saving models and training states.
2023-06-17 16:07:15,277 INFO: Validation RestoreNet-test, 		 # psnr: 25.0250	 # ssim: 0.8444
2023-06-17 16:07:15,279 INFO: [Resto..][epoch: 31, iter: 375,000, lr:(9.707e-06,)] m_psnr: 2.5025e+01 m_ssim: 8.4437e-01 
