2023-06-13 08:28:57,452 INFO: 
                ____                _       _____  ____
               / __ ) ____ _ _____ (_)_____/ ___/ / __ \
              / __  |/ __ `// ___// // ___/\__ \ / /_/ /
             / /_/ // /_/ /(__  )/ // /__ ___/ // _, _/
            /_____/ \__,_//____//_/ \___//____//_/ |_|
     ______                   __   __                 __      __
    / ____/____   ____   ____/ /  / /   __  __ _____ / /__   / /
   / / __ / __ \ / __ \ / __  /  / /   / / / // ___// //_/  / /
  / /_/ // /_/ // /_/ // /_/ /  / /___/ /_/ // /__ / /<    /_/
  \____/ \____/ \____/ \____/  /_____/\____/ \___//_/|_|  (_)
    
Version Information: 
	BasicSR: 1.2.0+386ca20
	PyTorch: 2.0.1+cu118
	TorchVision: 0.15.2+cu118
2023-06-13 08:28:57,453 INFO: 
  name: RestoreNet-width64
  model_type: ImageRestorationModel
  scale: 1
  num_gpu: 1
  manual_seed: 10
  datasets:[
    train:[
      name: RestoreNet-train
      type: PairedImageDataset
      dataroot_gt: /content/drive/MyDrive/ground/gt
      dataroot_lq: /content/drive/MyDrive/output_result
      filename_tmpl: {}
      io_backend:[
        type: disk
      ]
      gt_size: 256
      use_flip: True
      use_rot: True
      use_shuffle: True
      num_worker_per_gpu: 2
      batch_size_per_gpu: 2
      dataset_enlarge_ratio: 1
      prefetch_mode: None
      phase: train
      scale: 1
    ]
    val:[
      name: RestoreNet-test
      type: PairedImageDataset
      dataroot_gt: /content/drive/MyDrive/testdataset/gt
      dataroot_lq: /content/drive/MyDrive/testdataset/lq
      io_backend:[
        type: disk
      ]
      phase: val
      scale: 1
    ]
  ]
  network_g:[
    type: RestoreNetLocal
    width_deblur: 64
    enc_blk_nums_deblur: [1, 1, 1, 28]
    middle_blk_num_deblur: 1
    dec_blk_nums_deblur: [1, 1, 1, 1]
    dw_expand_deblur: 2
    ffn_expand_deblur: 2
    width_denoise: 64
    enc_blk_nums_denoise: [2, 2, 4, 8]
    middle_blk_num_denoise: 12
    dec_blk_nums_denoise: [2, 2, 2, 2]
    dw_expand_denoise: 2
    ffn_expand_denoise: 2
  ]
  path:[
    pretrain_network_g: None
    strict_load_g: True
    resume_state: experiments/RestoreNet-width64/training_states/170000.state
    root: /content/drive/MyDrive/NAFNet-main
    experiments_root: /content/drive/MyDrive/NAFNet-main/experiments/RestoreNet-width64
    models: /content/drive/MyDrive/NAFNet-main/experiments/RestoreNet-width64/models
    training_states: /content/drive/MyDrive/NAFNet-main/experiments/RestoreNet-width64/training_states
    log: /content/drive/MyDrive/NAFNet-main/experiments/RestoreNet-width64
    visualization: /content/drive/MyDrive/NAFNet-main/experiments/RestoreNet-width64/visualization
  ]
  train:[
    optim_g:[
      type: AdamW
      lr: 0.001
      weight_decay: 0.001
      betas: [0.9, 0.9]
    ]
    scheduler:[
      type: TrueCosineAnnealingLR
      T_max: 400000
      eta_min: 1e-07
    ]
    total_iter: 400000
    warmup_iter: -1
    pixel_opt:[
      type: PSNRLoss
      loss_weight: 1
      reduction: mean
    ]
  ]
  val:[
    val_freq: 500.0
    save_img: False
    metrics:[
      psnr:[
        type: calculate_psnr
        crop_border: 0
        test_y_channel: False
      ]
      ssim:[
        type: calculate_ssim
        crop_border: 0
        test_y_channel: False
      ]
    ]
  ]
  logger:[
    print_freq: 200
    save_checkpoint_freq: 5000.0
    use_tb_logger: True
    wandb:[
      project: None
      resume_id: None
    ]
  ]
  dist_params:[
    backend: gloo
    port: 4321
  ]
  is_train: True
  dist: True
  rank: 0
  world_size: 1

2023-06-13 08:29:04,069 INFO: Dataset PairedImageDataset - RestoreNet-train is created.
2023-06-13 08:29:04,069 INFO: Training statistics:
	Number of train images: 20000
	Dataset enlarge ratio: 1
	Batch size per gpu: 2
	World size (gpu number): 1
	Require iter number per epoch: 10000
	Total epochs: 40; iters: 400000.
2023-06-13 08:29:05,130 INFO: Dataset PairedImageDataset - RestoreNet-test is created.
2023-06-13 08:29:05,131 INFO: Number of val images/folders in RestoreNet-test: 20
2023-06-13 08:29:05,131 INFO: Set pretrain_network_g to /content/drive/MyDrive/NAFNet-main/experiments/RestoreNet-width64/models/net_g_170000.pth
2023-06-13 08:29:11,357 INFO: Loading RestoreNetLocal model from /content/drive/MyDrive/NAFNet-main/experiments/RestoreNet-width64/models/net_g_170000.pth.
2023-06-13 08:29:40,445 INFO: Model [ImageRestorationModel] is created.
2023-06-13 08:29:40,527 INFO: Resuming training from epoch: 12, iter: 170000.
2023-06-13 08:29:45,016 INFO: Start training from epoch: 12, iter: 170000
2023-06-13 08:35:05,333 INFO: [Resto..][epoch: 12, iter: 170,200, lr:(6.160e-04,)] [eta: 4 days, 7:09:03, time (data): 2.757 (1.951)] l_pix: -2.4320e+01 
2023-06-13 08:40:07,345 INFO: [Resto..][epoch: 12, iter: 170,400, lr:(6.152e-04,)] [eta: 4 days, 3:41:34, time (data): 0.741 (0.001)] l_pix: -2.6651e+01 
2023-06-13 08:43:40,865 INFO: Validation RestoreNet-test, 		 # psnr: 24.9364	 # ssim: 0.8304
2023-06-13 08:43:40,866 INFO: [Resto..][epoch: 12, iter: 170,500, lr:(6.149e-04,)] m_psnr: 2.4936e+01 m_ssim: 8.3040e-01 
2023-06-13 08:46:09,636 INFO: [Resto..][epoch: 12, iter: 170,600, lr:(6.145e-04,)] [eta: 4 days, 8:52:18, time (data): 1.109 (0.377)] l_pix: -2.0670e+01 
2023-06-13 08:51:21,928 INFO: [Resto..][epoch: 12, iter: 170,800, lr:(6.137e-04,)] [eta: 4 days, 7:26:24, time (data): 2.394 (1.663)] l_pix: -2.3873e+01 
2023-06-13 08:56:26,606 INFO: [Resto..][epoch: 12, iter: 171,000, lr:(6.129e-04,)] [eta: 4 days, 6:03:43, time (data): 0.738 (0.001)] l_pix: -2.7763e+01 
2023-06-13 08:56:41,997 INFO: Validation RestoreNet-test, 		 # psnr: 24.8613	 # ssim: 0.8296
2023-06-13 08:56:41,998 INFO: [Resto..][epoch: 12, iter: 171,000, lr:(6.129e-04,)] m_psnr: 2.4861e+01 m_ssim: 8.2958e-01 
2023-06-13 09:01:44,579 INFO: [Resto..][epoch: 12, iter: 171,200, lr:(6.122e-04,)] [eta: 4 days, 5:49:05, time (data): 2.310 (1.579)] l_pix: -2.8238e+01 
2023-06-13 09:06:48,451 INFO: [Resto..][epoch: 12, iter: 171,400, lr:(6.114e-04,)] [eta: 4 days, 4:58:46, time (data): 1.055 (0.326)] l_pix: -2.6006e+01 
2023-06-13 09:09:39,780 INFO: Validation RestoreNet-test, 		 # psnr: 24.9554	 # ssim: 0.8307
2023-06-13 09:09:39,781 INFO: [Resto..][epoch: 12, iter: 171,500, lr:(6.110e-04,)] m_psnr: 2.4955e+01 m_ssim: 8.3069e-01 
2023-06-13 09:12:09,674 INFO: [Resto..][epoch: 12, iter: 171,600, lr:(6.106e-04,)] [eta: 4 days, 5:01:01, time (data): 2.726 (1.939)] l_pix: -2.2970e+01 
2023-06-13 09:17:19,326 INFO: [Resto..][epoch: 12, iter: 171,800, lr:(6.099e-04,)] [eta: 4 days, 4:37:09, time (data): 2.717 (1.936)] l_pix: -2.4521e+01 
2023-06-13 09:22:28,849 INFO: [Resto..][epoch: 12, iter: 172,000, lr:(6.091e-04,)] [eta: 4 days, 4:16:46, time (data): 2.806 (2.016)] l_pix: -2.5350e+01 
2023-06-13 09:22:44,228 INFO: Validation RestoreNet-test, 		 # psnr: 24.8463	 # ssim: 0.8294
2023-06-13 09:22:44,229 INFO: [Resto..][epoch: 12, iter: 172,000, lr:(6.091e-04,)] m_psnr: 2.4846e+01 m_ssim: 8.2943e-01 
2023-06-13 09:27:52,387 INFO: [Resto..][epoch: 12, iter: 172,200, lr:(6.083e-04,)] [eta: 4 days, 4:23:20, time (data): 0.736 (0.001)] l_pix: -2.3395e+01 
2023-06-13 09:33:08,130 INFO: [Resto..][epoch: 12, iter: 172,400, lr:(6.076e-04,)] [eta: 4 days, 4:15:35, time (data): 2.088 (1.355)] l_pix: -2.3529e+01 
2023-06-13 09:36:01,805 INFO: Validation RestoreNet-test, 		 # psnr: 24.9235	 # ssim: 0.8310
2023-06-13 09:36:01,805 INFO: [Resto..][epoch: 12, iter: 172,500, lr:(6.072e-04,)] m_psnr: 2.4924e+01 m_ssim: 8.3102e-01 
2023-06-13 09:38:36,001 INFO: [Resto..][epoch: 12, iter: 172,600, lr:(6.068e-04,)] [eta: 4 days, 4:25:54, time (data): 1.682 (0.955)] l_pix: -2.0891e+01 
2023-06-13 09:43:59,235 INFO: [Resto..][epoch: 12, iter: 172,800, lr:(6.060e-04,)] [eta: 4 days, 4:27:41, time (data): 0.735 (0.001)] l_pix: -2.3874e+01 
2023-06-13 09:49:27,776 INFO: [Resto..][epoch: 12, iter: 173,000, lr:(6.053e-04,)] [eta: 4 days, 4:35:12, time (data): 0.736 (0.001)] l_pix: -2.1277e+01 
2023-06-13 09:49:43,168 INFO: Validation RestoreNet-test, 		 # psnr: 24.9338	 # ssim: 0.8296
2023-06-13 09:49:43,169 INFO: [Resto..][epoch: 12, iter: 173,000, lr:(6.053e-04,)] m_psnr: 2.4934e+01 m_ssim: 8.2963e-01 
2023-06-13 09:55:04,443 INFO: [Resto..][epoch: 12, iter: 173,200, lr:(6.045e-04,)] [eta: 4 days, 4:50:42, time (data): 0.732 (0.001)] l_pix: -2.4080e+01 
2023-06-13 10:00:25,171 INFO: [Resto..][epoch: 12, iter: 173,400, lr:(6.037e-04,)] [eta: 4 days, 4:46:01, time (data): 2.422 (1.693)] l_pix: -2.7692e+01 
2023-06-13 10:03:28,496 INFO: Validation RestoreNet-test, 		 # psnr: 24.9172	 # ssim: 0.8310
2023-06-13 10:03:28,497 INFO: [Resto..][epoch: 12, iter: 173,500, lr:(6.034e-04,)] m_psnr: 2.4917e+01 m_ssim: 8.3098e-01 
2023-06-13 10:06:10,425 INFO: [Resto..][epoch: 12, iter: 173,600, lr:(6.030e-04,)] [eta: 4 days, 5:06:57, time (data): 2.536 (1.766)] l_pix: -2.1260e+01 
2023-06-13 10:11:29,312 INFO: [Resto..][epoch: 12, iter: 173,800, lr:(6.022e-04,)] [eta: 4 days, 4:58:56, time (data): 2.333 (1.606)] l_pix: -2.3363e+01 
2023-06-13 10:16:47,818 INFO: [Resto..][epoch: 12, iter: 174,000, lr:(6.014e-04,)] [eta: 4 days, 4:50:49, time (data): 2.295 (1.565)] l_pix: -2.7914e+01 
2023-06-13 10:17:03,221 INFO: Validation RestoreNet-test, 		 # psnr: 24.7816	 # ssim: 0.8298
2023-06-13 10:17:03,221 INFO: [Resto..][epoch: 12, iter: 174,000, lr:(6.014e-04,)] m_psnr: 2.4782e+01 m_ssim: 8.2976e-01 
2023-06-13 10:22:13,959 INFO: [Resto..][epoch: 12, iter: 174,200, lr:(6.007e-04,)] [eta: 4 days, 4:49:49, time (data): 2.584 (1.793)] l_pix: -2.1066e+01 
2023-06-13 10:27:26,363 INFO: [Resto..][epoch: 12, iter: 174,400, lr:(5.999e-04,)] [eta: 4 days, 4:36:40, time (data): 2.323 (1.592)] l_pix: -2.0753e+01 
2023-06-13 10:30:19,290 INFO: Validation RestoreNet-test, 		 # psnr: 24.9177	 # ssim: 0.8309
2023-06-13 10:30:19,291 INFO: [Resto..][epoch: 12, iter: 174,500, lr:(5.995e-04,)] m_psnr: 2.4918e+01 m_ssim: 8.3088e-01 
2023-06-13 10:32:54,609 INFO: [Resto..][epoch: 12, iter: 174,600, lr:(5.991e-04,)] [eta: 4 days, 4:37:09, time (data): 0.806 (0.074)] l_pix: -2.6051e+01 
2023-06-13 10:38:11,107 INFO: [Resto..][epoch: 12, iter: 174,800, lr:(5.984e-04,)] [eta: 4 days, 4:27:57, time (data): 0.744 (0.001)] l_pix: -2.3281e+01 
2023-06-13 10:43:30,026 INFO: [Resto..][epoch: 12, iter: 175,000, lr:(5.976e-04,)] [eta: 4 days, 4:20:53, time (data): 0.739 (0.002)] l_pix: -2.4075e+01 
2023-06-13 10:43:30,027 INFO: Saving models and training states.
2023-06-13 10:43:51,127 INFO: Validation RestoreNet-test, 		 # psnr: 24.9153	 # ssim: 0.8286
2023-06-13 10:43:51,128 INFO: [Resto..][epoch: 12, iter: 175,000, lr:(5.976e-04,)] m_psnr: 2.4915e+01 m_ssim: 8.2858e-01 
2023-06-13 10:49:00,777 INFO: [Resto..][epoch: 12, iter: 175,200, lr:(5.968e-04,)] [eta: 4 days, 4:22:28, time (data): 1.728 (0.995)] l_pix: -1.9603e+01 
2023-06-13 10:54:17,026 INFO: [Resto..][epoch: 12, iter: 175,400, lr:(5.960e-04,)] [eta: 4 days, 4:13:29, time (data): 0.733 (0.001)] l_pix: -2.3167e+01 
2023-06-13 10:57:10,192 INFO: Validation RestoreNet-test, 		 # psnr: 24.8224	 # ssim: 0.8282
2023-06-13 10:57:10,193 INFO: [Resto..][epoch: 12, iter: 175,500, lr:(5.957e-04,)] m_psnr: 2.4822e+01 m_ssim: 8.2820e-01 
2023-06-13 10:59:44,277 INFO: [Resto..][epoch: 12, iter: 175,600, lr:(5.953e-04,)] [eta: 4 days, 4:12:07, time (data): 1.364 (0.633)] l_pix: -2.3736e+01 
2023-06-13 11:05:09,570 INFO: [Resto..][epoch: 12, iter: 175,800, lr:(5.945e-04,)] [eta: 4 days, 4:09:11, time (data): 2.154 (1.423)] l_pix: -2.4088e+01 
2023-06-13 11:10:30,864 INFO: [Resto..][epoch: 12, iter: 176,000, lr:(5.937e-04,)] [eta: 4 days, 4:03:37, time (data): 0.732 (0.001)] l_pix: -2.3511e+01 
2023-06-13 11:10:46,226 INFO: Validation RestoreNet-test, 		 # psnr: 24.8185	 # ssim: 0.8262
2023-06-13 11:10:46,227 INFO: [Resto..][epoch: 12, iter: 176,000, lr:(5.937e-04,)] m_psnr: 2.4819e+01 m_ssim: 8.2625e-01 
2023-06-13 11:16:00,744 INFO: [Resto..][epoch: 12, iter: 176,200, lr:(5.930e-04,)] [eta: 4 days, 4:03:13, time (data): 0.731 (0.001)] l_pix: -2.3117e+01 
2023-06-13 11:21:22,740 INFO: [Resto..][epoch: 12, iter: 176,400, lr:(5.922e-04,)] [eta: 4 days, 3:57:55, time (data): 0.734 (0.001)] l_pix: -1.7842e+01 
2023-06-13 11:24:16,816 INFO: Validation RestoreNet-test, 		 # psnr: 24.8729	 # ssim: 0.8287
2023-06-13 11:24:16,817 INFO: [Resto..][epoch: 12, iter: 176,500, lr:(5.918e-04,)] m_psnr: 2.4873e+01 m_ssim: 8.2869e-01 
2023-06-13 11:26:52,581 INFO: [Resto..][epoch: 12, iter: 176,600, lr:(5.914e-04,)] [eta: 4 days, 3:57:02, time (data): 0.745 (0.001)] l_pix: -2.2897e+01 
2023-06-13 11:32:11,899 INFO: [Resto..][epoch: 12, iter: 176,800, lr:(5.906e-04,)] [eta: 4 days, 3:50:08, time (data): 2.108 (1.377)] l_pix: -1.9511e+01 
2023-06-13 11:37:25,198 INFO: [Resto..][epoch: 12, iter: 177,000, lr:(5.899e-04,)] [eta: 4 days, 3:40:07, time (data): 0.826 (0.096)] l_pix: -1.9209e+01 
2023-06-13 11:37:40,613 INFO: Validation RestoreNet-test, 		 # psnr: 24.9580	 # ssim: 0.8321
2023-06-13 11:37:40,613 INFO: [Resto..][epoch: 12, iter: 177,000, lr:(5.899e-04,)] m_psnr: 2.4958e+01 m_ssim: 8.3206e-01 
2023-06-13 11:42:54,672 INFO: [Resto..][epoch: 12, iter: 177,200, lr:(5.891e-04,)] [eta: 4 days, 3:38:42, time (data): 2.170 (1.438)] l_pix: -2.0174e+01 
2023-06-13 11:48:08,182 INFO: [Resto..][epoch: 12, iter: 177,400, lr:(5.883e-04,)] [eta: 4 days, 3:29:05, time (data): 1.459 (0.729)] l_pix: -2.4893e+01 
2023-06-13 11:51:04,052 INFO: Validation RestoreNet-test, 		 # psnr: 24.8497	 # ssim: 0.8278
2023-06-13 11:51:04,053 INFO: [Resto..][epoch: 12, iter: 177,500, lr:(5.879e-04,)] m_psnr: 2.4850e+01 m_ssim: 8.2778e-01 
2023-06-13 11:53:39,628 INFO: [Resto..][epoch: 12, iter: 177,600, lr:(5.876e-04,)] [eta: 4 days, 3:28:26, time (data): 2.674 (1.880)] l_pix: -2.0520e+01 
2023-06-13 11:58:57,436 INFO: [Resto..][epoch: 12, iter: 177,800, lr:(5.868e-04,)] [eta: 4 days, 3:21:03, time (data): 2.245 (1.509)] l_pix: -1.8921e+01 
2023-06-13 12:04:19,116 INFO: [Resto..][epoch: 12, iter: 178,000, lr:(5.860e-04,)] [eta: 4 days, 3:15:34, time (data): 3.014 (2.230)] l_pix: -2.0332e+01 
2023-06-13 12:04:34,474 INFO: Validation RestoreNet-test, 		 # psnr: 24.8849	 # ssim: 0.8298
2023-06-13 12:04:34,474 INFO: [Resto..][epoch: 12, iter: 178,000, lr:(5.860e-04,)] m_psnr: 2.4885e+01 m_ssim: 8.2978e-01 
2023-06-13 12:09:51,009 INFO: [Resto..][epoch: 12, iter: 178,200, lr:(5.852e-04,)] [eta: 4 days, 3:14:42, time (data): 2.234 (1.509)] l_pix: -2.4542e+01 
2023-06-13 12:15:09,871 INFO: [Resto..][epoch: 12, iter: 178,400, lr:(5.845e-04,)] [eta: 4 days, 3:07:52, time (data): 1.661 (0.933)] l_pix: -2.1543e+01 
2023-06-13 12:18:09,204 INFO: Validation RestoreNet-test, 		 # psnr: 24.9698	 # ssim: 0.8297
2023-06-13 12:18:09,205 INFO: [Resto..][epoch: 12, iter: 178,500, lr:(5.841e-04,)] m_psnr: 2.4970e+01 m_ssim: 8.2968e-01 
2023-06-13 12:20:46,185 INFO: [Resto..][epoch: 12, iter: 178,600, lr:(5.837e-04,)] [eta: 4 days, 3:08:36, time (data): 2.286 (1.558)] l_pix: -2.2243e+01 
2023-06-13 12:26:12,348 INFO: [Resto..][epoch: 12, iter: 178,800, lr:(5.829e-04,)] [eta: 4 days, 3:04:48, time (data): 2.089 (1.363)] l_pix: -2.2496e+01 
2023-06-13 12:31:34,126 INFO: [Resto..][epoch: 12, iter: 179,000, lr:(5.821e-04,)] [eta: 4 days, 2:59:08, time (data): 2.161 (1.433)] l_pix: -2.1584e+01 
2023-06-13 12:31:49,470 INFO: Validation RestoreNet-test, 		 # psnr: 24.8534	 # ssim: 0.8311
2023-06-13 12:31:49,470 INFO: [Resto..][epoch: 12, iter: 179,000, lr:(5.821e-04,)] m_psnr: 2.4853e+01 m_ssim: 8.3106e-01 
2023-06-13 12:37:20,016 INFO: [Resto..][epoch: 12, iter: 179,200, lr:(5.814e-04,)] [eta: 4 days, 3:03:07, time (data): 0.730 (0.001)] l_pix: -2.2173e+01 
2023-06-13 12:43:02,731 INFO: [Resto..][epoch: 12, iter: 179,400, lr:(5.806e-04,)] [eta: 4 days, 3:05:27, time (data): 0.731 (0.001)] l_pix: -2.5266e+01 
2023-06-13 12:46:05,720 INFO: Validation RestoreNet-test, 		 # psnr: 24.9056	 # ssim: 0.8323
2023-06-13 12:46:05,721 INFO: [Resto..][epoch: 12, iter: 179,500, lr:(5.802e-04,)] m_psnr: 2.4906e+01 m_ssim: 8.3232e-01 
2023-06-13 12:48:47,129 INFO: [Resto..][epoch: 12, iter: 179,600, lr:(5.798e-04,)] [eta: 4 days, 3:08:05, time (data): 0.732 (0.001)] l_pix: -2.4011e+01 
2023-06-13 12:54:14,315 INFO: [Resto..][epoch: 12, iter: 179,800, lr:(5.790e-04,)] [eta: 4 days, 3:03:56, time (data): 0.738 (0.001)] l_pix: -2.8802e+01 
2023-06-13 12:59:35,267 INFO: [Resto..][epoch: 12, iter: 180,000, lr:(5.783e-04,)] [eta: 4 days, 2:57:27, time (data): 0.743 (0.002)] l_pix: -2.3455e+01 
2023-06-13 12:59:35,268 INFO: Saving models and training states.
2023-06-13 12:59:54,738 INFO: Validation RestoreNet-test, 		 # psnr: 24.9415	 # ssim: 0.8309
2023-06-13 12:59:54,738 INFO: [Resto..][epoch: 12, iter: 180,000, lr:(5.783e-04,)] m_psnr: 2.4941e+01 m_ssim: 8.3086e-01 
2023-06-13 13:02:21,207 INFO: [Resto..][epoch: 13, iter: 180,200, lr:(5.775e-04,)] [eta: 4 days, 1:55:20, time (data): 0.733 (0.002)] l_pix: -2.8048e+01 
2023-06-13 13:04:47,442 INFO: [Resto..][epoch: 13, iter: 180,400, lr:(5.767e-04,)] [eta: 4 days, 0:48:34, time (data): 0.732 (0.002)] l_pix: -2.7594e+01 
2023-06-13 13:06:16,004 INFO: Validation RestoreNet-test, 		 # psnr: 24.8520	 # ssim: 0.8307
2023-06-13 13:06:16,005 INFO: [Resto..][epoch: 13, iter: 180,500, lr:(5.763e-04,)] m_psnr: 2.4852e+01 m_ssim: 8.3066e-01 
2023-06-13 13:07:29,122 INFO: [Resto..][epoch: 13, iter: 180,600, lr:(5.759e-04,)] [eta: 3 days, 23:49:34, time (data): 0.731 (0.002)] l_pix: -2.6533e+01 
2023-06-13 13:09:55,382 INFO: [Resto..][epoch: 13, iter: 180,800, lr:(5.752e-04,)] [eta: 3 days, 22:47:26, time (data): 0.731 (0.002)] l_pix: -1.8762e+01 
2023-06-13 13:12:21,768 INFO: [Resto..][epoch: 13, iter: 181,000, lr:(5.744e-04,)] [eta: 3 days, 21:47:30, time (data): 0.730 (0.002)] l_pix: -2.0867e+01 
2023-06-13 13:12:37,036 INFO: Validation RestoreNet-test, 		 # psnr: 24.9481	 # ssim: 0.8322
2023-06-13 13:12:37,037 INFO: [Resto..][epoch: 13, iter: 181,000, lr:(5.744e-04,)] m_psnr: 2.4948e+01 m_ssim: 8.3216e-01 
2023-06-13 13:15:03,681 INFO: [Resto..][epoch: 13, iter: 181,200, lr:(5.736e-04,)] [eta: 3 days, 20:54:41, time (data): 0.734 (0.002)] l_pix: -2.0669e+01 
2023-06-13 13:17:30,106 INFO: [Resto..][epoch: 13, iter: 181,400, lr:(5.728e-04,)] [eta: 3 days, 19:58:41, time (data): 0.731 (0.002)] l_pix: -1.8383e+01 
2023-06-13 13:18:58,589 INFO: Validation RestoreNet-test, 		 # psnr: 24.9931	 # ssim: 0.8302
2023-06-13 13:18:58,589 INFO: [Resto..][epoch: 13, iter: 181,500, lr:(5.724e-04,)] m_psnr: 2.4993e+01 m_ssim: 8.3023e-01 
2023-06-13 13:20:11,838 INFO: [Resto..][epoch: 13, iter: 181,600, lr:(5.721e-04,)] [eta: 3 days, 19:09:19, time (data): 0.735 (0.002)] l_pix: -1.8737e+01 
2023-06-13 13:22:38,182 INFO: [Resto..][epoch: 13, iter: 181,800, lr:(5.713e-04,)] [eta: 3 days, 18:16:48, time (data): 0.733 (0.003)] l_pix: -2.2583e+01 
2023-06-13 13:25:04,895 INFO: [Resto..][epoch: 13, iter: 182,000, lr:(5.705e-04,)] [eta: 3 days, 17:26:04, time (data): 0.737 (0.002)] l_pix: -2.3411e+01 
2023-06-13 13:25:20,212 INFO: Validation RestoreNet-test, 		 # psnr: 24.9238	 # ssim: 0.8289
2023-06-13 13:25:20,212 INFO: [Resto..][epoch: 13, iter: 182,000, lr:(5.705e-04,)] m_psnr: 2.4924e+01 m_ssim: 8.2888e-01 
2023-06-13 13:27:46,805 INFO: [Resto..][epoch: 13, iter: 182,200, lr:(5.697e-04,)] [eta: 3 days, 16:41:26, time (data): 0.734 (0.002)] l_pix: -1.9364e+01 
2023-06-13 13:30:13,368 INFO: [Resto..][epoch: 13, iter: 182,400, lr:(5.689e-04,)] [eta: 3 days, 15:53:40, time (data): 0.737 (0.003)] l_pix: -1.8808e+01 
2023-06-13 13:31:41,911 INFO: Validation RestoreNet-test, 		 # psnr: 24.8757	 # ssim: 0.8292
2023-06-13 13:31:41,911 INFO: [Resto..][epoch: 13, iter: 182,500, lr:(5.686e-04,)] m_psnr: 2.4876e+01 m_ssim: 8.2918e-01 
2023-06-13 13:32:55,104 INFO: [Resto..][epoch: 13, iter: 182,600, lr:(5.682e-04,)] [eta: 3 days, 15:11:42, time (data): 0.735 (0.003)] l_pix: -2.0284e+01 
2023-06-13 13:35:21,799 INFO: [Resto..][epoch: 13, iter: 182,800, lr:(5.674e-04,)] [eta: 3 days, 14:26:42, time (data): 0.728 (0.002)] l_pix: -2.5436e+01 
2023-06-13 13:37:48,214 INFO: [Resto..][epoch: 13, iter: 183,000, lr:(5.666e-04,)] [eta: 3 days, 13:42:57, time (data): 0.728 (0.002)] l_pix: -2.5285e+01 
2023-06-13 13:38:03,475 INFO: Validation RestoreNet-test, 		 # psnr: 24.9547	 # ssim: 0.8308
2023-06-13 13:38:03,475 INFO: [Resto..][epoch: 13, iter: 183,000, lr:(5.666e-04,)] m_psnr: 2.4955e+01 m_ssim: 8.3078e-01 
2023-06-13 13:40:30,314 INFO: [Resto..][epoch: 13, iter: 183,200, lr:(5.658e-04,)] [eta: 3 days, 13:04:43, time (data): 0.734 (0.002)] l_pix: -2.5016e+01 
2023-06-13 13:42:57,208 INFO: [Resto..][epoch: 13, iter: 183,400, lr:(5.651e-04,)] [eta: 3 days, 12:23:28, time (data): 0.732 (0.002)] l_pix: -2.4501e+01 
2023-06-13 13:44:25,819 INFO: Validation RestoreNet-test, 		 # psnr: 25.0258	 # ssim: 0.8330
2023-06-13 13:44:25,820 INFO: [Resto..][epoch: 13, iter: 183,500, lr:(5.647e-04,)] m_psnr: 2.5026e+01 m_ssim: 8.3302e-01 
2023-06-13 13:45:39,319 INFO: [Resto..][epoch: 13, iter: 183,600, lr:(5.643e-04,)] [eta: 3 days, 11:47:24, time (data): 0.738 (0.003)] l_pix: -2.2449e+01 
2023-06-13 13:48:05,975 INFO: [Resto..][epoch: 13, iter: 183,800, lr:(5.635e-04,)] [eta: 3 days, 11:08:15, time (data): 0.734 (0.002)] l_pix: -3.2759e+01 
2023-06-13 13:50:32,526 INFO: [Resto..][epoch: 13, iter: 184,000, lr:(5.627e-04,)] [eta: 3 days, 10:30:08, time (data): 0.732 (0.003)] l_pix: -2.7383e+01 
2023-06-13 13:50:47,813 INFO: Validation RestoreNet-test, 		 # psnr: 24.9368	 # ssim: 0.8306
2023-06-13 13:50:47,813 INFO: [Resto..][epoch: 13, iter: 184,000, lr:(5.627e-04,)] m_psnr: 2.4937e+01 m_ssim: 8.3057e-01 
2023-06-13 13:53:14,323 INFO: [Resto..][epoch: 13, iter: 184,200, lr:(5.619e-04,)] [eta: 3 days, 9:56:52, time (data): 0.732 (0.002)] l_pix: -2.0568e+01 
2023-06-13 13:55:41,041 INFO: [Resto..][epoch: 13, iter: 184,400, lr:(5.612e-04,)] [eta: 3 days, 9:20:42, time (data): 0.731 (0.002)] l_pix: -2.7806e+01 
2023-06-13 13:57:09,598 INFO: Validation RestoreNet-test, 		 # psnr: 24.9571	 # ssim: 0.8304
2023-06-13 13:57:09,598 INFO: [Resto..][epoch: 13, iter: 184,500, lr:(5.608e-04,)] m_psnr: 2.4957e+01 m_ssim: 8.3038e-01 
2023-06-13 13:58:22,901 INFO: [Resto..][epoch: 13, iter: 184,600, lr:(5.604e-04,)] [eta: 3 days, 8:49:11, time (data): 0.731 (0.002)] l_pix: -2.4393e+01 
2023-06-13 14:00:49,691 INFO: [Resto..][epoch: 13, iter: 184,800, lr:(5.596e-04,)] [eta: 3 days, 8:14:47, time (data): 0.735 (0.002)] l_pix: -1.8713e+01 
2023-06-13 14:03:16,331 INFO: [Resto..][epoch: 13, iter: 185,000, lr:(5.588e-04,)] [eta: 3 days, 7:41:12, time (data): 0.735 (0.002)] l_pix: -2.7573e+01 
2023-06-13 14:03:16,331 INFO: Saving models and training states.
2023-06-13 14:03:36,384 INFO: Validation RestoreNet-test, 		 # psnr: 24.9003	 # ssim: 0.8311
2023-06-13 14:03:36,384 INFO: [Resto..][epoch: 13, iter: 185,000, lr:(5.588e-04,)] m_psnr: 2.4900e+01 m_ssim: 8.3108e-01 
2023-06-13 14:06:03,167 INFO: [Resto..][epoch: 13, iter: 185,200, lr:(5.580e-04,)] [eta: 3 days, 7:13:12, time (data): 0.733 (0.002)] l_pix: -2.1918e+01 
2023-06-13 14:08:29,942 INFO: [Resto..][epoch: 13, iter: 185,400, lr:(5.573e-04,)] [eta: 3 days, 6:41:12, time (data): 0.736 (0.002)] l_pix: -1.8764e+01 
2023-06-13 14:09:58,521 INFO: Validation RestoreNet-test, 		 # psnr: 24.9294	 # ssim: 0.8315
2023-06-13 14:09:58,522 INFO: [Resto..][epoch: 13, iter: 185,500, lr:(5.569e-04,)] m_psnr: 2.4929e+01 m_ssim: 8.3146e-01 
2023-06-13 14:11:11,956 INFO: [Resto..][epoch: 13, iter: 185,600, lr:(5.565e-04,)] [eta: 3 days, 6:13:26, time (data): 0.733 (0.002)] l_pix: -2.2977e+01 
2023-06-13 14:13:38,772 INFO: [Resto..][epoch: 13, iter: 185,800, lr:(5.557e-04,)] [eta: 3 days, 5:42:52, time (data): 0.737 (0.003)] l_pix: -2.7307e+01 
2023-06-13 14:16:05,481 INFO: [Resto..][epoch: 13, iter: 186,000, lr:(5.549e-04,)] [eta: 3 days, 5:13:00, time (data): 0.734 (0.003)] l_pix: -2.3062e+01 
2023-06-13 14:16:20,784 INFO: Validation RestoreNet-test, 		 # psnr: 24.9077	 # ssim: 0.8288
2023-06-13 14:16:20,785 INFO: [Resto..][epoch: 13, iter: 186,000, lr:(5.549e-04,)] m_psnr: 2.4908e+01 m_ssim: 8.2876e-01 
2023-06-13 14:18:47,539 INFO: [Resto..][epoch: 13, iter: 186,200, lr:(5.541e-04,)] [eta: 3 days, 4:47:10, time (data): 0.734 (0.003)] l_pix: -2.1342e+01 
2023-06-13 14:21:14,341 INFO: [Resto..][epoch: 13, iter: 186,400, lr:(5.534e-04,)] [eta: 3 days, 4:18:36, time (data): 0.736 (0.002)] l_pix: -2.6123e+01 
2023-06-13 14:22:43,127 INFO: Validation RestoreNet-test, 		 # psnr: 24.9001	 # ssim: 0.8291
2023-06-13 14:22:43,128 INFO: [Resto..][epoch: 13, iter: 186,500, lr:(5.530e-04,)] m_psnr: 2.4900e+01 m_ssim: 8.2910e-01 
2023-06-13 14:23:56,477 INFO: [Resto..][epoch: 13, iter: 186,600, lr:(5.526e-04,)] [eta: 3 days, 3:53:56, time (data): 0.732 (0.002)] l_pix: -2.1535e+01 
2023-06-13 14:26:23,134 INFO: [Resto..][epoch: 13, iter: 186,800, lr:(5.518e-04,)] [eta: 3 days, 3:26:31, time (data): 0.733 (0.003)] l_pix: -2.5126e+01 
2023-06-13 14:28:49,915 INFO: [Resto..][epoch: 13, iter: 187,000, lr:(5.510e-04,)] [eta: 3 days, 2:59:44, time (data): 0.732 (0.003)] l_pix: -2.3902e+01 
2023-06-13 14:29:05,221 INFO: Validation RestoreNet-test, 		 # psnr: 24.9069	 # ssim: 0.8297
2023-06-13 14:29:05,222 INFO: [Resto..][epoch: 13, iter: 187,000, lr:(5.510e-04,)] m_psnr: 2.4907e+01 m_ssim: 8.2972e-01 
2023-06-13 14:31:31,928 INFO: [Resto..][epoch: 13, iter: 187,200, lr:(5.502e-04,)] [eta: 3 days, 2:36:38, time (data): 0.731 (0.003)] l_pix: -2.1606e+01 
2023-06-13 14:33:58,830 INFO: [Resto..][epoch: 13, iter: 187,400, lr:(5.494e-04,)] [eta: 3 days, 2:10:56, time (data): 0.732 (0.002)] l_pix: -2.2952e+01 
2023-06-13 14:35:27,555 INFO: Validation RestoreNet-test, 		 # psnr: 24.8684	 # ssim: 0.8301
2023-06-13 14:35:27,556 INFO: [Resto..][epoch: 13, iter: 187,500, lr:(5.491e-04,)] m_psnr: 2.4868e+01 m_ssim: 8.3005e-01 
2023-06-13 14:36:40,966 INFO: [Resto..][epoch: 13, iter: 187,600, lr:(5.487e-04,)] [eta: 3 days, 1:48:50, time (data): 0.734 (0.003)] l_pix: -2.7800e+01 
2023-06-13 14:39:07,760 INFO: [Resto..][epoch: 13, iter: 187,800, lr:(5.479e-04,)] [eta: 3 days, 1:24:07, time (data): 0.734 (0.002)] l_pix: -2.2865e+01 
2023-06-13 14:41:34,573 INFO: [Resto..][epoch: 13, iter: 188,000, lr:(5.471e-04,)] [eta: 3 days, 0:59:54, time (data): 0.735 (0.003)] l_pix: -2.5127e+01 
2023-06-13 14:41:49,843 INFO: Validation RestoreNet-test, 		 # psnr: 25.0113	 # ssim: 0.8337
2023-06-13 14:41:49,844 INFO: [Resto..][epoch: 13, iter: 188,000, lr:(5.471e-04,)] m_psnr: 2.5011e+01 m_ssim: 8.3367e-01 
2023-06-13 14:44:16,898 INFO: [Resto..][epoch: 13, iter: 188,200, lr:(5.463e-04,)] [eta: 3 days, 0:39:10, time (data): 0.732 (0.002)] l_pix: -1.9781e+01 
2023-06-13 14:46:43,677 INFO: [Resto..][epoch: 13, iter: 188,400, lr:(5.455e-04,)] [eta: 3 days, 0:15:50, time (data): 0.734 (0.002)] l_pix: -2.2106e+01 
2023-06-13 14:48:12,392 INFO: Validation RestoreNet-test, 		 # psnr: 24.9303	 # ssim: 0.8300
2023-06-13 14:48:12,393 INFO: [Resto..][epoch: 13, iter: 188,500, lr:(5.451e-04,)] m_psnr: 2.4930e+01 m_ssim: 8.3003e-01 
2023-06-13 14:49:25,781 INFO: [Resto..][epoch: 13, iter: 188,600, lr:(5.448e-04,)] [eta: 2 days, 23:55:52, time (data): 0.734 (0.002)] l_pix: -2.4610e+01 
2023-06-13 14:51:52,716 INFO: [Resto..][epoch: 13, iter: 188,800, lr:(5.440e-04,)] [eta: 2 days, 23:33:26, time (data): 0.735 (0.002)] l_pix: -2.3671e+01 
2023-06-13 14:54:19,519 INFO: [Resto..][epoch: 13, iter: 189,000, lr:(5.432e-04,)] [eta: 2 days, 23:11:23, time (data): 0.734 (0.003)] l_pix: -2.1803e+01 
2023-06-13 14:54:34,810 INFO: Validation RestoreNet-test, 		 # psnr: 25.0249	 # ssim: 0.8349
2023-06-13 14:54:34,811 INFO: [Resto..][epoch: 13, iter: 189,000, lr:(5.432e-04,)] m_psnr: 2.5025e+01 m_ssim: 8.3485e-01 
2023-06-13 14:57:01,511 INFO: [Resto..][epoch: 13, iter: 189,200, lr:(5.424e-04,)] [eta: 2 days, 22:52:32, time (data): 0.731 (0.003)] l_pix: -2.0961e+01 
2023-06-13 14:59:28,052 INFO: [Resto..][epoch: 13, iter: 189,400, lr:(5.416e-04,)] [eta: 2 days, 22:31:12, time (data): 0.734 (0.002)] l_pix: -2.3991e+01 
2023-06-13 15:00:56,592 INFO: Validation RestoreNet-test, 		 # psnr: 24.8845	 # ssim: 0.8317
2023-06-13 15:00:56,593 INFO: [Resto..][epoch: 13, iter: 189,500, lr:(5.412e-04,)] m_psnr: 2.4884e+01 m_ssim: 8.3172e-01 
2023-06-13 15:02:09,935 INFO: [Resto..][epoch: 13, iter: 189,600, lr:(5.408e-04,)] [eta: 2 days, 22:13:01, time (data): 0.732 (0.003)] l_pix: -1.8901e+01 
2023-06-13 15:04:36,770 INFO: [Resto..][epoch: 13, iter: 189,800, lr:(5.401e-04,)] [eta: 2 days, 21:52:29, time (data): 0.730 (0.002)] l_pix: -1.9768e+01 
2023-06-13 15:07:03,476 INFO: [Resto..][epoch: 13, iter: 190,000, lr:(5.393e-04,)] [eta: 2 days, 21:32:17, time (data): 0.732 (0.002)] l_pix: -2.6084e+01 
2023-06-13 15:07:03,477 INFO: Saving models and training states.
2023-06-13 15:07:24,172 INFO: Validation RestoreNet-test, 		 # psnr: 24.9186	 # ssim: 0.8324
2023-06-13 15:07:24,173 INFO: [Resto..][epoch: 13, iter: 190,000, lr:(5.393e-04,)] m_psnr: 2.4919e+01 m_ssim: 8.3238e-01 
2023-06-13 15:09:50,899 INFO: [Resto..][epoch: 14, iter: 190,200, lr:(5.385e-04,)] [eta: 2 days, 21:16:01, time (data): 0.731 (0.002)] l_pix: -2.7850e+01 
2023-06-13 15:12:17,889 INFO: [Resto..][epoch: 14, iter: 190,400, lr:(5.377e-04,)] [eta: 2 days, 20:56:31, time (data): 0.739 (0.002)] l_pix: -2.2315e+01 
2023-06-13 15:13:46,407 INFO: Validation RestoreNet-test, 		 # psnr: 24.8799	 # ssim: 0.8316
2023-06-13 15:13:46,408 INFO: [Resto..][epoch: 14, iter: 190,500, lr:(5.373e-04,)] m_psnr: 2.4880e+01 m_ssim: 8.3163e-01 
2023-06-13 15:14:59,830 INFO: [Resto..][epoch: 14, iter: 190,600, lr:(5.369e-04,)] [eta: 2 days, 20:39:53, time (data): 0.734 (0.002)] l_pix: -2.7919e+01 
2023-06-13 15:17:26,584 INFO: [Resto..][epoch: 14, iter: 190,800, lr:(5.361e-04,)] [eta: 2 days, 20:20:59, time (data): 0.734 (0.003)] l_pix: -1.9895e+01 
2023-06-13 15:19:53,443 INFO: [Resto..][epoch: 14, iter: 191,000, lr:(5.354e-04,)] [eta: 2 days, 20:02:24, time (data): 0.734 (0.002)] l_pix: -2.4187e+01 
2023-06-13 15:20:08,728 INFO: Validation RestoreNet-test, 		 # psnr: 25.0494	 # ssim: 0.8339
2023-06-13 15:20:08,728 INFO: [Resto..][epoch: 14, iter: 191,000, lr:(5.354e-04,)] m_psnr: 2.5049e+01 m_ssim: 8.3395e-01 
2023-06-13 15:22:35,745 INFO: [Resto..][epoch: 14, iter: 191,200, lr:(5.346e-04,)] [eta: 2 days, 19:46:39, time (data): 0.733 (0.002)] l_pix: -2.3630e+01 
2023-06-13 15:25:02,476 INFO: [Resto..][epoch: 14, iter: 191,400, lr:(5.338e-04,)] [eta: 2 days, 19:28:38, time (data): 0.733 (0.002)] l_pix: -2.3638e+01 
2023-06-13 15:26:31,095 INFO: Validation RestoreNet-test, 		 # psnr: 25.0568	 # ssim: 0.8325
2023-06-13 15:26:31,096 INFO: [Resto..][epoch: 14, iter: 191,500, lr:(5.334e-04,)] m_psnr: 2.5057e+01 m_ssim: 8.3246e-01 
2023-06-13 15:27:44,502 INFO: [Resto..][epoch: 14, iter: 191,600, lr:(5.330e-04,)] [eta: 2 days, 19:13:21, time (data): 0.735 (0.003)] l_pix: -2.3436e+01 
2023-06-13 15:30:11,266 INFO: [Resto..][epoch: 14, iter: 191,800, lr:(5.322e-04,)] [eta: 2 days, 18:55:52, time (data): 0.734 (0.003)] l_pix: -2.8423e+01 
2023-06-13 15:32:38,365 INFO: [Resto..][epoch: 14, iter: 192,000, lr:(5.314e-04,)] [eta: 2 days, 18:38:43, time (data): 0.736 (0.003)] l_pix: -2.2046e+01 
2023-06-13 15:32:53,694 INFO: Validation RestoreNet-test, 		 # psnr: 24.9468	 # ssim: 0.8317
2023-06-13 15:32:53,695 INFO: [Resto..][epoch: 14, iter: 192,000, lr:(5.314e-04,)] m_psnr: 2.4947e+01 m_ssim: 8.3174e-01 
2023-06-13 15:35:20,517 INFO: [Resto..][epoch: 14, iter: 192,200, lr:(5.307e-04,)] [eta: 2 days, 18:24:11, time (data): 0.733 (0.002)] l_pix: -2.5565e+01 
2023-06-13 15:37:47,282 INFO: [Resto..][epoch: 14, iter: 192,400, lr:(5.299e-04,)] [eta: 2 days, 18:07:29, time (data): 0.732 (0.002)] l_pix: -2.2166e+01 
2023-06-13 15:39:15,986 INFO: Validation RestoreNet-test, 		 # psnr: 24.9947	 # ssim: 0.8311
2023-06-13 15:39:15,987 INFO: [Resto..][epoch: 14, iter: 192,500, lr:(5.295e-04,)] m_psnr: 2.4995e+01 m_ssim: 8.3113e-01 
2023-06-13 15:40:29,366 INFO: [Resto..][epoch: 14, iter: 192,600, lr:(5.291e-04,)] [eta: 2 days, 17:53:22, time (data): 0.736 (0.002)] l_pix: -2.3946e+01 
2023-06-13 15:42:56,243 INFO: [Resto..][epoch: 14, iter: 192,800, lr:(5.283e-04,)] [eta: 2 days, 17:37:10, time (data): 0.733 (0.002)] l_pix: -2.1540e+01 
2023-06-13 15:45:22,951 INFO: [Resto..][epoch: 14, iter: 193,000, lr:(5.275e-04,)] [eta: 2 days, 17:21:10, time (data): 0.736 (0.002)] l_pix: -2.6278e+01 
2023-06-13 15:45:38,274 INFO: Validation RestoreNet-test, 		 # psnr: 25.0230	 # ssim: 0.8324
2023-06-13 15:45:38,275 INFO: [Resto..][epoch: 14, iter: 193,000, lr:(5.275e-04,)] m_psnr: 2.5023e+01 m_ssim: 8.3235e-01 
2023-06-13 15:48:04,831 INFO: [Resto..][epoch: 14, iter: 193,200, lr:(5.267e-04,)] [eta: 2 days, 17:07:39, time (data): 0.735 (0.003)] l_pix: -2.2153e+01 
2023-06-13 15:50:31,508 INFO: [Resto..][epoch: 14, iter: 193,400, lr:(5.260e-04,)] [eta: 2 days, 16:52:06, time (data): 0.733 (0.002)] l_pix: -2.9199e+01 
2023-06-13 15:52:00,248 INFO: Validation RestoreNet-test, 		 # psnr: 25.0447	 # ssim: 0.8326
2023-06-13 15:52:00,249 INFO: [Resto..][epoch: 14, iter: 193,500, lr:(5.256e-04,)] m_psnr: 2.5045e+01 m_ssim: 8.3258e-01 
2023-06-13 15:53:13,603 INFO: [Resto..][epoch: 14, iter: 193,600, lr:(5.252e-04,)] [eta: 2 days, 16:39:00, time (data): 0.734 (0.002)] l_pix: -2.2692e+01 
2023-06-13 15:55:40,293 INFO: [Resto..][epoch: 14, iter: 193,800, lr:(5.244e-04,)] [eta: 2 days, 16:23:52, time (data): 0.734 (0.003)] l_pix: -2.3699e+01 
2023-06-13 15:58:07,005 INFO: [Resto..][epoch: 14, iter: 194,000, lr:(5.236e-04,)] [eta: 2 days, 16:08:56, time (data): 0.736 (0.002)] l_pix: -3.1770e+01 
2023-06-13 15:58:22,278 INFO: Validation RestoreNet-test, 		 # psnr: 24.9614	 # ssim: 0.8322
2023-06-13 15:58:22,279 INFO: [Resto..][epoch: 14, iter: 194,000, lr:(5.236e-04,)] m_psnr: 2.4961e+01 m_ssim: 8.3219e-01 
2023-06-13 16:00:49,001 INFO: [Resto..][epoch: 14, iter: 194,200, lr:(5.228e-04,)] [eta: 2 days, 15:56:23, time (data): 0.734 (0.002)] l_pix: -3.0237e+01 
2023-06-13 16:03:15,932 INFO: [Resto..][epoch: 14, iter: 194,400, lr:(5.220e-04,)] [eta: 2 days, 15:41:52, time (data): 0.734 (0.002)] l_pix: -2.4529e+01 
2023-06-13 16:04:44,529 INFO: Validation RestoreNet-test, 		 # psnr: 25.0474	 # ssim: 0.8345
2023-06-13 16:04:44,530 INFO: [Resto..][epoch: 14, iter: 194,500, lr:(5.216e-04,)] m_psnr: 2.5047e+01 m_ssim: 8.3446e-01 
2023-06-13 16:05:57,883 INFO: [Resto..][epoch: 14, iter: 194,600, lr:(5.213e-04,)] [eta: 2 days, 15:29:39, time (data): 0.734 (0.002)] l_pix: -2.6160e+01 
2023-06-13 16:08:24,641 INFO: [Resto..][epoch: 14, iter: 194,800, lr:(5.205e-04,)] [eta: 2 days, 15:15:29, time (data): 0.734 (0.002)] l_pix: -3.0428e+01 
2023-06-13 16:10:51,369 INFO: [Resto..][epoch: 14, iter: 195,000, lr:(5.197e-04,)] [eta: 2 days, 15:01:30, time (data): 0.735 (0.003)] l_pix: -2.5878e+01 
2023-06-13 16:10:51,370 INFO: Saving models and training states.
2023-06-13 16:11:11,149 INFO: Validation RestoreNet-test, 		 # psnr: 24.8412	 # ssim: 0.8283
2023-06-13 16:11:11,150 INFO: [Resto..][epoch: 14, iter: 195,000, lr:(5.197e-04,)] m_psnr: 2.4841e+01 m_ssim: 8.2826e-01 
2023-06-13 16:13:37,999 INFO: [Resto..][epoch: 14, iter: 195,200, lr:(5.189e-04,)] [eta: 2 days, 14:50:24, time (data): 0.733 (0.002)] l_pix: -2.7495e+01 
2023-06-13 16:16:04,691 INFO: [Resto..][epoch: 14, iter: 195,400, lr:(5.181e-04,)] [eta: 2 days, 14:36:45, time (data): 0.732 (0.002)] l_pix: -2.0531e+01 
2023-06-13 16:17:33,257 INFO: Validation RestoreNet-test, 		 # psnr: 24.9948	 # ssim: 0.8327
2023-06-13 16:17:33,258 INFO: [Resto..][epoch: 14, iter: 195,500, lr:(5.177e-04,)] m_psnr: 2.4995e+01 m_ssim: 8.3270e-01 
2023-06-13 16:18:46,607 INFO: [Resto..][epoch: 14, iter: 195,600, lr:(5.173e-04,)] [eta: 2 days, 14:25:18, time (data): 0.732 (0.002)] l_pix: -2.6093e+01 
2023-06-13 16:21:13,296 INFO: [Resto..][epoch: 14, iter: 195,800, lr:(5.165e-04,)] [eta: 2 days, 14:11:59, time (data): 0.731 (0.002)] l_pix: -2.3612e+01 
2023-06-13 16:23:39,928 INFO: [Resto..][epoch: 14, iter: 196,000, lr:(5.158e-04,)] [eta: 2 days, 13:58:50, time (data): 0.731 (0.002)] l_pix: -2.2390e+01 
2023-06-13 16:23:55,230 INFO: Validation RestoreNet-test, 		 # psnr: 24.9121	 # ssim: 0.8312
2023-06-13 16:23:55,231 INFO: [Resto..][epoch: 14, iter: 196,000, lr:(5.158e-04,)] m_psnr: 2.4912e+01 m_ssim: 8.3123e-01 
2023-06-13 16:26:22,040 INFO: [Resto..][epoch: 14, iter: 196,200, lr:(5.150e-04,)] [eta: 2 days, 13:47:50, time (data): 0.734 (0.002)] l_pix: -2.8801e+01 
2023-06-13 16:28:48,609 INFO: [Resto..][epoch: 14, iter: 196,400, lr:(5.142e-04,)] [eta: 2 days, 13:34:59, time (data): 0.734 (0.003)] l_pix: -2.0660e+01 
2023-06-13 16:30:17,202 INFO: Validation RestoreNet-test, 		 # psnr: 24.9151	 # ssim: 0.8313
2023-06-13 16:30:17,202 INFO: [Resto..][epoch: 14, iter: 196,500, lr:(5.138e-04,)] m_psnr: 2.4915e+01 m_ssim: 8.3128e-01 
2023-06-13 16:31:30,483 INFO: [Resto..][epoch: 14, iter: 196,600, lr:(5.134e-04,)] [eta: 2 days, 13:24:13, time (data): 0.731 (0.002)] l_pix: -2.2497e+01 
2023-06-13 16:33:57,156 INFO: [Resto..][epoch: 14, iter: 196,800, lr:(5.126e-04,)] [eta: 2 days, 13:11:40, time (data): 0.732 (0.002)] l_pix: -2.1551e+01 
2023-06-13 16:36:23,812 INFO: [Resto..][epoch: 14, iter: 197,000, lr:(5.118e-04,)] [eta: 2 days, 12:59:16, time (data): 0.733 (0.003)] l_pix: -2.3599e+01 
2023-06-13 16:36:39,084 INFO: Validation RestoreNet-test, 		 # psnr: 24.9340	 # ssim: 0.8316
2023-06-13 16:36:39,084 INFO: [Resto..][epoch: 14, iter: 197,000, lr:(5.118e-04,)] m_psnr: 2.4934e+01 m_ssim: 8.3159e-01 
2023-06-13 16:39:05,752 INFO: [Resto..][epoch: 14, iter: 197,200, lr:(5.110e-04,)] [eta: 2 days, 12:48:54, time (data): 0.736 (0.002)] l_pix: -2.2214e+01 
2023-06-13 16:41:32,290 INFO: [Resto..][epoch: 14, iter: 197,400, lr:(5.103e-04,)] [eta: 2 days, 12:36:45, time (data): 0.731 (0.002)] l_pix: -2.3833e+01 
2023-06-13 16:43:01,042 INFO: Validation RestoreNet-test, 		 # psnr: 24.8613	 # ssim: 0.8308
2023-06-13 16:43:01,043 INFO: [Resto..][epoch: 14, iter: 197,500, lr:(5.099e-04,)] m_psnr: 2.4861e+01 m_ssim: 8.3083e-01 
2023-06-13 16:44:14,348 INFO: [Resto..][epoch: 14, iter: 197,600, lr:(5.095e-04,)] [eta: 2 days, 12:26:39, time (data): 0.735 (0.002)] l_pix: -2.3792e+01 
2023-06-13 16:46:40,933 INFO: [Resto..][epoch: 14, iter: 197,800, lr:(5.087e-04,)] [eta: 2 days, 12:14:46, time (data): 0.734 (0.002)] l_pix: -2.6494e+01 
2023-06-13 16:49:07,408 INFO: [Resto..][epoch: 14, iter: 198,000, lr:(5.079e-04,)] [eta: 2 days, 12:03:00, time (data): 0.731 (0.002)] l_pix: -2.2202e+01 
2023-06-13 16:49:22,649 INFO: Validation RestoreNet-test, 		 # psnr: 24.9326	 # ssim: 0.8306
2023-06-13 16:49:22,650 INFO: [Resto..][epoch: 14, iter: 198,000, lr:(5.079e-04,)] m_psnr: 2.4933e+01 m_ssim: 8.3057e-01 
2023-06-13 16:51:49,575 INFO: [Resto..][epoch: 14, iter: 198,200, lr:(5.071e-04,)] [eta: 2 days, 11:53:15, time (data): 0.731 (0.002)] l_pix: -2.1560e+01 
2023-06-13 16:54:16,290 INFO: [Resto..][epoch: 14, iter: 198,400, lr:(5.063e-04,)] [eta: 2 days, 11:41:46, time (data): 0.732 (0.003)] l_pix: -2.6720e+01 
2023-06-13 16:55:44,925 INFO: Validation RestoreNet-test, 		 # psnr: 25.0569	 # ssim: 0.8327
2023-06-13 16:55:44,926 INFO: [Resto..][epoch: 14, iter: 198,500, lr:(5.059e-04,)] m_psnr: 2.5057e+01 m_ssim: 8.3270e-01 
2023-06-13 16:56:58,271 INFO: [Resto..][epoch: 14, iter: 198,600, lr:(5.056e-04,)] [eta: 2 days, 11:32:12, time (data): 0.732 (0.002)] l_pix: -1.8946e+01 
2023-06-13 16:59:25,031 INFO: [Resto..][epoch: 14, iter: 198,800, lr:(5.048e-04,)] [eta: 2 days, 11:20:58, time (data): 0.736 (0.002)] l_pix: -2.2169e+01 
2023-06-13 17:01:51,868 INFO: [Resto..][epoch: 14, iter: 199,000, lr:(5.040e-04,)] [eta: 2 days, 11:09:51, time (data): 0.731 (0.003)] l_pix: -2.2272e+01 
2023-06-13 17:02:07,175 INFO: Validation RestoreNet-test, 		 # psnr: 24.9983	 # ssim: 0.8331
2023-06-13 17:02:07,175 INFO: [Resto..][epoch: 14, iter: 199,000, lr:(5.040e-04,)] m_psnr: 2.4998e+01 m_ssim: 8.3315e-01 
2023-06-13 17:04:33,648 INFO: [Resto..][epoch: 14, iter: 199,200, lr:(5.032e-04,)] [eta: 2 days, 11:00:34, time (data): 0.733 (0.003)] l_pix: -2.8780e+01 
2023-06-13 17:07:00,185 INFO: [Resto..][epoch: 14, iter: 199,400, lr:(5.024e-04,)] [eta: 2 days, 10:49:39, time (data): 0.734 (0.003)] l_pix: -2.2057e+01 
2023-06-13 17:08:28,674 INFO: Validation RestoreNet-test, 		 # psnr: 24.8368	 # ssim: 0.8278
2023-06-13 17:08:28,675 INFO: [Resto..][epoch: 14, iter: 199,500, lr:(5.020e-04,)] m_psnr: 2.4837e+01 m_ssim: 8.2776e-01 
2023-06-13 17:09:41,933 INFO: [Resto..][epoch: 14, iter: 199,600, lr:(5.016e-04,)] [eta: 2 days, 10:40:33, time (data): 0.734 (0.002)] l_pix: -2.7393e+01 
2023-06-13 17:12:08,552 INFO: [Resto..][epoch: 14, iter: 199,800, lr:(5.008e-04,)] [eta: 2 days, 10:29:51, time (data): 0.731 (0.002)] l_pix: -2.3107e+01 
2023-06-13 17:14:35,159 INFO: [Resto..][epoch: 14, iter: 200,000, lr:(5.001e-04,)] [eta: 2 days, 10:19:16, time (data): 0.731 (0.002)] l_pix: -2.0133e+01 
2023-06-13 17:14:35,160 INFO: Saving models and training states.
2023-06-13 17:14:54,893 INFO: Validation RestoreNet-test, 		 # psnr: 25.0100	 # ssim: 0.8340
2023-06-13 17:14:54,894 INFO: [Resto..][epoch: 14, iter: 200,000, lr:(5.001e-04,)] m_psnr: 2.5010e+01 m_ssim: 8.3400e-01 
2023-06-13 17:17:21,661 INFO: [Resto..][epoch: 15, iter: 200,200, lr:(4.993e-04,)] [eta: 2 days, 10:10:58, time (data): 0.732 (0.003)] l_pix: -2.4074e+01 
2023-06-13 17:19:48,517 INFO: [Resto..][epoch: 15, iter: 200,400, lr:(4.985e-04,)] [eta: 2 days, 10:00:36, time (data): 0.731 (0.002)] l_pix: -2.0265e+01 
2023-06-13 17:21:17,159 INFO: Validation RestoreNet-test, 		 # psnr: 24.9854	 # ssim: 0.8329
2023-06-13 17:21:17,159 INFO: [Resto..][epoch: 15, iter: 200,500, lr:(4.981e-04,)] m_psnr: 2.4985e+01 m_ssim: 8.3286e-01 
2023-06-13 17:22:30,595 INFO: [Resto..][epoch: 15, iter: 200,600, lr:(4.977e-04,)] [eta: 2 days, 9:51:59, time (data): 0.731 (0.002)] l_pix: -2.0426e+01 
2023-06-13 17:24:56,977 INFO: [Resto..][epoch: 15, iter: 200,800, lr:(4.969e-04,)] [eta: 2 days, 9:41:46, time (data): 0.730 (0.002)] l_pix: -1.9556e+01 
2023-06-13 17:27:23,371 INFO: [Resto..][epoch: 15, iter: 201,000, lr:(4.961e-04,)] [eta: 2 days, 9:31:38, time (data): 0.729 (0.002)] l_pix: -2.4566e+01 
2023-06-13 17:27:38,621 INFO: Validation RestoreNet-test, 		 # psnr: 25.0636	 # ssim: 0.8352
2023-06-13 17:27:38,622 INFO: [Resto..][epoch: 15, iter: 201,000, lr:(4.961e-04,)] m_psnr: 2.5064e+01 m_ssim: 8.3524e-01 
2023-06-13 17:30:04,867 INFO: [Resto..][epoch: 15, iter: 201,200, lr:(4.953e-04,)] [eta: 2 days, 9:23:13, time (data): 0.731 (0.003)] l_pix: -2.6562e+01 
2023-06-13 17:32:31,371 INFO: [Resto..][epoch: 15, iter: 201,400, lr:(4.946e-04,)] [eta: 2 days, 9:13:17, time (data): 0.733 (0.003)] l_pix: -2.0913e+01 
2023-06-13 17:33:59,820 INFO: Validation RestoreNet-test, 		 # psnr: 24.9512	 # ssim: 0.8320
2023-06-13 17:33:59,821 INFO: [Resto..][epoch: 15, iter: 201,500, lr:(4.942e-04,)] m_psnr: 2.4951e+01 m_ssim: 8.3199e-01 
2023-06-13 17:35:12,990 INFO: [Resto..][epoch: 15, iter: 201,600, lr:(4.938e-04,)] [eta: 2 days, 9:05:02, time (data): 0.729 (0.002)] l_pix: -2.0781e+01 
2023-06-13 17:37:39,216 INFO: [Resto..][epoch: 15, iter: 201,800, lr:(4.930e-04,)] [eta: 2 days, 8:55:15, time (data): 0.731 (0.002)] l_pix: -2.3914e+01 
2023-06-13 17:40:05,509 INFO: [Resto..][epoch: 15, iter: 202,000, lr:(4.922e-04,)] [eta: 2 days, 8:45:34, time (data): 0.731 (0.002)] l_pix: -1.8709e+01 
2023-06-13 17:40:20,753 INFO: Validation RestoreNet-test, 		 # psnr: 25.0028	 # ssim: 0.8323
2023-06-13 17:40:20,753 INFO: [Resto..][epoch: 15, iter: 202,000, lr:(4.922e-04,)] m_psnr: 2.5003e+01 m_ssim: 8.3231e-01 
2023-06-13 17:42:47,066 INFO: [Resto..][epoch: 15, iter: 202,200, lr:(4.914e-04,)] [eta: 2 days, 8:37:32, time (data): 0.730 (0.002)] l_pix: -2.2399e+01 
2023-06-13 17:45:13,344 INFO: [Resto..][epoch: 15, iter: 202,400, lr:(4.906e-04,)] [eta: 2 days, 8:28:01, time (data): 0.732 (0.002)] l_pix: -2.3598e+01 
2023-06-13 17:46:41,752 INFO: Validation RestoreNet-test, 		 # psnr: 25.0412	 # ssim: 0.8336
2023-06-13 17:46:41,753 INFO: [Resto..][epoch: 15, iter: 202,500, lr:(4.902e-04,)] m_psnr: 2.5041e+01 m_ssim: 8.3362e-01 
2023-06-13 17:47:55,009 INFO: [Resto..][epoch: 15, iter: 202,600, lr:(4.898e-04,)] [eta: 2 days, 8:20:09, time (data): 0.732 (0.002)] l_pix: -2.2260e+01 
2023-06-13 17:50:21,354 INFO: [Resto..][epoch: 15, iter: 202,800, lr:(4.891e-04,)] [eta: 2 days, 8:10:48, time (data): 0.731 (0.002)] l_pix: -2.2989e+01 
2023-06-13 17:52:47,593 INFO: [Resto..][epoch: 15, iter: 203,000, lr:(4.883e-04,)] [eta: 2 days, 8:01:31, time (data): 0.730 (0.002)] l_pix: -2.3227e+01 
2023-06-13 17:53:02,892 INFO: Validation RestoreNet-test, 		 # psnr: 24.9797	 # ssim: 0.8336
2023-06-13 17:53:02,892 INFO: [Resto..][epoch: 15, iter: 203,000, lr:(4.883e-04,)] m_psnr: 2.4980e+01 m_ssim: 8.3364e-01 
2023-06-13 17:55:29,221 INFO: [Resto..][epoch: 15, iter: 203,200, lr:(4.875e-04,)] [eta: 2 days, 7:53:50, time (data): 0.731 (0.003)] l_pix: -2.1752e+01 
2023-06-13 17:57:55,658 INFO: [Resto..][epoch: 15, iter: 203,400, lr:(4.867e-04,)] [eta: 2 days, 7:44:44, time (data): 0.732 (0.002)] l_pix: -2.7369e+01 
2023-06-13 17:59:24,061 INFO: Validation RestoreNet-test, 		 # psnr: 24.9878	 # ssim: 0.8320
2023-06-13 17:59:24,061 INFO: [Resto..][epoch: 15, iter: 203,500, lr:(4.863e-04,)] m_psnr: 2.4988e+01 m_ssim: 8.3200e-01 
2023-06-13 18:00:37,269 INFO: [Resto..][epoch: 15, iter: 203,600, lr:(4.859e-04,)] [eta: 2 days, 7:37:11, time (data): 0.733 (0.002)] l_pix: -2.5529e+01 
2023-06-13 18:03:03,737 INFO: [Resto..][epoch: 15, iter: 203,800, lr:(4.851e-04,)] [eta: 2 days, 7:28:14, time (data): 0.729 (0.002)] l_pix: -2.9587e+01 
2023-06-13 18:05:30,022 INFO: [Resto..][epoch: 15, iter: 204,000, lr:(4.844e-04,)] [eta: 2 days, 7:19:20, time (data): 0.732 (0.002)] l_pix: -2.4598e+01 
2023-06-13 18:05:45,274 INFO: Validation RestoreNet-test, 		 # psnr: 24.9850	 # ssim: 0.8317
2023-06-13 18:05:45,275 INFO: [Resto..][epoch: 15, iter: 204,000, lr:(4.844e-04,)] m_psnr: 2.4985e+01 m_ssim: 8.3167e-01 
2023-06-13 18:08:11,533 INFO: [Resto..][epoch: 15, iter: 204,200, lr:(4.836e-04,)] [eta: 2 days, 7:11:58, time (data): 0.729 (0.002)] l_pix: -2.2214e+01 
2023-06-13 18:10:38,011 INFO: [Resto..][epoch: 15, iter: 204,400, lr:(4.828e-04,)] [eta: 2 days, 7:03:14, time (data): 0.730 (0.002)] l_pix: -1.9306e+01 
2023-06-13 18:12:06,283 INFO: Validation RestoreNet-test, 		 # psnr: 25.0102	 # ssim: 0.8320
2023-06-13 18:12:06,284 INFO: [Resto..][epoch: 15, iter: 204,500, lr:(4.824e-04,)] m_psnr: 2.5010e+01 m_ssim: 8.3205e-01 
2023-06-13 18:13:19,415 INFO: [Resto..][epoch: 15, iter: 204,600, lr:(4.820e-04,)] [eta: 2 days, 6:55:58, time (data): 0.730 (0.003)] l_pix: -2.2396e+01 
2023-06-13 18:15:45,660 INFO: [Resto..][epoch: 15, iter: 204,800, lr:(4.812e-04,)] [eta: 2 days, 6:47:21, time (data): 0.734 (0.002)] l_pix: -2.2314e+01 
2023-06-13 18:18:11,872 INFO: [Resto..][epoch: 15, iter: 205,000, lr:(4.804e-04,)] [eta: 2 days, 6:38:48, time (data): 0.731 (0.002)] l_pix: -2.0808e+01 
2023-06-13 18:18:11,873 INFO: Saving models and training states.
2023-06-13 18:18:33,791 INFO: Validation RestoreNet-test, 		 # psnr: 24.9877	 # ssim: 0.8320
2023-06-13 18:18:33,791 INFO: [Resto..][epoch: 15, iter: 205,000, lr:(4.804e-04,)] m_psnr: 2.4988e+01 m_ssim: 8.3197e-01 
2023-06-13 18:21:00,193 INFO: [Resto..][epoch: 15, iter: 205,200, lr:(4.796e-04,)] [eta: 2 days, 6:32:21, time (data): 0.729 (0.002)] l_pix: -2.2614e+01 
2023-06-13 18:23:26,475 INFO: [Resto..][epoch: 15, iter: 205,400, lr:(4.789e-04,)] [eta: 2 days, 6:23:55, time (data): 0.731 (0.002)] l_pix: -2.0022e+01 
