2023-06-11 23:33:54,915 INFO: 
                ____                _       _____  ____
               / __ ) ____ _ _____ (_)_____/ ___/ / __ \
              / __  |/ __ `// ___// // ___/\__ \ / /_/ /
             / /_/ // /_/ /(__  )/ // /__ ___/ // _, _/
            /_____/ \__,_//____//_/ \___//____//_/ |_|
     ______                   __   __                 __      __
    / ____/____   ____   ____/ /  / /   __  __ _____ / /__   / /
   / / __ / __ \ / __ \ / __  /  / /   / / / // ___// //_/  / /
  / /_/ // /_/ // /_/ // /_/ /  / /___/ /_/ // /__ / /<    /_/
  \____/ \____/ \____/ \____/  /_____/\____/ \___//_/|_|  (_)
    
Version Information: 
	BasicSR: 1.2.0+386ca20
	PyTorch: 2.0.1+cu118
	TorchVision: 0.15.2+cu118
2023-06-11 23:33:54,916 INFO: 
  name: RestoreNet-width64
  model_type: ImageRestorationModel
  scale: 1
  num_gpu: 1
  manual_seed: 10
  datasets:[
    train:[
      name: RestoreNet-train
      type: PairedImageDataset
      dataroot_gt: /content/drive/MyDrive/ground/gt
      dataroot_lq: /content/drive/MyDrive/output_result
      filename_tmpl: {}
      io_backend:[
        type: disk
      ]
      gt_size: 256
      use_flip: True
      use_rot: True
      use_shuffle: True
      num_worker_per_gpu: 2
      batch_size_per_gpu: 2
      dataset_enlarge_ratio: 1
      prefetch_mode: None
      phase: train
      scale: 1
    ]
    val:[
      name: RestoreNet-test
      type: PairedImageDataset
      dataroot_gt: /content/drive/MyDrive/testdataset/gt
      dataroot_lq: /content/drive/MyDrive/testdataset/lq
      io_backend:[
        type: disk
      ]
      phase: val
      scale: 1
    ]
  ]
  network_g:[
    type: RestoreNetLocal
    width_deblur: 64
    enc_blk_nums_deblur: [1, 1, 1, 28]
    middle_blk_num_deblur: 1
    dec_blk_nums_deblur: [1, 1, 1, 1]
    dw_expand_deblur: 2
    ffn_expand_deblur: 2
    width_denoise: 64
    enc_blk_nums_denoise: [2, 2, 4, 8]
    middle_blk_num_denoise: 12
    dec_blk_nums_denoise: [2, 2, 2, 2]
    dw_expand_denoise: 2
    ffn_expand_denoise: 2
  ]
  path:[
    pretrain_network_g: None
    strict_load_g: True
    resume_state: experiments/RestoreNet-width64/training_states/75000.state
    root: /content/drive/MyDrive/NAFNet-main
    experiments_root: /content/drive/MyDrive/NAFNet-main/experiments/RestoreNet-width64
    models: /content/drive/MyDrive/NAFNet-main/experiments/RestoreNet-width64/models
    training_states: /content/drive/MyDrive/NAFNet-main/experiments/RestoreNet-width64/training_states
    log: /content/drive/MyDrive/NAFNet-main/experiments/RestoreNet-width64
    visualization: /content/drive/MyDrive/NAFNet-main/experiments/RestoreNet-width64/visualization
  ]
  train:[
    optim_g:[
      type: AdamW
      lr: 0.001
      weight_decay: 0.001
      betas: [0.9, 0.9]
    ]
    scheduler:[
      type: TrueCosineAnnealingLR
      T_max: 400000
      eta_min: 1e-07
    ]
    total_iter: 400000
    warmup_iter: -1
    pixel_opt:[
      type: PSNRLoss
      loss_weight: 1
      reduction: mean
    ]
  ]
  val:[
    val_freq: 500.0
    save_img: False
    metrics:[
      psnr:[
        type: calculate_psnr
        crop_border: 0
        test_y_channel: False
      ]
      ssim:[
        type: calculate_ssim
        crop_border: 0
        test_y_channel: False
      ]
    ]
  ]
  logger:[
    print_freq: 200
    save_checkpoint_freq: 5000.0
    use_tb_logger: True
    wandb:[
      project: None
      resume_id: None
    ]
  ]
  dist_params:[
    backend: gloo
    port: 4321
  ]
  is_train: True
  dist: True
  rank: 0
  world_size: 1

2023-06-11 23:34:01,261 INFO: Dataset PairedImageDataset - RestoreNet-train is created.
2023-06-11 23:34:01,261 INFO: Training statistics:
	Number of train images: 20000
	Dataset enlarge ratio: 1
	Batch size per gpu: 2
	World size (gpu number): 1
	Require iter number per epoch: 10000
	Total epochs: 40; iters: 400000.
2023-06-11 23:34:02,260 INFO: Dataset PairedImageDataset - RestoreNet-test is created.
2023-06-11 23:34:02,260 INFO: Number of val images/folders in RestoreNet-test: 20
2023-06-11 23:34:02,261 INFO: Set pretrain_network_g to /content/drive/MyDrive/NAFNet-main/experiments/RestoreNet-width64/models/net_g_75000.pth
2023-06-11 23:34:08,333 INFO: Loading RestoreNetLocal model from /content/drive/MyDrive/NAFNet-main/experiments/RestoreNet-width64/models/net_g_75000.pth.
2023-06-11 23:34:36,651 INFO: Model [ImageRestorationModel] is created.
2023-06-11 23:34:36,730 INFO: Resuming training from epoch: 6, iter: 75000.
2023-06-11 23:34:40,852 INFO: Start training from epoch: 6, iter: 75000
2023-06-11 23:40:30,530 INFO: [Resto..][epoch:  6, iter:  75,200, lr:(9.153e-04,)] [eta: 6 days, 14:48:30, time (data): 0.746 (0.001)] l_pix: -2.0444e+01 
2023-06-11 23:46:48,470 INFO: [Resto..][epoch:  6, iter:  75,400, lr:(9.149e-04,)] [eta: 6 days, 20:32:03, time (data): 0.762 (0.001)] l_pix: -2.0725e+01 
2023-06-11 23:50:45,180 INFO: Validation RestoreNet-test, 		 # psnr: 24.6138	 # ssim: 0.8189
2023-06-11 23:50:45,180 INFO: [Resto..][epoch:  6, iter:  75,500, lr:(9.147e-04,)] m_psnr: 2.4614e+01 m_ssim: 8.1893e-01 
2023-06-11 23:54:30,297 INFO: [Resto..][epoch:  6, iter:  75,600, lr:(9.144e-04,)] [eta: 7 days, 10:57:26, time (data): 0.750 (0.001)] l_pix: -2.5309e+01 
2023-06-12 00:00:30,856 INFO: [Resto..][epoch:  6, iter:  75,800, lr:(9.140e-04,)] [eta: 7 days, 6:43:41, time (data): 2.279 (1.550)] l_pix: -2.3335e+01 
2023-06-12 00:06:08,462 INFO: [Resto..][epoch:  6, iter:  76,000, lr:(9.136e-04,)] [eta: 7 days, 2:05:06, time (data): 0.750 (0.001)] l_pix: -2.8926e+01 
2023-06-12 00:06:24,037 INFO: Validation RestoreNet-test, 		 # psnr: 24.5241	 # ssim: 0.8183
2023-06-12 00:06:24,037 INFO: [Resto..][epoch:  6, iter:  76,000, lr:(9.136e-04,)] m_psnr: 2.4524e+01 m_ssim: 8.1826e-01 
2023-06-12 00:12:19,608 INFO: [Resto..][epoch:  6, iter:  76,200, lr:(9.131e-04,)] [eta: 7 days, 1:28:09, time (data): 2.195 (1.466)] l_pix: -1.8342e+01 
2023-06-12 00:18:21,671 INFO: [Resto..][epoch:  6, iter:  76,400, lr:(9.127e-04,)] [eta: 7 days, 0:25:01, time (data): 0.738 (0.000)] l_pix: -2.0178e+01 
2023-06-12 00:21:49,619 INFO: Validation RestoreNet-test, 		 # psnr: 24.5432	 # ssim: 0.8181
2023-06-12 00:21:49,620 INFO: [Resto..][epoch:  6, iter:  76,500, lr:(9.124e-04,)] m_psnr: 2.4543e+01 m_ssim: 8.1810e-01 
2023-06-12 00:25:28,461 INFO: [Resto..][epoch:  6, iter:  76,600, lr:(9.122e-04,)] [eta: 7 days, 3:14:03, time (data): 2.133 (1.400)] l_pix: -2.2608e+01 
2023-06-12 00:32:18,191 INFO: [Resto..][epoch:  6, iter:  76,800, lr:(9.118e-04,)] [eta: 7 days, 4:32:57, time (data): 0.743 (0.001)] l_pix: -2.4569e+01 
2023-06-12 00:39:04,732 INFO: [Resto..][epoch:  6, iter:  77,000, lr:(9.113e-04,)] [eta: 7 days, 5:26:08, time (data): 0.753 (0.001)] l_pix: -2.4257e+01 
2023-06-12 00:39:20,380 INFO: Validation RestoreNet-test, 		 # psnr: 24.5503	 # ssim: 0.8179
2023-06-12 00:39:20,381 INFO: [Resto..][epoch:  6, iter:  77,000, lr:(9.113e-04,)] m_psnr: 2.4550e+01 m_ssim: 8.1785e-01 
2023-06-12 00:45:43,940 INFO: [Resto..][epoch:  6, iter:  77,200, lr:(9.109e-04,)] [eta: 7 days, 5:50:29, time (data): 2.876 (2.056)] l_pix: -2.2551e+01 
2023-06-12 00:52:51,382 INFO: [Resto..][epoch:  6, iter:  77,400, lr:(9.104e-04,)] [eta: 7 days, 7:12:54, time (data): 0.732 (0.001)] l_pix: -2.1621e+01 
2023-06-12 00:56:46,958 INFO: Validation RestoreNet-test, 		 # psnr: 24.5297	 # ssim: 0.8210
2023-06-12 00:56:46,959 INFO: [Resto..][epoch:  6, iter:  77,500, lr:(9.102e-04,)] m_psnr: 2.4530e+01 m_ssim: 8.2098e-01 
2023-06-12 00:59:53,552 INFO: [Resto..][epoch:  6, iter:  77,600, lr:(9.100e-04,)] [eta: 7 days, 8:10:39, time (data): 2.690 (1.887)] l_pix: -2.1444e+01 
2023-06-12 01:07:01,858 INFO: [Resto..][epoch:  6, iter:  77,800, lr:(9.095e-04,)] [eta: 7 days, 9:10:55, time (data): 2.131 (1.381)] l_pix: -2.1391e+01 
2023-06-12 01:14:36,027 INFO: [Resto..][epoch:  6, iter:  78,000, lr:(9.091e-04,)] [eta: 7 days, 10:48:27, time (data): 2.330 (1.584)] l_pix: -2.3891e+01 
2023-06-12 01:14:51,678 INFO: Validation RestoreNet-test, 		 # psnr: 24.5995	 # ssim: 0.8218
2023-06-12 01:14:51,679 INFO: [Resto..][epoch:  6, iter:  78,000, lr:(9.091e-04,)] m_psnr: 2.4600e+01 m_ssim: 8.2178e-01 
2023-06-12 01:20:52,975 INFO: [Resto..][epoch:  6, iter:  78,200, lr:(9.086e-04,)] [eta: 7 days, 10:03:28, time (data): 4.194 (3.407)] l_pix: -2.4630e+01 
2023-06-12 01:28:11,476 INFO: [Resto..][epoch:  6, iter:  78,400, lr:(9.082e-04,)] [eta: 7 days, 11:00:03, time (data): 2.392 (1.644)] l_pix: -2.1846e+01 
2023-06-12 01:32:27,466 INFO: Validation RestoreNet-test, 		 # psnr: 24.5682	 # ssim: 0.8168
2023-06-12 01:32:27,467 INFO: [Resto..][epoch:  6, iter:  78,500, lr:(9.080e-04,)] m_psnr: 2.4568e+01 m_ssim: 8.1679e-01 
2023-06-12 01:35:47,787 INFO: [Resto..][epoch:  6, iter:  78,600, lr:(9.077e-04,)] [eta: 7 days, 12:16:01, time (data): 0.754 (0.001)] l_pix: -2.2943e+01 
2023-06-12 01:42:24,662 INFO: [Resto..][epoch:  6, iter:  78,800, lr:(9.073e-04,)] [eta: 7 days, 11:59:29, time (data): 0.732 (0.001)] l_pix: -2.4438e+01 
2023-06-12 01:49:30,022 INFO: [Resto..][epoch:  6, iter:  79,000, lr:(9.068e-04,)] [eta: 7 days, 12:22:02, time (data): 2.226 (1.472)] l_pix: -2.0247e+01 
2023-06-12 01:49:45,794 INFO: Validation RestoreNet-test, 		 # psnr: 24.6197	 # ssim: 0.8202
2023-06-12 01:49:45,795 INFO: [Resto..][epoch:  6, iter:  79,000, lr:(9.068e-04,)] m_psnr: 2.4620e+01 m_ssim: 8.2020e-01 
2023-06-12 01:57:52,668 INFO: [Resto..][epoch:  6, iter:  79,200, lr:(9.064e-04,)] [eta: 7 days, 14:20:07, time (data): 0.739 (0.001)] l_pix: -2.0173e+01 
2023-06-12 02:06:27,051 INFO: [Resto..][epoch:  6, iter:  79,400, lr:(9.059e-04,)] [eta: 7 days, 16:20:58, time (data): 2.485 (1.741)] l_pix: -2.5128e+01 
2023-06-12 02:10:42,481 INFO: Validation RestoreNet-test, 		 # psnr: 24.5814	 # ssim: 0.8188
2023-06-12 02:10:42,481 INFO: [Resto..][epoch:  6, iter:  79,500, lr:(9.057e-04,)] m_psnr: 2.4581e+01 m_ssim: 8.1884e-01 
2023-06-12 02:14:13,449 INFO: [Resto..][epoch:  6, iter:  79,600, lr:(9.054e-04,)] [eta: 7 days, 17:14:52, time (data): 0.735 (0.001)] l_pix: -2.7762e+01 
2023-06-12 02:21:37,259 INFO: [Resto..][epoch:  6, iter:  79,800, lr:(9.050e-04,)] [eta: 7 days, 17:38:31, time (data): 0.746 (0.001)] l_pix: -2.4221e+01 
2023-06-12 02:29:03,814 INFO: [Resto..][epoch:  6, iter:  80,000, lr:(9.045e-04,)] [eta: 7 days, 18:02:37, time (data): 0.727 (0.001)] l_pix: -2.2545e+01 
2023-06-12 02:29:03,814 INFO: Saving models and training states.
2023-06-12 02:29:23,989 INFO: Validation RestoreNet-test, 		 # psnr: 24.5594	 # ssim: 0.8198
2023-06-12 02:29:23,990 INFO: [Resto..][epoch:  6, iter:  80,000, lr:(9.045e-04,)] m_psnr: 2.4559e+01 m_ssim: 8.1982e-01 
2023-06-12 02:36:02,018 INFO: [Resto..][epoch:  6, iter:  80,200, lr:(9.041e-04,)] [eta: 7 days, 17:55:14, time (data): 2.294 (1.537)] l_pix: -2.4738e+01 
2023-06-12 02:41:55,671 INFO: [Resto..][epoch:  6, iter:  80,400, lr:(9.036e-04,)] [eta: 7 days, 16:44:13, time (data): 2.086 (1.348)] l_pix: -2.0105e+01 
2023-06-12 02:44:55,374 INFO: Validation RestoreNet-test, 		 # psnr: 24.5227	 # ssim: 0.8167
2023-06-12 02:44:55,374 INFO: [Resto..][epoch:  6, iter:  80,500, lr:(9.034e-04,)] m_psnr: 2.4523e+01 m_ssim: 8.1669e-01 
2023-06-12 02:48:07,294 INFO: [Resto..][epoch:  6, iter:  80,600, lr:(9.031e-04,)] [eta: 7 days, 15:54:56, time (data): 2.256 (1.527)] l_pix: -2.1875e+01 
2023-06-12 02:54:21,949 INFO: [Resto..][epoch:  6, iter:  80,800, lr:(9.027e-04,)] [eta: 7 days, 15:11:24, time (data): 0.735 (0.001)] l_pix: -2.2661e+01 
2023-06-12 03:01:01,727 INFO: [Resto..][epoch:  6, iter:  81,000, lr:(9.022e-04,)] [eta: 7 days, 14:52:37, time (data): 2.488 (1.753)] l_pix: -2.4658e+01 
2023-06-12 03:01:17,244 INFO: Validation RestoreNet-test, 		 # psnr: 24.6280	 # ssim: 0.8204
2023-06-12 03:01:17,244 INFO: [Resto..][epoch:  6, iter:  81,000, lr:(9.022e-04,)] m_psnr: 2.4628e+01 m_ssim: 8.2039e-01 
2023-06-12 03:07:44,348 INFO: [Resto..][epoch:  6, iter:  81,200, lr:(9.017e-04,)] [eta: 7 days, 14:37:02, time (data): 2.326 (1.583)] l_pix: -2.1036e+01 
2023-06-12 03:14:22,324 INFO: [Resto..][epoch:  6, iter:  81,400, lr:(9.013e-04,)] [eta: 7 days, 14:18:10, time (data): 0.748 (0.001)] l_pix: -2.0358e+01 
2023-06-12 03:17:30,213 INFO: Validation RestoreNet-test, 		 # psnr: 24.6050	 # ssim: 0.8202
2023-06-12 03:17:30,214 INFO: [Resto..][epoch:  6, iter:  81,500, lr:(9.010e-04,)] m_psnr: 2.4605e+01 m_ssim: 8.2025e-01 
2023-06-12 03:21:26,064 INFO: [Resto..][epoch:  6, iter:  81,600, lr:(9.008e-04,)] [eta: 7 days, 14:20:45, time (data): 2.499 (1.755)] l_pix: -1.9988e+01 
2023-06-12 03:27:43,869 INFO: [Resto..][epoch:  6, iter:  81,800, lr:(9.003e-04,)] [eta: 7 days, 13:46:57, time (data): 2.765 (1.979)] l_pix: -1.7117e+01 
2023-06-12 03:33:42,832 INFO: [Resto..][epoch:  6, iter:  82,000, lr:(8.999e-04,)] [eta: 7 days, 13:00:27, time (data): 2.682 (1.879)] l_pix: -1.9495e+01 
2023-06-12 03:33:58,356 INFO: Validation RestoreNet-test, 		 # psnr: 24.5327	 # ssim: 0.8179
2023-06-12 03:33:58,357 INFO: [Resto..][epoch:  6, iter:  82,000, lr:(8.999e-04,)] m_psnr: 2.4533e+01 m_ssim: 8.1787e-01 
2023-06-12 03:39:19,352 INFO: [Resto..][epoch:  6, iter:  82,200, lr:(8.994e-04,)] [eta: 7 days, 11:59:42, time (data): 0.760 (0.001)] l_pix: -2.3707e+01 
2023-06-12 03:44:47,365 INFO: [Resto..][epoch:  6, iter:  82,400, lr:(8.989e-04,)] [eta: 7 days, 10:55:51, time (data): 3.046 (2.258)] l_pix: -2.4428e+01 
2023-06-12 03:47:51,137 INFO: Validation RestoreNet-test, 		 # psnr: 24.5606	 # ssim: 0.8190
2023-06-12 03:47:51,138 INFO: [Resto..][epoch:  6, iter:  82,500, lr:(8.987e-04,)] m_psnr: 2.4561e+01 m_ssim: 8.1903e-01 
2023-06-12 03:50:26,042 INFO: [Resto..][epoch:  6, iter:  82,600, lr:(8.984e-04,)] [eta: 7 days, 10:02:29, time (data): 0.762 (0.001)] l_pix: -2.3263e+01 
2023-06-12 03:55:38,680 INFO: [Resto..][epoch:  6, iter:  82,800, lr:(8.980e-04,)] [eta: 7 days, 8:53:55, time (data): 0.743 (0.001)] l_pix: -1.6080e+01 
2023-06-12 04:00:33,144 INFO: [Resto..][epoch:  6, iter:  83,000, lr:(8.975e-04,)] [eta: 7 days, 7:36:31, time (data): 0.741 (0.001)] l_pix: -2.5699e+01 
2023-06-12 04:00:48,627 INFO: Validation RestoreNet-test, 		 # psnr: 24.5200	 # ssim: 0.8166
2023-06-12 04:00:48,627 INFO: [Resto..][epoch:  6, iter:  83,000, lr:(8.975e-04,)] m_psnr: 2.4520e+01 m_ssim: 8.1662e-01 
2023-06-12 04:05:38,230 INFO: [Resto..][epoch:  6, iter:  83,200, lr:(8.970e-04,)] [eta: 7 days, 6:29:30, time (data): 0.736 (0.001)] l_pix: -2.5093e+01 
2023-06-12 04:10:33,854 INFO: [Resto..][epoch:  6, iter:  83,400, lr:(8.965e-04,)] [eta: 7 days, 5:19:29, time (data): 1.582 (0.849)] l_pix: -2.3460e+01 
2023-06-12 04:13:16,290 INFO: Validation RestoreNet-test, 		 # psnr: 24.6035	 # ssim: 0.8194
2023-06-12 04:13:16,291 INFO: [Resto..][epoch:  6, iter:  83,500, lr:(8.963e-04,)] m_psnr: 2.4604e+01 m_ssim: 8.1936e-01 
2023-06-12 04:15:45,494 INFO: [Resto..][epoch:  6, iter:  83,600, lr:(8.961e-04,)] [eta: 7 days, 4:22:19, time (data): 2.103 (1.368)] l_pix: -2.0112e+01 
2023-06-12 04:20:46,014 INFO: [Resto..][epoch:  6, iter:  83,800, lr:(8.956e-04,)] [eta: 7 days, 3:20:51, time (data): 2.379 (1.642)] l_pix: -1.9246e+01 
2023-06-12 04:25:36,734 INFO: [Resto..][epoch:  6, iter:  84,000, lr:(8.951e-04,)] [eta: 7 days, 2:16:10, time (data): 2.683 (1.890)] l_pix: -2.2263e+01 
2023-06-12 04:25:52,236 INFO: Validation RestoreNet-test, 		 # psnr: 24.6471	 # ssim: 0.8188
2023-06-12 04:25:52,236 INFO: [Resto..][epoch:  6, iter:  84,000, lr:(8.951e-04,)] m_psnr: 2.4647e+01 m_ssim: 8.1884e-01 
2023-06-12 04:30:39,113 INFO: [Resto..][epoch:  6, iter:  84,200, lr:(8.946e-04,)] [eta: 7 days, 1:20:44, time (data): 0.898 (0.161)] l_pix: -2.3558e+01 
2023-06-12 04:35:23,973 INFO: [Resto..][epoch:  6, iter:  84,400, lr:(8.941e-04,)] [eta: 7 days, 0:17:40, time (data): 1.654 (0.918)] l_pix: -2.7767e+01 
2023-06-12 04:38:03,813 INFO: Validation RestoreNet-test, 		 # psnr: 24.5814	 # ssim: 0.8196
2023-06-12 04:38:03,814 INFO: [Resto..][epoch:  6, iter:  84,500, lr:(8.939e-04,)] m_psnr: 2.4581e+01 m_ssim: 8.1963e-01 
2023-06-12 04:40:31,959 INFO: [Resto..][epoch:  6, iter:  84,600, lr:(8.936e-04,)] [eta: 6 days, 23:29:41, time (data): 2.097 (1.358)] l_pix: -2.3400e+01 
2023-06-12 04:45:22,549 INFO: [Resto..][epoch:  6, iter:  84,800, lr:(8.932e-04,)] [eta: 6 days, 22:34:07, time (data): 2.050 (1.319)] l_pix: -2.5480e+01 
2023-06-12 04:50:27,810 INFO: [Resto..][epoch:  6, iter:  85,000, lr:(8.927e-04,)] [eta: 6 days, 21:48:17, time (data): 1.936 (1.202)] l_pix: -2.4670e+01 
2023-06-12 04:50:27,811 INFO: Saving models and training states.
2023-06-12 04:50:47,826 INFO: Validation RestoreNet-test, 		 # psnr: 24.7906	 # ssim: 0.8249
2023-06-12 04:50:47,827 INFO: [Resto..][epoch:  6, iter:  85,000, lr:(8.927e-04,)] m_psnr: 2.4791e+01 m_ssim: 8.2490e-01 
