2023-06-11 07:41:58,830 INFO: 
                ____                _       _____  ____
               / __ ) ____ _ _____ (_)_____/ ___/ / __ \
              / __  |/ __ `// ___// // ___/\__ \ / /_/ /
             / /_/ // /_/ /(__  )/ // /__ ___/ // _, _/
            /_____/ \__,_//____//_/ \___//____//_/ |_|
     ______                   __   __                 __      __
    / ____/____   ____   ____/ /  / /   __  __ _____ / /__   / /
   / / __ / __ \ / __ \ / __  /  / /   / / / // ___// //_/  / /
  / /_/ // /_/ // /_/ // /_/ /  / /___/ /_/ // /__ / /<    /_/
  \____/ \____/ \____/ \____/  /_____/\____/ \___//_/|_|  (_)
    
Version Information: 
	BasicSR: 1.2.0+386ca20
	PyTorch: 2.0.1+cu118
	TorchVision: 0.15.2+cu118
2023-06-11 07:41:58,831 INFO: 
  name: RestoreNet-width64
  model_type: ImageRestorationModel
  scale: 1
  num_gpu: 1
  manual_seed: 10
  datasets:[
    train:[
      name: RestoreNet-train
      type: PairedImageDataset
      dataroot_gt: /content/drive/MyDrive/ground/gt
      dataroot_lq: /content/drive/MyDrive/output_result
      filename_tmpl: {}
      io_backend:[
        type: disk
      ]
      gt_size: 256
      use_flip: True
      use_rot: True
      use_shuffle: True
      num_worker_per_gpu: 2
      batch_size_per_gpu: 2
      dataset_enlarge_ratio: 1
      prefetch_mode: None
      phase: train
      scale: 1
    ]
    val:[
      name: RestoreNet-test
      type: PairedImageDataset
      dataroot_gt: /content/drive/MyDrive/testdataset/gt
      dataroot_lq: /content/drive/MyDrive/testdataset/lq
      io_backend:[
        type: disk
      ]
      phase: val
      scale: 1
    ]
  ]
  network_g:[
    type: RestoreNetLocal
    width_deblur: 64
    enc_blk_nums_deblur: [1, 1, 1, 28]
    middle_blk_num_deblur: 1
    dec_blk_nums_deblur: [1, 1, 1, 1]
    dw_expand_deblur: 2
    ffn_expand_deblur: 2
    width_denoise: 64
    enc_blk_nums_denoise: [2, 2, 4, 8]
    middle_blk_num_denoise: 12
    dec_blk_nums_denoise: [2, 2, 2, 2]
    dw_expand_denoise: 2
    ffn_expand_denoise: 2
  ]
  path:[
    pretrain_network_g: None
    strict_load_g: True
    resume_state: experiments/RestoreNet-width64/training_states/35000.state
    root: /content/drive/MyDrive/NAFNet-main
    experiments_root: /content/drive/MyDrive/NAFNet-main/experiments/RestoreNet-width64
    models: /content/drive/MyDrive/NAFNet-main/experiments/RestoreNet-width64/models
    training_states: /content/drive/MyDrive/NAFNet-main/experiments/RestoreNet-width64/training_states
    log: /content/drive/MyDrive/NAFNet-main/experiments/RestoreNet-width64
    visualization: /content/drive/MyDrive/NAFNet-main/experiments/RestoreNet-width64/visualization
  ]
  train:[
    optim_g:[
      type: AdamW
      lr: 0.001
      weight_decay: 0.001
      betas: [0.9, 0.9]
    ]
    scheduler:[
      type: TrueCosineAnnealingLR
      T_max: 400000
      eta_min: 1e-07
    ]
    total_iter: 400000
    warmup_iter: -1
    pixel_opt:[
      type: PSNRLoss
      loss_weight: 1
      reduction: mean
    ]
  ]
  val:[
    val_freq: 500.0
    save_img: False
    metrics:[
      psnr:[
        type: calculate_psnr
        crop_border: 0
        test_y_channel: False
      ]
      ssim:[
        type: calculate_ssim
        crop_border: 0
        test_y_channel: False
      ]
    ]
  ]
  logger:[
    print_freq: 200
    save_checkpoint_freq: 5000.0
    use_tb_logger: True
    wandb:[
      project: None
      resume_id: None
    ]
  ]
  dist_params:[
    backend: gloo
    port: 4321
  ]
  is_train: True
  dist: True
  rank: 0
  world_size: 1

2023-06-11 07:42:05,856 INFO: Dataset PairedImageDataset - RestoreNet-train is created.
2023-06-11 07:42:05,857 INFO: Training statistics:
	Number of train images: 20000
	Dataset enlarge ratio: 1
	Batch size per gpu: 2
	World size (gpu number): 1
	Require iter number per epoch: 10000
	Total epochs: 40; iters: 400000.
2023-06-11 07:42:06,915 INFO: Dataset PairedImageDataset - RestoreNet-test is created.
2023-06-11 07:42:06,915 INFO: Number of val images/folders in RestoreNet-test: 20
2023-06-11 07:42:06,915 INFO: Set pretrain_network_g to /content/drive/MyDrive/NAFNet-main/experiments/RestoreNet-width64/models/net_g_35000.pth
2023-06-11 07:42:13,881 INFO: Loading RestoreNetLocal model from /content/drive/MyDrive/NAFNet-main/experiments/RestoreNet-width64/models/net_g_35000.pth.
2023-06-11 07:42:52,830 INFO: Model [ImageRestorationModel] is created.
2023-06-11 07:42:52,918 INFO: Resuming training from epoch: 3, iter: 35000.
2023-06-11 07:42:57,296 INFO: Start training from epoch: 3, iter: 35000
2023-06-11 07:51:49,462 INFO: [Resto..][epoch:  3, iter:  35,200, lr:(9.810e-04,)] [eta: 11 days, 6:29:44, time (data): 0.722 (0.001)] l_pix: -2.3780e+01 
2023-06-11 08:00:19,983 INFO: [Resto..][epoch:  3, iter:  35,400, lr:(9.808e-04,)] [eta: 11 days, 0:26:57, time (data): 0.722 (0.001)] l_pix: -2.2703e+01 
2023-06-11 08:05:18,852 INFO: Validation RestoreNet-test, 		 # psnr: 23.7073	 # ssim: 0.7935
2023-06-11 08:05:18,853 INFO: [Resto..][epoch:  3, iter:  35,500, lr:(9.807e-04,)] m_psnr: 2.3707e+01 m_ssim: 7.9350e-01 
2023-06-11 08:09:11,381 INFO: [Resto..][epoch:  3, iter:  35,600, lr:(9.806e-04,)] [eta: 11 days, 1:50:55, time (data): 2.709 (1.910)] l_pix: -1.4278e+01 
2023-06-11 08:16:53,209 INFO: [Resto..][epoch:  3, iter:  35,800, lr:(9.804e-04,)] [eta: 10 days, 17:41:20, time (data): 0.718 (0.001)] l_pix: -2.2404e+01 
2023-06-11 08:24:00,217 INFO: [Resto..][epoch:  3, iter:  36,000, lr:(9.801e-04,)] [eta: 10 days, 9:13:17, time (data): 0.735 (0.001)] l_pix: -1.8703e+01 
2023-06-11 08:24:15,415 INFO: Validation RestoreNet-test, 		 # psnr: 23.8336	 # ssim: 0.7955
2023-06-11 08:24:15,416 INFO: [Resto..][epoch:  3, iter:  36,000, lr:(9.801e-04,)] m_psnr: 2.3834e+01 m_ssim: 7.9545e-01 
2023-06-11 08:33:04,783 INFO: [Resto..][epoch:  3, iter:  36,200, lr:(9.799e-04,)] [eta: 10 days, 13:25:34, time (data): 14.559 (13.778)] l_pix: -1.8562e+01 
2023-06-11 08:42:21,545 INFO: [Resto..][epoch:  3, iter:  36,400, lr:(9.797e-04,)] [eta: 10 days, 17:15:59, time (data): 2.663 (1.863)] l_pix: -2.1107e+01 
2023-06-11 08:46:07,456 INFO: Validation RestoreNet-test, 		 # psnr: 23.8529	 # ssim: 0.7979
2023-06-11 08:46:07,497 INFO: [Resto..][epoch:  3, iter:  36,500, lr:(9.796e-04,)] m_psnr: 2.3853e+01 m_ssim: 7.9786e-01 
2023-06-11 08:50:15,224 INFO: [Resto..][epoch:  3, iter:  36,600, lr:(9.795e-04,)] [eta: 10 days, 14:52:12, time (data): 20.226 (19.431)] l_pix: -1.4846e+01 
2023-06-11 08:58:28,184 INFO: [Resto..][epoch:  3, iter:  36,800, lr:(9.793e-04,)] [eta: 10 days, 14:03:25, time (data): 2.660 (1.863)] l_pix: -2.1545e+01 
2023-06-11 09:07:57,555 INFO: [Resto..][epoch:  3, iter:  37,000, lr:(9.790e-04,)] [eta: 10 days, 17:13:46, time (data): 2.206 (1.490)] l_pix: -2.2393e+01 
2023-06-11 09:08:12,757 INFO: Validation RestoreNet-test, 		 # psnr: 24.0078	 # ssim: 0.7991
2023-06-11 09:08:12,758 INFO: [Resto..][epoch:  3, iter:  37,000, lr:(9.790e-04,)] m_psnr: 2.4008e+01 m_ssim: 7.9914e-01 
2023-06-11 09:15:03,525 INFO: [Resto..][epoch:  3, iter:  37,200, lr:(9.788e-04,)] [eta: 10 days, 13:13:50, time (data): 0.724 (0.001)] l_pix: -1.6675e+01 
2023-06-11 09:23:03,379 INFO: [Resto..][epoch:  3, iter:  37,400, lr:(9.786e-04,)] [eta: 10 days, 12:08:19, time (data): 0.732 (0.002)] l_pix: -2.2357e+01 
2023-06-11 09:27:24,213 INFO: Validation RestoreNet-test, 		 # psnr: 24.0160	 # ssim: 0.8005
2023-06-11 09:27:24,214 INFO: [Resto..][epoch:  3, iter:  37,500, lr:(9.785e-04,)] m_psnr: 2.4016e+01 m_ssim: 8.0049e-01 
2023-06-11 09:31:31,967 INFO: [Resto..][epoch:  3, iter:  37,600, lr:(9.784e-04,)] [eta: 10 days, 12:18:23, time (data): 0.732 (0.001)] l_pix: -2.1962e+01 
2023-06-11 09:40:14,441 INFO: [Resto..][epoch:  3, iter:  37,800, lr:(9.781e-04,)] [eta: 10 days, 12:55:43, time (data): 0.729 (0.001)] l_pix: -1.7787e+01 
2023-06-11 09:49:10,328 INFO: [Resto..][epoch:  3, iter:  38,000, lr:(9.779e-04,)] [eta: 10 days, 13:53:53, time (data): 2.418 (1.694)] l_pix: -1.9659e+01 
2023-06-11 09:49:25,575 INFO: Validation RestoreNet-test, 		 # psnr: 23.8850	 # ssim: 0.7950
2023-06-11 09:49:25,576 INFO: [Resto..][epoch:  3, iter:  38,000, lr:(9.779e-04,)] m_psnr: 2.3885e+01 m_ssim: 7.9495e-01 
2023-06-11 09:57:28,248 INFO: [Resto..][epoch:  3, iter:  38,200, lr:(9.777e-04,)] [eta: 10 days, 13:32:09, time (data): 0.730 (0.001)] l_pix: -1.9878e+01 
2023-06-11 10:04:35,761 INFO: [Resto..][epoch:  3, iter:  38,400, lr:(9.774e-04,)] [eta: 10 days, 11:07:13, time (data): 2.356 (1.643)] l_pix: -2.5084e+01 
2023-06-11 10:08:25,755 INFO: Validation RestoreNet-test, 		 # psnr: 24.0682	 # ssim: 0.8034
2023-06-11 10:08:25,755 INFO: [Resto..][epoch:  3, iter:  38,500, lr:(9.773e-04,)] m_psnr: 2.4068e+01 m_ssim: 8.0343e-01 
2023-06-11 10:12:54,024 INFO: [Resto..][epoch:  3, iter:  38,600, lr:(9.772e-04,)] [eta: 10 days, 10:55:57, time (data): 0.758 (0.001)] l_pix: -2.2091e+01 
2023-06-11 10:20:11,991 INFO: [Resto..][epoch:  3, iter:  38,800, lr:(9.770e-04,)] [eta: 10 days, 9:09:30, time (data): 2.884 (2.092)] l_pix: -1.9456e+01 
2023-06-11 10:28:03,756 INFO: [Resto..][epoch:  3, iter:  39,000, lr:(9.767e-04,)] [eta: 10 days, 8:23:47, time (data): 0.727 (0.001)] l_pix: -1.7424e+01 
2023-06-11 10:28:18,864 INFO: Validation RestoreNet-test, 		 # psnr: 24.0011	 # ssim: 0.8056
2023-06-11 10:28:18,864 INFO: [Resto..][epoch:  3, iter:  39,000, lr:(9.767e-04,)] m_psnr: 2.4001e+01 m_ssim: 8.0558e-01 
2023-06-11 10:35:51,836 INFO: [Resto..][epoch:  3, iter:  39,200, lr:(9.765e-04,)] [eta: 10 days, 7:36:23, time (data): 2.842 (2.071)] l_pix: -2.1695e+01 
2023-06-11 10:43:55,270 INFO: [Resto..][epoch:  3, iter:  39,400, lr:(9.763e-04,)] [eta: 10 days, 7:13:34, time (data): 0.731 (0.001)] l_pix: -2.6097e+01 
2023-06-11 10:48:08,385 INFO: Validation RestoreNet-test, 		 # psnr: 23.9710	 # ssim: 0.8053
2023-06-11 10:48:08,386 INFO: [Resto..][epoch:  3, iter:  39,500, lr:(9.761e-04,)] m_psnr: 2.3971e+01 m_ssim: 8.0529e-01 
2023-06-11 10:52:01,278 INFO: [Resto..][epoch:  3, iter:  39,600, lr:(9.760e-04,)] [eta: 10 days, 6:55:23, time (data): 0.732 (0.001)] l_pix: -1.9930e+01 
2023-06-11 10:59:20,597 INFO: [Resto..][epoch:  3, iter:  39,800, lr:(9.758e-04,)] [eta: 10 days, 5:39:40, time (data): 1.232 (0.505)] l_pix: -2.1399e+01 
2023-06-11 11:06:57,738 INFO: [Resto..][epoch:  3, iter:  40,000, lr:(9.755e-04,)] [eta: 10 days, 4:50:48, time (data): 0.731 (0.001)] l_pix: -2.1927e+01 
2023-06-11 11:06:57,739 INFO: Saving models and training states.
2023-06-11 11:07:17,999 INFO: Validation RestoreNet-test, 		 # psnr: 24.0532	 # ssim: 0.8062
2023-06-11 11:07:17,999 INFO: [Resto..][epoch:  3, iter:  40,000, lr:(9.755e-04,)] m_psnr: 2.4053e+01 m_ssim: 8.0625e-01 
