2023-06-16 13:39:00,369 INFO: 
                ____                _       _____  ____
               / __ ) ____ _ _____ (_)_____/ ___/ / __ \
              / __  |/ __ `// ___// // ___/\__ \ / /_/ /
             / /_/ // /_/ /(__  )/ // /__ ___/ // _, _/
            /_____/ \__,_//____//_/ \___//____//_/ |_|
     ______                   __   __                 __      __
    / ____/____   ____   ____/ /  / /   __  __ _____ / /__   / /
   / / __ / __ \ / __ \ / __  /  / /   / / / // ___// //_/  / /
  / /_/ // /_/ // /_/ // /_/ /  / /___/ /_/ // /__ / /<    /_/
  \____/ \____/ \____/ \____/  /_____/\____/ \___//_/|_|  (_)
    
Version Information: 
	BasicSR: 1.2.0+386ca20
	PyTorch: 2.0.1+cu118
	TorchVision: 0.15.2+cu118
2023-06-16 13:39:00,370 INFO: 
  name: RestoreNet-width64
  model_type: ImageRestorationModel
  scale: 1
  num_gpu: 1
  manual_seed: 10
  datasets:[
    train:[
      name: RestoreNet-train
      type: PairedImageDataset
      dataroot_gt: /content/drive/MyDrive/ground/gt
      dataroot_lq: /content/drive/MyDrive/output_result
      filename_tmpl: {}
      io_backend:[
        type: disk
      ]
      gt_size: 256
      use_flip: True
      use_rot: True
      use_shuffle: True
      num_worker_per_gpu: 2
      batch_size_per_gpu: 2
      dataset_enlarge_ratio: 1
      prefetch_mode: None
      phase: train
      scale: 1
    ]
    val:[
      name: RestoreNet-test
      type: PairedImageDataset
      dataroot_gt: /content/drive/MyDrive/testdataset/gt
      dataroot_lq: /content/drive/MyDrive/testdataset/lq
      io_backend:[
        type: disk
      ]
      phase: val
      scale: 1
    ]
  ]
  network_g:[
    type: RestoreNetLocal
    width_deblur: 64
    enc_blk_nums_deblur: [1, 1, 1, 28]
    middle_blk_num_deblur: 1
    dec_blk_nums_deblur: [1, 1, 1, 1]
    dw_expand_deblur: 2
    ffn_expand_deblur: 2
    width_denoise: 64
    enc_blk_nums_denoise: [2, 2, 4, 8]
    middle_blk_num_denoise: 12
    dec_blk_nums_denoise: [2, 2, 2, 2]
    dw_expand_denoise: 2
    ffn_expand_denoise: 2
  ]
  path:[
    pretrain_network_g: None
    strict_load_g: True
    resume_state: experiments/RestoreNet-width64/training_states/335000.state
    root: /content/drive/MyDrive/NAFNet-main
    experiments_root: /content/drive/MyDrive/NAFNet-main/experiments/RestoreNet-width64
    models: /content/drive/MyDrive/NAFNet-main/experiments/RestoreNet-width64/models
    training_states: /content/drive/MyDrive/NAFNet-main/experiments/RestoreNet-width64/training_states
    log: /content/drive/MyDrive/NAFNet-main/experiments/RestoreNet-width64
    visualization: /content/drive/MyDrive/NAFNet-main/experiments/RestoreNet-width64/visualization
  ]
  train:[
    optim_g:[
      type: AdamW
      lr: 0.001
      weight_decay: 0.001
      betas: [0.9, 0.9]
    ]
    scheduler:[
      type: TrueCosineAnnealingLR
      T_max: 400000
      eta_min: 1e-07
    ]
    total_iter: 400000
    warmup_iter: -1
    pixel_opt:[
      type: PSNRLoss
      loss_weight: 1
      reduction: mean
    ]
  ]
  val:[
    val_freq: 500.0
    save_img: False
    metrics:[
      psnr:[
        type: calculate_psnr
        crop_border: 0
        test_y_channel: False
      ]
      ssim:[
        type: calculate_ssim
        crop_border: 0
        test_y_channel: False
      ]
    ]
  ]
  logger:[
    print_freq: 200
    save_checkpoint_freq: 5000.0
    use_tb_logger: True
    wandb:[
      project: None
      resume_id: None
    ]
  ]
  dist_params:[
    backend: gloo
    port: 4321
  ]
  is_train: True
  dist: True
  rank: 0
  world_size: 1

2023-06-16 13:39:38,042 INFO: Dataset PairedImageDataset - RestoreNet-train is created.
2023-06-16 13:39:38,043 INFO: Training statistics:
	Number of train images: 26989
	Dataset enlarge ratio: 1
	Batch size per gpu: 2
	World size (gpu number): 1
	Require iter number per epoch: 13495
	Total epochs: 30; iters: 400000.
2023-06-16 13:39:38,956 INFO: Dataset PairedImageDataset - RestoreNet-test is created.
2023-06-16 13:39:38,957 INFO: Number of val images/folders in RestoreNet-test: 20
2023-06-16 13:39:38,957 INFO: Set pretrain_network_g to /content/drive/MyDrive/NAFNet-main/experiments/RestoreNet-width64/models/net_g_335000.pth
2023-06-16 13:39:46,323 INFO: Loading RestoreNetLocal model from /content/drive/MyDrive/NAFNet-main/experiments/RestoreNet-width64/models/net_g_335000.pth.
2023-06-16 13:40:35,611 INFO: Model [ImageRestorationModel] is created.
2023-06-16 13:40:35,702 INFO: Resuming training from epoch: 20, iter: 335000.
2023-06-16 13:40:40,172 INFO: Start training from epoch: 20, iter: 335000
2023-06-16 13:43:55,822 INFO: [Resto..][epoch: 20, iter: 335,200, lr:(6.346e-05,)] [eta: 17:55:15, time (data): 1.329 (0.619)] l_pix: -2.3538e+01 
2023-06-16 13:46:49,820 INFO: [Resto..][epoch: 20, iter: 335,400, lr:(6.308e-05,)] [eta: 16:44:28, time (data): 0.718 (0.001)] l_pix: -2.4703e+01 
2023-06-16 13:49:06,452 INFO: Validation RestoreNet-test, 		 # psnr: 25.2817	 # ssim: 0.8439
2023-06-16 13:49:06,453 INFO: [Resto..][epoch: 20, iter: 335,500, lr:(6.289e-05,)] m_psnr: 2.5282e+01 m_ssim: 8.4393e-01 
2023-06-16 13:50:36,716 INFO: [Resto..][epoch: 20, iter: 335,600, lr:(6.270e-05,)] [eta: 17:53:20, time (data): 0.721 (0.001)] l_pix: -2.5985e+01 
2023-06-16 13:53:30,128 INFO: [Resto..][epoch: 20, iter: 335,800, lr:(6.232e-05,)] [eta: 17:14:29, time (data): 1.047 (0.333)] l_pix: -2.4959e+01 
2023-06-16 13:56:19,963 INFO: [Resto..][epoch: 20, iter: 336,000, lr:(6.194e-05,)] [eta: 16:46:11, time (data): 0.716 (0.001)] l_pix: -2.4257e+01 
2023-06-16 13:56:34,888 INFO: Validation RestoreNet-test, 		 # psnr: 25.2538	 # ssim: 0.8434
2023-06-16 13:56:34,889 INFO: [Resto..][epoch: 20, iter: 336,000, lr:(6.194e-05,)] m_psnr: 2.5254e+01 m_ssim: 8.4335e-01 
2023-06-16 13:59:26,294 INFO: [Resto..][epoch: 20, iter: 336,200, lr:(6.156e-05,)] [eta: 16:40:58, time (data): 0.720 (0.001)] l_pix: -2.5072e+01 
2023-06-16 14:08:41,392 INFO: [Resto..][epoch: 20, iter: 336,400, lr:(6.119e-05,)] [eta: 21:15:22, time (data): 0.727 (0.001)] l_pix: -2.3565e+01 
2023-06-16 14:10:23,195 INFO: Validation RestoreNet-test, 		 # psnr: 25.2738	 # ssim: 0.8427
2023-06-16 14:10:23,196 INFO: [Resto..][epoch: 20, iter: 336,500, lr:(6.100e-05,)] m_psnr: 2.5274e+01 m_ssim: 8.4267e-01 
2023-06-16 14:11:55,288 INFO: [Resto..][epoch: 20, iter: 336,600, lr:(6.081e-05,)] [eta: 20:40:30, time (data): 1.170 (0.460)] l_pix: -2.7570e+01 
2023-06-16 14:14:45,858 INFO: [Resto..][epoch: 20, iter: 336,800, lr:(6.044e-05,)] [eta: 19:59:02, time (data): 1.579 (0.867)] l_pix: -2.7568e+01 
2023-06-16 14:17:52,042 INFO: [Resto..][epoch: 20, iter: 337,000, lr:(6.006e-05,)] [eta: 19:33:28, time (data): 1.111 (0.400)] l_pix: -2.6677e+01 
2023-06-16 14:18:07,059 INFO: Validation RestoreNet-test, 		 # psnr: 25.2331	 # ssim: 0.8431
2023-06-16 14:18:07,060 INFO: [Resto..][epoch: 20, iter: 337,000, lr:(6.006e-05,)] m_psnr: 2.5233e+01 m_ssim: 8.4307e-01 
2023-06-16 14:21:03,798 INFO: [Resto..][epoch: 20, iter: 337,200, lr:(5.969e-05,)] [eta: 19:14:38, time (data): 0.784 (0.075)] l_pix: -2.8869e+01 
2023-06-16 14:24:02,405 INFO: [Resto..][epoch: 20, iter: 337,400, lr:(5.932e-05,)] [eta: 18:52:42, time (data): 1.354 (0.644)] l_pix: -2.5197e+01 
2023-06-16 14:25:41,982 INFO: Validation RestoreNet-test, 		 # psnr: 25.1135	 # ssim: 0.8446
2023-06-16 14:25:41,983 INFO: [Resto..][epoch: 20, iter: 337,500, lr:(5.914e-05,)] m_psnr: 2.5113e+01 m_ssim: 8.4461e-01 
2023-06-16 14:27:04,371 INFO: [Resto..][epoch: 20, iter: 337,600, lr:(5.895e-05,)] [eta: 18:35:01, time (data): 0.716 (0.001)] l_pix: -2.1442e+01 
2023-06-16 14:29:56,342 INFO: [Resto..][epoch: 20, iter: 337,800, lr:(5.858e-05,)] [eta: 18:15:43, time (data): 1.097 (0.391)] l_pix: -2.7751e+01 
2023-06-16 14:32:48,472 INFO: [Resto..][epoch: 20, iter: 338,000, lr:(5.821e-05,)] [eta: 17:58:41, time (data): 0.716 (0.003)] l_pix: -2.4833e+01 
2023-06-16 14:33:03,379 INFO: Validation RestoreNet-test, 		 # psnr: 25.1798	 # ssim: 0.8445
2023-06-16 14:33:03,380 INFO: [Resto..][epoch: 20, iter: 338,000, lr:(5.821e-05,)] m_psnr: 2.5180e+01 m_ssim: 8.4448e-01 
2023-06-16 14:35:55,518 INFO: [Resto..][epoch: 20, iter: 338,200, lr:(5.785e-05,)] [eta: 17:48:12, time (data): 0.721 (0.002)] l_pix: -2.4071e+01 
2023-06-16 14:38:50,575 INFO: [Resto..][epoch: 20, iter: 338,400, lr:(5.748e-05,)] [eta: 17:34:59, time (data): 0.893 (0.184)] l_pix: -2.3724e+01 
2023-06-16 14:40:30,852 INFO: Validation RestoreNet-test, 		 # psnr: 25.2360	 # ssim: 0.8424
2023-06-16 14:40:30,852 INFO: [Resto..][epoch: 20, iter: 338,500, lr:(5.730e-05,)] m_psnr: 2.5236e+01 m_ssim: 8.4238e-01 
2023-06-16 14:41:55,163 INFO: [Resto..][epoch: 20, iter: 338,600, lr:(5.712e-05,)] [eta: 17:25:36, time (data): 0.716 (0.001)] l_pix: -3.0156e+01 
2023-06-16 14:44:44,708 INFO: [Resto..][epoch: 20, iter: 338,800, lr:(5.675e-05,)] [eta: 17:12:51, time (data): 0.720 (0.002)] l_pix: -2.1428e+01 
2023-06-16 14:47:37,195 INFO: [Resto..][epoch: 20, iter: 339,000, lr:(5.639e-05,)] [eta: 17:01:51, time (data): 0.717 (0.003)] l_pix: -2.1330e+01 
2023-06-16 14:47:52,158 INFO: Validation RestoreNet-test, 		 # psnr: 25.1711	 # ssim: 0.8440
2023-06-16 14:47:52,159 INFO: [Resto..][epoch: 20, iter: 339,000, lr:(5.639e-05,)] m_psnr: 2.5171e+01 m_ssim: 8.4396e-01 
2023-06-16 14:50:40,678 INFO: [Resto..][epoch: 20, iter: 339,200, lr:(5.603e-05,)] [eta: 16:54:16, time (data): 1.046 (0.332)] l_pix: -2.3589e+01 
2023-06-16 14:58:26,113 INFO: [Resto..][epoch: 20, iter: 339,400, lr:(5.567e-05,)] [eta: 17:51:48, time (data): 1.049 (0.339)] l_pix: -2.0880e+01 
2023-06-16 15:00:05,765 INFO: Validation RestoreNet-test, 		 # psnr: 25.1810	 # ssim: 0.8432
2023-06-16 15:00:05,765 INFO: [Resto..][epoch: 20, iter: 339,500, lr:(5.549e-05,)] m_psnr: 2.5181e+01 m_ssim: 8.4315e-01 
2023-06-16 15:01:43,138 INFO: [Resto..][epoch: 20, iter: 339,600, lr:(5.531e-05,)] [eta: 17:44:56, time (data): 0.713 (0.001)] l_pix: -2.4689e+01 
2023-06-16 15:04:34,111 INFO: [Resto..][epoch: 20, iter: 339,800, lr:(5.495e-05,)] [eta: 17:32:55, time (data): 0.818 (0.105)] l_pix: -2.5465e+01 
2023-06-16 15:07:22,309 INFO: [Resto..][epoch: 20, iter: 340,000, lr:(5.459e-05,)] [eta: 17:21:05, time (data): 0.717 (0.002)] l_pix: -2.4166e+01 
2023-06-16 15:07:22,310 INFO: Saving models and training states.
2023-06-16 15:07:41,937 INFO: Validation RestoreNet-test, 		 # psnr: 25.1374	 # ssim: 0.8430
2023-06-16 15:07:41,938 INFO: [Resto..][epoch: 20, iter: 340,000, lr:(5.459e-05,)] m_psnr: 2.5137e+01 m_ssim: 8.4300e-01 
2023-06-16 15:10:30,872 INFO: [Resto..][epoch: 20, iter: 340,200, lr:(5.424e-05,)] [eta: 17:13:51, time (data): 0.872 (0.159)] l_pix: -2.9264e+01 
2023-06-16 15:17:54,084 INFO: [Resto..][epoch: 20, iter: 340,400, lr:(5.388e-05,)] [eta: 17:53:45, time (data): 0.721 (0.001)] l_pix: -2.6489e+01 
2023-06-16 15:19:33,870 INFO: Validation RestoreNet-test, 		 # psnr: 25.2751	 # ssim: 0.8451
2023-06-16 15:19:33,870 INFO: [Resto..][epoch: 20, iter: 340,500, lr:(5.371e-05,)] m_psnr: 2.5275e+01 m_ssim: 8.4510e-01 
2023-06-16 15:20:56,351 INFO: [Resto..][epoch: 20, iter: 340,600, lr:(5.353e-05,)] [eta: 17:44:09, time (data): 0.729 (0.001)] l_pix: -2.4486e+01 
2023-06-16 15:23:49,687 INFO: [Resto..][epoch: 20, iter: 340,800, lr:(5.318e-05,)] [eta: 17:33:29, time (data): 0.717 (0.001)] l_pix: -2.9451e+01 
2023-06-16 15:26:38,107 INFO: [Resto..][epoch: 20, iter: 341,000, lr:(5.282e-05,)] [eta: 17:22:32, time (data): 0.718 (0.001)] l_pix: -2.7161e+01 
2023-06-16 15:26:53,023 INFO: Validation RestoreNet-test, 		 # psnr: 25.2172	 # ssim: 0.8438
2023-06-16 15:26:53,024 INFO: [Resto..][epoch: 20, iter: 341,000, lr:(5.282e-05,)] m_psnr: 2.5217e+01 m_ssim: 8.4381e-01 
2023-06-16 15:29:42,148 INFO: [Resto..][epoch: 20, iter: 341,200, lr:(5.247e-05,)] [eta: 17:14:34, time (data): 0.711 (0.001)] l_pix: -2.8665e+01 
2023-06-16 15:32:29,924 INFO: [Resto..][epoch: 20, iter: 341,400, lr:(5.212e-05,)] [eta: 17:04:26, time (data): 0.827 (0.116)] l_pix: -2.2584e+01 
2023-06-16 15:34:07,068 INFO: Validation RestoreNet-test, 		 # psnr: 25.2358	 # ssim: 0.8442
2023-06-16 15:34:07,069 INFO: [Resto..][epoch: 20, iter: 341,500, lr:(5.195e-05,)] m_psnr: 2.5236e+01 m_ssim: 8.4421e-01 
2023-06-16 15:35:30,638 INFO: [Resto..][epoch: 20, iter: 341,600, lr:(5.178e-05,)] [eta: 16:56:39, time (data): 1.048 (0.338)] l_pix: -2.5074e+01 
2023-06-16 15:38:17,582 INFO: [Resto..][epoch: 20, iter: 341,800, lr:(5.143e-05,)] [eta: 16:47:11, time (data): 0.898 (0.190)] l_pix: -2.5381e+01 
2023-06-16 15:41:10,930 INFO: [Resto..][epoch: 20, iter: 342,000, lr:(5.108e-05,)] [eta: 16:38:59, time (data): 0.718 (0.001)] l_pix: -2.8942e+01 
2023-06-16 15:41:25,832 INFO: Validation RestoreNet-test, 		 # psnr: 25.2047	 # ssim: 0.8441
2023-06-16 15:41:25,833 INFO: [Resto..][epoch: 20, iter: 342,000, lr:(5.108e-05,)] m_psnr: 2.5205e+01 m_ssim: 8.4407e-01 
2023-06-16 15:44:11,685 INFO: [Resto..][epoch: 20, iter: 342,200, lr:(5.074e-05,)] [eta: 16:32:04, time (data): 0.967 (0.256)] l_pix: -2.6356e+01 
2023-06-16 15:47:03,220 INFO: [Resto..][epoch: 20, iter: 342,400, lr:(5.039e-05,)] [eta: 16:24:10, time (data): 0.722 (0.003)] l_pix: -2.1902e+01 
2023-06-16 15:48:43,708 INFO: Validation RestoreNet-test, 		 # psnr: 25.1433	 # ssim: 0.8431
2023-06-16 15:48:43,708 INFO: [Resto..][epoch: 20, iter: 342,500, lr:(5.022e-05,)] m_psnr: 2.5143e+01 m_ssim: 8.4314e-01 
2023-06-16 15:50:07,884 INFO: [Resto..][epoch: 20, iter: 342,600, lr:(5.005e-05,)] [eta: 16:18:11, time (data): 0.718 (0.001)] l_pix: -2.5700e+01 
2023-06-16 15:52:57,531 INFO: [Resto..][epoch: 20, iter: 342,800, lr:(4.971e-05,)] [eta: 16:10:31, time (data): 0.928 (0.219)] l_pix: -2.8056e+01 
2023-06-16 15:55:53,027 INFO: [Resto..][epoch: 20, iter: 343,000, lr:(4.937e-05,)] [eta: 16:03:47, time (data): 0.758 (0.046)] l_pix: -3.0228e+01 
2023-06-16 15:56:07,977 INFO: Validation RestoreNet-test, 		 # psnr: 25.1589	 # ssim: 0.8445
2023-06-16 15:56:07,977 INFO: [Resto..][epoch: 20, iter: 343,000, lr:(4.937e-05,)] m_psnr: 2.5159e+01 m_ssim: 8.4448e-01 
2023-06-16 15:58:53,398 INFO: [Resto..][epoch: 20, iter: 343,200, lr:(4.903e-05,)] [eta: 15:57:48, time (data): 0.717 (0.001)] l_pix: -2.5414e+01 
2023-06-16 16:01:47,891 INFO: [Resto..][epoch: 20, iter: 343,400, lr:(4.869e-05,)] [eta: 15:51:18, time (data): 0.717 (0.001)] l_pix: -2.0963e+01 
2023-06-16 16:03:26,075 INFO: Validation RestoreNet-test, 		 # psnr: 25.3054	 # ssim: 0.8455
2023-06-16 16:03:26,075 INFO: [Resto..][epoch: 20, iter: 343,500, lr:(4.852e-05,)] m_psnr: 2.5305e+01 m_ssim: 8.4551e-01 
2023-06-16 16:04:48,273 INFO: [Resto..][epoch: 20, iter: 343,600, lr:(4.835e-05,)] [eta: 15:45:37, time (data): 0.721 (0.001)] l_pix: -2.0258e+01 
2023-06-16 16:07:37,223 INFO: [Resto..][epoch: 20, iter: 343,800, lr:(4.802e-05,)] [eta: 15:38:50, time (data): 0.717 (0.002)] l_pix: -2.5867e+01 
2023-06-16 16:10:28,443 INFO: [Resto..][epoch: 20, iter: 344,000, lr:(4.768e-05,)] [eta: 15:32:27, time (data): 0.726 (0.001)] l_pix: -3.0549e+01 
2023-06-16 16:10:43,355 INFO: Validation RestoreNet-test, 		 # psnr: 25.3412	 # ssim: 0.8447
2023-06-16 16:10:43,356 INFO: [Resto..][epoch: 20, iter: 344,000, lr:(4.768e-05,)] m_psnr: 2.5341e+01 m_ssim: 8.4473e-01 
2023-06-16 16:13:32,455 INFO: [Resto..][epoch: 20, iter: 344,200, lr:(4.735e-05,)] [eta: 15:27:31, time (data): 0.856 (0.143)] l_pix: -2.2635e+01 
2023-06-16 16:16:25,458 INFO: [Resto..][epoch: 20, iter: 344,400, lr:(4.702e-05,)] [eta: 15:21:35, time (data): 1.135 (0.427)] l_pix: -2.8982e+01 
2023-06-16 16:18:04,287 INFO: Validation RestoreNet-test, 		 # psnr: 25.3508	 # ssim: 0.8448
2023-06-16 16:18:04,288 INFO: [Resto..][epoch: 20, iter: 344,500, lr:(4.685e-05,)] m_psnr: 2.5351e+01 m_ssim: 8.4475e-01 
2023-06-16 16:19:27,571 INFO: [Resto..][epoch: 20, iter: 344,600, lr:(4.669e-05,)] [eta: 15:16:40, time (data): 0.718 (0.002)] l_pix: -2.7176e+01 
2023-06-16 16:22:23,337 INFO: [Resto..][epoch: 20, iter: 344,800, lr:(4.635e-05,)] [eta: 15:11:13, time (data): 0.716 (0.001)] l_pix: -2.5066e+01 
2023-06-16 16:25:31,727 INFO: [Resto..][epoch: 20, iter: 345,000, lr:(4.603e-05,)] [eta: 15:07:01, time (data): 0.725 (0.002)] l_pix: -2.7746e+01 
2023-06-16 16:25:31,728 INFO: Saving models and training states.
2023-06-16 16:25:51,643 INFO: Validation RestoreNet-test, 		 # psnr: 25.3504	 # ssim: 0.8450
2023-06-16 16:25:51,643 INFO: [Resto..][epoch: 20, iter: 345,000, lr:(4.603e-05,)] m_psnr: 2.5350e+01 m_ssim: 8.4504e-01 
2023-06-16 16:29:18,738 INFO: [Resto..][epoch: 20, iter: 345,200, lr:(4.570e-05,)] [eta: 15:06:20, time (data): 0.716 (0.001)] l_pix: -2.9408e+01 
2023-06-16 16:32:14,999 INFO: [Resto..][epoch: 20, iter: 345,400, lr:(4.537e-05,)] [eta: 15:01:05, time (data): 0.715 (0.001)] l_pix: -3.0962e+01 
2023-06-16 16:33:55,563 INFO: Validation RestoreNet-test, 		 # psnr: 25.2928	 # ssim: 0.8448
2023-06-16 16:33:55,563 INFO: [Resto..][epoch: 20, iter: 345,500, lr:(4.521e-05,)] m_psnr: 2.5293e+01 m_ssim: 8.4483e-01 
2023-06-16 16:35:23,365 INFO: [Resto..][epoch: 20, iter: 345,600, lr:(4.504e-05,)] [eta: 14:56:57, time (data): 0.797 (0.086)] l_pix: -3.1072e+01 
2023-06-16 16:38:21,854 INFO: [Resto..][epoch: 20, iter: 345,800, lr:(4.472e-05,)] [eta: 14:52:02, time (data): 0.872 (0.158)] l_pix: -2.6783e+01 
2023-06-16 16:41:24,889 INFO: [Resto..][epoch: 20, iter: 346,000, lr:(4.440e-05,)] [eta: 14:47:33, time (data): 0.902 (0.196)] l_pix: -2.3265e+01 
2023-06-16 16:41:39,779 INFO: Validation RestoreNet-test, 		 # psnr: 25.3598	 # ssim: 0.8456
2023-06-16 16:41:39,779 INFO: [Resto..][epoch: 20, iter: 346,000, lr:(4.440e-05,)] m_psnr: 2.5360e+01 m_ssim: 8.4562e-01 
2023-06-16 16:44:31,176 INFO: [Resto..][epoch: 20, iter: 346,200, lr:(4.407e-05,)] [eta: 14:43:23, time (data): 0.957 (0.246)] l_pix: -2.6313e+01 
2023-06-16 16:47:30,545 INFO: [Resto..][epoch: 20, iter: 346,400, lr:(4.375e-05,)] [eta: 14:38:43, time (data): 1.174 (0.463)] l_pix: -2.6470e+01 
2023-06-16 16:49:13,688 INFO: Validation RestoreNet-test, 		 # psnr: 25.3723	 # ssim: 0.8454
2023-06-16 16:49:13,689 INFO: [Resto..][epoch: 20, iter: 346,500, lr:(4.359e-05,)] m_psnr: 2.5372e+01 m_ssim: 8.4539e-01 
2023-06-16 16:50:36,887 INFO: [Resto..][epoch: 20, iter: 346,600, lr:(4.343e-05,)] [eta: 14:34:39, time (data): 0.761 (0.053)] l_pix: -2.0693e+01 
2023-06-16 16:53:25,775 INFO: [Resto..][epoch: 20, iter: 346,800, lr:(4.311e-05,)] [eta: 14:29:17, time (data): 0.715 (0.001)] l_pix: -2.2010e+01 
2023-06-16 16:56:17,027 INFO: [Resto..][epoch: 20, iter: 347,000, lr:(4.279e-05,)] [eta: 14:24:12, time (data): 0.717 (0.002)] l_pix: -2.8252e+01 
2023-06-16 16:56:31,929 INFO: Validation RestoreNet-test, 		 # psnr: 25.4254	 # ssim: 0.8465
2023-06-16 16:56:31,929 INFO: [Resto..][epoch: 20, iter: 347,000, lr:(4.279e-05,)] m_psnr: 2.5425e+01 m_ssim: 8.4652e-01 
2023-06-16 16:59:20,170 INFO: [Resto..][epoch: 20, iter: 347,200, lr:(4.248e-05,)] [eta: 14:20:02, time (data): 0.929 (0.214)] l_pix: -3.0056e+01 
2023-06-16 17:02:14,889 INFO: [Resto..][epoch: 20, iter: 347,400, lr:(4.216e-05,)] [eta: 14:15:18, time (data): 0.716 (0.001)] l_pix: -2.8678e+01 
2023-06-16 17:03:55,515 INFO: Validation RestoreNet-test, 		 # psnr: 25.3962	 # ssim: 0.8447
2023-06-16 17:03:55,516 INFO: [Resto..][epoch: 20, iter: 347,500, lr:(4.200e-05,)] m_psnr: 2.5396e+01 m_ssim: 8.4471e-01 
2023-06-16 17:05:21,761 INFO: [Resto..][epoch: 20, iter: 347,600, lr:(4.185e-05,)] [eta: 14:11:29, time (data): 1.133 (0.423)] l_pix: -2.7982e+01 
2023-06-16 17:08:15,394 INFO: [Resto..][epoch: 20, iter: 347,800, lr:(4.153e-05,)] [eta: 14:06:47, time (data): 0.719 (0.001)] l_pix: -3.0441e+01 
2023-06-16 17:11:15,472 INFO: [Resto..][epoch: 20, iter: 348,000, lr:(4.122e-05,)] [eta: 14:02:34, time (data): 0.722 (0.001)] l_pix: -2.7098e+01 
2023-06-16 17:11:30,406 INFO: Validation RestoreNet-test, 		 # psnr: 25.3763	 # ssim: 0.8453
2023-06-16 17:11:30,406 INFO: [Resto..][epoch: 20, iter: 348,000, lr:(4.122e-05,)] m_psnr: 2.5376e+01 m_ssim: 8.4533e-01 
2023-06-16 17:14:29,003 INFO: [Resto..][epoch: 20, iter: 348,200, lr:(4.091e-05,)] [eta: 13:59:16, time (data): 0.716 (0.001)] l_pix: -2.6959e+01 
2023-06-16 17:17:20,278 INFO: [Resto..][epoch: 20, iter: 348,400, lr:(4.060e-05,)] [eta: 13:54:32, time (data): 0.783 (0.073)] l_pix: -2.0788e+01 
2023-06-16 17:19:05,101 INFO: Validation RestoreNet-test, 		 # psnr: 25.3913	 # ssim: 0.8445
2023-06-16 17:19:05,101 INFO: [Resto..][epoch: 21, iter: 348,500, lr:(4.044e-05,)] m_psnr: 2.5391e+01 m_ssim: 8.4453e-01 
2023-06-16 17:20:16,705 INFO: [Resto..][epoch: 21, iter: 348,600, lr:(4.029e-05,)] [eta: 13:50:11, time (data): 0.719 (0.002)] l_pix: -2.5252e+01 
2023-06-16 17:22:39,605 INFO: [Resto..][epoch: 21, iter: 348,800, lr:(3.998e-05,)] [eta: 13:43:49, time (data): 0.712 (0.002)] l_pix: -2.9873e+01 
2023-06-16 17:25:02,620 INFO: [Resto..][epoch: 21, iter: 349,000, lr:(3.967e-05,)] [eta: 13:37:33, time (data): 0.716 (0.003)] l_pix: -1.8671e+01 
2023-06-16 17:25:17,525 INFO: Validation RestoreNet-test, 		 # psnr: 25.3825	 # ssim: 0.8448
2023-06-16 17:25:17,526 INFO: [Resto..][epoch: 21, iter: 349,000, lr:(3.967e-05,)] m_psnr: 2.5382e+01 m_ssim: 8.4477e-01 
2023-06-16 17:27:40,497 INFO: [Resto..][epoch: 21, iter: 349,200, lr:(3.937e-05,)] [eta: 13:32:17, time (data): 0.714 (0.003)] l_pix: -2.1824e+01 
2023-06-16 17:30:06,321 INFO: [Resto..][epoch: 21, iter: 349,400, lr:(3.906e-05,)] [eta: 13:26:24, time (data): 0.714 (0.002)] l_pix: -2.6019e+01 
2023-06-16 17:31:32,725 INFO: Validation RestoreNet-test, 		 # psnr: 25.3827	 # ssim: 0.8468
2023-06-16 17:31:32,726 INFO: [Resto..][epoch: 21, iter: 349,500, lr:(3.891e-05,)] m_psnr: 2.5383e+01 m_ssim: 8.4683e-01 
2023-06-16 17:32:44,276 INFO: [Resto..][epoch: 21, iter: 349,600, lr:(3.876e-05,)] [eta: 13:21:17, time (data): 0.716 (0.002)] l_pix: -2.2789e+01 
2023-06-16 17:35:07,270 INFO: [Resto..][epoch: 21, iter: 349,800, lr:(3.846e-05,)] [eta: 13:15:25, time (data): 0.720 (0.002)] l_pix: -2.1873e+01 
2023-06-16 17:37:30,259 INFO: [Resto..][epoch: 21, iter: 350,000, lr:(3.816e-05,)] [eta: 13:09:37, time (data): 0.718 (0.002)] l_pix: -2.4565e+01 
2023-06-16 17:37:30,260 INFO: Saving models and training states.
2023-06-16 17:37:50,040 INFO: Validation RestoreNet-test, 		 # psnr: 25.3348	 # ssim: 0.8447
2023-06-16 17:37:50,041 INFO: [Resto..][epoch: 21, iter: 350,000, lr:(3.816e-05,)] m_psnr: 2.5335e+01 m_ssim: 8.4474e-01 
2023-06-16 17:40:13,208 INFO: [Resto..][epoch: 21, iter: 350,200, lr:(3.786e-05,)] [eta: 13:05:01, time (data): 0.718 (0.003)] l_pix: -2.9834e+01 
2023-06-16 17:42:36,199 INFO: [Resto..][epoch: 21, iter: 350,400, lr:(3.756e-05,)] [eta: 12:59:23, time (data): 0.712 (0.002)] l_pix: -2.3783e+01 
2023-06-16 17:44:02,515 INFO: Validation RestoreNet-test, 		 # psnr: 25.3917	 # ssim: 0.8446
2023-06-16 17:44:02,516 INFO: [Resto..][epoch: 21, iter: 350,500, lr:(3.741e-05,)] m_psnr: 2.5392e+01 m_ssim: 8.4460e-01 
2023-06-16 17:45:13,994 INFO: [Resto..][epoch: 21, iter: 350,600, lr:(3.726e-05,)] [eta: 12:54:37, time (data): 0.711 (0.003)] l_pix: -2.5325e+01 
2023-06-16 17:47:37,160 INFO: [Resto..][epoch: 21, iter: 350,800, lr:(3.696e-05,)] [eta: 12:49:09, time (data): 0.714 (0.002)] l_pix: -2.0314e+01 
2023-06-16 17:50:00,159 INFO: [Resto..][epoch: 21, iter: 351,000, lr:(3.667e-05,)] [eta: 12:43:44, time (data): 0.717 (0.002)] l_pix: -2.5430e+01 
2023-06-16 17:50:15,072 INFO: Validation RestoreNet-test, 		 # psnr: 25.3956	 # ssim: 0.8459
2023-06-16 17:50:15,073 INFO: [Resto..][epoch: 21, iter: 351,000, lr:(3.667e-05,)] m_psnr: 2.5396e+01 m_ssim: 8.4591e-01 
2023-06-16 17:52:38,041 INFO: [Resto..][epoch: 21, iter: 351,200, lr:(3.638e-05,)] [eta: 12:39:09, time (data): 0.717 (0.002)] l_pix: -2.7937e+01 
2023-06-16 17:55:01,029 INFO: [Resto..][epoch: 21, iter: 351,400, lr:(3.608e-05,)] [eta: 12:33:53, time (data): 0.716 (0.003)] l_pix: -2.5675e+01 
2023-06-16 17:56:27,590 INFO: Validation RestoreNet-test, 		 # psnr: 25.3613	 # ssim: 0.8451
2023-06-16 17:56:27,591 INFO: [Resto..][epoch: 21, iter: 351,500, lr:(3.594e-05,)] m_psnr: 2.5361e+01 m_ssim: 8.4509e-01 
2023-06-16 17:57:39,131 INFO: [Resto..][epoch: 21, iter: 351,600, lr:(3.579e-05,)] [eta: 12:29:25, time (data): 0.713 (0.003)] l_pix: -2.5610e+01 
2023-06-16 18:00:02,177 INFO: [Resto..][epoch: 21, iter: 351,800, lr:(3.550e-05,)] [eta: 12:24:17, time (data): 0.715 (0.002)] l_pix: -2.0999e+01 
2023-06-16 18:02:25,222 INFO: [Resto..][epoch: 21, iter: 352,000, lr:(3.521e-05,)] [eta: 12:19:12, time (data): 0.715 (0.003)] l_pix: -2.6873e+01 
2023-06-16 18:02:40,136 INFO: Validation RestoreNet-test, 		 # psnr: 25.3948	 # ssim: 0.8456
2023-06-16 18:02:40,137 INFO: [Resto..][epoch: 21, iter: 352,000, lr:(3.521e-05,)] m_psnr: 2.5395e+01 m_ssim: 8.4560e-01 
2023-06-16 18:05:03,089 INFO: [Resto..][epoch: 21, iter: 352,200, lr:(3.492e-05,)] [eta: 12:14:53, time (data): 0.714 (0.002)] l_pix: -2.4316e+01 
2023-06-16 18:07:26,151 INFO: [Resto..][epoch: 21, iter: 352,400, lr:(3.463e-05,)] [eta: 12:09:55, time (data): 0.715 (0.002)] l_pix: -2.5235e+01 
2023-06-16 18:08:52,552 INFO: Validation RestoreNet-test, 		 # psnr: 25.3507	 # ssim: 0.8447
2023-06-16 18:08:52,553 INFO: [Resto..][epoch: 21, iter: 352,500, lr:(3.449e-05,)] m_psnr: 2.5351e+01 m_ssim: 8.4469e-01 
2023-06-16 18:10:04,042 INFO: [Resto..][epoch: 21, iter: 352,600, lr:(3.435e-05,)] [eta: 12:05:40, time (data): 0.715 (0.003)] l_pix: -2.3108e+01 
2023-06-16 18:12:27,029 INFO: [Resto..][epoch: 21, iter: 352,800, lr:(3.406e-05,)] [eta: 12:00:49, time (data): 0.718 (0.002)] l_pix: -2.8638e+01 
2023-06-16 18:14:49,998 INFO: [Resto..][epoch: 21, iter: 353,000, lr:(3.378e-05,)] [eta: 11:56:00, time (data): 0.713 (0.003)] l_pix: -2.4880e+01 
2023-06-16 18:15:04,874 INFO: Validation RestoreNet-test, 		 # psnr: 25.3801	 # ssim: 0.8455
2023-06-16 18:15:04,875 INFO: [Resto..][epoch: 21, iter: 353,000, lr:(3.378e-05,)] m_psnr: 2.5380e+01 m_ssim: 8.4550e-01 
2023-06-16 18:17:27,990 INFO: [Resto..][epoch: 21, iter: 353,200, lr:(3.350e-05,)] [eta: 11:51:54, time (data): 0.713 (0.002)] l_pix: -2.5942e+01 
2023-06-16 18:19:50,977 INFO: [Resto..][epoch: 21, iter: 353,400, lr:(3.321e-05,)] [eta: 11:47:11, time (data): 0.715 (0.002)] l_pix: -2.4213e+01 
2023-06-16 18:21:17,420 INFO: Validation RestoreNet-test, 		 # psnr: 25.4335	 # ssim: 0.8471
2023-06-16 18:21:17,420 INFO: [Resto..][epoch: 21, iter: 353,500, lr:(3.307e-05,)] m_psnr: 2.5434e+01 m_ssim: 8.4709e-01 
2023-06-16 18:22:28,968 INFO: [Resto..][epoch: 21, iter: 353,600, lr:(3.293e-05,)] [eta: 11:43:09, time (data): 0.715 (0.002)] l_pix: -2.7628e+01 
2023-06-16 18:24:52,018 INFO: [Resto..][epoch: 21, iter: 353,800, lr:(3.265e-05,)] [eta: 11:38:31, time (data): 0.714 (0.003)] l_pix: -2.6326e+01 
2023-06-16 18:27:15,307 INFO: [Resto..][epoch: 21, iter: 354,000, lr:(3.238e-05,)] [eta: 11:33:58, time (data): 0.718 (0.003)] l_pix: -2.6211e+01 
2023-06-16 18:27:30,189 INFO: Validation RestoreNet-test, 		 # psnr: 25.3952	 # ssim: 0.8462
2023-06-16 18:27:30,190 INFO: [Resto..][epoch: 21, iter: 354,000, lr:(3.238e-05,)] m_psnr: 2.5395e+01 m_ssim: 8.4622e-01 
2023-06-16 18:29:53,264 INFO: [Resto..][epoch: 21, iter: 354,200, lr:(3.210e-05,)] [eta: 11:30:01, time (data): 0.717 (0.002)] l_pix: -2.0412e+01 
2023-06-16 18:32:16,299 INFO: [Resto..][epoch: 21, iter: 354,400, lr:(3.182e-05,)] [eta: 11:25:32, time (data): 0.714 (0.002)] l_pix: -2.3404e+01 
2023-06-16 18:33:42,773 INFO: Validation RestoreNet-test, 		 # psnr: 25.4026	 # ssim: 0.8458
2023-06-16 18:33:42,774 INFO: [Resto..][epoch: 21, iter: 354,500, lr:(3.169e-05,)] m_psnr: 2.5403e+01 m_ssim: 8.4576e-01 
2023-06-16 18:34:54,366 INFO: [Resto..][epoch: 21, iter: 354,600, lr:(3.155e-05,)] [eta: 11:21:40, time (data): 0.712 (0.003)] l_pix: -2.7316e+01 
2023-06-16 18:37:17,652 INFO: [Resto..][epoch: 21, iter: 354,800, lr:(3.127e-05,)] [eta: 11:17:15, time (data): 0.710 (0.001)] l_pix: -2.5173e+01 
2023-06-16 18:39:40,406 INFO: [Resto..][epoch: 21, iter: 355,000, lr:(3.100e-05,)] [eta: 11:12:52, time (data): 0.714 (0.002)] l_pix: -2.3449e+01 
2023-06-16 18:39:40,406 INFO: Saving models and training states.
2023-06-16 18:40:00,090 INFO: Validation RestoreNet-test, 		 # psnr: 25.4139	 # ssim: 0.8463
2023-06-16 18:40:00,091 INFO: [Resto..][epoch: 21, iter: 355,000, lr:(3.100e-05,)] m_psnr: 2.5414e+01 m_ssim: 8.4629e-01 
2023-06-16 18:43:15,752 INFO: [Resto..][epoch: 21, iter: 355,200, lr:(3.073e-05,)] [eta: 11:11:12, time (data): 0.716 (0.003)] l_pix: -2.7020e+01 
2023-06-16 18:46:40,980 INFO: [Resto..][epoch: 21, iter: 355,400, lr:(3.046e-05,)] [eta: 11:09:08, time (data): 0.717 (0.003)] l_pix: -2.7871e+01 
2023-06-16 18:48:07,424 INFO: Validation RestoreNet-test, 		 # psnr: 25.3940	 # ssim: 0.8442
2023-06-16 18:48:07,424 INFO: [Resto..][epoch: 21, iter: 355,500, lr:(3.033e-05,)] m_psnr: 2.5394e+01 m_ssim: 8.4420e-01 
2023-06-16 18:49:18,950 INFO: [Resto..][epoch: 21, iter: 355,600, lr:(3.019e-05,)] [eta: 11:05:21, time (data): 0.716 (0.002)] l_pix: -2.1754e+01 
2023-06-16 18:51:42,070 INFO: [Resto..][epoch: 21, iter: 355,800, lr:(2.992e-05,)] [eta: 11:01:03, time (data): 0.712 (0.001)] l_pix: -2.7072e+01 
2023-06-16 18:54:05,074 INFO: [Resto..][epoch: 21, iter: 356,000, lr:(2.966e-05,)] [eta: 10:56:47, time (data): 0.716 (0.002)] l_pix: -2.3277e+01 
2023-06-16 18:54:19,996 INFO: Validation RestoreNet-test, 		 # psnr: 25.3870	 # ssim: 0.8446
2023-06-16 18:54:19,997 INFO: [Resto..][epoch: 21, iter: 356,000, lr:(2.966e-05,)] m_psnr: 2.5387e+01 m_ssim: 8.4465e-01 
2023-06-16 18:56:43,130 INFO: [Resto..][epoch: 21, iter: 356,200, lr:(2.939e-05,)] [eta: 10:53:04, time (data): 0.717 (0.001)] l_pix: -2.4769e+01 
2023-06-16 18:59:06,256 INFO: [Resto..][epoch: 21, iter: 356,400, lr:(2.913e-05,)] [eta: 10:48:52, time (data): 0.710 (0.002)] l_pix: -2.5651e+01 
2023-06-16 19:00:32,726 INFO: Validation RestoreNet-test, 		 # psnr: 25.4082	 # ssim: 0.8468
2023-06-16 19:00:32,726 INFO: [Resto..][epoch: 21, iter: 356,500, lr:(2.900e-05,)] m_psnr: 2.5408e+01 m_ssim: 8.4678e-01 
2023-06-16 19:01:44,296 INFO: [Resto..][epoch: 21, iter: 356,600, lr:(2.887e-05,)] [eta: 10:45:12, time (data): 0.712 (0.001)] l_pix: -3.2672e+01 
2023-06-16 19:04:09,159 INFO: [Resto..][epoch: 21, iter: 356,800, lr:(2.860e-05,)] [eta: 10:41:08, time (data): 0.716 (0.003)] l_pix: -2.3989e+01 
2023-06-16 19:06:32,264 INFO: [Resto..][epoch: 21, iter: 357,000, lr:(2.834e-05,)] [eta: 10:37:01, time (data): 0.712 (0.002)] l_pix: -2.9206e+01 
2023-06-16 19:06:47,160 INFO: Validation RestoreNet-test, 		 # psnr: 25.4028	 # ssim: 0.8456
2023-06-16 19:06:47,161 INFO: [Resto..][epoch: 21, iter: 357,000, lr:(2.834e-05,)] m_psnr: 2.5403e+01 m_ssim: 8.4556e-01 
2023-06-16 19:09:10,113 INFO: [Resto..][epoch: 21, iter: 357,200, lr:(2.808e-05,)] [eta: 10:33:25, time (data): 0.716 (0.002)] l_pix: -2.3353e+01 
2023-06-16 19:11:33,224 INFO: [Resto..][epoch: 21, iter: 357,400, lr:(2.782e-05,)] [eta: 10:29:22, time (data): 0.720 (0.003)] l_pix: -2.4883e+01 
2023-06-16 19:12:59,657 INFO: Validation RestoreNet-test, 		 # psnr: 25.3845	 # ssim: 0.8474
2023-06-16 19:12:59,658 INFO: [Resto..][epoch: 21, iter: 357,500, lr:(2.770e-05,)] m_psnr: 2.5384e+01 m_ssim: 8.4740e-01 
2023-06-16 19:14:11,164 INFO: [Resto..][epoch: 21, iter: 357,600, lr:(2.757e-05,)] [eta: 10:25:48, time (data): 0.716 (0.002)] l_pix: -2.3930e+01 
2023-06-16 19:16:34,406 INFO: [Resto..][epoch: 21, iter: 357,800, lr:(2.731e-05,)] [eta: 10:21:48, time (data): 0.713 (0.003)] l_pix: -2.6141e+01 
2023-06-16 19:18:57,419 INFO: [Resto..][epoch: 21, iter: 358,000, lr:(2.706e-05,)] [eta: 10:17:50, time (data): 0.715 (0.002)] l_pix: -2.8924e+01 
2023-06-16 19:19:12,335 INFO: Validation RestoreNet-test, 		 # psnr: 25.4272	 # ssim: 0.8470
2023-06-16 19:19:12,336 INFO: [Resto..][epoch: 21, iter: 358,000, lr:(2.706e-05,)] m_psnr: 2.5427e+01 m_ssim: 8.4697e-01 
2023-06-16 19:21:35,300 INFO: [Resto..][epoch: 21, iter: 358,200, lr:(2.680e-05,)] [eta: 10:14:20, time (data): 0.718 (0.002)] l_pix: -2.5147e+01 
2023-06-16 19:23:58,284 INFO: [Resto..][epoch: 21, iter: 358,400, lr:(2.655e-05,)] [eta: 10:10:24, time (data): 0.718 (0.004)] l_pix: -3.0582e+01 
2023-06-16 19:25:24,815 INFO: Validation RestoreNet-test, 		 # psnr: 25.3652	 # ssim: 0.8469
2023-06-16 19:25:24,815 INFO: [Resto..][epoch: 21, iter: 358,500, lr:(2.642e-05,)] m_psnr: 2.5365e+01 m_ssim: 8.4691e-01 
2023-06-16 19:26:36,313 INFO: [Resto..][epoch: 21, iter: 358,600, lr:(2.630e-05,)] [eta: 10:06:56, time (data): 0.716 (0.002)] l_pix: -2.4189e+01 
2023-06-16 19:28:59,210 INFO: [Resto..][epoch: 21, iter: 358,800, lr:(2.605e-05,)] [eta: 10:03:03, time (data): 0.713 (0.002)] l_pix: -2.9041e+01 
2023-06-16 19:31:22,054 INFO: [Resto..][epoch: 21, iter: 359,000, lr:(2.580e-05,)] [eta: 9:59:11, time (data): 0.718 (0.002)] l_pix: -2.1162e+01 
2023-06-16 19:31:36,941 INFO: Validation RestoreNet-test, 		 # psnr: 25.3834	 # ssim: 0.8468
2023-06-16 19:31:36,942 INFO: [Resto..][epoch: 21, iter: 359,000, lr:(2.580e-05,)] m_psnr: 2.5383e+01 m_ssim: 8.4679e-01 
2023-06-16 19:33:59,918 INFO: [Resto..][epoch: 21, iter: 359,200, lr:(2.555e-05,)] [eta: 9:55:46, time (data): 0.717 (0.001)] l_pix: -2.6461e+01 
2023-06-16 19:36:22,937 INFO: [Resto..][epoch: 21, iter: 359,400, lr:(2.530e-05,)] [eta: 9:51:58, time (data): 0.713 (0.002)] l_pix: -2.6428e+01 
2023-06-16 19:37:49,221 INFO: Validation RestoreNet-test, 		 # psnr: 25.3720	 # ssim: 0.8461
2023-06-16 19:37:49,222 INFO: [Resto..][epoch: 21, iter: 359,500, lr:(2.518e-05,)] m_psnr: 2.5372e+01 m_ssim: 8.4608e-01 
2023-06-16 19:39:00,701 INFO: [Resto..][epoch: 21, iter: 359,600, lr:(2.506e-05,)] [eta: 9:48:34, time (data): 0.710 (0.001)] l_pix: -2.4269e+01 
2023-06-16 19:41:24,110 INFO: [Resto..][epoch: 21, iter: 359,800, lr:(2.481e-05,)] [eta: 9:44:49, time (data): 0.714 (0.002)] l_pix: -2.1827e+01 
2023-06-16 19:43:47,099 INFO: [Resto..][epoch: 21, iter: 360,000, lr:(2.457e-05,)] [eta: 9:41:03, time (data): 0.716 (0.003)] l_pix: -2.1481e+01 
2023-06-16 19:43:47,099 INFO: Saving models and training states.
2023-06-16 19:44:06,929 INFO: Validation RestoreNet-test, 		 # psnr: 25.4100	 # ssim: 0.8476
2023-06-16 19:44:06,930 INFO: [Resto..][epoch: 21, iter: 360,000, lr:(2.457e-05,)] m_psnr: 2.5410e+01 m_ssim: 8.4761e-01 
2023-06-16 19:46:30,748 INFO: [Resto..][epoch: 21, iter: 360,200, lr:(2.433e-05,)] [eta: 9:37:52, time (data): 0.720 (0.003)] l_pix: -2.4569e+01 
2023-06-16 19:48:55,003 INFO: [Resto..][epoch: 21, iter: 360,400, lr:(2.409e-05,)] [eta: 9:34:11, time (data): 0.713 (0.003)] l_pix: -2.1575e+01 
2023-06-16 19:50:21,477 INFO: Validation RestoreNet-test, 		 # psnr: 25.3865	 # ssim: 0.8476
2023-06-16 19:50:21,478 INFO: [Resto..][epoch: 21, iter: 360,500, lr:(2.397e-05,)] m_psnr: 2.5386e+01 m_ssim: 8.4759e-01 
2023-06-16 19:51:32,973 INFO: [Resto..][epoch: 21, iter: 360,600, lr:(2.385e-05,)] [eta: 9:30:53, time (data): 0.715 (0.003)] l_pix: -1.9769e+01 
2023-06-16 19:53:55,972 INFO: [Resto..][epoch: 21, iter: 360,800, lr:(2.361e-05,)] [eta: 9:27:12, time (data): 0.716 (0.003)] l_pix: -2.8776e+01 
2023-06-16 19:56:19,301 INFO: [Resto..][epoch: 21, iter: 361,000, lr:(2.337e-05,)] [eta: 9:23:33, time (data): 0.719 (0.002)] l_pix: -2.5795e+01 
2023-06-16 19:56:34,209 INFO: Validation RestoreNet-test, 		 # psnr: 25.3864	 # ssim: 0.8470
2023-06-16 19:56:34,210 INFO: [Resto..][epoch: 21, iter: 361,000, lr:(2.337e-05,)] m_psnr: 2.5386e+01 m_ssim: 8.4702e-01 
2023-06-16 19:58:57,982 INFO: [Resto..][epoch: 21, iter: 361,200, lr:(2.314e-05,)] [eta: 9:20:18, time (data): 0.718 (0.002)] l_pix: -2.6915e+01 
2023-06-16 20:01:21,207 INFO: [Resto..][epoch: 21, iter: 361,400, lr:(2.290e-05,)] [eta: 9:16:40, time (data): 0.717 (0.003)] l_pix: -2.9194e+01 
2023-06-16 20:02:47,765 INFO: Validation RestoreNet-test, 		 # psnr: 25.3685	 # ssim: 0.8445
2023-06-16 20:02:47,766 INFO: [Resto..][epoch: 21, iter: 361,500, lr:(2.278e-05,)] m_psnr: 2.5369e+01 m_ssim: 8.4447e-01 
2023-06-16 20:03:59,349 INFO: [Resto..][epoch: 21, iter: 361,600, lr:(2.267e-05,)] [eta: 9:13:26, time (data): 0.718 (0.002)] l_pix: -2.7299e+01 
2023-06-16 20:06:22,749 INFO: [Resto..][epoch: 21, iter: 361,800, lr:(2.243e-05,)] [eta: 9:09:51, time (data): 0.720 (0.002)] l_pix: -2.1014e+01 
2023-06-16 20:08:45,975 INFO: [Resto..][epoch: 22, iter: 362,000, lr:(2.220e-05,)] [eta: 9:06:16, time (data): 0.717 (0.003)] l_pix: -2.3277e+01 
2023-06-16 20:09:00,878 INFO: Validation RestoreNet-test, 		 # psnr: 25.4177	 # ssim: 0.8479
2023-06-16 20:09:00,879 INFO: [Resto..][epoch: 22, iter: 362,000, lr:(2.220e-05,)] m_psnr: 2.5418e+01 m_ssim: 8.4794e-01 
2023-06-16 20:11:24,024 INFO: [Resto..][epoch: 22, iter: 362,200, lr:(2.197e-05,)] [eta: 9:03:04, time (data): 0.716 (0.002)] l_pix: -3.1169e+01 
2023-06-16 20:13:47,124 INFO: [Resto..][epoch: 22, iter: 362,400, lr:(2.174e-05,)] [eta: 8:59:31, time (data): 0.718 (0.003)] l_pix: -2.5191e+01 
2023-06-16 20:15:13,733 INFO: Validation RestoreNet-test, 		 # psnr: 25.4061	 # ssim: 0.8472
2023-06-16 20:15:13,734 INFO: [Resto..][epoch: 22, iter: 362,500, lr:(2.163e-05,)] m_psnr: 2.5406e+01 m_ssim: 8.4722e-01 
2023-06-16 20:16:25,275 INFO: [Resto..][epoch: 22, iter: 362,600, lr:(2.151e-05,)] [eta: 8:56:20, time (data): 0.714 (0.002)] l_pix: -3.1598e+01 
2023-06-16 20:18:48,325 INFO: [Resto..][epoch: 22, iter: 362,800, lr:(2.129e-05,)] [eta: 8:52:49, time (data): 0.713 (0.002)] l_pix: -2.4569e+01 
2023-06-16 20:21:11,306 INFO: [Resto..][epoch: 22, iter: 363,000, lr:(2.106e-05,)] [eta: 8:49:19, time (data): 0.720 (0.002)] l_pix: -2.9973e+01 
2023-06-16 20:21:26,227 INFO: Validation RestoreNet-test, 		 # psnr: 25.4388	 # ssim: 0.8479
2023-06-16 20:21:26,228 INFO: [Resto..][epoch: 22, iter: 363,000, lr:(2.106e-05,)] m_psnr: 2.5439e+01 m_ssim: 8.4787e-01 
2023-06-16 20:23:49,328 INFO: [Resto..][epoch: 22, iter: 363,200, lr:(2.084e-05,)] [eta: 8:46:09, time (data): 0.713 (0.001)] l_pix: -2.4376e+01 
2023-06-16 20:26:12,307 INFO: [Resto..][epoch: 22, iter: 363,400, lr:(2.061e-05,)] [eta: 8:42:41, time (data): 0.717 (0.002)] l_pix: -2.2080e+01 
2023-06-16 20:27:38,707 INFO: Validation RestoreNet-test, 		 # psnr: 25.4420	 # ssim: 0.8474
2023-06-16 20:27:38,708 INFO: [Resto..][epoch: 22, iter: 363,500, lr:(2.050e-05,)] m_psnr: 2.5442e+01 m_ssim: 8.4735e-01 
2023-06-16 20:28:50,162 INFO: [Resto..][epoch: 22, iter: 363,600, lr:(2.039e-05,)] [eta: 8:39:32, time (data): 0.717 (0.002)] l_pix: -2.7255e+01 
2023-06-16 20:31:13,020 INFO: [Resto..][epoch: 22, iter: 363,800, lr:(2.017e-05,)] [eta: 8:36:05, time (data): 0.716 (0.002)] l_pix: -2.1544e+01 
2023-06-16 20:33:36,058 INFO: [Resto..][epoch: 22, iter: 364,000, lr:(1.995e-05,)] [eta: 8:32:39, time (data): 0.714 (0.002)] l_pix: -2.4262e+01 
2023-06-16 20:33:50,962 INFO: Validation RestoreNet-test, 		 # psnr: 25.4425	 # ssim: 0.8465
2023-06-16 20:33:50,963 INFO: [Resto..][epoch: 22, iter: 364,000, lr:(1.995e-05,)] m_psnr: 2.5443e+01 m_ssim: 8.4654e-01 
2023-06-16 20:36:13,391 INFO: [Resto..][epoch: 22, iter: 364,200, lr:(1.973e-05,)] [eta: 8:29:32, time (data): 0.710 (0.002)] l_pix: -2.6007e+01 
2023-06-16 20:38:35,580 INFO: [Resto..][epoch: 22, iter: 364,400, lr:(1.952e-05,)] [eta: 8:26:06, time (data): 0.710 (0.002)] l_pix: -2.2366e+01 
2023-06-16 20:40:01,495 INFO: Validation RestoreNet-test, 		 # psnr: 25.4230	 # ssim: 0.8472
2023-06-16 20:40:01,496 INFO: [Resto..][epoch: 22, iter: 364,500, lr:(1.941e-05,)] m_psnr: 2.5423e+01 m_ssim: 8.4723e-01 
2023-06-16 20:41:12,558 INFO: [Resto..][epoch: 22, iter: 364,600, lr:(1.930e-05,)] [eta: 8:23:00, time (data): 0.713 (0.002)] l_pix: -2.4834e+01 
2023-06-16 20:43:34,823 INFO: [Resto..][epoch: 22, iter: 364,800, lr:(1.909e-05,)] [eta: 8:19:36, time (data): 0.714 (0.003)] l_pix: -2.6138e+01 
2023-06-16 20:45:57,255 INFO: [Resto..][epoch: 22, iter: 365,000, lr:(1.887e-05,)] [eta: 8:16:13, time (data): 0.711 (0.003)] l_pix: -2.0908e+01 
2023-06-16 20:45:57,256 INFO: Saving models and training states.
2023-06-16 20:46:17,164 INFO: Validation RestoreNet-test, 		 # psnr: 25.4149	 # ssim: 0.8471
2023-06-16 20:46:17,165 INFO: [Resto..][epoch: 22, iter: 365,000, lr:(1.887e-05,)] m_psnr: 2.5415e+01 m_ssim: 8.4706e-01 
2023-06-16 20:48:39,841 INFO: [Resto..][epoch: 22, iter: 365,200, lr:(1.866e-05,)] [eta: 8:13:14, time (data): 0.717 (0.002)] l_pix: -2.5688e+01 
2023-06-16 20:51:02,381 INFO: [Resto..][epoch: 22, iter: 365,400, lr:(1.845e-05,)] [eta: 8:09:53, time (data): 0.712 (0.002)] l_pix: -2.6249e+01 
2023-06-16 20:52:28,518 INFO: Validation RestoreNet-test, 		 # psnr: 25.4658	 # ssim: 0.8476
2023-06-16 20:52:28,518 INFO: [Resto..][epoch: 22, iter: 365,500, lr:(1.834e-05,)] m_psnr: 2.5466e+01 m_ssim: 8.4763e-01 
2023-06-16 20:53:39,918 INFO: [Resto..][epoch: 22, iter: 365,600, lr:(1.824e-05,)] [eta: 8:06:49, time (data): 0.712 (0.002)] l_pix: -2.4770e+01 
2023-06-16 20:56:02,326 INFO: [Resto..][epoch: 22, iter: 365,800, lr:(1.803e-05,)] [eta: 8:03:28, time (data): 0.713 (0.003)] l_pix: -2.9598e+01 
2023-06-16 20:58:24,704 INFO: [Resto..][epoch: 22, iter: 366,000, lr:(1.782e-05,)] [eta: 8:00:09, time (data): 0.708 (0.002)] l_pix: -2.4505e+01 
2023-06-16 20:58:39,567 INFO: Validation RestoreNet-test, 		 # psnr: 25.4583	 # ssim: 0.8487
2023-06-16 20:58:39,568 INFO: [Resto..][epoch: 22, iter: 366,000, lr:(1.782e-05,)] m_psnr: 2.5458e+01 m_ssim: 8.4869e-01 
2023-06-16 21:01:01,975 INFO: [Resto..][epoch: 22, iter: 366,200, lr:(1.761e-05,)] [eta: 7:57:06, time (data): 0.718 (0.002)] l_pix: -2.6281e+01 
2023-06-16 21:03:24,546 INFO: [Resto..][epoch: 22, iter: 366,400, lr:(1.741e-05,)] [eta: 7:53:48, time (data): 0.713 (0.002)] l_pix: -2.5556e+01 
2023-06-16 21:04:50,558 INFO: Validation RestoreNet-test, 		 # psnr: 25.4391	 # ssim: 0.8482
2023-06-16 21:04:50,558 INFO: [Resto..][epoch: 22, iter: 366,500, lr:(1.731e-05,)] m_psnr: 2.5439e+01 m_ssim: 8.4820e-01 
2023-06-16 21:06:01,800 INFO: [Resto..][epoch: 22, iter: 366,600, lr:(1.720e-05,)] [eta: 7:50:46, time (data): 0.719 (0.003)] l_pix: -2.3523e+01 
2023-06-16 21:08:24,112 INFO: [Resto..][epoch: 22, iter: 366,800, lr:(1.700e-05,)] [eta: 7:47:29, time (data): 0.713 (0.002)] l_pix: -2.9217e+01 
2023-06-16 21:10:46,457 INFO: [Resto..][epoch: 22, iter: 367,000, lr:(1.680e-05,)] [eta: 7:44:13, time (data): 0.710 (0.002)] l_pix: -2.9284e+01 
2023-06-16 21:11:01,276 INFO: Validation RestoreNet-test, 		 # psnr: 25.4554	 # ssim: 0.8475
2023-06-16 21:11:01,276 INFO: [Resto..][epoch: 22, iter: 367,000, lr:(1.680e-05,)] m_psnr: 2.5455e+01 m_ssim: 8.4753e-01 
2023-06-16 21:13:23,543 INFO: [Resto..][epoch: 22, iter: 367,200, lr:(1.660e-05,)] [eta: 7:41:12, time (data): 0.711 (0.002)] l_pix: -2.0070e+01 
2023-06-16 21:15:45,858 INFO: [Resto..][epoch: 22, iter: 367,400, lr:(1.640e-05,)] [eta: 7:37:57, time (data): 0.709 (0.002)] l_pix: -2.9510e+01 
2023-06-16 21:17:11,833 INFO: Validation RestoreNet-test, 		 # psnr: 25.4477	 # ssim: 0.8471
2023-06-16 21:17:11,833 INFO: [Resto..][epoch: 22, iter: 367,500, lr:(1.630e-05,)] m_psnr: 2.5448e+01 m_ssim: 8.4713e-01 
2023-06-16 21:18:22,975 INFO: [Resto..][epoch: 22, iter: 367,600, lr:(1.620e-05,)] [eta: 7:34:57, time (data): 0.711 (0.002)] l_pix: -3.0121e+01 
2023-06-16 21:20:45,328 INFO: [Resto..][epoch: 22, iter: 367,800, lr:(1.600e-05,)] [eta: 7:31:42, time (data): 0.709 (0.002)] l_pix: -2.6474e+01 
2023-06-16 21:23:07,576 INFO: [Resto..][epoch: 22, iter: 368,000, lr:(1.581e-05,)] [eta: 7:28:29, time (data): 0.711 (0.002)] l_pix: -2.9085e+01 
2023-06-16 21:23:22,428 INFO: Validation RestoreNet-test, 		 # psnr: 25.4319	 # ssim: 0.8475
2023-06-16 21:23:22,429 INFO: [Resto..][epoch: 22, iter: 368,000, lr:(1.581e-05,)] m_psnr: 2.5432e+01 m_ssim: 8.4753e-01 
2023-06-16 21:25:44,755 INFO: [Resto..][epoch: 22, iter: 368,200, lr:(1.561e-05,)] [eta: 7:25:30, time (data): 0.710 (0.002)] l_pix: -2.4195e+01 
2023-06-16 21:28:07,139 INFO: [Resto..][epoch: 22, iter: 368,400, lr:(1.542e-05,)] [eta: 7:22:18, time (data): 0.709 (0.003)] l_pix: -2.8505e+01 
2023-06-16 21:29:33,188 INFO: Validation RestoreNet-test, 		 # psnr: 25.4231	 # ssim: 0.8472
2023-06-16 21:29:33,189 INFO: [Resto..][epoch: 22, iter: 368,500, lr:(1.532e-05,)] m_psnr: 2.5423e+01 m_ssim: 8.4716e-01 
2023-06-16 21:30:44,370 INFO: [Resto..][epoch: 22, iter: 368,600, lr:(1.523e-05,)] [eta: 7:19:20, time (data): 0.715 (0.002)] l_pix: -2.7521e+01 
2023-06-16 21:33:06,862 INFO: [Resto..][epoch: 22, iter: 368,800, lr:(1.504e-05,)] [eta: 7:16:08, time (data): 0.713 (0.002)] l_pix: -2.2993e+01 
2023-06-16 21:35:29,303 INFO: [Resto..][epoch: 22, iter: 369,000, lr:(1.485e-05,)] [eta: 7:12:57, time (data): 0.713 (0.002)] l_pix: -2.5636e+01 
2023-06-16 21:35:44,171 INFO: Validation RestoreNet-test, 		 # psnr: 25.4634	 # ssim: 0.8480
2023-06-16 21:35:44,171 INFO: [Resto..][epoch: 22, iter: 369,000, lr:(1.485e-05,)] m_psnr: 2.5463e+01 m_ssim: 8.4803e-01 
2023-06-16 21:38:06,556 INFO: [Resto..][epoch: 22, iter: 369,200, lr:(1.466e-05,)] [eta: 7:10:00, time (data): 0.710 (0.002)] l_pix: -2.6131e+01 
2023-06-16 21:40:29,086 INFO: [Resto..][epoch: 22, iter: 369,400, lr:(1.447e-05,)] [eta: 7:06:51, time (data): 0.712 (0.002)] l_pix: -2.6514e+01 
2023-06-16 21:41:55,072 INFO: Validation RestoreNet-test, 		 # psnr: 25.4651	 # ssim: 0.8482
2023-06-16 21:41:55,073 INFO: [Resto..][epoch: 22, iter: 369,500, lr:(1.438e-05,)] m_psnr: 2.5465e+01 m_ssim: 8.4817e-01 
2023-06-16 21:43:06,227 INFO: [Resto..][epoch: 22, iter: 369,600, lr:(1.428e-05,)] [eta: 7:03:54, time (data): 0.708 (0.002)] l_pix: -2.5885e+01 
2023-06-16 21:45:28,460 INFO: [Resto..][epoch: 22, iter: 369,800, lr:(1.410e-05,)] [eta: 7:00:45, time (data): 0.712 (0.002)] l_pix: -2.8574e+01 
2023-06-16 21:47:50,743 INFO: [Resto..][epoch: 22, iter: 370,000, lr:(1.391e-05,)] [eta: 6:57:37, time (data): 0.710 (0.001)] l_pix: -2.7848e+01 
2023-06-16 21:47:50,744 INFO: Saving models and training states.
2023-06-16 21:48:10,081 INFO: Validation RestoreNet-test, 		 # psnr: 25.4465	 # ssim: 0.8478
2023-06-16 21:48:10,082 INFO: [Resto..][epoch: 22, iter: 370,000, lr:(1.391e-05,)] m_psnr: 2.5447e+01 m_ssim: 8.4776e-01 
2023-06-16 21:50:32,643 INFO: [Resto..][epoch: 22, iter: 370,200, lr:(1.373e-05,)] [eta: 6:54:45, time (data): 0.709 (0.002)] l_pix: -2.9399e+01 
2023-06-16 21:52:54,982 INFO: [Resto..][epoch: 22, iter: 370,400, lr:(1.355e-05,)] [eta: 6:51:37, time (data): 0.716 (0.001)] l_pix: -2.5353e+01 
2023-06-16 21:54:21,071 INFO: Validation RestoreNet-test, 		 # psnr: 25.4411	 # ssim: 0.8475
2023-06-16 21:54:21,072 INFO: [Resto..][epoch: 22, iter: 370,500, lr:(1.346e-05,)] m_psnr: 2.5441e+01 m_ssim: 8.4751e-01 
2023-06-16 21:55:32,235 INFO: [Resto..][epoch: 22, iter: 370,600, lr:(1.337e-05,)] [eta: 6:48:43, time (data): 0.710 (0.002)] l_pix: -2.3871e+01 
2023-06-16 21:57:54,783 INFO: [Resto..][epoch: 22, iter: 370,800, lr:(1.319e-05,)] [eta: 6:45:36, time (data): 0.711 (0.001)] l_pix: -2.2867e+01 
2023-06-16 22:00:19,682 INFO: [Resto..][epoch: 22, iter: 371,000, lr:(1.301e-05,)] [eta: 6:42:32, time (data): 0.710 (0.002)] l_pix: -3.0850e+01 
2023-06-16 22:00:34,548 INFO: Validation RestoreNet-test, 		 # psnr: 25.4651	 # ssim: 0.8481
2023-06-16 22:00:34,549 INFO: [Resto..][epoch: 22, iter: 371,000, lr:(1.301e-05,)] m_psnr: 2.5465e+01 m_ssim: 8.4814e-01 
2023-06-16 22:02:56,894 INFO: [Resto..][epoch: 22, iter: 371,200, lr:(1.284e-05,)] [eta: 6:39:38, time (data): 0.707 (0.002)] l_pix: -2.7779e+01 
2023-06-16 22:05:19,262 INFO: [Resto..][epoch: 22, iter: 371,400, lr:(1.266e-05,)] [eta: 6:36:32, time (data): 0.709 (0.002)] l_pix: -1.9742e+01 
2023-06-16 22:06:45,425 INFO: Validation RestoreNet-test, 		 # psnr: 25.4893	 # ssim: 0.8488
2023-06-16 22:06:45,426 INFO: [Resto..][epoch: 22, iter: 371,500, lr:(1.257e-05,)] m_psnr: 2.5489e+01 m_ssim: 8.4875e-01 
2023-06-16 22:07:56,599 INFO: [Resto..][epoch: 22, iter: 371,600, lr:(1.249e-05,)] [eta: 6:33:39, time (data): 0.712 (0.002)] l_pix: -2.7585e+01 
2023-06-16 22:10:18,918 INFO: [Resto..][epoch: 22, iter: 371,800, lr:(1.231e-05,)] [eta: 6:30:34, time (data): 0.708 (0.002)] l_pix: -2.9111e+01 
2023-06-16 22:12:41,302 INFO: [Resto..][epoch: 22, iter: 372,000, lr:(1.214e-05,)] [eta: 6:27:30, time (data): 0.713 (0.003)] l_pix: -2.3680e+01 
2023-06-16 22:12:56,160 INFO: Validation RestoreNet-test, 		 # psnr: 25.4771	 # ssim: 0.8478
2023-06-16 22:12:56,161 INFO: [Resto..][epoch: 22, iter: 372,000, lr:(1.214e-05,)] m_psnr: 2.5477e+01 m_ssim: 8.4780e-01 
2023-06-16 22:15:18,384 INFO: [Resto..][epoch: 22, iter: 372,200, lr:(1.197e-05,)] [eta: 6:24:37, time (data): 0.716 (0.003)] l_pix: -2.8583e+01 
2023-06-16 22:17:40,774 INFO: [Resto..][epoch: 22, iter: 372,400, lr:(1.180e-05,)] [eta: 6:21:34, time (data): 0.706 (0.001)] l_pix: -2.3294e+01 
2023-06-16 22:19:06,881 INFO: Validation RestoreNet-test, 		 # psnr: 25.4821	 # ssim: 0.8482
2023-06-16 22:19:06,882 INFO: [Resto..][epoch: 22, iter: 372,500, lr:(1.172e-05,)] m_psnr: 2.5482e+01 m_ssim: 8.4823e-01 
2023-06-16 22:20:18,052 INFO: [Resto..][epoch: 22, iter: 372,600, lr:(1.163e-05,)] [eta: 6:18:41, time (data): 0.711 (0.002)] l_pix: -2.5831e+01 
2023-06-16 22:22:40,444 INFO: [Resto..][epoch: 22, iter: 372,800, lr:(1.147e-05,)] [eta: 6:15:39, time (data): 0.711 (0.002)] l_pix: -2.7704e+01 
2023-06-16 22:25:02,669 INFO: [Resto..][epoch: 22, iter: 373,000, lr:(1.130e-05,)] [eta: 6:12:36, time (data): 0.709 (0.002)] l_pix: -2.5424e+01 
2023-06-16 22:25:17,525 INFO: Validation RestoreNet-test, 		 # psnr: 25.4589	 # ssim: 0.8478
2023-06-16 22:25:17,526 INFO: [Resto..][epoch: 22, iter: 373,000, lr:(1.130e-05,)] m_psnr: 2.5459e+01 m_ssim: 8.4776e-01 
2023-06-16 22:27:39,754 INFO: [Resto..][epoch: 22, iter: 373,200, lr:(1.114e-05,)] [eta: 6:09:45, time (data): 0.711 (0.002)] l_pix: -2.5504e+01 
2023-06-16 22:30:01,913 INFO: [Resto..][epoch: 22, iter: 373,400, lr:(1.097e-05,)] [eta: 6:06:43, time (data): 0.709 (0.002)] l_pix: -2.3913e+01 
2023-06-16 22:31:27,802 INFO: Validation RestoreNet-test, 		 # psnr: 25.4561	 # ssim: 0.8483
2023-06-16 22:31:27,803 INFO: [Resto..][epoch: 22, iter: 373,500, lr:(1.089e-05,)] m_psnr: 2.5456e+01 m_ssim: 8.4832e-01 
2023-06-16 22:32:38,915 INFO: [Resto..][epoch: 22, iter: 373,600, lr:(1.081e-05,)] [eta: 6:03:52, time (data): 0.713 (0.004)] l_pix: -2.5474e+01 
2023-06-16 22:35:01,019 INFO: [Resto..][epoch: 22, iter: 373,800, lr:(1.065e-05,)] [eta: 6:00:50, time (data): 0.709 (0.002)] l_pix: -2.2320e+01 
2023-06-16 22:37:23,293 INFO: [Resto..][epoch: 22, iter: 374,000, lr:(1.049e-05,)] [eta: 5:57:50, time (data): 0.711 (0.002)] l_pix: -2.9918e+01 
2023-06-16 22:37:38,117 INFO: Validation RestoreNet-test, 		 # psnr: 25.4534	 # ssim: 0.8478
2023-06-16 22:37:38,118 INFO: [Resto..][epoch: 22, iter: 374,000, lr:(1.049e-05,)] m_psnr: 2.5453e+01 m_ssim: 8.4778e-01 
2023-06-16 22:40:00,304 INFO: [Resto..][epoch: 22, iter: 374,200, lr:(1.033e-05,)] [eta: 5:54:59, time (data): 0.712 (0.002)] l_pix: -2.4715e+01 
2023-06-16 22:42:22,420 INFO: [Resto..][epoch: 22, iter: 374,400, lr:(1.017e-05,)] [eta: 5:51:59, time (data): 0.710 (0.001)] l_pix: -2.4070e+01 
2023-06-16 22:43:48,332 INFO: Validation RestoreNet-test, 		 # psnr: 25.4522	 # ssim: 0.8480
2023-06-16 22:43:48,333 INFO: [Resto..][epoch: 22, iter: 374,500, lr:(1.009e-05,)] m_psnr: 2.5452e+01 m_ssim: 8.4798e-01 
2023-06-16 22:44:59,394 INFO: [Resto..][epoch: 22, iter: 374,600, lr:(1.002e-05,)] [eta: 5:49:09, time (data): 0.716 (0.002)] l_pix: -2.8302e+01 
2023-06-16 22:47:21,743 INFO: [Resto..][epoch: 22, iter: 374,800, lr:(9.861e-06,)] [eta: 5:46:10, time (data): 0.707 (0.001)] l_pix: -2.9904e+01 
2023-06-16 22:49:43,893 INFO: [Resto..][epoch: 22, iter: 375,000, lr:(9.707e-06,)] [eta: 5:43:11, time (data): 0.704 (0.002)] l_pix: -2.8065e+01 
2023-06-16 22:49:43,894 INFO: Saving models and training states.
2023-06-16 22:50:03,246 INFO: Validation RestoreNet-test, 		 # psnr: 25.4555	 # ssim: 0.8484
2023-06-16 22:50:03,247 INFO: [Resto..][epoch: 22, iter: 375,000, lr:(9.707e-06,)] m_psnr: 2.5456e+01 m_ssim: 8.4836e-01 
2023-06-16 22:52:25,426 INFO: [Resto..][epoch: 22, iter: 375,200, lr:(9.555e-06,)] [eta: 5:40:24, time (data): 0.710 (0.003)] l_pix: -2.0761e+01 
2023-06-16 22:54:47,821 INFO: [Resto..][epoch: 22, iter: 375,400, lr:(9.403e-06,)] [eta: 5:37:26, time (data): 0.710 (0.003)] l_pix: -3.1241e+01 
2023-06-16 22:56:13,705 INFO: Validation RestoreNet-test, 		 # psnr: 25.4440	 # ssim: 0.8479
2023-06-16 22:56:13,706 INFO: [Resto..][epoch: 23, iter: 375,500, lr:(9.328e-06,)] m_psnr: 2.5444e+01 m_ssim: 8.4788e-01 
2023-06-16 22:57:24,741 INFO: [Resto..][epoch: 23, iter: 375,600, lr:(9.253e-06,)] [eta: 5:34:37, time (data): 0.709 (0.002)] l_pix: -2.6504e+01 
2023-06-16 22:59:46,694 INFO: [Resto..][epoch: 23, iter: 375,800, lr:(9.104e-06,)] [eta: 5:31:39, time (data): 0.708 (0.002)] l_pix: -2.1937e+01 
2023-06-16 23:02:08,610 INFO: [Resto..][epoch: 23, iter: 376,000, lr:(8.956e-06,)] [eta: 5:28:41, time (data): 0.709 (0.002)] l_pix: -3.0141e+01 
2023-06-16 23:02:23,436 INFO: Validation RestoreNet-test, 		 # psnr: 25.4937	 # ssim: 0.8489
2023-06-16 23:02:23,436 INFO: [Resto..][epoch: 23, iter: 376,000, lr:(8.956e-06,)] m_psnr: 2.5494e+01 m_ssim: 8.4885e-01 
2023-06-16 23:04:45,486 INFO: [Resto..][epoch: 23, iter: 376,200, lr:(8.810e-06,)] [eta: 5:25:52, time (data): 0.709 (0.002)] l_pix: -2.1382e+01 
2023-06-16 23:07:07,572 INFO: [Resto..][epoch: 23, iter: 376,400, lr:(8.664e-06,)] [eta: 5:22:55, time (data): 0.709 (0.002)] l_pix: -2.7118e+01 
2023-06-16 23:08:33,417 INFO: Validation RestoreNet-test, 		 # psnr: 25.4720	 # ssim: 0.8483
2023-06-16 23:08:33,418 INFO: [Resto..][epoch: 23, iter: 376,500, lr:(8.592e-06,)] m_psnr: 2.5472e+01 m_ssim: 8.4829e-01 
2023-06-16 23:09:44,428 INFO: [Resto..][epoch: 23, iter: 376,600, lr:(8.520e-06,)] [eta: 5:20:07, time (data): 0.712 (0.003)] l_pix: -2.8085e+01 
2023-06-16 23:12:06,492 INFO: [Resto..][epoch: 23, iter: 376,800, lr:(8.377e-06,)] [eta: 5:17:10, time (data): 0.710 (0.003)] l_pix: -2.2020e+01 
2023-06-16 23:14:28,680 INFO: [Resto..][epoch: 23, iter: 377,000, lr:(8.236e-06,)] [eta: 5:14:14, time (data): 0.708 (0.002)] l_pix: -3.2243e+01 
2023-06-16 23:14:43,497 INFO: Validation RestoreNet-test, 		 # psnr: 25.4651	 # ssim: 0.8479
2023-06-16 23:14:43,498 INFO: [Resto..][epoch: 23, iter: 377,000, lr:(8.236e-06,)] m_psnr: 2.5465e+01 m_ssim: 8.4787e-01 
2023-06-16 23:17:05,570 INFO: [Resto..][epoch: 23, iter: 377,200, lr:(8.095e-06,)] [eta: 5:11:27, time (data): 0.712 (0.002)] l_pix: -3.1760e+01 
2023-06-16 23:19:27,622 INFO: [Resto..][epoch: 23, iter: 377,400, lr:(7.956e-06,)] [eta: 5:08:31, time (data): 0.714 (0.003)] l_pix: -3.1788e+01 
2023-06-16 23:20:53,487 INFO: Validation RestoreNet-test, 		 # psnr: 25.4483	 # ssim: 0.8476
2023-06-16 23:20:53,488 INFO: [Resto..][epoch: 23, iter: 377,500, lr:(7.887e-06,)] m_psnr: 2.5448e+01 m_ssim: 8.4762e-01 
2023-06-16 23:22:04,481 INFO: [Resto..][epoch: 23, iter: 377,600, lr:(7.818e-06,)] [eta: 5:05:44, time (data): 0.710 (0.002)] l_pix: -3.0755e+01 
2023-06-16 23:24:26,464 INFO: [Resto..][epoch: 23, iter: 377,800, lr:(7.681e-06,)] [eta: 5:02:48, time (data): 0.710 (0.003)] l_pix: -2.8391e+01 
2023-06-16 23:26:48,718 INFO: [Resto..][epoch: 23, iter: 378,000, lr:(7.545e-06,)] [eta: 4:59:54, time (data): 0.711 (0.002)] l_pix: -2.4633e+01 
2023-06-16 23:27:03,546 INFO: Validation RestoreNet-test, 		 # psnr: 25.4685	 # ssim: 0.8483
2023-06-16 23:27:03,547 INFO: [Resto..][epoch: 23, iter: 378,000, lr:(7.545e-06,)] m_psnr: 2.5468e+01 m_ssim: 8.4828e-01 
2023-06-16 23:29:25,655 INFO: [Resto..][epoch: 23, iter: 378,200, lr:(7.411e-06,)] [eta: 4:57:07, time (data): 0.710 (0.002)] l_pix: -2.7644e+01 
