2023-06-15 00:09:33,674 INFO: 
                ____                _       _____  ____
               / __ ) ____ _ _____ (_)_____/ ___/ / __ \
              / __  |/ __ `// ___// // ___/\__ \ / /_/ /
             / /_/ // /_/ /(__  )/ // /__ ___/ // _, _/
            /_____/ \__,_//____//_/ \___//____//_/ |_|
     ______                   __   __                 __      __
    / ____/____   ____   ____/ /  / /   __  __ _____ / /__   / /
   / / __ / __ \ / __ \ / __  /  / /   / / / // ___// //_/  / /
  / /_/ // /_/ // /_/ // /_/ /  / /___/ /_/ // /__ / /<    /_/
  \____/ \____/ \____/ \____/  /_____/\____/ \___//_/|_|  (_)
    
Version Information: 
	BasicSR: 1.2.0+386ca20
	PyTorch: 2.0.1+cu118
	TorchVision: 0.15.2+cu118
2023-06-15 00:09:33,675 INFO: 
  name: RestoreNet-width64
  model_type: ImageRestorationModel
  scale: 1
  num_gpu: 1
  manual_seed: 10
  datasets:[
    train:[
      name: RestoreNet-train
      type: PairedImageDataset
      dataroot_gt: /content/drive/MyDrive/ground/gt
      dataroot_lq: /content/drive/MyDrive/output_result
      filename_tmpl: {}
      io_backend:[
        type: disk
      ]
      gt_size: 256
      use_flip: True
      use_rot: True
      use_shuffle: True
      num_worker_per_gpu: 2
      batch_size_per_gpu: 2
      dataset_enlarge_ratio: 1
      prefetch_mode: None
      phase: train
      scale: 1
    ]
    val:[
      name: RestoreNet-test
      type: PairedImageDataset
      dataroot_gt: /content/drive/MyDrive/testdataset/gt
      dataroot_lq: /content/drive/MyDrive/testdataset/lq
      io_backend:[
        type: disk
      ]
      phase: val
      scale: 1
    ]
  ]
  network_g:[
    type: RestoreNetLocal
    width_deblur: 64
    enc_blk_nums_deblur: [1, 1, 1, 28]
    middle_blk_num_deblur: 1
    dec_blk_nums_deblur: [1, 1, 1, 1]
    dw_expand_deblur: 2
    ffn_expand_deblur: 2
    width_denoise: 64
    enc_blk_nums_denoise: [2, 2, 4, 8]
    middle_blk_num_denoise: 12
    dec_blk_nums_denoise: [2, 2, 2, 2]
    dw_expand_denoise: 2
    ffn_expand_denoise: 2
  ]
  path:[
    pretrain_network_g: None
    strict_load_g: True
    resume_state: experiments/RestoreNet-width64/training_states/230000.state
    root: /content/drive/MyDrive/NAFNet-main
    experiments_root: /content/drive/MyDrive/NAFNet-main/experiments/RestoreNet-width64
    models: /content/drive/MyDrive/NAFNet-main/experiments/RestoreNet-width64/models
    training_states: /content/drive/MyDrive/NAFNet-main/experiments/RestoreNet-width64/training_states
    log: /content/drive/MyDrive/NAFNet-main/experiments/RestoreNet-width64
    visualization: /content/drive/MyDrive/NAFNet-main/experiments/RestoreNet-width64/visualization
  ]
  train:[
    optim_g:[
      type: AdamW
      lr: 0.001
      weight_decay: 0.001
      betas: [0.9, 0.9]
    ]
    scheduler:[
      type: TrueCosineAnnealingLR
      T_max: 400000
      eta_min: 1e-07
    ]
    total_iter: 400000
    warmup_iter: -1
    pixel_opt:[
      type: PSNRLoss
      loss_weight: 1
      reduction: mean
    ]
  ]
  val:[
    val_freq: 500.0
    save_img: False
    metrics:[
      psnr:[
        type: calculate_psnr
        crop_border: 0
        test_y_channel: False
      ]
      ssim:[
        type: calculate_ssim
        crop_border: 0
        test_y_channel: False
      ]
    ]
  ]
  logger:[
    print_freq: 200
    save_checkpoint_freq: 5000.0
    use_tb_logger: True
    wandb:[
      project: None
      resume_id: None
    ]
  ]
  dist_params:[
    backend: gloo
    port: 4321
  ]
  is_train: True
  dist: True
  rank: 0
  world_size: 1

2023-06-15 00:10:38,807 INFO: Dataset PairedImageDataset - RestoreNet-train is created.
2023-06-15 00:10:38,808 INFO: Training statistics:
	Number of train images: 26989
	Dataset enlarge ratio: 1
	Batch size per gpu: 2
	World size (gpu number): 1
	Require iter number per epoch: 13495
	Total epochs: 30; iters: 400000.
2023-06-15 00:10:39,686 INFO: Dataset PairedImageDataset - RestoreNet-test is created.
2023-06-15 00:10:39,686 INFO: Number of val images/folders in RestoreNet-test: 20
2023-06-15 00:10:39,686 INFO: Set pretrain_network_g to /content/drive/MyDrive/NAFNet-main/experiments/RestoreNet-width64/models/net_g_230000.pth
2023-06-15 00:10:45,824 INFO: Loading RestoreNetLocal model from /content/drive/MyDrive/NAFNet-main/experiments/RestoreNet-width64/models/net_g_230000.pth.
2023-06-15 00:11:45,038 INFO: Model [ImageRestorationModel] is created.
2023-06-15 00:11:45,121 INFO: Resuming training from epoch: 16, iter: 230000.
2023-06-15 00:11:49,341 INFO: Start training from epoch: 16, iter: 230000
2023-06-15 00:14:50,552 INFO: [Resto..][epoch: 16, iter: 230,200, lr:(3.826e-04,)] [eta: 1 day, 19:30:46, time (data): 0.747 (0.002)] l_pix: -2.4016e+01 
2023-06-15 00:17:42,588 INFO: [Resto..][epoch: 16, iter: 230,400, lr:(3.818e-04,)] [eta: 1 day, 17:59:47, time (data): 0.748 (0.002)] l_pix: -2.0958e+01 
2023-06-15 00:19:53,697 INFO: Validation RestoreNet-test, 		 # psnr: 25.3221	 # ssim: 0.8451
2023-06-15 00:19:53,698 INFO: [Resto..][epoch: 16, iter: 230,500, lr:(3.814e-04,)] m_psnr: 2.5322e+01 m_ssim: 8.4511e-01 
2023-06-15 00:21:11,867 INFO: [Resto..][epoch: 16, iter: 230,600, lr:(3.811e-04,)] [eta: 1 day, 20:22:24, time (data): 0.750 (0.002)] l_pix: -2.4844e+01 
2023-06-15 00:24:02,023 INFO: [Resto..][epoch: 16, iter: 230,800, lr:(3.803e-04,)] [eta: 1 day, 19:14:19, time (data): 1.261 (0.519)] l_pix: -2.0901e+01 
2023-06-15 00:27:17,212 INFO: [Resto..][epoch: 16, iter: 231,000, lr:(3.795e-04,)] [eta: 1 day, 19:42:45, time (data): 0.814 (0.075)] l_pix: -2.4225e+01 
2023-06-15 00:27:33,014 INFO: Validation RestoreNet-test, 		 # psnr: 25.2581	 # ssim: 0.8434
2023-06-15 00:27:33,015 INFO: [Resto..][epoch: 16, iter: 231,000, lr:(3.795e-04,)] m_psnr: 2.5258e+01 m_ssim: 8.4342e-01 
2023-06-15 00:30:19,793 INFO: [Resto..][epoch: 16, iter: 231,200, lr:(3.788e-04,)] [eta: 1 day, 19:31:05, time (data): 1.036 (0.293)] l_pix: -3.1007e+01 
2023-06-15 00:33:07,971 INFO: [Resto..][epoch: 16, iter: 231,400, lr:(3.780e-04,)] [eta: 1 day, 18:53:00, time (data): 0.753 (0.002)] l_pix: -1.9854e+01 
2023-06-15 00:34:45,804 INFO: Validation RestoreNet-test, 		 # psnr: 25.3552	 # ssim: 0.8460
2023-06-15 00:34:45,805 INFO: [Resto..][epoch: 16, iter: 231,500, lr:(3.776e-04,)] m_psnr: 2.5355e+01 m_ssim: 8.4598e-01 
2023-06-15 00:36:06,279 INFO: [Resto..][epoch: 16, iter: 231,600, lr:(3.772e-04,)] [eta: 1 day, 18:41:29, time (data): 0.750 (0.002)] l_pix: -2.5455e+01 
2023-06-15 00:38:52,690 INFO: [Resto..][epoch: 16, iter: 231,800, lr:(3.765e-04,)] [eta: 1 day, 18:13:21, time (data): 0.752 (0.001)] l_pix: -2.4548e+01 
2023-06-15 00:41:49,324 INFO: [Resto..][epoch: 16, iter: 232,000, lr:(3.757e-04,)] [eta: 1 day, 18:04:36, time (data): 0.983 (0.243)] l_pix: -2.3264e+01 
2023-06-15 00:42:05,108 INFO: Validation RestoreNet-test, 		 # psnr: 25.2706	 # ssim: 0.8449
2023-06-15 00:42:05,109 INFO: [Resto..][epoch: 16, iter: 232,000, lr:(3.757e-04,)] m_psnr: 2.5271e+01 m_ssim: 8.4495e-01 
2023-06-15 00:44:53,211 INFO: [Resto..][epoch: 16, iter: 232,200, lr:(3.750e-04,)] [eta: 1 day, 18:06:07, time (data): 0.756 (0.003)] l_pix: -2.0580e+01 
2023-06-15 00:48:07,806 INFO: [Resto..][epoch: 16, iter: 232,400, lr:(3.742e-04,)] [eta: 1 day, 18:19:19, time (data): 1.291 (0.553)] l_pix: -2.5444e+01 
2023-06-15 00:49:45,214 INFO: Validation RestoreNet-test, 		 # psnr: 25.2423	 # ssim: 0.8436
2023-06-15 00:49:45,215 INFO: [Resto..][epoch: 16, iter: 232,500, lr:(3.738e-04,)] m_psnr: 2.5242e+01 m_ssim: 8.4359e-01 
2023-06-15 00:51:06,748 INFO: [Resto..][epoch: 16, iter: 232,600, lr:(3.734e-04,)] [eta: 1 day, 18:13:13, time (data): 0.844 (0.100)] l_pix: -2.3637e+01 
2023-06-15 00:54:01,134 INFO: [Resto..][epoch: 16, iter: 232,800, lr:(3.727e-04,)] [eta: 1 day, 18:03:01, time (data): 0.761 (0.002)] l_pix: -2.6763e+01 
2023-06-15 00:56:45,071 INFO: [Resto..][epoch: 16, iter: 233,000, lr:(3.719e-04,)] [eta: 1 day, 17:44:06, time (data): 0.779 (0.022)] l_pix: -2.2037e+01 
2023-06-15 00:57:00,855 INFO: Validation RestoreNet-test, 		 # psnr: 25.3440	 # ssim: 0.8427
2023-06-15 00:57:00,856 INFO: [Resto..][epoch: 16, iter: 233,000, lr:(3.719e-04,)] m_psnr: 2.5344e+01 m_ssim: 8.4270e-01 
2023-06-15 00:59:42,380 INFO: [Resto..][epoch: 16, iter: 233,200, lr:(3.712e-04,)] [eta: 1 day, 17:38:49, time (data): 0.752 (0.002)] l_pix: -2.3332e+01 
2023-06-15 01:02:29,421 INFO: [Resto..][epoch: 16, iter: 233,400, lr:(3.704e-04,)] [eta: 1 day, 17:25:25, time (data): 0.987 (0.234)] l_pix: -2.6865e+01 
2023-06-15 01:04:10,735 INFO: Validation RestoreNet-test, 		 # psnr: 25.3231	 # ssim: 0.8426
2023-06-15 01:04:10,736 INFO: [Resto..][epoch: 16, iter: 233,500, lr:(3.700e-04,)] m_psnr: 2.5323e+01 m_ssim: 8.4258e-01 
2023-06-15 01:05:33,294 INFO: [Resto..][epoch: 16, iter: 233,600, lr:(3.696e-04,)] [eta: 1 day, 17:26:10, time (data): 0.903 (0.159)] l_pix: -2.4030e+01 
2023-06-15 01:08:17,117 INFO: [Resto..][epoch: 16, iter: 233,800, lr:(3.689e-04,)] [eta: 1 day, 17:11:55, time (data): 0.749 (0.002)] l_pix: -2.2252e+01 
2023-06-15 01:11:02,654 INFO: [Resto..][epoch: 16, iter: 234,000, lr:(3.681e-04,)] [eta: 1 day, 16:59:59, time (data): 0.909 (0.161)] l_pix: -1.9453e+01 
2023-06-15 01:11:18,460 INFO: Validation RestoreNet-test, 		 # psnr: 25.2785	 # ssim: 0.8408
2023-06-15 01:11:18,461 INFO: [Resto..][epoch: 16, iter: 234,000, lr:(3.681e-04,)] m_psnr: 2.5278e+01 m_ssim: 8.4079e-01 
2023-06-15 01:14:03,439 INFO: [Resto..][epoch: 16, iter: 234,200, lr:(3.674e-04,)] [eta: 1 day, 16:58:58, time (data): 0.752 (0.001)] l_pix: -2.4571e+01 
2023-06-15 01:16:47,395 INFO: [Resto..][epoch: 16, iter: 234,400, lr:(3.666e-04,)] [eta: 1 day, 16:47:13, time (data): 0.750 (0.001)] l_pix: -2.9799e+01 
2023-06-15 01:18:23,978 INFO: Validation RestoreNet-test, 		 # psnr: 25.2757	 # ssim: 0.8427
2023-06-15 01:18:23,979 INFO: [Resto..][epoch: 16, iter: 234,500, lr:(3.662e-04,)] m_psnr: 2.5276e+01 m_ssim: 8.4267e-01 
2023-06-15 01:19:44,401 INFO: [Resto..][epoch: 16, iter: 234,600, lr:(3.659e-04,)] [eta: 1 day, 16:44:03, time (data): 0.760 (0.001)] l_pix: -2.0173e+01 
2023-06-15 01:22:26,346 INFO: [Resto..][epoch: 16, iter: 234,800, lr:(3.651e-04,)] [eta: 1 day, 16:32:17, time (data): 0.868 (0.125)] l_pix: -2.2685e+01 
2023-06-15 01:25:10,114 INFO: [Resto..][epoch: 16, iter: 235,000, lr:(3.643e-04,)] [eta: 1 day, 16:22:14, time (data): 0.746 (0.002)] l_pix: -2.9217e+01 
2023-06-15 01:25:10,115 INFO: Saving models and training states.
2023-06-15 01:25:31,050 INFO: Validation RestoreNet-test, 		 # psnr: 25.0649	 # ssim: 0.8367
2023-06-15 01:25:31,051 INFO: [Resto..][epoch: 16, iter: 235,000, lr:(3.643e-04,)] m_psnr: 2.5065e+01 m_ssim: 8.3673e-01 
2023-06-15 01:28:12,619 INFO: [Resto..][epoch: 16, iter: 235,200, lr:(3.636e-04,)] [eta: 1 day, 16:22:39, time (data): 0.755 (0.001)] l_pix: -3.1339e+01 
2023-06-15 01:30:53,578 INFO: [Resto..][epoch: 16, iter: 235,400, lr:(3.628e-04,)] [eta: 1 day, 16:11:52, time (data): 0.754 (0.001)] l_pix: -2.5142e+01 
2023-06-15 01:32:29,324 INFO: Validation RestoreNet-test, 		 # psnr: 25.2329	 # ssim: 0.8425
2023-06-15 01:32:29,325 INFO: [Resto..][epoch: 16, iter: 235,500, lr:(3.625e-04,)] m_psnr: 2.5233e+01 m_ssim: 8.4254e-01 
2023-06-15 01:33:51,079 INFO: [Resto..][epoch: 16, iter: 235,600, lr:(3.621e-04,)] [eta: 1 day, 16:09:45, time (data): 0.749 (0.002)] l_pix: -2.0725e+01 
2023-06-15 01:37:34,074 INFO: [Resto..][epoch: 16, iter: 235,800, lr:(3.613e-04,)] [eta: 1 day, 16:29:02, time (data): 1.012 (0.267)] l_pix: -2.6396e+01 
2023-06-15 01:40:19,359 INFO: [Resto..][epoch: 16, iter: 236,000, lr:(3.606e-04,)] [eta: 1 day, 16:20:30, time (data): 0.753 (0.001)] l_pix: -3.1487e+01 
2023-06-15 01:40:35,152 INFO: Validation RestoreNet-test, 		 # psnr: 25.1657	 # ssim: 0.8363
2023-06-15 01:40:35,152 INFO: [Resto..][epoch: 16, iter: 236,000, lr:(3.606e-04,)] m_psnr: 2.5166e+01 m_ssim: 8.3633e-01 
2023-06-15 01:43:16,525 INFO: [Resto..][epoch: 16, iter: 236,200, lr:(3.598e-04,)] [eta: 1 day, 16:17:35, time (data): 0.750 (0.001)] l_pix: -2.8546e+01 
2023-06-15 01:45:59,309 INFO: [Resto..][epoch: 16, iter: 236,400, lr:(3.591e-04,)] [eta: 1 day, 16:08:31, time (data): 0.757 (0.002)] l_pix: -2.3308e+01 
2023-06-15 01:47:34,895 INFO: Validation RestoreNet-test, 		 # psnr: 25.1471	 # ssim: 0.8346
2023-06-15 01:47:34,896 INFO: [Resto..][epoch: 16, iter: 236,500, lr:(3.587e-04,)] m_psnr: 2.5147e+01 m_ssim: 8.3462e-01 
2023-06-15 01:48:55,894 INFO: [Resto..][epoch: 16, iter: 236,600, lr:(3.583e-04,)] [eta: 1 day, 16:05:33, time (data): 0.766 (0.001)] l_pix: -2.5018e+01 
2023-06-15 01:51:38,704 INFO: [Resto..][epoch: 16, iter: 236,800, lr:(3.576e-04,)] [eta: 1 day, 15:57:03, time (data): 0.966 (0.221)] l_pix: -2.3295e+01 
2023-06-15 01:54:21,105 INFO: [Resto..][epoch: 16, iter: 237,000, lr:(3.568e-04,)] [eta: 1 day, 15:48:45, time (data): 0.749 (0.004)] l_pix: -2.2913e+01 
2023-06-15 01:54:36,880 INFO: Validation RestoreNet-test, 		 # psnr: 25.1864	 # ssim: 0.8396
2023-06-15 01:54:36,881 INFO: [Resto..][epoch: 16, iter: 237,000, lr:(3.568e-04,)] m_psnr: 2.5186e+01 m_ssim: 8.3955e-01 
2023-06-15 01:57:16,756 INFO: [Resto..][epoch: 16, iter: 237,200, lr:(3.561e-04,)] [eta: 1 day, 15:45:44, time (data): 0.751 (0.003)] l_pix: -1.7625e+01 
2023-06-15 02:00:00,956 INFO: [Resto..][epoch: 16, iter: 237,400, lr:(3.553e-04,)] [eta: 1 day, 15:38:32, time (data): 0.762 (0.002)] l_pix: -2.4356e+01 
2023-06-15 02:01:38,131 INFO: Validation RestoreNet-test, 		 # psnr: 25.1311	 # ssim: 0.8368
2023-06-15 02:01:38,131 INFO: [Resto..][epoch: 16, iter: 237,500, lr:(3.549e-04,)] m_psnr: 2.5131e+01 m_ssim: 8.3683e-01 
2023-06-15 02:02:59,836 INFO: [Resto..][epoch: 16, iter: 237,600, lr:(3.546e-04,)] [eta: 1 day, 15:36:48, time (data): 1.194 (0.449)] l_pix: -2.2335e+01 
2023-06-15 02:05:46,000 INFO: [Resto..][epoch: 16, iter: 237,800, lr:(3.538e-04,)] [eta: 1 day, 15:30:36, time (data): 0.750 (0.001)] l_pix: -2.1895e+01 
2023-06-15 02:08:30,197 INFO: [Resto..][epoch: 16, iter: 238,000, lr:(3.530e-04,)] [eta: 1 day, 15:23:54, time (data): 0.751 (0.001)] l_pix: -2.3550e+01 
2023-06-15 02:08:45,984 INFO: Validation RestoreNet-test, 		 # psnr: 25.1734	 # ssim: 0.8387
2023-06-15 02:08:45,985 INFO: [Resto..][epoch: 16, iter: 238,000, lr:(3.530e-04,)] m_psnr: 2.5173e+01 m_ssim: 8.3871e-01 
2023-06-15 02:11:27,664 INFO: [Resto..][epoch: 16, iter: 238,200, lr:(3.523e-04,)] [eta: 1 day, 15:21:45, time (data): 0.762 (0.002)] l_pix: -2.6013e+01 
2023-06-15 02:14:12,782 INFO: [Resto..][epoch: 16, iter: 238,400, lr:(3.515e-04,)] [eta: 1 day, 15:15:37, time (data): 1.380 (0.635)] l_pix: -2.8194e+01 
2023-06-15 02:15:50,174 INFO: Validation RestoreNet-test, 		 # psnr: 25.1374	 # ssim: 0.8355
2023-06-15 02:15:50,175 INFO: [Resto..][epoch: 16, iter: 238,500, lr:(3.512e-04,)] m_psnr: 2.5137e+01 m_ssim: 8.3551e-01 
2023-06-15 02:17:09,460 INFO: [Resto..][epoch: 16, iter: 238,600, lr:(3.508e-04,)] [eta: 1 day, 15:13:15, time (data): 0.920 (0.179)] l_pix: -2.4647e+01 
2023-06-15 02:19:51,346 INFO: [Resto..][epoch: 16, iter: 238,800, lr:(3.500e-04,)] [eta: 1 day, 15:06:20, time (data): 0.745 (0.002)] l_pix: -2.3165e+01 
2023-06-15 02:22:33,384 INFO: [Resto..][epoch: 16, iter: 239,000, lr:(3.493e-04,)] [eta: 1 day, 14:59:40, time (data): 0.749 (0.002)] l_pix: -2.8198e+01 
2023-06-15 02:22:49,349 INFO: Validation RestoreNet-test, 		 # psnr: 25.2383	 # ssim: 0.8397
2023-06-15 02:22:49,349 INFO: [Resto..][epoch: 16, iter: 239,000, lr:(3.493e-04,)] m_psnr: 2.5238e+01 m_ssim: 8.3974e-01 
2023-06-15 02:25:28,726 INFO: [Resto..][epoch: 16, iter: 239,200, lr:(3.486e-04,)] [eta: 1 day, 14:57:02, time (data): 0.751 (0.002)] l_pix: -2.1537e+01 
2023-06-15 02:28:08,779 INFO: [Resto..][epoch: 16, iter: 239,400, lr:(3.478e-04,)] [eta: 1 day, 14:50:02, time (data): 0.792 (0.040)] l_pix: -2.6288e+01 
2023-06-15 02:29:47,249 INFO: Validation RestoreNet-test, 		 # psnr: 25.2294	 # ssim: 0.8415
2023-06-15 02:29:47,250 INFO: [Resto..][epoch: 16, iter: 239,500, lr:(3.474e-04,)] m_psnr: 2.5229e+01 m_ssim: 8.4147e-01 
2023-06-15 02:31:07,754 INFO: [Resto..][epoch: 16, iter: 239,600, lr:(3.471e-04,)] [eta: 1 day, 14:48:30, time (data): 0.752 (0.002)] l_pix: -2.2814e+01 
2023-06-15 02:33:51,388 INFO: [Resto..][epoch: 16, iter: 239,800, lr:(3.463e-04,)] [eta: 1 day, 14:42:43, time (data): 0.750 (0.001)] l_pix: -2.2352e+01 
2023-06-15 02:36:32,055 INFO: [Resto..][epoch: 16, iter: 240,000, lr:(3.456e-04,)] [eta: 1 day, 14:36:16, time (data): 0.748 (0.002)] l_pix: -2.3014e+01 
2023-06-15 02:36:32,056 INFO: Saving models and training states.
2023-06-15 02:36:53,336 INFO: Validation RestoreNet-test, 		 # psnr: 25.1811	 # ssim: 0.8405
2023-06-15 02:36:53,337 INFO: [Resto..][epoch: 16, iter: 240,000, lr:(3.456e-04,)] m_psnr: 2.5181e+01 m_ssim: 8.4052e-01 
2023-06-15 02:39:34,907 INFO: [Resto..][epoch: 16, iter: 240,200, lr:(3.448e-04,)] [eta: 1 day, 14:35:45, time (data): 0.751 (0.002)] l_pix: -2.5271e+01 
2023-06-15 02:42:16,134 INFO: [Resto..][epoch: 16, iter: 240,400, lr:(3.441e-04,)] [eta: 1 day, 14:29:37, time (data): 0.759 (0.001)] l_pix: -2.2219e+01 
2023-06-15 02:43:53,257 INFO: Validation RestoreNet-test, 		 # psnr: 25.2670	 # ssim: 0.8410
2023-06-15 02:43:53,258 INFO: [Resto..][epoch: 16, iter: 240,500, lr:(3.437e-04,)] m_psnr: 2.5267e+01 m_ssim: 8.4102e-01 
2023-06-15 02:45:14,335 INFO: [Resto..][epoch: 16, iter: 240,600, lr:(3.433e-04,)] [eta: 1 day, 14:27:51, time (data): 0.755 (0.009)] l_pix: -2.3786e+01 
2023-06-15 02:47:55,707 INFO: [Resto..][epoch: 16, iter: 240,800, lr:(3.426e-04,)] [eta: 1 day, 14:21:55, time (data): 0.919 (0.172)] l_pix: -3.0025e+01 
2023-06-15 02:50:37,830 INFO: [Resto..][epoch: 16, iter: 241,000, lr:(3.418e-04,)] [eta: 1 day, 14:16:17, time (data): 0.763 (0.002)] l_pix: -2.0567e+01 
2023-06-15 02:50:53,593 INFO: Validation RestoreNet-test, 		 # psnr: 25.2446	 # ssim: 0.8420
2023-06-15 02:50:53,594 INFO: [Resto..][epoch: 16, iter: 241,000, lr:(3.418e-04,)] m_psnr: 2.5245e+01 m_ssim: 8.4196e-01 
2023-06-15 02:53:34,378 INFO: [Resto..][epoch: 16, iter: 241,200, lr:(3.411e-04,)] [eta: 1 day, 14:14:10, time (data): 0.762 (0.001)] l_pix: -2.5176e+01 
2023-06-15 02:56:16,905 INFO: [Resto..][epoch: 16, iter: 241,400, lr:(3.403e-04,)] [eta: 1 day, 14:08:46, time (data): 0.754 (0.002)] l_pix: -3.1890e+01 
2023-06-15 02:57:53,596 INFO: Validation RestoreNet-test, 		 # psnr: 25.2347	 # ssim: 0.8410
2023-06-15 02:57:53,597 INFO: [Resto..][epoch: 16, iter: 241,500, lr:(3.400e-04,)] m_psnr: 2.5235e+01 m_ssim: 8.4104e-01 
2023-06-15 02:59:11,152 INFO: [Resto..][epoch: 16, iter: 241,600, lr:(3.396e-04,)] [eta: 1 day, 14:06:07, time (data): 0.746 (0.001)] l_pix: -2.0029e+01 
2023-06-15 03:01:55,710 INFO: [Resto..][epoch: 16, iter: 241,800, lr:(3.389e-04,)] [eta: 1 day, 14:01:18, time (data): 0.829 (0.087)] l_pix: -2.9666e+01 
2023-06-15 03:04:41,220 INFO: [Resto..][epoch: 16, iter: 242,000, lr:(3.381e-04,)] [eta: 1 day, 13:56:46, time (data): 0.750 (0.001)] l_pix: -2.3311e+01 
2023-06-15 03:04:56,995 INFO: Validation RestoreNet-test, 		 # psnr: 25.2555	 # ssim: 0.8403
2023-06-15 03:04:56,995 INFO: [Resto..][epoch: 16, iter: 242,000, lr:(3.381e-04,)] m_psnr: 2.5255e+01 m_ssim: 8.4034e-01 
2023-06-15 03:07:41,061 INFO: [Resto..][epoch: 16, iter: 242,200, lr:(3.374e-04,)] [eta: 1 day, 13:55:22, time (data): 0.757 (0.001)] l_pix: -2.5605e+01 
2023-06-15 03:10:22,731 INFO: [Resto..][epoch: 16, iter: 242,400, lr:(3.366e-04,)] [eta: 1 day, 13:50:05, time (data): 0.757 (0.002)] l_pix: -2.7075e+01 
2023-06-15 03:11:59,746 INFO: Validation RestoreNet-test, 		 # psnr: 24.9927	 # ssim: 0.8341
2023-06-15 03:11:59,747 INFO: [Resto..][epoch: 16, iter: 242,500, lr:(3.363e-04,)] m_psnr: 2.4993e+01 m_ssim: 8.3409e-01 
2023-06-15 03:13:20,854 INFO: [Resto..][epoch: 16, iter: 242,600, lr:(3.359e-04,)] [eta: 1 day, 13:48:18, time (data): 0.749 (0.001)] l_pix: -2.6786e+01 
2023-06-15 03:16:04,315 INFO: [Resto..][epoch: 16, iter: 242,800, lr:(3.351e-04,)] [eta: 1 day, 13:43:29, time (data): 0.750 (0.003)] l_pix: -2.8879e+01 
2023-06-15 03:18:50,439 INFO: [Resto..][epoch: 16, iter: 243,000, lr:(3.344e-04,)] [eta: 1 day, 13:39:16, time (data): 0.755 (0.002)] l_pix: -2.5659e+01 
2023-06-15 03:19:06,251 INFO: Validation RestoreNet-test, 		 # psnr: 25.2184	 # ssim: 0.8407
2023-06-15 03:19:06,252 INFO: [Resto..][epoch: 16, iter: 243,000, lr:(3.344e-04,)] m_psnr: 2.5218e+01 m_ssim: 8.4074e-01 
2023-06-15 03:21:46,667 INFO: [Resto..][epoch: 16, iter: 243,200, lr:(3.337e-04,)] [eta: 1 day, 13:37:05, time (data): 0.753 (0.003)] l_pix: -2.4630e+01 
2023-06-15 03:24:31,508 INFO: [Resto..][epoch: 16, iter: 243,400, lr:(3.329e-04,)] [eta: 1 day, 13:32:40, time (data): 0.754 (0.002)] l_pix: -2.4254e+01 
2023-06-15 03:26:07,856 INFO: Validation RestoreNet-test, 		 # psnr: 25.1422	 # ssim: 0.8402
2023-06-15 03:26:07,857 INFO: [Resto..][epoch: 17, iter: 243,500, lr:(3.326e-04,)] m_psnr: 2.5142e+01 m_ssim: 8.4023e-01 
2023-06-15 03:27:23,129 INFO: [Resto..][epoch: 17, iter: 243,600, lr:(3.322e-04,)] [eta: 1 day, 13:29:36, time (data): 0.746 (0.002)] l_pix: -2.5497e+01 
2023-06-15 03:29:53,140 INFO: [Resto..][epoch: 17, iter: 243,800, lr:(3.314e-04,)] [eta: 1 day, 13:22:27, time (data): 0.751 (0.002)] l_pix: -2.1556e+01 
2023-06-15 03:32:23,135 INFO: [Resto..][epoch: 17, iter: 244,000, lr:(3.307e-04,)] [eta: 1 day, 13:15:27, time (data): 0.753 (0.002)] l_pix: -2.2503e+01 
2023-06-15 03:32:38,879 INFO: Validation RestoreNet-test, 		 # psnr: 25.2329	 # ssim: 0.8406
2023-06-15 03:32:38,880 INFO: [Resto..][epoch: 17, iter: 244,000, lr:(3.307e-04,)] m_psnr: 2.5233e+01 m_ssim: 8.4059e-01 
2023-06-15 03:35:09,024 INFO: [Resto..][epoch: 17, iter: 244,200, lr:(3.300e-04,)] [eta: 1 day, 13:11:28, time (data): 0.754 (0.002)] l_pix: -2.1396e+01 
2023-06-15 03:37:39,222 INFO: [Resto..][epoch: 17, iter: 244,400, lr:(3.292e-04,)] [eta: 1 day, 13:04:42, time (data): 0.747 (0.003)] l_pix: -3.1268e+01 
2023-06-15 03:39:10,111 INFO: Validation RestoreNet-test, 		 # psnr: 25.1756	 # ssim: 0.8377
2023-06-15 03:39:10,111 INFO: [Resto..][epoch: 17, iter: 244,500, lr:(3.289e-04,)] m_psnr: 2.5176e+01 m_ssim: 8.3765e-01 
2023-06-15 03:40:25,100 INFO: [Resto..][epoch: 17, iter: 244,600, lr:(3.285e-04,)] [eta: 1 day, 13:00:50, time (data): 0.750 (0.002)] l_pix: -2.9360e+01 
2023-06-15 03:42:55,248 INFO: [Resto..][epoch: 17, iter: 244,800, lr:(3.277e-04,)] [eta: 1 day, 12:54:15, time (data): 0.748 (0.002)] l_pix: -2.3205e+01 
2023-06-15 03:45:25,457 INFO: [Resto..][epoch: 17, iter: 245,000, lr:(3.270e-04,)] [eta: 1 day, 12:47:47, time (data): 0.749 (0.002)] l_pix: -2.3197e+01 
2023-06-15 03:45:25,458 INFO: Saving models and training states.
2023-06-15 03:45:46,414 INFO: Validation RestoreNet-test, 		 # psnr: 25.1394	 # ssim: 0.8369
2023-06-15 03:45:46,414 INFO: [Resto..][epoch: 17, iter: 245,000, lr:(3.270e-04,)] m_psnr: 2.5139e+01 m_ssim: 8.3690e-01 
2023-06-15 03:48:16,783 INFO: [Resto..][epoch: 17, iter: 245,200, lr:(3.263e-04,)] [eta: 1 day, 12:45:00, time (data): 0.748 (0.002)] l_pix: -2.1517e+01 
2023-06-15 03:50:46,786 INFO: [Resto..][epoch: 17, iter: 245,400, lr:(3.255e-04,)] [eta: 1 day, 12:38:39, time (data): 0.751 (0.002)] l_pix: -2.2773e+01 
2023-06-15 03:52:17,577 INFO: Validation RestoreNet-test, 		 # psnr: 25.1010	 # ssim: 0.8368
2023-06-15 03:52:17,578 INFO: [Resto..][epoch: 17, iter: 245,500, lr:(3.252e-04,)] m_psnr: 2.5101e+01 m_ssim: 8.3683e-01 
2023-06-15 03:53:32,564 INFO: [Resto..][epoch: 17, iter: 245,600, lr:(3.248e-04,)] [eta: 1 day, 12:35:00, time (data): 0.744 (0.002)] l_pix: -2.4073e+01 
2023-06-15 03:56:02,778 INFO: [Resto..][epoch: 17, iter: 245,800, lr:(3.241e-04,)] [eta: 1 day, 12:28:50, time (data): 0.753 (0.002)] l_pix: -2.5197e+01 
2023-06-15 03:58:32,798 INFO: [Resto..][epoch: 17, iter: 246,000, lr:(3.233e-04,)] [eta: 1 day, 12:22:44, time (data): 0.755 (0.002)] l_pix: -2.5850e+01 
2023-06-15 03:58:48,574 INFO: Validation RestoreNet-test, 		 # psnr: 25.1629	 # ssim: 0.8385
2023-06-15 03:58:48,575 INFO: [Resto..][epoch: 17, iter: 246,000, lr:(3.233e-04,)] m_psnr: 2.5163e+01 m_ssim: 8.3849e-01 
2023-06-15 04:01:18,575 INFO: [Resto..][epoch: 17, iter: 246,200, lr:(3.226e-04,)] [eta: 1 day, 12:19:13, time (data): 0.748 (0.002)] l_pix: -2.5923e+01 
2023-06-15 04:03:48,575 INFO: [Resto..][epoch: 17, iter: 246,400, lr:(3.219e-04,)] [eta: 1 day, 12:13:16, time (data): 0.755 (0.002)] l_pix: -2.4071e+01 
2023-06-15 04:05:19,501 INFO: Validation RestoreNet-test, 		 # psnr: 25.2915	 # ssim: 0.8443
2023-06-15 04:05:19,502 INFO: [Resto..][epoch: 17, iter: 246,500, lr:(3.215e-04,)] m_psnr: 2.5291e+01 m_ssim: 8.4433e-01 
2023-06-15 04:06:34,501 INFO: [Resto..][epoch: 17, iter: 246,600, lr:(3.211e-04,)] [eta: 1 day, 12:09:50, time (data): 0.752 (0.002)] l_pix: -2.2240e+01 
2023-06-15 04:09:04,509 INFO: [Resto..][epoch: 17, iter: 246,800, lr:(3.204e-04,)] [eta: 1 day, 12:04:01, time (data): 0.749 (0.002)] l_pix: -2.2631e+01 
2023-06-15 04:11:34,716 INFO: [Resto..][epoch: 17, iter: 247,000, lr:(3.197e-04,)] [eta: 1 day, 11:58:17, time (data): 0.753 (0.002)] l_pix: -2.5030e+01 
2023-06-15 04:11:50,469 INFO: Validation RestoreNet-test, 		 # psnr: 25.2738	 # ssim: 0.8423
2023-06-15 04:11:50,470 INFO: [Resto..][epoch: 17, iter: 247,000, lr:(3.197e-04,)] m_psnr: 2.5274e+01 m_ssim: 8.4227e-01 
2023-06-15 04:14:20,650 INFO: [Resto..][epoch: 17, iter: 247,200, lr:(3.189e-04,)] [eta: 1 day, 11:54:58, time (data): 0.753 (0.002)] l_pix: -1.9057e+01 
2023-06-15 04:16:50,972 INFO: [Resto..][epoch: 17, iter: 247,400, lr:(3.182e-04,)] [eta: 1 day, 11:49:23, time (data): 0.745 (0.002)] l_pix: -2.6059e+01 
2023-06-15 04:18:21,841 INFO: Validation RestoreNet-test, 		 # psnr: 25.2454	 # ssim: 0.8418
2023-06-15 04:18:21,841 INFO: [Resto..][epoch: 17, iter: 247,500, lr:(3.178e-04,)] m_psnr: 2.5245e+01 m_ssim: 8.4182e-01 
2023-06-15 04:19:36,802 INFO: [Resto..][epoch: 17, iter: 247,600, lr:(3.175e-04,)] [eta: 1 day, 11:46:07, time (data): 0.753 (0.002)] l_pix: -2.3724e+01 
2023-06-15 04:22:06,833 INFO: [Resto..][epoch: 17, iter: 247,800, lr:(3.167e-04,)] [eta: 1 day, 11:40:36, time (data): 0.750 (0.002)] l_pix: -2.8236e+01 
2023-06-15 04:24:36,893 INFO: [Resto..][epoch: 17, iter: 248,000, lr:(3.160e-04,)] [eta: 1 day, 11:35:09, time (data): 0.752 (0.002)] l_pix: -2.4016e+01 
2023-06-15 04:24:52,667 INFO: Validation RestoreNet-test, 		 # psnr: 25.2929	 # ssim: 0.8429
2023-06-15 04:24:52,668 INFO: [Resto..][epoch: 17, iter: 248,000, lr:(3.160e-04,)] m_psnr: 2.5293e+01 m_ssim: 8.4291e-01 
2023-06-15 04:27:22,777 INFO: [Resto..][epoch: 17, iter: 248,200, lr:(3.153e-04,)] [eta: 1 day, 11:31:58, time (data): 0.749 (0.002)] l_pix: -2.4332e+01 
2023-06-15 04:29:52,959 INFO: [Resto..][epoch: 17, iter: 248,400, lr:(3.146e-04,)] [eta: 1 day, 11:26:38, time (data): 0.753 (0.002)] l_pix: -2.1581e+01 
2023-06-15 04:31:23,812 INFO: Validation RestoreNet-test, 		 # psnr: 25.2864	 # ssim: 0.8410
2023-06-15 04:31:23,813 INFO: [Resto..][epoch: 17, iter: 248,500, lr:(3.142e-04,)] m_psnr: 2.5286e+01 m_ssim: 8.4101e-01 
2023-06-15 04:32:38,798 INFO: [Resto..][epoch: 17, iter: 248,600, lr:(3.138e-04,)] [eta: 1 day, 11:23:29, time (data): 0.751 (0.002)] l_pix: -2.1930e+01 
2023-06-15 04:35:08,939 INFO: [Resto..][epoch: 17, iter: 248,800, lr:(3.131e-04,)] [eta: 1 day, 11:18:15, time (data): 0.750 (0.002)] l_pix: -2.4930e+01 
2023-06-15 04:37:39,147 INFO: [Resto..][epoch: 17, iter: 249,000, lr:(3.124e-04,)] [eta: 1 day, 11:13:05, time (data): 0.750 (0.002)] l_pix: -2.5002e+01 
2023-06-15 04:37:54,913 INFO: Validation RestoreNet-test, 		 # psnr: 25.1734	 # ssim: 0.8381
2023-06-15 04:37:54,914 INFO: [Resto..][epoch: 17, iter: 249,000, lr:(3.124e-04,)] m_psnr: 2.5173e+01 m_ssim: 8.3813e-01 
2023-06-15 04:40:24,989 INFO: [Resto..][epoch: 17, iter: 249,200, lr:(3.116e-04,)] [eta: 1 day, 11:10:00, time (data): 0.744 (0.002)] l_pix: -3.4396e+01 
2023-06-15 04:42:55,252 INFO: [Resto..][epoch: 17, iter: 249,400, lr:(3.109e-04,)] [eta: 1 day, 11:04:55, time (data): 0.750 (0.002)] l_pix: -2.6967e+01 
2023-06-15 04:44:26,099 INFO: Validation RestoreNet-test, 		 # psnr: 25.1424	 # ssim: 0.8386
2023-06-15 04:44:26,099 INFO: [Resto..][epoch: 17, iter: 249,500, lr:(3.105e-04,)] m_psnr: 2.5142e+01 m_ssim: 8.3856e-01 
2023-06-15 04:45:41,375 INFO: [Resto..][epoch: 17, iter: 249,600, lr:(3.102e-04,)] [eta: 1 day, 11:01:55, time (data): 0.749 (0.002)] l_pix: -2.2753e+01 
2023-06-15 04:48:11,474 INFO: [Resto..][epoch: 17, iter: 249,800, lr:(3.095e-04,)] [eta: 1 day, 10:56:54, time (data): 0.748 (0.002)] l_pix: -2.5287e+01 
2023-06-15 04:50:41,412 INFO: [Resto..][epoch: 17, iter: 250,000, lr:(3.087e-04,)] [eta: 1 day, 10:51:55, time (data): 0.755 (0.002)] l_pix: -2.7137e+01 
2023-06-15 04:50:41,413 INFO: Saving models and training states.
2023-06-15 04:51:01,566 INFO: Validation RestoreNet-test, 		 # psnr: 25.2645	 # ssim: 0.8430
2023-06-15 04:51:01,567 INFO: [Resto..][epoch: 17, iter: 250,000, lr:(3.087e-04,)] m_psnr: 2.5265e+01 m_ssim: 8.4299e-01 
2023-06-15 04:53:31,730 INFO: [Resto..][epoch: 17, iter: 250,200, lr:(3.080e-04,)] [eta: 1 day, 10:49:29, time (data): 0.749 (0.002)] l_pix: -2.0388e+01 
2023-06-15 04:56:01,800 INFO: [Resto..][epoch: 17, iter: 250,400, lr:(3.073e-04,)] [eta: 1 day, 10:44:35, time (data): 0.750 (0.002)] l_pix: -2.3300e+01 
2023-06-15 04:57:32,629 INFO: Validation RestoreNet-test, 		 # psnr: 25.2518	 # ssim: 0.8436
2023-06-15 04:57:32,629 INFO: [Resto..][epoch: 17, iter: 250,500, lr:(3.069e-04,)] m_psnr: 2.5252e+01 m_ssim: 8.4355e-01 
2023-06-15 04:58:47,646 INFO: [Resto..][epoch: 17, iter: 250,600, lr:(3.066e-04,)] [eta: 1 day, 10:41:38, time (data): 0.747 (0.002)] l_pix: -2.7545e+01 
2023-06-15 05:01:17,603 INFO: [Resto..][epoch: 17, iter: 250,800, lr:(3.058e-04,)] [eta: 1 day, 10:36:47, time (data): 0.752 (0.002)] l_pix: -2.6171e+01 
2023-06-15 05:03:47,615 INFO: [Resto..][epoch: 17, iter: 251,000, lr:(3.051e-04,)] [eta: 1 day, 10:31:59, time (data): 0.750 (0.002)] l_pix: -2.6609e+01 
2023-06-15 05:04:03,395 INFO: Validation RestoreNet-test, 		 # psnr: 25.3633	 # ssim: 0.8447
2023-06-15 05:04:03,396 INFO: [Resto..][epoch: 17, iter: 251,000, lr:(3.051e-04,)] m_psnr: 2.5363e+01 m_ssim: 8.4467e-01 
2023-06-15 05:06:33,449 INFO: [Resto..][epoch: 17, iter: 251,200, lr:(3.044e-04,)] [eta: 1 day, 10:29:05, time (data): 0.747 (0.002)] l_pix: -2.3760e+01 
2023-06-15 05:09:03,456 INFO: [Resto..][epoch: 17, iter: 251,400, lr:(3.037e-04,)] [eta: 1 day, 10:24:21, time (data): 0.749 (0.002)] l_pix: -2.0662e+01 
2023-06-15 05:10:34,154 INFO: Validation RestoreNet-test, 		 # psnr: 25.1592	 # ssim: 0.8398
2023-06-15 05:10:34,154 INFO: [Resto..][epoch: 17, iter: 251,500, lr:(3.033e-04,)] m_psnr: 2.5159e+01 m_ssim: 8.3975e-01 
2023-06-15 05:11:49,089 INFO: [Resto..][epoch: 17, iter: 251,600, lr:(3.029e-04,)] [eta: 1 day, 10:21:27, time (data): 0.747 (0.002)] l_pix: -2.6913e+01 
2023-06-15 05:14:19,112 INFO: [Resto..][epoch: 17, iter: 251,800, lr:(3.022e-04,)] [eta: 1 day, 10:16:47, time (data): 0.754 (0.002)] l_pix: -2.2710e+01 
2023-06-15 05:16:49,275 INFO: [Resto..][epoch: 17, iter: 252,000, lr:(3.015e-04,)] [eta: 1 day, 10:12:10, time (data): 0.746 (0.002)] l_pix: -2.8248e+01 
2023-06-15 05:17:05,025 INFO: Validation RestoreNet-test, 		 # psnr: 25.2127	 # ssim: 0.8406
2023-06-15 05:17:05,025 INFO: [Resto..][epoch: 17, iter: 252,000, lr:(3.015e-04,)] m_psnr: 2.5213e+01 m_ssim: 8.4057e-01 
2023-06-15 05:19:35,055 INFO: [Resto..][epoch: 17, iter: 252,200, lr:(3.008e-04,)] [eta: 1 day, 10:09:20, time (data): 0.754 (0.002)] l_pix: -2.5536e+01 
2023-06-15 05:22:05,165 INFO: [Resto..][epoch: 17, iter: 252,400, lr:(3.001e-04,)] [eta: 1 day, 10:04:46, time (data): 0.748 (0.002)] l_pix: -2.2294e+01 
2023-06-15 05:23:35,878 INFO: Validation RestoreNet-test, 		 # psnr: 25.3022	 # ssim: 0.8437
2023-06-15 05:23:35,879 INFO: [Resto..][epoch: 17, iter: 252,500, lr:(2.997e-04,)] m_psnr: 2.5302e+01 m_ssim: 8.4368e-01 
2023-06-15 05:24:50,894 INFO: [Resto..][epoch: 17, iter: 252,600, lr:(2.993e-04,)] [eta: 1 day, 10:01:56, time (data): 0.746 (0.002)] l_pix: -2.4301e+01 
2023-06-15 05:27:21,003 INFO: [Resto..][epoch: 17, iter: 252,800, lr:(2.986e-04,)] [eta: 1 day, 9:57:26, time (data): 0.751 (0.002)] l_pix: -2.3154e+01 
2023-06-15 05:29:50,935 INFO: [Resto..][epoch: 17, iter: 253,000, lr:(2.979e-04,)] [eta: 1 day, 9:52:57, time (data): 0.752 (0.002)] l_pix: -2.0912e+01 
2023-06-15 05:30:06,739 INFO: Validation RestoreNet-test, 		 # psnr: 25.3391	 # ssim: 0.8436
2023-06-15 05:30:06,740 INFO: [Resto..][epoch: 17, iter: 253,000, lr:(2.979e-04,)] m_psnr: 2.5339e+01 m_ssim: 8.4365e-01 
2023-06-15 05:32:36,780 INFO: [Resto..][epoch: 17, iter: 253,200, lr:(2.972e-04,)] [eta: 1 day, 9:50:10, time (data): 0.744 (0.002)] l_pix: -2.8933e+01 
2023-06-15 05:35:06,608 INFO: [Resto..][epoch: 17, iter: 253,400, lr:(2.965e-04,)] [eta: 1 day, 9:45:43, time (data): 0.753 (0.002)] l_pix: -2.8129e+01 
2023-06-15 05:36:37,476 INFO: Validation RestoreNet-test, 		 # psnr: 25.2806	 # ssim: 0.8445
2023-06-15 05:36:37,476 INFO: [Resto..][epoch: 17, iter: 253,500, lr:(2.961e-04,)] m_psnr: 2.5281e+01 m_ssim: 8.4448e-01 
2023-06-15 05:37:52,443 INFO: [Resto..][epoch: 17, iter: 253,600, lr:(2.957e-04,)] [eta: 1 day, 9:42:57, time (data): 0.753 (0.002)] l_pix: -2.1369e+01 
2023-06-15 05:40:22,413 INFO: [Resto..][epoch: 17, iter: 253,800, lr:(2.950e-04,)] [eta: 1 day, 9:38:34, time (data): 0.751 (0.002)] l_pix: -2.0980e+01 
2023-06-15 05:42:52,336 INFO: [Resto..][epoch: 17, iter: 254,000, lr:(2.943e-04,)] [eta: 1 day, 9:34:13, time (data): 0.748 (0.002)] l_pix: -2.6517e+01 
2023-06-15 05:43:08,097 INFO: Validation RestoreNet-test, 		 # psnr: 25.2647	 # ssim: 0.8444
2023-06-15 05:43:08,098 INFO: [Resto..][epoch: 17, iter: 254,000, lr:(2.943e-04,)] m_psnr: 2.5265e+01 m_ssim: 8.4438e-01 
2023-06-15 05:45:38,064 INFO: [Resto..][epoch: 17, iter: 254,200, lr:(2.936e-04,)] [eta: 1 day, 9:31:28, time (data): 0.750 (0.002)] l_pix: -1.9488e+01 
2023-06-15 05:48:08,252 INFO: [Resto..][epoch: 17, iter: 254,400, lr:(2.929e-04,)] [eta: 1 day, 9:27:11, time (data): 0.744 (0.003)] l_pix: -2.1613e+01 
2023-06-15 05:49:39,119 INFO: Validation RestoreNet-test, 		 # psnr: 25.1928	 # ssim: 0.8389
2023-06-15 05:49:39,120 INFO: [Resto..][epoch: 17, iter: 254,500, lr:(2.925e-04,)] m_psnr: 2.5193e+01 m_ssim: 8.3887e-01 
2023-06-15 05:50:54,277 INFO: [Resto..][epoch: 17, iter: 254,600, lr:(2.922e-04,)] [eta: 1 day, 9:24:29, time (data): 0.752 (0.003)] l_pix: -2.2929e+01 
2023-06-15 05:53:24,318 INFO: [Resto..][epoch: 17, iter: 254,800, lr:(2.915e-04,)] [eta: 1 day, 9:20:13, time (data): 0.749 (0.002)] l_pix: -2.4141e+01 
2023-06-15 05:55:54,325 INFO: [Resto..][epoch: 17, iter: 255,000, lr:(2.907e-04,)] [eta: 1 day, 9:15:59, time (data): 0.753 (0.003)] l_pix: -2.2494e+01 
2023-06-15 05:55:54,325 INFO: Saving models and training states.
2023-06-15 05:56:14,747 INFO: Validation RestoreNet-test, 		 # psnr: 25.3301	 # ssim: 0.8417
2023-06-15 05:56:14,748 INFO: [Resto..][epoch: 17, iter: 255,000, lr:(2.907e-04,)] m_psnr: 2.5330e+01 m_ssim: 8.4174e-01 
2023-06-15 05:58:45,109 INFO: [Resto..][epoch: 17, iter: 255,200, lr:(2.900e-04,)] [eta: 1 day, 9:13:46, time (data): 0.750 (0.002)] l_pix: -2.4343e+01 
2023-06-15 06:01:15,081 INFO: [Resto..][epoch: 17, iter: 255,400, lr:(2.893e-04,)] [eta: 1 day, 9:09:34, time (data): 0.748 (0.002)] l_pix: -2.7202e+01 
2023-06-15 06:02:45,861 INFO: Validation RestoreNet-test, 		 # psnr: 25.3234	 # ssim: 0.8427
2023-06-15 06:02:45,861 INFO: [Resto..][epoch: 17, iter: 255,500, lr:(2.890e-04,)] m_psnr: 2.5323e+01 m_ssim: 8.4271e-01 
2023-06-15 06:04:00,874 INFO: [Resto..][epoch: 17, iter: 255,600, lr:(2.886e-04,)] [eta: 1 day, 9:06:53, time (data): 0.748 (0.002)] l_pix: -2.3380e+01 
2023-06-15 06:06:31,074 INFO: [Resto..][epoch: 17, iter: 255,800, lr:(2.879e-04,)] [eta: 1 day, 9:02:44, time (data): 0.752 (0.002)] l_pix: -2.6683e+01 
2023-06-15 06:09:01,340 INFO: [Resto..][epoch: 17, iter: 256,000, lr:(2.872e-04,)] [eta: 1 day, 8:58:38, time (data): 0.746 (0.001)] l_pix: -2.7036e+01 
2023-06-15 06:09:17,095 INFO: Validation RestoreNet-test, 		 # psnr: 25.3257	 # ssim: 0.8431
2023-06-15 06:09:17,096 INFO: [Resto..][epoch: 17, iter: 256,000, lr:(2.872e-04,)] m_psnr: 2.5326e+01 m_ssim: 8.4311e-01 
2023-06-15 06:11:47,137 INFO: [Resto..][epoch: 17, iter: 256,200, lr:(2.865e-04,)] [eta: 1 day, 8:55:58, time (data): 0.755 (0.002)] l_pix: -2.2805e+01 
2023-06-15 06:14:17,125 INFO: [Resto..][epoch: 17, iter: 256,400, lr:(2.858e-04,)] [eta: 1 day, 8:51:52, time (data): 0.748 (0.002)] l_pix: -2.1140e+01 
2023-06-15 06:15:47,919 INFO: Validation RestoreNet-test, 		 # psnr: 25.3281	 # ssim: 0.8436
2023-06-15 06:15:47,920 INFO: [Resto..][epoch: 17, iter: 256,500, lr:(2.854e-04,)] m_psnr: 2.5328e+01 m_ssim: 8.4358e-01 
2023-06-15 06:17:02,976 INFO: [Resto..][epoch: 17, iter: 256,600, lr:(2.851e-04,)] [eta: 1 day, 8:49:13, time (data): 0.753 (0.002)] l_pix: -2.5978e+01 
2023-06-15 06:19:33,160 INFO: [Resto..][epoch: 17, iter: 256,800, lr:(2.843e-04,)] [eta: 1 day, 8:45:10, time (data): 0.752 (0.002)] l_pix: -2.3255e+01 
2023-06-15 06:22:03,187 INFO: [Resto..][epoch: 18, iter: 257,000, lr:(2.836e-04,)] [eta: 1 day, 8:41:08, time (data): 0.753 (0.002)] l_pix: -2.3165e+01 
2023-06-15 06:22:18,954 INFO: Validation RestoreNet-test, 		 # psnr: 25.2812	 # ssim: 0.8449
2023-06-15 06:22:18,954 INFO: [Resto..][epoch: 18, iter: 257,000, lr:(2.836e-04,)] m_psnr: 2.5281e+01 m_ssim: 8.4486e-01 
2023-06-15 06:24:48,908 INFO: [Resto..][epoch: 18, iter: 257,200, lr:(2.829e-04,)] [eta: 1 day, 8:38:29, time (data): 0.752 (0.002)] l_pix: -2.9797e+01 
2023-06-15 06:27:18,899 INFO: [Resto..][epoch: 18, iter: 257,400, lr:(2.822e-04,)] [eta: 1 day, 8:34:29, time (data): 0.750 (0.002)] l_pix: -2.2913e+01 
2023-06-15 06:28:49,885 INFO: Validation RestoreNet-test, 		 # psnr: 25.2406	 # ssim: 0.8415
2023-06-15 06:28:49,885 INFO: [Resto..][epoch: 18, iter: 257,500, lr:(2.819e-04,)] m_psnr: 2.5241e+01 m_ssim: 8.4147e-01 
2023-06-15 06:30:04,889 INFO: [Resto..][epoch: 18, iter: 257,600, lr:(2.815e-04,)] [eta: 1 day, 8:31:52, time (data): 0.749 (0.002)] l_pix: -2.3794e+01 
2023-06-15 06:32:34,959 INFO: [Resto..][epoch: 18, iter: 257,800, lr:(2.808e-04,)] [eta: 1 day, 8:27:54, time (data): 0.756 (0.002)] l_pix: -2.5199e+01 
2023-06-15 06:35:05,013 INFO: [Resto..][epoch: 18, iter: 258,000, lr:(2.801e-04,)] [eta: 1 day, 8:23:57, time (data): 0.750 (0.002)] l_pix: -2.1232e+01 
2023-06-15 06:35:20,792 INFO: Validation RestoreNet-test, 		 # psnr: 25.2074	 # ssim: 0.8412
2023-06-15 06:35:20,792 INFO: [Resto..][epoch: 18, iter: 258,000, lr:(2.801e-04,)] m_psnr: 2.5207e+01 m_ssim: 8.4118e-01 
2023-06-15 06:37:51,138 INFO: [Resto..][epoch: 18, iter: 258,200, lr:(2.794e-04,)] [eta: 1 day, 8:21:22, time (data): 0.933 (0.002)] l_pix: -2.6152e+01 
2023-06-15 06:40:21,152 INFO: [Resto..][epoch: 18, iter: 258,400, lr:(2.787e-04,)] [eta: 1 day, 8:17:26, time (data): 0.750 (0.002)] l_pix: -2.2465e+01 
2023-06-15 06:41:51,972 INFO: Validation RestoreNet-test, 		 # psnr: 25.3876	 # ssim: 0.8447
2023-06-15 06:41:51,973 INFO: [Resto..][epoch: 18, iter: 258,500, lr:(2.783e-04,)] m_psnr: 2.5388e+01 m_ssim: 8.4472e-01 
2023-06-15 06:43:06,969 INFO: [Resto..][epoch: 18, iter: 258,600, lr:(2.780e-04,)] [eta: 1 day, 8:14:50, time (data): 0.753 (0.002)] l_pix: -2.3509e+01 
2023-06-15 06:45:37,047 INFO: [Resto..][epoch: 18, iter: 258,800, lr:(2.773e-04,)] [eta: 1 day, 8:10:57, time (data): 0.755 (0.002)] l_pix: -2.3443e+01 
2023-06-15 06:48:07,344 INFO: [Resto..][epoch: 18, iter: 259,000, lr:(2.766e-04,)] [eta: 1 day, 8:07:06, time (data): 0.746 (0.002)] l_pix: -2.3223e+01 
2023-06-15 06:48:23,090 INFO: Validation RestoreNet-test, 		 # psnr: 25.3131	 # ssim: 0.8435
2023-06-15 06:48:23,091 INFO: [Resto..][epoch: 18, iter: 259,000, lr:(2.766e-04,)] m_psnr: 2.5313e+01 m_ssim: 8.4353e-01 
2023-06-15 06:50:53,224 INFO: [Resto..][epoch: 18, iter: 259,200, lr:(2.759e-04,)] [eta: 1 day, 8:04:31, time (data): 0.751 (0.002)] l_pix: -2.9308e+01 
2023-06-15 06:53:23,359 INFO: [Resto..][epoch: 18, iter: 259,400, lr:(2.752e-04,)] [eta: 1 day, 8:00:40, time (data): 0.756 (0.002)] l_pix: -2.6218e+01 
2023-06-15 06:54:54,115 INFO: Validation RestoreNet-test, 		 # psnr: 25.3156	 # ssim: 0.8432
2023-06-15 06:54:54,115 INFO: [Resto..][epoch: 18, iter: 259,500, lr:(2.748e-04,)] m_psnr: 2.5316e+01 m_ssim: 8.4322e-01 
2023-06-15 06:56:09,192 INFO: [Resto..][epoch: 18, iter: 259,600, lr:(2.745e-04,)] [eta: 1 day, 7:58:05, time (data): 0.751 (0.002)] l_pix: -2.4635e+01 
2023-06-15 06:58:39,298 INFO: [Resto..][epoch: 18, iter: 259,800, lr:(2.738e-04,)] [eta: 1 day, 7:54:16, time (data): 0.752 (0.002)] l_pix: -2.2131e+01 
2023-06-15 07:01:09,361 INFO: [Resto..][epoch: 18, iter: 260,000, lr:(2.731e-04,)] [eta: 1 day, 7:50:28, time (data): 0.750 (0.002)] l_pix: -2.8604e+01 
2023-06-15 07:01:09,362 INFO: Saving models and training states.
2023-06-15 07:01:29,430 INFO: Validation RestoreNet-test, 		 # psnr: 25.3757	 # ssim: 0.8457
2023-06-15 07:01:29,431 INFO: [Resto..][epoch: 18, iter: 260,000, lr:(2.731e-04,)] m_psnr: 2.5376e+01 m_ssim: 8.4565e-01 
2023-06-15 07:03:59,747 INFO: [Resto..][epoch: 18, iter: 260,200, lr:(2.724e-04,)] [eta: 1 day, 7:48:15, time (data): 0.748 (0.002)] l_pix: -2.7489e+01 
2023-06-15 07:06:29,764 INFO: [Resto..][epoch: 18, iter: 260,400, lr:(2.717e-04,)] [eta: 1 day, 7:44:28, time (data): 0.750 (0.002)] l_pix: -2.3361e+01 
2023-06-15 07:08:00,592 INFO: Validation RestoreNet-test, 		 # psnr: 25.3559	 # ssim: 0.8436
2023-06-15 07:08:00,593 INFO: [Resto..][epoch: 18, iter: 260,500, lr:(2.713e-04,)] m_psnr: 2.5356e+01 m_ssim: 8.4362e-01 
2023-06-15 07:09:15,700 INFO: [Resto..][epoch: 18, iter: 260,600, lr:(2.710e-04,)] [eta: 1 day, 7:41:54, time (data): 0.749 (0.002)] l_pix: -3.1129e+01 
2023-06-15 07:11:45,775 INFO: [Resto..][epoch: 18, iter: 260,800, lr:(2.703e-04,)] [eta: 1 day, 7:38:09, time (data): 0.751 (0.002)] l_pix: -2.3849e+01 
2023-06-15 07:14:15,906 INFO: [Resto..][epoch: 18, iter: 261,000, lr:(2.696e-04,)] [eta: 1 day, 7:34:25, time (data): 0.752 (0.002)] l_pix: -2.9836e+01 
2023-06-15 07:14:31,685 INFO: Validation RestoreNet-test, 		 # psnr: 25.2931	 # ssim: 0.8428
2023-06-15 07:14:31,685 INFO: [Resto..][epoch: 18, iter: 261,000, lr:(2.696e-04,)] m_psnr: 2.5293e+01 m_ssim: 8.4282e-01 
2023-06-15 07:17:01,756 INFO: [Resto..][epoch: 18, iter: 261,200, lr:(2.689e-04,)] [eta: 1 day, 7:31:51, time (data): 0.747 (0.002)] l_pix: -2.8521e+01 
2023-06-15 07:19:31,930 INFO: [Resto..][epoch: 18, iter: 261,400, lr:(2.682e-04,)] [eta: 1 day, 7:28:09, time (data): 0.751 (0.002)] l_pix: -2.5294e+01 
2023-06-15 07:21:02,762 INFO: Validation RestoreNet-test, 		 # psnr: 25.5212	 # ssim: 0.8492
2023-06-15 07:21:02,762 INFO: [Resto..][epoch: 18, iter: 261,500, lr:(2.678e-04,)] m_psnr: 2.5521e+01 m_ssim: 8.4921e-01 
2023-06-15 07:22:17,760 INFO: [Resto..][epoch: 18, iter: 261,600, lr:(2.675e-04,)] [eta: 1 day, 7:25:36, time (data): 0.750 (0.002)] l_pix: -2.2123e+01 
2023-06-15 07:24:47,751 INFO: [Resto..][epoch: 18, iter: 261,800, lr:(2.668e-04,)] [eta: 1 day, 7:21:53, time (data): 0.753 (0.002)] l_pix: -2.4366e+01 
2023-06-15 07:27:18,040 INFO: [Resto..][epoch: 18, iter: 262,000, lr:(2.661e-04,)] [eta: 1 day, 7:18:13, time (data): 0.748 (0.002)] l_pix: -2.5091e+01 
2023-06-15 07:27:33,787 INFO: Validation RestoreNet-test, 		 # psnr: 25.3715	 # ssim: 0.8455
2023-06-15 07:27:33,788 INFO: [Resto..][epoch: 18, iter: 262,000, lr:(2.661e-04,)] m_psnr: 2.5371e+01 m_ssim: 8.4552e-01 
2023-06-15 07:30:03,886 INFO: [Resto..][epoch: 18, iter: 262,200, lr:(2.654e-04,)] [eta: 1 day, 7:15:41, time (data): 0.750 (0.002)] l_pix: -2.1859e+01 
2023-06-15 07:32:33,832 INFO: [Resto..][epoch: 18, iter: 262,400, lr:(2.647e-04,)] [eta: 1 day, 7:12:01, time (data): 0.749 (0.002)] l_pix: -2.6481e+01 
2023-06-15 07:34:04,568 INFO: Validation RestoreNet-test, 		 # psnr: 25.4715	 # ssim: 0.8459
2023-06-15 07:34:04,569 INFO: [Resto..][epoch: 18, iter: 262,500, lr:(2.644e-04,)] m_psnr: 2.5472e+01 m_ssim: 8.4587e-01 
2023-06-15 07:35:19,636 INFO: [Resto..][epoch: 18, iter: 262,600, lr:(2.640e-04,)] [eta: 1 day, 7:09:28, time (data): 0.749 (0.002)] l_pix: -2.4522e+01 
2023-06-15 07:37:49,770 INFO: [Resto..][epoch: 18, iter: 262,800, lr:(2.633e-04,)] [eta: 1 day, 7:05:50, time (data): 0.748 (0.002)] l_pix: -2.5996e+01 
2023-06-15 07:40:19,803 INFO: [Resto..][epoch: 18, iter: 263,000, lr:(2.626e-04,)] [eta: 1 day, 7:02:12, time (data): 0.749 (0.002)] l_pix: -2.5076e+01 
2023-06-15 07:40:35,567 INFO: Validation RestoreNet-test, 		 # psnr: 25.3148	 # ssim: 0.8422
2023-06-15 07:40:35,568 INFO: [Resto..][epoch: 18, iter: 263,000, lr:(2.626e-04,)] m_psnr: 2.5315e+01 m_ssim: 8.4224e-01 
2023-06-15 07:43:05,563 INFO: [Resto..][epoch: 18, iter: 263,200, lr:(2.620e-04,)] [eta: 1 day, 6:59:40, time (data): 0.750 (0.002)] l_pix: -2.6373e+01 
2023-06-15 07:45:35,728 INFO: [Resto..][epoch: 18, iter: 263,400, lr:(2.613e-04,)] [eta: 1 day, 6:56:04, time (data): 0.751 (0.002)] l_pix: -2.4400e+01 
2023-06-15 07:47:06,547 INFO: Validation RestoreNet-test, 		 # psnr: 25.3918	 # ssim: 0.8444
2023-06-15 07:47:06,548 INFO: [Resto..][epoch: 18, iter: 263,500, lr:(2.609e-04,)] m_psnr: 2.5392e+01 m_ssim: 8.4440e-01 
2023-06-15 07:48:21,556 INFO: [Resto..][epoch: 18, iter: 263,600, lr:(2.606e-04,)] [eta: 1 day, 6:53:32, time (data): 0.757 (0.002)] l_pix: -2.5152e+01 
2023-06-15 07:50:51,680 INFO: [Resto..][epoch: 18, iter: 263,800, lr:(2.599e-04,)] [eta: 1 day, 6:49:57, time (data): 0.748 (0.002)] l_pix: -3.0071e+01 
2023-06-15 07:53:21,655 INFO: [Resto..][epoch: 18, iter: 264,000, lr:(2.592e-04,)] [eta: 1 day, 6:46:22, time (data): 0.750 (0.002)] l_pix: -2.3768e+01 
2023-06-15 07:53:37,424 INFO: Validation RestoreNet-test, 		 # psnr: 25.3442	 # ssim: 0.8443
2023-06-15 07:53:37,425 INFO: [Resto..][epoch: 18, iter: 264,000, lr:(2.592e-04,)] m_psnr: 2.5344e+01 m_ssim: 8.4433e-01 
2023-06-15 07:56:07,578 INFO: [Resto..][epoch: 18, iter: 264,200, lr:(2.585e-04,)] [eta: 1 day, 6:43:51, time (data): 0.754 (0.002)] l_pix: -3.0045e+01 
2023-06-15 07:58:37,885 INFO: [Resto..][epoch: 18, iter: 264,400, lr:(2.578e-04,)] [eta: 1 day, 6:40:18, time (data): 0.740 (0.003)] l_pix: -2.6483e+01 
2023-06-15 08:00:08,804 INFO: Validation RestoreNet-test, 		 # psnr: 25.2850	 # ssim: 0.8421
2023-06-15 08:00:08,805 INFO: [Resto..][epoch: 18, iter: 264,500, lr:(2.575e-04,)] m_psnr: 2.5285e+01 m_ssim: 8.4213e-01 
2023-06-15 08:01:23,838 INFO: [Resto..][epoch: 18, iter: 264,600, lr:(2.571e-04,)] [eta: 1 day, 6:37:47, time (data): 0.751 (0.002)] l_pix: -2.6521e+01 
2023-06-15 08:03:54,030 INFO: [Resto..][epoch: 18, iter: 264,800, lr:(2.565e-04,)] [eta: 1 day, 6:34:15, time (data): 0.747 (0.002)] l_pix: -2.5580e+01 
2023-06-15 08:06:24,086 INFO: [Resto..][epoch: 18, iter: 265,000, lr:(2.558e-04,)] [eta: 1 day, 6:30:43, time (data): 0.750 (0.002)] l_pix: -2.8167e+01 
2023-06-15 08:06:24,087 INFO: Saving models and training states.
2023-06-15 08:06:44,755 INFO: Validation RestoreNet-test, 		 # psnr: 25.4610	 # ssim: 0.8486
2023-06-15 08:06:44,756 INFO: [Resto..][epoch: 18, iter: 265,000, lr:(2.558e-04,)] m_psnr: 2.5461e+01 m_ssim: 8.4856e-01 
2023-06-15 08:09:15,285 INFO: [Resto..][epoch: 18, iter: 265,200, lr:(2.551e-04,)] [eta: 1 day, 6:28:33, time (data): 0.749 (0.002)] l_pix: -2.4684e+01 
2023-06-15 08:11:45,471 INFO: [Resto..][epoch: 18, iter: 265,400, lr:(2.544e-04,)] [eta: 1 day, 6:25:02, time (data): 0.751 (0.002)] l_pix: -2.0440e+01 
2023-06-15 08:13:16,232 INFO: Validation RestoreNet-test, 		 # psnr: 25.3246	 # ssim: 0.8444
2023-06-15 08:13:16,233 INFO: [Resto..][epoch: 18, iter: 265,500, lr:(2.541e-04,)] m_psnr: 2.5325e+01 m_ssim: 8.4440e-01 
2023-06-15 08:14:31,273 INFO: [Resto..][epoch: 18, iter: 265,600, lr:(2.537e-04,)] [eta: 1 day, 6:22:31, time (data): 0.750 (0.001)] l_pix: -3.2195e+01 
2023-06-15 08:17:01,418 INFO: [Resto..][epoch: 18, iter: 265,800, lr:(2.530e-04,)] [eta: 1 day, 6:19:01, time (data): 0.747 (0.002)] l_pix: -3.2236e+01 
2023-06-15 08:19:31,592 INFO: [Resto..][epoch: 18, iter: 266,000, lr:(2.523e-04,)] [eta: 1 day, 6:15:32, time (data): 0.752 (0.002)] l_pix: -2.3377e+01 
2023-06-15 08:19:47,375 INFO: Validation RestoreNet-test, 		 # psnr: 25.4066	 # ssim: 0.8473
2023-06-15 08:19:47,376 INFO: [Resto..][epoch: 18, iter: 266,000, lr:(2.523e-04,)] m_psnr: 2.5407e+01 m_ssim: 8.4734e-01 
2023-06-15 08:22:17,567 INFO: [Resto..][epoch: 18, iter: 266,200, lr:(2.517e-04,)] [eta: 1 day, 6:13:02, time (data): 0.749 (0.002)] l_pix: -2.8360e+01 
2023-06-15 08:24:47,549 INFO: [Resto..][epoch: 18, iter: 266,400, lr:(2.510e-04,)] [eta: 1 day, 6:09:33, time (data): 0.756 (0.002)] l_pix: -2.4266e+01 
2023-06-15 08:26:18,280 INFO: Validation RestoreNet-test, 		 # psnr: 25.3339	 # ssim: 0.8472
2023-06-15 08:26:18,281 INFO: [Resto..][epoch: 18, iter: 266,500, lr:(2.506e-04,)] m_psnr: 2.5334e+01 m_ssim: 8.4724e-01 
2023-06-15 08:27:33,296 INFO: [Resto..][epoch: 18, iter: 266,600, lr:(2.503e-04,)] [eta: 1 day, 6:07:02, time (data): 0.755 (0.002)] l_pix: -2.4317e+01 
2023-06-15 08:30:03,569 INFO: [Resto..][epoch: 18, iter: 266,800, lr:(2.496e-04,)] [eta: 1 day, 6:03:35, time (data): 0.750 (0.002)] l_pix: -2.6431e+01 
2023-06-15 08:32:33,673 INFO: [Resto..][epoch: 18, iter: 267,000, lr:(2.489e-04,)] [eta: 1 day, 6:00:08, time (data): 0.747 (0.002)] l_pix: -1.9572e+01 
2023-06-15 08:32:49,439 INFO: Validation RestoreNet-test, 		 # psnr: 25.2784	 # ssim: 0.8412
2023-06-15 08:32:49,439 INFO: [Resto..][epoch: 18, iter: 267,000, lr:(2.489e-04,)] m_psnr: 2.5278e+01 m_ssim: 8.4116e-01 
2023-06-15 08:35:21,244 INFO: [Resto..][epoch: 18, iter: 267,200, lr:(2.483e-04,)] [eta: 1 day, 5:57:44, time (data): 0.747 (0.002)] l_pix: -2.9063e+01 
2023-06-15 08:37:53,078 INFO: [Resto..][epoch: 18, iter: 267,400, lr:(2.476e-04,)] [eta: 1 day, 5:54:24, time (data): 0.751 (0.002)] l_pix: -2.3752e+01 
2023-06-15 08:39:24,088 INFO: Validation RestoreNet-test, 		 # psnr: 25.3498	 # ssim: 0.8450
2023-06-15 08:39:24,088 INFO: [Resto..][epoch: 18, iter: 267,500, lr:(2.472e-04,)] m_psnr: 2.5350e+01 m_ssim: 8.4498e-01 
2023-06-15 08:40:39,089 INFO: [Resto..][epoch: 18, iter: 267,600, lr:(2.469e-04,)] [eta: 1 day, 5:51:54, time (data): 0.750 (0.002)] l_pix: -2.2152e+01 
2023-06-15 08:43:09,064 INFO: [Resto..][epoch: 18, iter: 267,800, lr:(2.462e-04,)] [eta: 1 day, 5:48:28, time (data): 0.751 (0.002)] l_pix: -2.4626e+01 
2023-06-15 08:45:39,072 INFO: [Resto..][epoch: 18, iter: 268,000, lr:(2.456e-04,)] [eta: 1 day, 5:45:03, time (data): 0.743 (0.001)] l_pix: -1.6480e+01 
2023-06-15 08:45:54,869 INFO: Validation RestoreNet-test, 		 # psnr: 25.3425	 # ssim: 0.8456
2023-06-15 08:45:54,869 INFO: [Resto..][epoch: 18, iter: 268,000, lr:(2.456e-04,)] m_psnr: 2.5343e+01 m_ssim: 8.4556e-01 
2023-06-15 08:48:25,105 INFO: [Resto..][epoch: 18, iter: 268,200, lr:(2.449e-04,)] [eta: 1 day, 5:42:34, time (data): 0.753 (0.002)] l_pix: -2.1923e+01 
2023-06-15 08:50:55,310 INFO: [Resto..][epoch: 18, iter: 268,400, lr:(2.442e-04,)] [eta: 1 day, 5:39:10, time (data): 0.749 (0.003)] l_pix: -2.5795e+01 
2023-06-15 08:52:26,174 INFO: Validation RestoreNet-test, 		 # psnr: 25.3011	 # ssim: 0.8416
2023-06-15 08:52:26,175 INFO: [Resto..][epoch: 18, iter: 268,500, lr:(2.439e-04,)] m_psnr: 2.5301e+01 m_ssim: 8.4164e-01 
2023-06-15 08:53:41,273 INFO: [Resto..][epoch: 18, iter: 268,600, lr:(2.435e-04,)] [eta: 1 day, 5:36:41, time (data): 0.751 (0.002)] l_pix: -2.6067e+01 
2023-06-15 08:56:13,116 INFO: [Resto..][epoch: 18, iter: 268,800, lr:(2.429e-04,)] [eta: 1 day, 5:33:23, time (data): 0.754 (0.002)] l_pix: -2.8276e+01 
2023-06-15 08:58:43,159 INFO: [Resto..][epoch: 18, iter: 269,000, lr:(2.422e-04,)] [eta: 1 day, 5:30:00, time (data): 0.750 (0.002)] l_pix: -2.9176e+01 
2023-06-15 08:58:58,953 INFO: Validation RestoreNet-test, 		 # psnr: 25.4103	 # ssim: 0.8435
2023-06-15 08:58:58,954 INFO: [Resto..][epoch: 18, iter: 269,000, lr:(2.422e-04,)] m_psnr: 2.5410e+01 m_ssim: 8.4345e-01 
2023-06-15 09:01:31,233 INFO: [Resto..][epoch: 18, iter: 269,200, lr:(2.415e-04,)] [eta: 1 day, 5:27:38, time (data): 0.751 (0.002)] l_pix: -2.0004e+01 
2023-06-15 09:04:01,286 INFO: [Resto..][epoch: 18, iter: 269,400, lr:(2.408e-04,)] [eta: 1 day, 5:24:15, time (data): 0.749 (0.002)] l_pix: -2.2197e+01 
2023-06-15 09:05:32,059 INFO: Validation RestoreNet-test, 		 # psnr: 25.2486	 # ssim: 0.8415
2023-06-15 09:05:32,060 INFO: [Resto..][epoch: 18, iter: 269,500, lr:(2.405e-04,)] m_psnr: 2.5249e+01 m_ssim: 8.4150e-01 
2023-06-15 09:06:47,094 INFO: [Resto..][epoch: 18, iter: 269,600, lr:(2.402e-04,)] [eta: 1 day, 5:21:46, time (data): 0.757 (0.003)] l_pix: -2.3615e+01 
2023-06-15 09:09:17,374 INFO: [Resto..][epoch: 18, iter: 269,800, lr:(2.395e-04,)] [eta: 1 day, 5:18:25, time (data): 0.750 (0.002)] l_pix: -2.5993e+01 
2023-06-15 09:11:47,439 INFO: [Resto..][epoch: 18, iter: 270,000, lr:(2.388e-04,)] [eta: 1 day, 5:15:04, time (data): 0.748 (0.002)] l_pix: -2.7968e+01 
2023-06-15 09:11:47,440 INFO: Saving models and training states.
2023-06-15 09:12:07,574 INFO: Validation RestoreNet-test, 		 # psnr: 25.2608	 # ssim: 0.8424
2023-06-15 09:12:07,575 INFO: [Resto..][epoch: 18, iter: 270,000, lr:(2.388e-04,)] m_psnr: 2.5261e+01 m_ssim: 8.4242e-01 
2023-06-15 09:14:37,933 INFO: [Resto..][epoch: 18, iter: 270,200, lr:(2.382e-04,)] [eta: 1 day, 5:12:49, time (data): 0.750 (0.002)] l_pix: -2.7551e+01 
2023-06-15 09:17:08,878 INFO: [Resto..][epoch: 18, iter: 270,400, lr:(2.375e-04,)] [eta: 1 day, 5:09:31, time (data): 0.750 (0.002)] l_pix: -2.1601e+01 
2023-06-15 09:18:40,094 INFO: Validation RestoreNet-test, 		 # psnr: 25.4342	 # ssim: 0.8486
2023-06-15 09:18:40,095 INFO: [Resto..][epoch: 19, iter: 270,500, lr:(2.372e-04,)] m_psnr: 2.5434e+01 m_ssim: 8.4864e-01 
2023-06-15 09:19:55,340 INFO: [Resto..][epoch: 19, iter: 270,600, lr:(2.368e-04,)] [eta: 1 day, 5:07:04, time (data): 0.750 (0.003)] l_pix: -2.4316e+01 
2023-06-15 09:22:25,440 INFO: [Resto..][epoch: 19, iter: 270,800, lr:(2.362e-04,)] [eta: 1 day, 5:03:44, time (data): 0.746 (0.002)] l_pix: -1.9328e+01 
2023-06-15 09:24:55,529 INFO: [Resto..][epoch: 19, iter: 271,000, lr:(2.355e-04,)] [eta: 1 day, 5:00:25, time (data): 0.747 (0.002)] l_pix: -2.5655e+01 
2023-06-15 09:25:11,308 INFO: Validation RestoreNet-test, 		 # psnr: 25.3978	 # ssim: 0.8466
2023-06-15 09:25:11,309 INFO: [Resto..][epoch: 19, iter: 271,000, lr:(2.355e-04,)] m_psnr: 2.5398e+01 m_ssim: 8.4658e-01 
2023-06-15 09:27:41,348 INFO: [Resto..][epoch: 19, iter: 271,200, lr:(2.348e-04,)] [eta: 1 day, 4:57:55, time (data): 0.750 (0.002)] l_pix: -2.4000e+01 
2023-06-15 09:30:11,502 INFO: [Resto..][epoch: 19, iter: 271,400, lr:(2.342e-04,)] [eta: 1 day, 4:54:36, time (data): 0.749 (0.002)] l_pix: -2.2427e+01 
2023-06-15 09:31:42,371 INFO: Validation RestoreNet-test, 		 # psnr: 25.3052	 # ssim: 0.8425
2023-06-15 09:31:42,372 INFO: [Resto..][epoch: 19, iter: 271,500, lr:(2.338e-04,)] m_psnr: 2.5305e+01 m_ssim: 8.4255e-01 
2023-06-15 09:32:57,464 INFO: [Resto..][epoch: 19, iter: 271,600, lr:(2.335e-04,)] [eta: 1 day, 4:52:07, time (data): 0.746 (0.002)] l_pix: -2.3422e+01 
2023-06-15 09:35:27,409 INFO: [Resto..][epoch: 19, iter: 271,800, lr:(2.328e-04,)] [eta: 1 day, 4:48:49, time (data): 0.742 (0.002)] l_pix: -2.5139e+01 
2023-06-15 09:37:57,396 INFO: [Resto..][epoch: 19, iter: 272,000, lr:(2.322e-04,)] [eta: 1 day, 4:45:31, time (data): 0.750 (0.002)] l_pix: -2.5915e+01 
2023-06-15 09:38:13,206 INFO: Validation RestoreNet-test, 		 # psnr: 25.3144	 # ssim: 0.8451
2023-06-15 09:38:13,207 INFO: [Resto..][epoch: 19, iter: 272,000, lr:(2.322e-04,)] m_psnr: 2.5314e+01 m_ssim: 8.4512e-01 
2023-06-15 09:40:43,386 INFO: [Resto..][epoch: 19, iter: 272,200, lr:(2.315e-04,)] [eta: 1 day, 4:43:02, time (data): 0.747 (0.002)] l_pix: -2.8993e+01 
2023-06-15 09:43:16,008 INFO: [Resto..][epoch: 19, iter: 272,400, lr:(2.308e-04,)] [eta: 1 day, 4:39:52, time (data): 0.754 (0.002)] l_pix: -2.9040e+01 
2023-06-15 09:44:46,936 INFO: Validation RestoreNet-test, 		 # psnr: 25.3126	 # ssim: 0.8449
2023-06-15 09:44:46,937 INFO: [Resto..][epoch: 19, iter: 272,500, lr:(2.305e-04,)] m_psnr: 2.5313e+01 m_ssim: 8.4486e-01 
2023-06-15 09:46:01,930 INFO: [Resto..][epoch: 19, iter: 272,600, lr:(2.302e-04,)] [eta: 1 day, 4:37:23, time (data): 0.752 (0.002)] l_pix: -2.4536e+01 
2023-06-15 09:48:32,005 INFO: [Resto..][epoch: 19, iter: 272,800, lr:(2.295e-04,)] [eta: 1 day, 4:34:07, time (data): 0.750 (0.003)] l_pix: -2.3561e+01 
2023-06-15 09:51:02,126 INFO: [Resto..][epoch: 19, iter: 273,000, lr:(2.289e-04,)] [eta: 1 day, 4:30:51, time (data): 0.748 (0.002)] l_pix: -2.8304e+01 
2023-06-15 09:51:17,880 INFO: Validation RestoreNet-test, 		 # psnr: 25.2464	 # ssim: 0.8434
2023-06-15 09:51:17,881 INFO: [Resto..][epoch: 19, iter: 273,000, lr:(2.289e-04,)] m_psnr: 2.5246e+01 m_ssim: 8.4341e-01 
2023-06-15 09:53:47,934 INFO: [Resto..][epoch: 19, iter: 273,200, lr:(2.282e-04,)] [eta: 1 day, 4:28:21, time (data): 0.749 (0.002)] l_pix: -2.6750e+01 
2023-06-15 09:56:18,085 INFO: [Resto..][epoch: 19, iter: 273,400, lr:(2.275e-04,)] [eta: 1 day, 4:25:06, time (data): 0.748 (0.002)] l_pix: -2.2551e+01 
2023-06-15 09:57:48,869 INFO: Validation RestoreNet-test, 		 # psnr: 25.3544	 # ssim: 0.8461
2023-06-15 09:57:48,870 INFO: [Resto..][epoch: 19, iter: 273,500, lr:(2.272e-04,)] m_psnr: 2.5354e+01 m_ssim: 8.4606e-01 
2023-06-15 09:59:03,872 INFO: [Resto..][epoch: 19, iter: 273,600, lr:(2.269e-04,)] [eta: 1 day, 4:22:36, time (data): 0.746 (0.002)] l_pix: -2.1331e+01 
2023-06-15 10:01:34,131 INFO: [Resto..][epoch: 19, iter: 273,800, lr:(2.262e-04,)] [eta: 1 day, 4:19:22, time (data): 0.750 (0.002)] l_pix: -2.4642e+01 
