2023-06-12 04:58:21,423 INFO: 
                ____                _       _____  ____
               / __ ) ____ _ _____ (_)_____/ ___/ / __ \
              / __  |/ __ `// ___// // ___/\__ \ / /_/ /
             / /_/ // /_/ /(__  )/ // /__ ___/ // _, _/
            /_____/ \__,_//____//_/ \___//____//_/ |_|
     ______                   __   __                 __      __
    / ____/____   ____   ____/ /  / /   __  __ _____ / /__   / /
   / / __ / __ \ / __ \ / __  /  / /   / / / // ___// //_/  / /
  / /_/ // /_/ // /_/ // /_/ /  / /___/ /_/ // /__ / /<    /_/
  \____/ \____/ \____/ \____/  /_____/\____/ \___//_/|_|  (_)
    
Version Information: 
	BasicSR: 1.2.0+386ca20
	PyTorch: 2.0.1+cu118
	TorchVision: 0.15.2+cu118
2023-06-12 04:58:21,424 INFO: 
  name: RestoreNet-width64
  model_type: ImageRestorationModel
  scale: 1
  num_gpu: 1
  manual_seed: 10
  datasets:[
    train:[
      name: RestoreNet-train
      type: PairedImageDataset
      dataroot_gt: /content/drive/MyDrive/ground/gt
      dataroot_lq: /content/drive/MyDrive/output_result
      filename_tmpl: {}
      io_backend:[
        type: disk
      ]
      gt_size: 256
      use_flip: True
      use_rot: True
      use_shuffle: True
      num_worker_per_gpu: 2
      batch_size_per_gpu: 2
      dataset_enlarge_ratio: 1
      prefetch_mode: None
      phase: train
      scale: 1
    ]
    val:[
      name: RestoreNet-test
      type: PairedImageDataset
      dataroot_gt: /content/drive/MyDrive/testdataset/gt
      dataroot_lq: /content/drive/MyDrive/testdataset/lq
      io_backend:[
        type: disk
      ]
      phase: val
      scale: 1
    ]
  ]
  network_g:[
    type: RestoreNetLocal
    width_deblur: 64
    enc_blk_nums_deblur: [1, 1, 1, 28]
    middle_blk_num_deblur: 1
    dec_blk_nums_deblur: [1, 1, 1, 1]
    dw_expand_deblur: 2
    ffn_expand_deblur: 2
    width_denoise: 64
    enc_blk_nums_denoise: [2, 2, 4, 8]
    middle_blk_num_denoise: 12
    dec_blk_nums_denoise: [2, 2, 2, 2]
    dw_expand_denoise: 2
    ffn_expand_denoise: 2
  ]
  path:[
    pretrain_network_g: None
    strict_load_g: True
    resume_state: experiments/RestoreNet-width64/training_states/85000.state
    root: /content/drive/MyDrive/NAFNet-main
    experiments_root: /content/drive/MyDrive/NAFNet-main/experiments/RestoreNet-width64
    models: /content/drive/MyDrive/NAFNet-main/experiments/RestoreNet-width64/models
    training_states: /content/drive/MyDrive/NAFNet-main/experiments/RestoreNet-width64/training_states
    log: /content/drive/MyDrive/NAFNet-main/experiments/RestoreNet-width64
    visualization: /content/drive/MyDrive/NAFNet-main/experiments/RestoreNet-width64/visualization
  ]
  train:[
    optim_g:[
      type: AdamW
      lr: 0.001
      weight_decay: 0.001
      betas: [0.9, 0.9]
    ]
    scheduler:[
      type: TrueCosineAnnealingLR
      T_max: 400000
      eta_min: 1e-07
    ]
    total_iter: 400000
    warmup_iter: -1
    pixel_opt:[
      type: PSNRLoss
      loss_weight: 1
      reduction: mean
    ]
  ]
  val:[
    val_freq: 500.0
    save_img: False
    metrics:[
      psnr:[
        type: calculate_psnr
        crop_border: 0
        test_y_channel: False
      ]
      ssim:[
        type: calculate_ssim
        crop_border: 0
        test_y_channel: False
      ]
    ]
  ]
  logger:[
    print_freq: 200
    save_checkpoint_freq: 5000.0
    use_tb_logger: True
    wandb:[
      project: None
      resume_id: None
    ]
  ]
  dist_params:[
    backend: gloo
    port: 4321
  ]
  is_train: True
  dist: True
  rank: 0
  world_size: 1

2023-06-12 04:58:31,287 INFO: Dataset PairedImageDataset - RestoreNet-train is created.
2023-06-12 04:58:31,288 INFO: Training statistics:
	Number of train images: 20000
	Dataset enlarge ratio: 1
	Batch size per gpu: 2
	World size (gpu number): 1
	Require iter number per epoch: 10000
	Total epochs: 40; iters: 400000.
2023-06-12 04:58:32,072 INFO: Dataset PairedImageDataset - RestoreNet-test is created.
2023-06-12 04:58:32,072 INFO: Number of val images/folders in RestoreNet-test: 20
2023-06-12 04:58:32,073 INFO: Set pretrain_network_g to /content/drive/MyDrive/NAFNet-main/experiments/RestoreNet-width64/models/net_g_85000.pth
2023-06-12 04:58:37,665 INFO: Loading RestoreNetLocal model from /content/drive/MyDrive/NAFNet-main/experiments/RestoreNet-width64/models/net_g_85000.pth.
2023-06-12 04:59:35,922 INFO: Model [ImageRestorationModel] is created.
2023-06-12 04:59:36,011 INFO: Resuming training from epoch: 6, iter: 85000.
2023-06-12 04:59:40,429 INFO: Start training from epoch: 6, iter: 85000
2023-06-12 05:02:24,718 INFO: [Resto..][epoch:  6, iter:  85,200, lr:(8.922e-04,)] [eta: 3 days, 1:23:43, time (data): 1.505 (1.264)] l_pix: -2.0462e+01 
2023-06-12 05:05:00,382 INFO: [Resto..][epoch:  6, iter:  85,400, lr:(8.917e-04,)] [eta: 2 days, 22:41:20, time (data): 1.208 (0.978)] l_pix: -2.0830e+01 
2023-06-12 05:06:44,104 INFO: Validation RestoreNet-test, 		 # psnr: 24.6827	 # ssim: 0.8210
2023-06-12 05:06:44,105 INFO: [Resto..][epoch:  6, iter:  85,500, lr:(8.915e-04,)] m_psnr: 2.4683e+01 m_ssim: 8.2101e-01 
2023-06-12 05:07:57,130 INFO: [Resto..][epoch:  6, iter:  85,600, lr:(8.912e-04,)] [eta: 3 days, 0:49:08, time (data): 0.667 (0.436)] l_pix: -2.5329e+01 
2023-06-12 05:10:29,640 INFO: [Resto..][epoch:  6, iter:  85,800, lr:(8.907e-04,)] [eta: 2 days, 23:13:11, time (data): 1.375 (1.143)] l_pix: -2.3623e+01 
2023-06-12 05:13:00,802 INFO: [Resto..][epoch:  6, iter:  86,000, lr:(8.902e-04,)] [eta: 2 days, 22:07:31, time (data): 1.144 (0.915)] l_pix: -2.8935e+01 
2023-06-12 05:13:04,137 INFO: Validation RestoreNet-test, 		 # psnr: 24.6948	 # ssim: 0.8222
2023-06-12 05:13:04,138 INFO: [Resto..][epoch:  6, iter:  86,000, lr:(8.902e-04,)] m_psnr: 2.4695e+01 m_ssim: 8.2219e-01 
2023-06-12 05:15:35,294 INFO: [Resto..][epoch:  6, iter:  86,200, lr:(8.897e-04,)] [eta: 2 days, 21:37:22, time (data): 0.232 (0.001)] l_pix: -1.8643e+01 
2023-06-12 05:18:07,955 INFO: [Resto..][epoch:  6, iter:  86,400, lr:(8.892e-04,)] [eta: 2 days, 21:08:16, time (data): 0.239 (0.001)] l_pix: -2.0693e+01 
2023-06-12 05:19:27,857 INFO: Validation RestoreNet-test, 		 # psnr: 24.6837	 # ssim: 0.8218
2023-06-12 05:19:27,857 INFO: [Resto..][epoch:  6, iter:  86,500, lr:(8.890e-04,)] m_psnr: 2.4684e+01 m_ssim: 8.2185e-01 
2023-06-12 05:20:41,056 INFO: [Resto..][epoch:  6, iter:  86,600, lr:(8.888e-04,)] [eta: 2 days, 20:47:15, time (data): 0.263 (0.001)] l_pix: -2.2708e+01 
2023-06-12 05:23:11,676 INFO: [Resto..][epoch:  6, iter:  86,800, lr:(8.883e-04,)] [eta: 2 days, 20:23:08, time (data): 0.428 (0.197)] l_pix: -2.4609e+01 
2023-06-12 05:25:43,520 INFO: [Resto..][epoch:  6, iter:  87,000, lr:(8.878e-04,)] [eta: 2 days, 20:06:31, time (data): 0.232 (0.001)] l_pix: -2.4269e+01 
2023-06-12 05:25:46,845 INFO: Validation RestoreNet-test, 		 # psnr: 24.5357	 # ssim: 0.8182
2023-06-12 05:25:46,846 INFO: [Resto..][epoch:  6, iter:  87,000, lr:(8.878e-04,)] m_psnr: 2.4536e+01 m_ssim: 8.1818e-01 
2023-06-12 05:28:17,332 INFO: [Resto..][epoch:  6, iter:  87,200, lr:(8.873e-04,)] [eta: 2 days, 19:57:08, time (data): 0.233 (0.001)] l_pix: -2.2482e+01 
2023-06-12 05:30:48,471 INFO: [Resto..][epoch:  6, iter:  87,400, lr:(8.868e-04,)] [eta: 2 days, 19:43:05, time (data): 0.235 (0.001)] l_pix: -2.1673e+01 
2023-06-12 05:32:08,734 INFO: Validation RestoreNet-test, 		 # psnr: 24.5921	 # ssim: 0.8243
2023-06-12 05:32:08,735 INFO: [Resto..][epoch:  6, iter:  87,500, lr:(8.865e-04,)] m_psnr: 2.4592e+01 m_ssim: 8.2432e-01 
2023-06-12 05:33:20,925 INFO: [Resto..][epoch:  6, iter:  87,600, lr:(8.863e-04,)] [eta: 2 days, 19:33:26, time (data): 0.235 (0.001)] l_pix: -2.1139e+01 
2023-06-12 05:35:50,179 INFO: [Resto..][epoch:  6, iter:  87,800, lr:(8.858e-04,)] [eta: 2 days, 19:18:52, time (data): 0.232 (0.001)] l_pix: -2.1903e+01 
2023-06-12 05:38:24,204 INFO: [Resto..][epoch:  6, iter:  88,000, lr:(8.853e-04,)] [eta: 2 days, 19:14:10, time (data): 0.237 (0.001)] l_pix: -2.4062e+01 
2023-06-12 05:38:27,536 INFO: Validation RestoreNet-test, 		 # psnr: 24.6807	 # ssim: 0.8228
2023-06-12 05:38:27,536 INFO: [Resto..][epoch:  6, iter:  88,000, lr:(8.853e-04,)] m_psnr: 2.4681e+01 m_ssim: 8.2284e-01 
2023-06-12 05:40:54,707 INFO: [Resto..][epoch:  6, iter:  88,200, lr:(8.848e-04,)] [eta: 2 days, 19:04:01, time (data): 0.232 (0.002)] l_pix: -2.4609e+01 
2023-06-12 05:43:26,534 INFO: [Resto..][epoch:  6, iter:  88,400, lr:(8.843e-04,)] [eta: 2 days, 18:56:48, time (data): 0.231 (0.001)] l_pix: -2.1393e+01 
2023-06-12 05:44:45,520 INFO: Validation RestoreNet-test, 		 # psnr: 24.7540	 # ssim: 0.8226
2023-06-12 05:44:45,520 INFO: [Resto..][epoch:  6, iter:  88,500, lr:(8.840e-04,)] m_psnr: 2.4754e+01 m_ssim: 8.2260e-01 
2023-06-12 05:45:58,511 INFO: [Resto..][epoch:  6, iter:  88,600, lr:(8.838e-04,)] [eta: 2 days, 18:50:18, time (data): 0.958 (0.726)] l_pix: -2.3239e+01 
2023-06-12 05:48:29,908 INFO: [Resto..][epoch:  6, iter:  88,800, lr:(8.833e-04,)] [eta: 2 days, 18:43:26, time (data): 1.070 (0.833)] l_pix: -2.4127e+01 
2023-06-12 05:50:59,017 INFO: [Resto..][epoch:  6, iter:  89,000, lr:(8.828e-04,)] [eta: 2 days, 18:34:03, time (data): 0.580 (0.350)] l_pix: -2.0766e+01 
2023-06-12 05:51:02,363 INFO: Validation RestoreNet-test, 		 # psnr: 24.7089	 # ssim: 0.8233
2023-06-12 05:51:02,364 INFO: [Resto..][epoch:  6, iter:  89,000, lr:(8.828e-04,)] m_psnr: 2.4709e+01 m_ssim: 8.2332e-01 
2023-06-12 05:53:33,484 INFO: [Resto..][epoch:  6, iter:  89,200, lr:(8.823e-04,)] [eta: 2 days, 18:31:55, time (data): 0.232 (0.001)] l_pix: -1.9962e+01 
2023-06-12 05:56:03,110 INFO: [Resto..][epoch:  6, iter:  89,400, lr:(8.817e-04,)] [eta: 2 days, 18:24:03, time (data): 0.231 (0.001)] l_pix: -2.5327e+01 
2023-06-12 05:57:21,217 INFO: Validation RestoreNet-test, 		 # psnr: 24.6261	 # ssim: 0.8202
2023-06-12 05:57:21,218 INFO: [Resto..][epoch:  6, iter:  89,500, lr:(8.815e-04,)] m_psnr: 2.4626e+01 m_ssim: 8.2020e-01 
2023-06-12 05:58:34,196 INFO: [Resto..][epoch:  6, iter:  89,600, lr:(8.812e-04,)] [eta: 2 days, 18:18:17, time (data): 0.236 (0.001)] l_pix: -2.7965e+01 
2023-06-12 06:01:05,670 INFO: [Resto..][epoch:  6, iter:  89,800, lr:(8.807e-04,)] [eta: 2 days, 18:13:13, time (data): 0.241 (0.001)] l_pix: -2.4228e+01 
2023-06-12 06:03:35,397 INFO: [Resto..][epoch:  6, iter:  90,000, lr:(8.802e-04,)] [eta: 2 days, 18:06:33, time (data): 0.564 (0.333)] l_pix: -2.2653e+01 
2023-06-12 06:03:35,397 INFO: Saving models and training states.
2023-06-12 06:03:43,117 INFO: Validation RestoreNet-test, 		 # psnr: 24.6139	 # ssim: 0.8208
2023-06-12 06:03:43,117 INFO: [Resto..][epoch:  6, iter:  90,000, lr:(8.802e-04,)] m_psnr: 2.4614e+01 m_ssim: 8.2077e-01 
2023-06-12 06:06:44,946 INFO: [Resto..][epoch:  6, iter:  90,200, lr:(8.797e-04,)] [eta: 2 days, 18:39:44, time (data): 1.240 (0.971)] l_pix: -2.4882e+01 
2023-06-12 06:09:17,013 INFO: [Resto..][epoch:  6, iter:  90,400, lr:(8.792e-04,)] [eta: 2 days, 18:34:25, time (data): 0.605 (0.370)] l_pix: -2.0294e+01 
2023-06-12 06:10:36,755 INFO: Validation RestoreNet-test, 		 # psnr: 24.5439	 # ssim: 0.8197
2023-06-12 06:10:36,756 INFO: [Resto..][epoch:  6, iter:  90,500, lr:(8.789e-04,)] m_psnr: 2.4544e+01 m_ssim: 8.1972e-01 
2023-06-12 06:11:51,864 INFO: [Resto..][epoch:  6, iter:  90,600, lr:(8.787e-04,)] [eta: 2 days, 18:31:52, time (data): 1.172 (0.941)] l_pix: -2.2241e+01 
2023-06-12 06:14:26,449 INFO: [Resto..][epoch:  6, iter:  90,800, lr:(8.782e-04,)] [eta: 2 days, 18:29:04, time (data): 1.282 (1.051)] l_pix: -2.3254e+01 
2023-06-12 06:17:01,119 INFO: [Resto..][epoch:  6, iter:  91,000, lr:(8.777e-04,)] [eta: 2 days, 18:26:22, time (data): 0.559 (0.324)] l_pix: -2.3313e+01 
2023-06-12 06:17:04,442 INFO: Validation RestoreNet-test, 		 # psnr: 24.6698	 # ssim: 0.8221
2023-06-12 06:17:04,443 INFO: [Resto..][epoch:  6, iter:  91,000, lr:(8.777e-04,)] m_psnr: 2.4670e+01 m_ssim: 8.2215e-01 
2023-06-12 06:19:34,811 INFO: [Resto..][epoch:  6, iter:  91,200, lr:(8.771e-04,)] [eta: 2 days, 18:22:51, time (data): 0.232 (0.001)] l_pix: -2.1163e+01 
2023-06-12 06:22:14,925 INFO: [Resto..][epoch:  6, iter:  91,400, lr:(8.766e-04,)] [eta: 2 days, 18:24:34, time (data): 1.216 (0.981)] l_pix: -2.0181e+01 
2023-06-12 06:23:36,847 INFO: Validation RestoreNet-test, 		 # psnr: 24.5882	 # ssim: 0.8179
2023-06-12 06:23:36,847 INFO: [Resto..][epoch:  6, iter:  91,500, lr:(8.764e-04,)] m_psnr: 2.4588e+01 m_ssim: 8.1787e-01 
2023-06-12 06:24:51,206 INFO: [Resto..][epoch:  6, iter:  91,600, lr:(8.761e-04,)] [eta: 2 days, 18:23:02, time (data): 0.232 (0.001)] l_pix: -2.0271e+01 
2023-06-12 06:27:23,860 INFO: [Resto..][epoch:  6, iter:  91,800, lr:(8.756e-04,)] [eta: 2 days, 18:18:41, time (data): 0.235 (0.001)] l_pix: -1.7233e+01 
2023-06-12 06:29:55,047 INFO: [Resto..][epoch:  6, iter:  92,000, lr:(8.751e-04,)] [eta: 2 days, 18:13:22, time (data): 0.244 (0.001)] l_pix: -1.9753e+01 
2023-06-12 06:29:58,352 INFO: Validation RestoreNet-test, 		 # psnr: 24.6411	 # ssim: 0.8217
2023-06-12 06:29:58,353 INFO: [Resto..][epoch:  6, iter:  92,000, lr:(8.751e-04,)] m_psnr: 2.4641e+01 m_ssim: 8.2167e-01 
2023-06-12 06:32:27,231 INFO: [Resto..][epoch:  6, iter:  92,200, lr:(8.746e-04,)] [eta: 2 days, 18:08:55, time (data): 0.235 (0.001)] l_pix: -2.3586e+01 
2023-06-12 06:34:57,266 INFO: [Resto..][epoch:  6, iter:  92,400, lr:(8.740e-04,)] [eta: 2 days, 18:03:05, time (data): 0.231 (0.001)] l_pix: -2.4450e+01 
2023-06-12 06:36:16,743 INFO: Validation RestoreNet-test, 		 # psnr: 24.4656	 # ssim: 0.8153
2023-06-12 06:36:16,744 INFO: [Resto..][epoch:  6, iter:  92,500, lr:(8.738e-04,)] m_psnr: 2.4466e+01 m_ssim: 8.1529e-01 
2023-06-12 06:37:30,213 INFO: [Resto..][epoch:  6, iter:  92,600, lr:(8.735e-04,)] [eta: 2 days, 17:59:23, time (data): 0.770 (0.532)] l_pix: -2.3054e+01 
2023-06-12 06:40:04,260 INFO: [Resto..][epoch:  6, iter:  92,800, lr:(8.730e-04,)] [eta: 2 days, 17:56:29, time (data): 1.090 (0.858)] l_pix: -1.6362e+01 
2023-06-12 06:42:39,126 INFO: [Resto..][epoch:  6, iter:  93,000, lr:(8.725e-04,)] [eta: 2 days, 17:54:06, time (data): 1.182 (0.949)] l_pix: -2.5322e+01 
2023-06-12 06:42:42,465 INFO: Validation RestoreNet-test, 		 # psnr: 24.4475	 # ssim: 0.8143
2023-06-12 06:42:42,465 INFO: [Resto..][epoch:  6, iter:  93,000, lr:(8.725e-04,)] m_psnr: 2.4447e+01 m_ssim: 8.1427e-01 
2023-06-12 06:45:10,839 INFO: [Resto..][epoch:  6, iter:  93,200, lr:(8.719e-04,)] [eta: 2 days, 17:49:45, time (data): 1.153 (0.918)] l_pix: -2.5192e+01 
2023-06-12 06:47:42,790 INFO: [Resto..][epoch:  6, iter:  93,400, lr:(8.714e-04,)] [eta: 2 days, 17:45:38, time (data): 1.141 (0.912)] l_pix: -2.3458e+01 
2023-06-12 06:49:01,831 INFO: Validation RestoreNet-test, 		 # psnr: 24.6607	 # ssim: 0.8228
2023-06-12 06:49:01,832 INFO: [Resto..][epoch:  6, iter:  93,500, lr:(8.711e-04,)] m_psnr: 2.4661e+01 m_ssim: 8.2283e-01 
2023-06-12 06:50:16,154 INFO: [Resto..][epoch:  6, iter:  93,600, lr:(8.709e-04,)] [eta: 2 days, 17:42:26, time (data): 0.238 (0.001)] l_pix: -2.0228e+01 
2023-06-12 06:52:48,557 INFO: [Resto..][epoch:  6, iter:  93,800, lr:(8.704e-04,)] [eta: 2 days, 17:38:42, time (data): 0.235 (0.001)] l_pix: -1.9716e+01 
2023-06-12 06:55:19,354 INFO: [Resto..][epoch:  6, iter:  94,000, lr:(8.698e-04,)] [eta: 2 days, 17:34:06, time (data): 0.235 (0.001)] l_pix: -2.2231e+01 
2023-06-12 06:55:22,671 INFO: Validation RestoreNet-test, 		 # psnr: 24.7661	 # ssim: 0.8221
2023-06-12 06:55:22,672 INFO: [Resto..][epoch:  6, iter:  94,000, lr:(8.698e-04,)] m_psnr: 2.4766e+01 m_ssim: 8.2211e-01 
2023-06-12 06:57:50,641 INFO: [Resto..][epoch:  6, iter:  94,200, lr:(8.693e-04,)] [eta: 2 days, 17:29:52, time (data): 0.234 (0.001)] l_pix: -2.3812e+01 
2023-06-12 07:00:25,234 INFO: [Resto..][epoch:  6, iter:  94,400, lr:(8.688e-04,)] [eta: 2 days, 17:27:31, time (data): 0.235 (0.001)] l_pix: -2.8512e+01 
2023-06-12 07:01:44,792 INFO: Validation RestoreNet-test, 		 # psnr: 24.5907	 # ssim: 0.8206
2023-06-12 07:01:44,793 INFO: [Resto..][epoch:  6, iter:  94,500, lr:(8.685e-04,)] m_psnr: 2.4591e+01 m_ssim: 8.2064e-01 
2023-06-12 07:02:58,429 INFO: [Resto..][epoch:  6, iter:  94,600, lr:(8.682e-04,)] [eta: 2 days, 17:24:24, time (data): 0.575 (0.343)] l_pix: -2.3102e+01 
2023-06-12 07:05:30,983 INFO: [Resto..][epoch:  6, iter:  94,800, lr:(8.677e-04,)] [eta: 2 days, 17:20:58, time (data): 1.030 (0.790)] l_pix: -2.5688e+01 
2023-06-12 07:08:02,660 INFO: [Resto..][epoch:  6, iter:  95,000, lr:(8.672e-04,)] [eta: 2 days, 17:17:08, time (data): 0.233 (0.001)] l_pix: -2.4676e+01 
2023-06-12 07:08:02,660 INFO: Saving models and training states.
2023-06-12 07:08:10,069 INFO: Validation RestoreNet-test, 		 # psnr: 24.6362	 # ssim: 0.8227
2023-06-12 07:08:10,070 INFO: [Resto..][epoch:  6, iter:  95,000, lr:(8.672e-04,)] m_psnr: 2.4636e+01 m_ssim: 8.2273e-01 
2023-06-12 07:08:58,159 INFO: [Resto..][epoch:  7, iter:  95,200, lr:(8.666e-04,)] [eta: 2 days, 16:25:27, time (data): 0.233 (0.002)] l_pix: -2.4411e+01 
2023-06-12 07:09:45,073 INFO: [Resto..][epoch:  7, iter:  95,400, lr:(8.661e-04,)] [eta: 2 days, 15:31:32, time (data): 0.232 (0.002)] l_pix: -2.5183e+01 
2023-06-12 07:10:12,299 INFO: Validation RestoreNet-test, 		 # psnr: 24.4862	 # ssim: 0.8163
2023-06-12 07:10:12,300 INFO: [Resto..][epoch:  7, iter:  95,500, lr:(8.658e-04,)] m_psnr: 2.4486e+01 m_ssim: 8.1626e-01 
2023-06-12 07:10:35,794 INFO: [Resto..][epoch:  7, iter:  95,600, lr:(8.656e-04,)] [eta: 2 days, 14:41:27, time (data): 0.234 (0.002)] l_pix: -2.3433e+01 
2023-06-12 07:11:22,878 INFO: [Resto..][epoch:  7, iter:  95,800, lr:(8.650e-04,)] [eta: 2 days, 13:51:28, time (data): 0.234 (0.002)] l_pix: -2.0837e+01 
2023-06-12 07:12:10,003 INFO: [Resto..][epoch:  7, iter:  96,000, lr:(8.645e-04,)] [eta: 2 days, 13:03:18, time (data): 0.232 (0.002)] l_pix: -2.1823e+01 
2023-06-12 07:12:13,357 INFO: Validation RestoreNet-test, 		 # psnr: 24.5944	 # ssim: 0.8202
2023-06-12 07:12:13,358 INFO: [Resto..][epoch:  7, iter:  96,000, lr:(8.645e-04,)] m_psnr: 2.4594e+01 m_ssim: 8.2023e-01 
2023-06-12 07:13:00,614 INFO: [Resto..][epoch:  7, iter:  96,200, lr:(8.640e-04,)] [eta: 2 days, 12:18:24, time (data): 0.243 (0.003)] l_pix: -1.9793e+01 
2023-06-12 07:13:47,882 INFO: [Resto..][epoch:  7, iter:  96,400, lr:(8.634e-04,)] [eta: 2 days, 11:33:34, time (data): 0.233 (0.002)] l_pix: -2.2776e+01 
2023-06-12 07:14:14,834 INFO: Validation RestoreNet-test, 		 # psnr: 24.5934	 # ssim: 0.8209
2023-06-12 07:14:14,834 INFO: [Resto..][epoch:  7, iter:  96,500, lr:(8.632e-04,)] m_psnr: 2.4593e+01 m_ssim: 8.2086e-01 
2023-06-12 07:14:38,371 INFO: [Resto..][epoch:  7, iter:  96,600, lr:(8.629e-04,)] [eta: 2 days, 10:51:39, time (data): 0.229 (0.002)] l_pix: -2.2885e+01 
2023-06-12 07:15:25,043 INFO: [Resto..][epoch:  7, iter:  96,800, lr:(8.623e-04,)] [eta: 2 days, 10:09:30, time (data): 0.250 (0.003)] l_pix: -3.0263e+01 
2023-06-12 07:16:11,862 INFO: [Resto..][epoch:  7, iter:  97,000, lr:(8.618e-04,)] [eta: 2 days, 9:28:47, time (data): 0.234 (0.002)] l_pix: -2.1203e+01 
2023-06-12 07:16:15,210 INFO: Validation RestoreNet-test, 		 # psnr: 24.7639	 # ssim: 0.8228
2023-06-12 07:16:15,211 INFO: [Resto..][epoch:  7, iter:  97,000, lr:(8.618e-04,)] m_psnr: 2.4764e+01 m_ssim: 8.2282e-01 
2023-06-12 07:17:02,208 INFO: [Resto..][epoch:  7, iter:  97,200, lr:(8.613e-04,)] [eta: 2 days, 8:50:50, time (data): 0.236 (0.002)] l_pix: -2.0974e+01 
2023-06-12 07:17:49,104 INFO: [Resto..][epoch:  7, iter:  97,400, lr:(8.607e-04,)] [eta: 2 days, 8:12:41, time (data): 0.251 (0.002)] l_pix: -2.4366e+01 
2023-06-12 07:18:15,764 INFO: Validation RestoreNet-test, 		 # psnr: 24.8040	 # ssim: 0.8247
2023-06-12 07:18:15,765 INFO: [Resto..][epoch:  7, iter:  97,500, lr:(8.604e-04,)] m_psnr: 2.4804e+01 m_ssim: 8.2467e-01 
2023-06-12 07:18:39,215 INFO: [Resto..][epoch:  7, iter:  97,600, lr:(8.602e-04,)] [eta: 2 days, 7:37:00, time (data): 0.231 (0.002)] l_pix: -2.1156e+01 
2023-06-12 07:19:26,159 INFO: [Resto..][epoch:  7, iter:  97,800, lr:(8.596e-04,)] [eta: 2 days, 7:01:10, time (data): 0.233 (0.003)] l_pix: -2.0908e+01 
2023-06-12 07:20:12,882 INFO: [Resto..][epoch:  7, iter:  98,000, lr:(8.591e-04,)] [eta: 2 days, 6:26:19, time (data): 0.230 (0.003)] l_pix: -2.0970e+01 
2023-06-12 07:20:16,205 INFO: Validation RestoreNet-test, 		 # psnr: 24.6050	 # ssim: 0.8215
2023-06-12 07:20:16,206 INFO: [Resto..][epoch:  7, iter:  98,000, lr:(8.591e-04,)] m_psnr: 2.4605e+01 m_ssim: 8.2151e-01 
2023-06-12 07:21:03,022 INFO: [Resto..][epoch:  7, iter:  98,200, lr:(8.585e-04,)] [eta: 2 days, 5:53:48, time (data): 0.262 (0.002)] l_pix: -2.4862e+01 
2023-06-12 07:21:49,619 INFO: [Resto..][epoch:  7, iter:  98,400, lr:(8.580e-04,)] [eta: 2 days, 5:20:54, time (data): 0.231 (0.002)] l_pix: -2.8005e+01 
2023-06-12 07:22:16,202 INFO: Validation RestoreNet-test, 		 # psnr: 24.6879	 # ssim: 0.8233
2023-06-12 07:22:16,203 INFO: [Resto..][epoch:  7, iter:  98,500, lr:(8.577e-04,)] m_psnr: 2.4688e+01 m_ssim: 8.2332e-01 
2023-06-12 07:22:39,738 INFO: [Resto..][epoch:  7, iter:  98,600, lr:(8.574e-04,)] [eta: 2 days, 4:50:15, time (data): 0.230 (0.002)] l_pix: -2.4690e+01 
2023-06-12 07:23:26,443 INFO: [Resto..][epoch:  7, iter:  98,800, lr:(8.569e-04,)] [eta: 2 days, 4:19:14, time (data): 0.229 (0.002)] l_pix: -2.5082e+01 
2023-06-12 07:24:12,939 INFO: [Resto..][epoch:  7, iter:  99,000, lr:(8.563e-04,)] [eta: 2 days, 3:48:59, time (data): 0.230 (0.002)] l_pix: -2.2289e+01 
2023-06-12 07:24:16,217 INFO: Validation RestoreNet-test, 		 # psnr: 24.6740	 # ssim: 0.8237
2023-06-12 07:24:16,218 INFO: [Resto..][epoch:  7, iter:  99,000, lr:(8.563e-04,)] m_psnr: 2.4674e+01 m_ssim: 8.2372e-01 
2023-06-12 07:25:03,160 INFO: [Resto..][epoch:  7, iter:  99,200, lr:(8.558e-04,)] [eta: 2 days, 3:20:54, time (data): 0.234 (0.003)] l_pix: -2.0021e+01 
2023-06-12 07:25:50,095 INFO: [Resto..][epoch:  7, iter:  99,400, lr:(8.552e-04,)] [eta: 2 days, 2:52:25, time (data): 0.243 (0.002)] l_pix: -2.3655e+01 
2023-06-12 07:26:16,766 INFO: Validation RestoreNet-test, 		 # psnr: 24.5583	 # ssim: 0.8169
2023-06-12 07:26:16,767 INFO: [Resto..][epoch:  7, iter:  99,500, lr:(8.550e-04,)] m_psnr: 2.4558e+01 m_ssim: 8.1693e-01 
2023-06-12 07:26:40,364 INFO: [Resto..][epoch:  7, iter:  99,600, lr:(8.547e-04,)] [eta: 2 days, 2:25:51, time (data): 0.238 (0.002)] l_pix: -2.4527e+01 
2023-06-12 07:27:27,793 INFO: [Resto..][epoch:  7, iter:  99,800, lr:(8.541e-04,)] [eta: 2 days, 1:59:00, time (data): 0.250 (0.002)] l_pix: -1.7868e+01 
2023-06-12 07:28:14,937 INFO: [Resto..][epoch:  7, iter: 100,000, lr:(8.536e-04,)] [eta: 2 days, 1:32:46, time (data): 0.231 (0.002)] l_pix: -2.0389e+01 
2023-06-12 07:28:14,938 INFO: Saving models and training states.
2023-06-12 07:28:22,520 INFO: Validation RestoreNet-test, 		 # psnr: 24.5689	 # ssim: 0.8191
2023-06-12 07:28:22,521 INFO: [Resto..][epoch:  7, iter: 100,000, lr:(8.536e-04,)] m_psnr: 2.4569e+01 m_ssim: 8.1909e-01 
2023-06-12 07:29:12,116 INFO: [Resto..][epoch:  7, iter: 100,200, lr:(8.530e-04,)] [eta: 2 days, 1:10:29, time (data): 0.232 (0.003)] l_pix: -2.3001e+01 
2023-06-12 07:29:58,706 INFO: [Resto..][epoch:  7, iter: 100,400, lr:(8.525e-04,)] [eta: 2 days, 0:45:20, time (data): 0.230 (0.002)] l_pix: -2.0770e+01 
2023-06-12 07:30:25,382 INFO: Validation RestoreNet-test, 		 # psnr: 24.6351	 # ssim: 0.8183
2023-06-12 07:30:25,383 INFO: [Resto..][epoch:  7, iter: 100,500, lr:(8.522e-04,)] m_psnr: 2.4635e+01 m_ssim: 8.1828e-01 
2023-06-12 07:30:49,055 INFO: [Resto..][epoch:  7, iter: 100,600, lr:(8.519e-04,)] [eta: 2 days, 0:22:00, time (data): 0.240 (0.002)] l_pix: -2.5514e+01 
2023-06-12 07:31:35,928 INFO: [Resto..][epoch:  7, iter: 100,800, lr:(8.513e-04,)] [eta: 1 day, 23:58:09, time (data): 0.232 (0.002)] l_pix: -2.4784e+01 
2023-06-12 07:32:22,730 INFO: [Resto..][epoch:  7, iter: 101,000, lr:(8.508e-04,)] [eta: 1 day, 23:34:51, time (data): 0.235 (0.002)] l_pix: -2.5867e+01 
2023-06-12 07:32:26,029 INFO: Validation RestoreNet-test, 		 # psnr: 24.6517	 # ssim: 0.8206
2023-06-12 07:32:26,030 INFO: [Resto..][epoch:  7, iter: 101,000, lr:(8.508e-04,)] m_psnr: 2.4652e+01 m_ssim: 8.2060e-01 
2023-06-12 07:33:12,807 INFO: [Resto..][epoch:  7, iter: 101,200, lr:(8.502e-04,)] [eta: 1 day, 23:13:07, time (data): 0.232 (0.002)] l_pix: -2.4785e+01 
2023-06-12 07:33:59,363 INFO: [Resto..][epoch:  7, iter: 101,400, lr:(8.497e-04,)] [eta: 1 day, 22:50:49, time (data): 0.228 (0.002)] l_pix: -1.9872e+01 
2023-06-12 07:34:26,147 INFO: Validation RestoreNet-test, 		 # psnr: 24.6019	 # ssim: 0.8217
2023-06-12 07:34:26,148 INFO: [Resto..][epoch:  7, iter: 101,500, lr:(8.494e-04,)] m_psnr: 2.4602e+01 m_ssim: 8.2170e-01 
2023-06-12 07:34:49,656 INFO: [Resto..][epoch:  7, iter: 101,600, lr:(8.491e-04,)] [eta: 1 day, 22:30:10, time (data): 0.247 (0.003)] l_pix: -2.3510e+01 
2023-06-12 07:35:36,512 INFO: [Resto..][epoch:  7, iter: 101,800, lr:(8.485e-04,)] [eta: 1 day, 22:08:58, time (data): 0.234 (0.003)] l_pix: -2.0544e+01 
2023-06-12 07:36:23,540 INFO: [Resto..][epoch:  7, iter: 102,000, lr:(8.480e-04,)] [eta: 1 day, 21:48:18, time (data): 0.229 (0.002)] l_pix: -2.0557e+01 
2023-06-12 07:36:26,841 INFO: Validation RestoreNet-test, 		 # psnr: 24.7276	 # ssim: 0.8255
2023-06-12 07:36:26,842 INFO: [Resto..][epoch:  7, iter: 102,000, lr:(8.480e-04,)] m_psnr: 2.4728e+01 m_ssim: 8.2550e-01 
2023-06-12 07:37:13,676 INFO: [Resto..][epoch:  7, iter: 102,200, lr:(8.474e-04,)] [eta: 1 day, 21:28:59, time (data): 0.232 (0.002)] l_pix: -2.4546e+01 
2023-06-12 07:38:00,424 INFO: [Resto..][epoch:  7, iter: 102,400, lr:(8.468e-04,)] [eta: 1 day, 21:09:08, time (data): 0.229 (0.002)] l_pix: -2.1353e+01 
2023-06-12 07:38:27,023 INFO: Validation RestoreNet-test, 		 # psnr: 24.6596	 # ssim: 0.8241
2023-06-12 07:38:27,024 INFO: [Resto..][epoch:  7, iter: 102,500, lr:(8.466e-04,)] m_psnr: 2.4660e+01 m_ssim: 8.2409e-01 
2023-06-12 07:38:50,657 INFO: [Resto..][epoch:  7, iter: 102,600, lr:(8.463e-04,)] [eta: 1 day, 20:50:42, time (data): 0.232 (0.002)] l_pix: -1.9942e+01 
2023-06-12 07:39:37,525 INFO: [Resto..][epoch:  7, iter: 102,800, lr:(8.457e-04,)] [eta: 1 day, 20:31:43, time (data): 0.243 (0.002)] l_pix: -1.8269e+01 
2023-06-12 07:40:24,269 INFO: [Resto..][epoch:  7, iter: 103,000, lr:(8.451e-04,)] [eta: 1 day, 20:13:06, time (data): 0.228 (0.002)] l_pix: -2.5821e+01 
2023-06-12 07:40:27,572 INFO: Validation RestoreNet-test, 		 # psnr: 24.6950	 # ssim: 0.8204
2023-06-12 07:40:27,573 INFO: [Resto..][epoch:  7, iter: 103,000, lr:(8.451e-04,)] m_psnr: 2.4695e+01 m_ssim: 8.2037e-01 
2023-06-12 07:41:14,720 INFO: [Resto..][epoch:  7, iter: 103,200, lr:(8.446e-04,)] [eta: 1 day, 19:55:54, time (data): 0.232 (0.002)] l_pix: -2.3340e+01 
2023-06-12 07:42:01,372 INFO: [Resto..][epoch:  7, iter: 103,400, lr:(8.440e-04,)] [eta: 1 day, 19:38:01, time (data): 0.228 (0.002)] l_pix: -2.3841e+01 
2023-06-12 07:42:28,239 INFO: Validation RestoreNet-test, 		 # psnr: 24.6631	 # ssim: 0.8246
2023-06-12 07:42:28,239 INFO: [Resto..][epoch:  7, iter: 103,500, lr:(8.437e-04,)] m_psnr: 2.4663e+01 m_ssim: 8.2465e-01 
2023-06-12 07:42:51,665 INFO: [Resto..][epoch:  7, iter: 103,600, lr:(8.434e-04,)] [eta: 1 day, 19:21:29, time (data): 0.235 (0.003)] l_pix: -2.3745e+01 
2023-06-12 07:43:38,445 INFO: [Resto..][epoch:  7, iter: 103,800, lr:(8.429e-04,)] [eta: 1 day, 19:04:21, time (data): 0.229 (0.002)] l_pix: -2.1189e+01 
2023-06-12 07:44:25,571 INFO: [Resto..][epoch:  7, iter: 104,000, lr:(8.423e-04,)] [eta: 1 day, 18:47:40, time (data): 0.229 (0.002)] l_pix: -1.9951e+01 
2023-06-12 07:44:28,876 INFO: Validation RestoreNet-test, 		 # psnr: 24.6145	 # ssim: 0.8190
2023-06-12 07:44:28,876 INFO: [Resto..][epoch:  7, iter: 104,000, lr:(8.423e-04,)] m_psnr: 2.4615e+01 m_ssim: 8.1898e-01 
2023-06-12 07:45:15,471 INFO: [Resto..][epoch:  7, iter: 104,200, lr:(8.417e-04,)] [eta: 1 day, 18:32:01, time (data): 0.232 (0.002)] l_pix: -1.9098e+01 
2023-06-12 07:46:02,348 INFO: [Resto..][epoch:  7, iter: 104,400, lr:(8.411e-04,)] [eta: 1 day, 18:15:54, time (data): 0.234 (0.002)] l_pix: -2.0680e+01 
2023-06-12 07:46:29,143 INFO: Validation RestoreNet-test, 		 # psnr: 24.7492	 # ssim: 0.8237
2023-06-12 07:46:29,144 INFO: [Resto..][epoch:  7, iter: 104,500, lr:(8.409e-04,)] m_psnr: 2.4749e+01 m_ssim: 8.2372e-01 
2023-06-12 07:46:52,519 INFO: [Resto..][epoch:  7, iter: 104,600, lr:(8.406e-04,)] [eta: 1 day, 18:00:56, time (data): 0.234 (0.002)] l_pix: -2.3393e+01 
2023-06-12 07:47:39,799 INFO: [Resto..][epoch:  7, iter: 104,800, lr:(8.400e-04,)] [eta: 1 day, 17:45:32, time (data): 0.237 (0.002)] l_pix: -2.1466e+01 
2023-06-12 07:48:27,061 INFO: [Resto..][epoch:  7, iter: 105,000, lr:(8.394e-04,)] [eta: 1 day, 17:30:24, time (data): 0.252 (0.002)] l_pix: -2.4215e+01 
2023-06-12 07:48:27,061 INFO: Saving models and training states.
2023-06-12 07:48:34,530 INFO: Validation RestoreNet-test, 		 # psnr: 24.6935	 # ssim: 0.8257
2023-06-12 07:48:34,531 INFO: [Resto..][epoch:  7, iter: 105,000, lr:(8.394e-04,)] m_psnr: 2.4694e+01 m_ssim: 8.2574e-01 
2023-06-12 07:49:22,484 INFO: [Resto..][epoch:  8, iter: 105,200, lr:(8.388e-04,)] [eta: 1 day, 17:17:34, time (data): 0.229 (0.002)] l_pix: -2.2434e+01 
2023-06-12 07:50:09,408 INFO: [Resto..][epoch:  8, iter: 105,400, lr:(8.383e-04,)] [eta: 1 day, 17:02:54, time (data): 0.232 (0.002)] l_pix: -2.1714e+01 
2023-06-12 07:50:36,078 INFO: Validation RestoreNet-test, 		 # psnr: 24.5653	 # ssim: 0.8182
2023-06-12 07:50:36,079 INFO: [Resto..][epoch:  8, iter: 105,500, lr:(8.380e-04,)] m_psnr: 2.4565e+01 m_ssim: 8.1821e-01 
2023-06-12 07:50:59,591 INFO: [Resto..][epoch:  8, iter: 105,600, lr:(8.377e-04,)] [eta: 1 day, 16:49:17, time (data): 0.232 (0.002)] l_pix: -2.0201e+01 
2023-06-12 07:51:46,499 INFO: [Resto..][epoch:  8, iter: 105,800, lr:(8.371e-04,)] [eta: 1 day, 16:35:09, time (data): 0.234 (0.002)] l_pix: -1.9255e+01 
2023-06-12 07:52:33,788 INFO: [Resto..][epoch:  8, iter: 106,000, lr:(8.365e-04,)] [eta: 1 day, 16:21:21, time (data): 0.234 (0.002)] l_pix: -2.1161e+01 
2023-06-12 07:52:37,099 INFO: Validation RestoreNet-test, 		 # psnr: 24.6487	 # ssim: 0.8218
2023-06-12 07:52:37,099 INFO: [Resto..][epoch:  8, iter: 106,000, lr:(8.365e-04,)] m_psnr: 2.4649e+01 m_ssim: 8.2175e-01 
2023-06-12 07:53:23,906 INFO: [Resto..][epoch:  8, iter: 106,200, lr:(8.359e-04,)] [eta: 1 day, 16:08:27, time (data): 0.237 (0.002)] l_pix: -2.2740e+01 
2023-06-12 07:54:10,554 INFO: [Resto..][epoch:  8, iter: 106,400, lr:(8.354e-04,)] [eta: 1 day, 15:54:59, time (data): 0.232 (0.002)] l_pix: -2.3674e+01 
2023-06-12 07:54:37,376 INFO: Validation RestoreNet-test, 		 # psnr: 24.6437	 # ssim: 0.8219
2023-06-12 07:54:37,377 INFO: [Resto..][epoch:  8, iter: 106,500, lr:(8.351e-04,)] m_psnr: 2.4644e+01 m_ssim: 8.2190e-01 
2023-06-12 07:55:00,949 INFO: [Resto..][epoch:  8, iter: 106,600, lr:(8.348e-04,)] [eta: 1 day, 15:42:36, time (data): 0.241 (0.002)] l_pix: -2.4221e+01 
2023-06-12 07:55:48,057 INFO: [Resto..][epoch:  8, iter: 106,800, lr:(8.342e-04,)] [eta: 1 day, 15:29:42, time (data): 0.234 (0.003)] l_pix: -2.7514e+01 
2023-06-12 07:56:35,000 INFO: [Resto..][epoch:  8, iter: 107,000, lr:(8.336e-04,)] [eta: 1 day, 15:16:58, time (data): 0.243 (0.002)] l_pix: -2.4718e+01 
2023-06-12 07:56:38,278 INFO: Validation RestoreNet-test, 		 # psnr: 24.6196	 # ssim: 0.8202
2023-06-12 07:56:38,278 INFO: [Resto..][epoch:  8, iter: 107,000, lr:(8.336e-04,)] m_psnr: 2.4620e+01 m_ssim: 8.2015e-01 
2023-06-12 07:57:25,155 INFO: [Resto..][epoch:  8, iter: 107,200, lr:(8.330e-04,)] [eta: 1 day, 15:05:10, time (data): 0.239 (0.003)] l_pix: -2.3176e+01 
2023-06-12 07:58:12,292 INFO: [Resto..][epoch:  8, iter: 107,400, lr:(8.324e-04,)] [eta: 1 day, 14:52:54, time (data): 0.250 (0.003)] l_pix: -2.2288e+01 
2023-06-12 07:58:39,112 INFO: Validation RestoreNet-test, 		 # psnr: 24.4240	 # ssim: 0.8225
2023-06-12 07:58:39,113 INFO: [Resto..][epoch:  8, iter: 107,500, lr:(8.321e-04,)] m_psnr: 2.4424e+01 m_ssim: 8.2252e-01 
2023-06-12 07:59:02,543 INFO: [Resto..][epoch:  8, iter: 107,600, lr:(8.319e-04,)] [eta: 1 day, 14:41:31, time (data): 0.231 (0.002)] l_pix: -1.8758e+01 
2023-06-12 07:59:49,498 INFO: [Resto..][epoch:  8, iter: 107,800, lr:(8.313e-04,)] [eta: 1 day, 14:29:36, time (data): 0.236 (0.002)] l_pix: -2.0492e+01 
2023-06-12 08:00:36,361 INFO: [Resto..][epoch:  8, iter: 108,000, lr:(8.307e-04,)] [eta: 1 day, 14:17:52, time (data): 0.231 (0.002)] l_pix: -2.2661e+01 
2023-06-12 08:00:39,659 INFO: Validation RestoreNet-test, 		 # psnr: 24.6309	 # ssim: 0.8191
2023-06-12 08:00:39,659 INFO: [Resto..][epoch:  8, iter: 108,000, lr:(8.307e-04,)] m_psnr: 2.4631e+01 m_ssim: 8.1912e-01 
2023-06-12 08:01:26,405 INFO: [Resto..][epoch:  8, iter: 108,200, lr:(8.301e-04,)] [eta: 1 day, 14:07:00, time (data): 0.229 (0.002)] l_pix: -2.6242e+01 
2023-06-12 08:02:13,554 INFO: [Resto..][epoch:  8, iter: 108,400, lr:(8.295e-04,)] [eta: 1 day, 13:55:41, time (data): 0.233 (0.002)] l_pix: -2.1051e+01 
2023-06-12 08:02:40,573 INFO: Validation RestoreNet-test, 		 # psnr: 24.6882	 # ssim: 0.8224
2023-06-12 08:02:40,574 INFO: [Resto..][epoch:  8, iter: 108,500, lr:(8.292e-04,)] m_psnr: 2.4688e+01 m_ssim: 8.2237e-01 
2023-06-12 08:03:04,136 INFO: [Resto..][epoch:  8, iter: 108,600, lr:(8.289e-04,)] [eta: 1 day, 13:45:16, time (data): 0.231 (0.002)] l_pix: -2.0491e+01 
2023-06-12 08:03:51,173 INFO: [Resto..][epoch:  8, iter: 108,800, lr:(8.283e-04,)] [eta: 1 day, 13:34:17, time (data): 0.233 (0.002)] l_pix: -1.9774e+01 
2023-06-12 08:04:38,049 INFO: [Resto..][epoch:  8, iter: 109,000, lr:(8.277e-04,)] [eta: 1 day, 13:23:26, time (data): 0.242 (0.003)] l_pix: -1.8557e+01 
2023-06-12 08:04:41,332 INFO: Validation RestoreNet-test, 		 # psnr: 24.7446	 # ssim: 0.8275
2023-06-12 08:04:41,333 INFO: [Resto..][epoch:  8, iter: 109,000, lr:(8.277e-04,)] m_psnr: 2.4745e+01 m_ssim: 8.2752e-01 
2023-06-12 08:05:28,187 INFO: [Resto..][epoch:  8, iter: 109,200, lr:(8.271e-04,)] [eta: 1 day, 13:13:24, time (data): 0.231 (0.002)] l_pix: -2.1513e+01 
2023-06-12 08:06:15,244 INFO: [Resto..][epoch:  8, iter: 109,400, lr:(8.265e-04,)] [eta: 1 day, 13:02:55, time (data): 0.231 (0.003)] l_pix: -1.8733e+01 
2023-06-12 08:06:42,010 INFO: Validation RestoreNet-test, 		 # psnr: 24.6714	 # ssim: 0.8224
2023-06-12 08:06:42,011 INFO: [Resto..][epoch:  8, iter: 109,500, lr:(8.262e-04,)] m_psnr: 2.4671e+01 m_ssim: 8.2239e-01 
2023-06-12 08:07:05,517 INFO: [Resto..][epoch:  8, iter: 109,600, lr:(8.259e-04,)] [eta: 1 day, 12:53:13, time (data): 0.231 (0.002)] l_pix: -2.1961e+01 
2023-06-12 08:07:52,201 INFO: [Resto..][epoch:  8, iter: 109,800, lr:(8.253e-04,)] [eta: 1 day, 12:42:57, time (data): 0.231 (0.002)] l_pix: -2.7151e+01 
2023-06-12 08:08:39,094 INFO: [Resto..][epoch:  8, iter: 110,000, lr:(8.247e-04,)] [eta: 1 day, 12:32:54, time (data): 0.232 (0.002)] l_pix: -2.2626e+01 
2023-06-12 08:08:39,095 INFO: Saving models and training states.
2023-06-12 08:08:46,459 INFO: Validation RestoreNet-test, 		 # psnr: 24.7080	 # ssim: 0.8235
2023-06-12 08:08:46,460 INFO: [Resto..][epoch:  8, iter: 110,000, lr:(8.247e-04,)] m_psnr: 2.4708e+01 m_ssim: 8.2351e-01 
2023-06-12 08:09:34,813 INFO: [Resto..][epoch:  8, iter: 110,200, lr:(8.241e-04,)] [eta: 1 day, 12:24:40, time (data): 0.232 (0.002)] l_pix: -2.8341e+01 
2023-06-12 08:10:21,560 INFO: [Resto..][epoch:  8, iter: 110,400, lr:(8.235e-04,)] [eta: 1 day, 12:14:51, time (data): 0.237 (0.003)] l_pix: -2.1871e+01 
2023-06-12 08:10:48,251 INFO: Validation RestoreNet-test, 		 # psnr: 24.6076	 # ssim: 0.8199
2023-06-12 08:10:48,252 INFO: [Resto..][epoch:  8, iter: 110,500, lr:(8.232e-04,)] m_psnr: 2.4608e+01 m_ssim: 8.1986e-01 
2023-06-12 08:11:11,468 INFO: [Resto..][epoch:  8, iter: 110,600, lr:(8.229e-04,)] [eta: 1 day, 12:05:47, time (data): 0.229 (0.002)] l_pix: -2.0104e+01 
2023-06-12 08:11:58,148 INFO: [Resto..][epoch:  8, iter: 110,800, lr:(8.223e-04,)] [eta: 1 day, 11:56:13, time (data): 0.229 (0.002)] l_pix: -2.0848e+01 
2023-06-12 08:12:45,079 INFO: [Resto..][epoch:  8, iter: 111,000, lr:(8.217e-04,)] [eta: 1 day, 11:46:51, time (data): 0.231 (0.002)] l_pix: -2.7862e+01 
2023-06-12 08:12:48,390 INFO: Validation RestoreNet-test, 		 # psnr: 24.8655	 # ssim: 0.8284
2023-06-12 08:12:48,391 INFO: [Resto..][epoch:  8, iter: 111,000, lr:(8.217e-04,)] m_psnr: 2.4866e+01 m_ssim: 8.2844e-01 
2023-06-12 08:13:35,197 INFO: [Resto..][epoch:  8, iter: 111,200, lr:(8.211e-04,)] [eta: 1 day, 11:38:12, time (data): 0.234 (0.002)] l_pix: -2.1958e+01 
2023-06-12 08:14:22,083 INFO: [Resto..][epoch:  8, iter: 111,400, lr:(8.205e-04,)] [eta: 1 day, 11:29:04, time (data): 0.241 (0.002)] l_pix: -2.2077e+01 
2023-06-12 08:14:48,927 INFO: Validation RestoreNet-test, 		 # psnr: 24.6547	 # ssim: 0.8199
2023-06-12 08:14:48,928 INFO: [Resto..][epoch:  8, iter: 111,500, lr:(8.202e-04,)] m_psnr: 2.4655e+01 m_ssim: 8.1994e-01 
2023-06-12 08:15:12,308 INFO: [Resto..][epoch:  8, iter: 111,600, lr:(8.199e-04,)] [eta: 1 day, 11:20:40, time (data): 0.234 (0.002)] l_pix: -2.5100e+01 
2023-06-12 08:15:59,177 INFO: [Resto..][epoch:  8, iter: 111,800, lr:(8.193e-04,)] [eta: 1 day, 11:11:47, time (data): 0.231 (0.002)] l_pix: -2.2396e+01 
2023-06-12 08:16:46,056 INFO: [Resto..][epoch:  8, iter: 112,000, lr:(8.187e-04,)] [eta: 1 day, 11:03:02, time (data): 0.258 (0.002)] l_pix: -2.1281e+01 
2023-06-12 08:16:49,323 INFO: Validation RestoreNet-test, 		 # psnr: 24.8631	 # ssim: 0.8267
2023-06-12 08:16:49,324 INFO: [Resto..][epoch:  8, iter: 112,000, lr:(8.187e-04,)] m_psnr: 2.4863e+01 m_ssim: 8.2671e-01 
2023-06-12 08:17:36,154 INFO: [Resto..][epoch:  8, iter: 112,200, lr:(8.181e-04,)] [eta: 1 day, 10:54:57, time (data): 0.234 (0.002)] l_pix: -1.7401e+01 
2023-06-12 08:18:22,754 INFO: [Resto..][epoch:  8, iter: 112,400, lr:(8.175e-04,)] [eta: 1 day, 10:46:22, time (data): 0.230 (0.002)] l_pix: -2.4005e+01 
2023-06-12 08:18:49,720 INFO: Validation RestoreNet-test, 		 # psnr: 24.5506	 # ssim: 0.8174
2023-06-12 08:18:49,720 INFO: [Resto..][epoch:  8, iter: 112,500, lr:(8.172e-04,)] m_psnr: 2.4551e+01 m_ssim: 8.1740e-01 
2023-06-12 08:19:13,282 INFO: [Resto..][epoch:  8, iter: 112,600, lr:(8.169e-04,)] [eta: 1 day, 10:38:34, time (data): 0.231 (0.002)] l_pix: -2.0119e+01 
2023-06-12 08:20:00,139 INFO: [Resto..][epoch:  8, iter: 112,800, lr:(8.163e-04,)] [eta: 1 day, 10:30:15, time (data): 0.235 (0.002)] l_pix: -2.2477e+01 
2023-06-12 08:20:47,187 INFO: [Resto..][epoch:  8, iter: 113,000, lr:(8.157e-04,)] [eta: 1 day, 10:22:04, time (data): 0.238 (0.002)] l_pix: -2.0520e+01 
2023-06-12 08:20:50,515 INFO: Validation RestoreNet-test, 		 # psnr: 24.7857	 # ssim: 0.8280
2023-06-12 08:20:50,516 INFO: [Resto..][epoch:  8, iter: 113,000, lr:(8.157e-04,)] m_psnr: 2.4786e+01 m_ssim: 8.2804e-01 
2023-06-12 08:21:37,495 INFO: [Resto..][epoch:  8, iter: 113,200, lr:(8.151e-04,)] [eta: 1 day, 10:14:33, time (data): 0.232 (0.002)] l_pix: -2.0602e+01 
2023-06-12 08:22:24,265 INFO: [Resto..][epoch:  8, iter: 113,400, lr:(8.145e-04,)] [eta: 1 day, 10:06:31, time (data): 0.244 (0.002)] l_pix: -2.9205e+01 
2023-06-12 08:22:51,122 INFO: Validation RestoreNet-test, 		 # psnr: 24.7412	 # ssim: 0.8254
2023-06-12 08:22:51,123 INFO: [Resto..][epoch:  8, iter: 113,500, lr:(8.142e-04,)] m_psnr: 2.4741e+01 m_ssim: 8.2539e-01 
2023-06-12 08:23:14,498 INFO: [Resto..][epoch:  8, iter: 113,600, lr:(8.139e-04,)] [eta: 1 day, 9:59:11, time (data): 0.230 (0.002)] l_pix: -2.4042e+01 
2023-06-12 08:24:01,356 INFO: [Resto..][epoch:  8, iter: 113,800, lr:(8.133e-04,)] [eta: 1 day, 9:51:22, time (data): 0.235 (0.002)] l_pix: -2.7709e+01 
2023-06-12 08:24:48,655 INFO: [Resto..][epoch:  8, iter: 114,000, lr:(8.126e-04,)] [eta: 1 day, 9:43:43, time (data): 0.235 (0.002)] l_pix: -2.2329e+01 
2023-06-12 08:24:51,959 INFO: Validation RestoreNet-test, 		 # psnr: 24.8150	 # ssim: 0.8260
2023-06-12 08:24:51,960 INFO: [Resto..][epoch:  8, iter: 114,000, lr:(8.126e-04,)] m_psnr: 2.4815e+01 m_ssim: 8.2599e-01 
2023-06-12 08:25:38,968 INFO: [Resto..][epoch:  8, iter: 114,200, lr:(8.120e-04,)] [eta: 1 day, 9:36:39, time (data): 0.231 (0.002)] l_pix: -2.2459e+01 
2023-06-12 08:26:25,755 INFO: [Resto..][epoch:  8, iter: 114,400, lr:(8.114e-04,)] [eta: 1 day, 9:29:07, time (data): 0.231 (0.002)] l_pix: -1.8932e+01 
2023-06-12 08:26:52,508 INFO: Validation RestoreNet-test, 		 # psnr: 24.7655	 # ssim: 0.8276
2023-06-12 08:26:52,509 INFO: [Resto..][epoch:  8, iter: 114,500, lr:(8.111e-04,)] m_psnr: 2.4766e+01 m_ssim: 8.2758e-01 
2023-06-12 08:27:15,884 INFO: [Resto..][epoch:  8, iter: 114,600, lr:(8.108e-04,)] [eta: 1 day, 9:22:12, time (data): 0.230 (0.002)] l_pix: -2.5396e+01 
2023-06-12 08:28:02,943 INFO: [Resto..][epoch:  8, iter: 114,800, lr:(8.102e-04,)] [eta: 1 day, 9:14:52, time (data): 0.237 (0.002)] l_pix: -2.2672e+01 
2023-06-12 08:28:49,775 INFO: [Resto..][epoch:  8, iter: 115,000, lr:(8.096e-04,)] [eta: 1 day, 9:07:36, time (data): 0.229 (0.002)] l_pix: -2.1933e+01 
2023-06-12 08:28:49,776 INFO: Saving models and training states.
2023-06-12 08:28:57,274 INFO: Validation RestoreNet-test, 		 # psnr: 24.8512	 # ssim: 0.8252
2023-06-12 08:28:57,274 INFO: [Resto..][epoch:  8, iter: 115,000, lr:(8.096e-04,)] m_psnr: 2.4851e+01 m_ssim: 8.2522e-01 
2023-06-12 08:29:44,885 INFO: [Resto..][epoch:  9, iter: 115,200, lr:(8.090e-04,)] [eta: 1 day, 9:01:43, time (data): 0.236 (0.002)] l_pix: -2.3162e+01 
2023-06-12 08:30:32,078 INFO: [Resto..][epoch:  9, iter: 115,400, lr:(8.083e-04,)] [eta: 1 day, 8:54:39, time (data): 0.235 (0.002)] l_pix: -2.4030e+01 
2023-06-12 08:30:58,964 INFO: Validation RestoreNet-test, 		 # psnr: 24.7353	 # ssim: 0.8255
2023-06-12 08:30:58,964 INFO: [Resto..][epoch:  9, iter: 115,500, lr:(8.080e-04,)] m_psnr: 2.4735e+01 m_ssim: 8.2554e-01 
2023-06-12 08:31:22,714 INFO: [Resto..][epoch:  9, iter: 115,600, lr:(8.077e-04,)] [eta: 1 day, 8:48:13, time (data): 0.234 (0.002)] l_pix: -2.1382e+01 
2023-06-12 08:32:09,610 INFO: [Resto..][epoch:  9, iter: 115,800, lr:(8.071e-04,)] [eta: 1 day, 8:41:16, time (data): 0.231 (0.002)] l_pix: -2.1199e+01 
2023-06-12 08:32:56,318 INFO: [Resto..][epoch:  9, iter: 116,000, lr:(8.065e-04,)] [eta: 1 day, 8:34:23, time (data): 0.237 (0.002)] l_pix: -2.2484e+01 
2023-06-12 08:32:59,628 INFO: Validation RestoreNet-test, 		 # psnr: 24.7231	 # ssim: 0.8213
2023-06-12 08:32:59,629 INFO: [Resto..][epoch:  9, iter: 116,000, lr:(8.065e-04,)] m_psnr: 2.4723e+01 m_ssim: 8.2130e-01 
