2023-06-16 01:41:15,261 INFO: 
                ____                _       _____  ____
               / __ ) ____ _ _____ (_)_____/ ___/ / __ \
              / __  |/ __ `// ___// // ___/\__ \ / /_/ /
             / /_/ // /_/ /(__  )/ // /__ ___/ // _, _/
            /_____/ \__,_//____//_/ \___//____//_/ |_|
     ______                   __   __                 __      __
    / ____/____   ____   ____/ /  / /   __  __ _____ / /__   / /
   / / __ / __ \ / __ \ / __  /  / /   / / / // ___// //_/  / /
  / /_/ // /_/ // /_/ // /_/ /  / /___/ /_/ // /__ / /<    /_/
  \____/ \____/ \____/ \____/  /_____/\____/ \___//_/|_|  (_)
    
Version Information: 
	BasicSR: 1.2.0+386ca20
	PyTorch: 2.0.1+cu118
	TorchVision: 0.15.2+cu118
2023-06-16 01:41:15,262 INFO: 
  name: RestoreNet-width64
  model_type: ImageRestorationModel
  scale: 1
  num_gpu: 1
  manual_seed: 10
  datasets:[
    train:[
      name: RestoreNet-train
      type: PairedImageDataset
      dataroot_gt: /content/drive/MyDrive/ground/gt
      dataroot_lq: /content/drive/MyDrive/output_result
      filename_tmpl: {}
      io_backend:[
        type: disk
      ]
      gt_size: 256
      use_flip: True
      use_rot: True
      use_shuffle: True
      num_worker_per_gpu: 2
      batch_size_per_gpu: 2
      dataset_enlarge_ratio: 1
      prefetch_mode: None
      phase: train
      scale: 1
    ]
    val:[
      name: RestoreNet-test
      type: PairedImageDataset
      dataroot_gt: /content/drive/MyDrive/testdataset/gt
      dataroot_lq: /content/drive/MyDrive/testdataset/lq
      io_backend:[
        type: disk
      ]
      phase: val
      scale: 1
    ]
  ]
  network_g:[
    type: RestoreNetLocal
    width_deblur: 64
    enc_blk_nums_deblur: [1, 1, 1, 28]
    middle_blk_num_deblur: 1
    dec_blk_nums_deblur: [1, 1, 1, 1]
    dw_expand_deblur: 2
    ffn_expand_deblur: 2
    width_denoise: 64
    enc_blk_nums_denoise: [2, 2, 4, 8]
    middle_blk_num_denoise: 12
    dec_blk_nums_denoise: [2, 2, 2, 2]
    dw_expand_denoise: 2
    ffn_expand_denoise: 2
  ]
  path:[
    pretrain_network_g: None
    strict_load_g: True
    resume_state: experiments/RestoreNet-width64/training_states/315000.state
    root: /content/drive/MyDrive/NAFNet-main
    experiments_root: /content/drive/MyDrive/NAFNet-main/experiments/RestoreNet-width64
    models: /content/drive/MyDrive/NAFNet-main/experiments/RestoreNet-width64/models
    training_states: /content/drive/MyDrive/NAFNet-main/experiments/RestoreNet-width64/training_states
    log: /content/drive/MyDrive/NAFNet-main/experiments/RestoreNet-width64
    visualization: /content/drive/MyDrive/NAFNet-main/experiments/RestoreNet-width64/visualization
  ]
  train:[
    optim_g:[
      type: AdamW
      lr: 0.001
      weight_decay: 0.001
      betas: [0.9, 0.9]
    ]
    scheduler:[
      type: TrueCosineAnnealingLR
      T_max: 400000
      eta_min: 1e-07
    ]
    total_iter: 400000
    warmup_iter: -1
    pixel_opt:[
      type: PSNRLoss
      loss_weight: 1
      reduction: mean
    ]
  ]
  val:[
    val_freq: 500.0
    save_img: False
    metrics:[
      psnr:[
        type: calculate_psnr
        crop_border: 0
        test_y_channel: False
      ]
      ssim:[
        type: calculate_ssim
        crop_border: 0
        test_y_channel: False
      ]
    ]
  ]
  logger:[
    print_freq: 200
    save_checkpoint_freq: 5000.0
    use_tb_logger: True
    wandb:[
      project: None
      resume_id: None
    ]
  ]
  dist_params:[
    backend: gloo
    port: 4321
  ]
  is_train: True
  dist: True
  rank: 0
  world_size: 1

2023-06-16 01:42:39,366 INFO: Dataset PairedImageDataset - RestoreNet-train is created.
2023-06-16 01:42:39,367 INFO: Training statistics:
	Number of train images: 26989
	Dataset enlarge ratio: 1
	Batch size per gpu: 2
	World size (gpu number): 1
	Require iter number per epoch: 13495
	Total epochs: 30; iters: 400000.
2023-06-16 01:42:40,629 INFO: Dataset PairedImageDataset - RestoreNet-test is created.
2023-06-16 01:42:40,629 INFO: Number of val images/folders in RestoreNet-test: 20
2023-06-16 01:42:40,630 INFO: Set pretrain_network_g to /content/drive/MyDrive/NAFNet-main/experiments/RestoreNet-width64/models/net_g_315000.pth
2023-06-16 01:42:47,481 INFO: Loading RestoreNetLocal model from /content/drive/MyDrive/NAFNet-main/experiments/RestoreNet-width64/models/net_g_315000.pth.
2023-06-16 01:43:35,372 INFO: Model [ImageRestorationModel] is created.
2023-06-16 01:43:35,451 INFO: Resuming training from epoch: 20, iter: 315000.
2023-06-16 01:43:39,821 INFO: Start training from epoch: 20, iter: 315000
2023-06-16 01:48:54,328 INFO: [Resto..][epoch: 20, iter: 315,200, lr:(1.069e-04,)] [eta: 1 day, 13:22:09, time (data): 1.722 (1.023)] l_pix: -2.3890e+01 
2023-06-16 01:53:41,266 INFO: [Resto..][epoch: 20, iter: 315,400, lr:(1.065e-04,)] [eta: 1 day, 11:30:08, time (data): 0.714 (0.002)] l_pix: -2.4902e+01 
2023-06-16 01:56:55,853 INFO: Validation RestoreNet-test, 		 # psnr: 25.5218	 # ssim: 0.8507
2023-06-16 01:56:55,854 INFO: [Resto..][epoch: 20, iter: 315,500, lr:(1.062e-04,)] m_psnr: 2.5522e+01 m_ssim: 8.5072e-01 
2023-06-16 01:59:19,701 INFO: [Resto..][epoch: 20, iter: 315,600, lr:(1.060e-04,)] [eta: 1 day, 12:50:01, time (data): 2.222 (1.513)] l_pix: -2.6113e+01 
2023-06-16 02:04:12,711 INFO: [Resto..][epoch: 20, iter: 315,800, lr:(1.055e-04,)] [eta: 1 day, 12:07:37, time (data): 2.056 (1.355)] l_pix: -2.5229e+01 
2023-06-16 02:09:14,654 INFO: [Resto..][epoch: 20, iter: 316,000, lr:(1.050e-04,)] [eta: 1 day, 11:52:42, time (data): 2.774 (1.974)] l_pix: -2.3978e+01 
2023-06-16 02:09:29,422 INFO: Validation RestoreNet-test, 		 # psnr: 25.4363	 # ssim: 0.8495
2023-06-16 02:09:29,422 INFO: [Resto..][epoch: 20, iter: 316,000, lr:(1.050e-04,)] m_psnr: 2.5436e+01 m_ssim: 8.4950e-01 
2023-06-16 02:14:19,405 INFO: [Resto..][epoch: 20, iter: 316,200, lr:(1.045e-04,)] [eta: 1 day, 11:44:20, time (data): 0.717 (0.001)] l_pix: -2.4332e+01 
2023-06-16 02:19:11,302 INFO: [Resto..][epoch: 20, iter: 316,400, lr:(1.041e-04,)] [eta: 1 day, 11:24:08, time (data): 1.528 (0.827)] l_pix: -2.5339e+01 
2023-06-16 02:21:57,595 INFO: Validation RestoreNet-test, 		 # psnr: 25.4116	 # ssim: 0.8503
2023-06-16 02:21:57,595 INFO: [Resto..][epoch: 20, iter: 316,500, lr:(1.038e-04,)] m_psnr: 2.5412e+01 m_ssim: 8.5026e-01 
2023-06-16 02:24:23,077 INFO: [Resto..][epoch: 20, iter: 316,600, lr:(1.036e-04,)] [eta: 1 day, 11:25:01, time (data): 3.046 (2.278)] l_pix: -2.7751e+01 
2023-06-16 02:29:12,430 INFO: [Resto..][epoch: 20, iter: 316,800, lr:(1.031e-04,)] [eta: 1 day, 11:07:17, time (data): 1.895 (1.185)] l_pix: -2.7518e+01 
2023-06-16 02:34:06,171 INFO: [Resto..][epoch: 20, iter: 317,000, lr:(1.026e-04,)] [eta: 1 day, 10:55:10, time (data): 0.718 (0.001)] l_pix: -2.6989e+01 
2023-06-16 02:34:20,932 INFO: Validation RestoreNet-test, 		 # psnr: 25.3760	 # ssim: 0.8467
2023-06-16 02:34:20,933 INFO: [Resto..][epoch: 20, iter: 317,000, lr:(1.026e-04,)] m_psnr: 2.5376e+01 m_ssim: 8.4674e-01 
2023-06-16 02:39:07,848 INFO: [Resto..][epoch: 20, iter: 317,200, lr:(1.021e-04,)] [eta: 1 day, 10:49:20, time (data): 0.715 (0.002)] l_pix: -2.8782e+01 
2023-06-16 02:43:51,476 INFO: [Resto..][epoch: 20, iter: 317,400, lr:(1.017e-04,)] [eta: 1 day, 10:33:18, time (data): 1.943 (1.237)] l_pix: -2.4960e+01 
2023-06-16 02:46:30,685 INFO: Validation RestoreNet-test, 		 # psnr: 25.4884	 # ssim: 0.8518
2023-06-16 02:46:30,686 INFO: [Resto..][epoch: 20, iter: 317,500, lr:(1.014e-04,)] m_psnr: 2.5488e+01 m_ssim: 8.5182e-01 
2023-06-16 02:48:48,653 INFO: [Resto..][epoch: 20, iter: 317,600, lr:(1.012e-04,)] [eta: 1 day, 10:26:09, time (data): 1.137 (0.430)] l_pix: -2.1306e+01 
2023-06-16 02:53:33,568 INFO: [Resto..][epoch: 20, iter: 317,800, lr:(1.007e-04,)] [eta: 1 day, 10:13:19, time (data): 0.711 (0.001)] l_pix: -2.8058e+01 
2023-06-16 02:58:22,532 INFO: [Resto..][epoch: 20, iter: 318,000, lr:(1.003e-04,)] [eta: 1 day, 10:03:24, time (data): 0.709 (0.001)] l_pix: -2.4678e+01 
2023-06-16 02:58:37,285 INFO: Validation RestoreNet-test, 		 # psnr: 25.4897	 # ssim: 0.8507
2023-06-16 02:58:37,285 INFO: [Resto..][epoch: 20, iter: 318,000, lr:(1.003e-04,)] m_psnr: 2.5490e+01 m_ssim: 8.5068e-01 
2023-06-16 03:03:25,403 INFO: [Resto..][epoch: 20, iter: 318,200, lr:(9.978e-05,)] [eta: 1 day, 10:00:03, time (data): 0.719 (0.001)] l_pix: -2.4322e+01 
2023-06-16 03:08:24,627 INFO: [Resto..][epoch: 20, iter: 318,400, lr:(9.931e-05,)] [eta: 1 day, 9:55:02, time (data): 0.715 (0.001)] l_pix: -2.3907e+01 
2023-06-16 03:11:05,999 INFO: Validation RestoreNet-test, 		 # psnr: 25.4140	 # ssim: 0.8489
2023-06-16 03:11:06,000 INFO: [Resto..][epoch: 20, iter: 318,500, lr:(9.907e-05,)] m_psnr: 2.5414e+01 m_ssim: 8.4885e-01 
2023-06-16 03:13:29,715 INFO: [Resto..][epoch: 20, iter: 318,600, lr:(9.884e-05,)] [eta: 1 day, 9:52:14, time (data): 1.678 (0.973)] l_pix: -3.0031e+01 
2023-06-16 03:18:28,958 INFO: [Resto..][epoch: 20, iter: 318,800, lr:(9.837e-05,)] [eta: 1 day, 9:47:07, time (data): 2.153 (1.450)] l_pix: -2.1317e+01 
2023-06-16 03:23:22,654 INFO: [Resto..][epoch: 20, iter: 319,000, lr:(9.790e-05,)] [eta: 1 day, 9:40:09, time (data): 1.928 (1.214)] l_pix: -2.1082e+01 
2023-06-16 03:23:37,651 INFO: Validation RestoreNet-test, 		 # psnr: 25.4107	 # ssim: 0.8500
2023-06-16 03:23:37,652 INFO: [Resto..][epoch: 20, iter: 319,000, lr:(9.790e-05,)] m_psnr: 2.5411e+01 m_ssim: 8.5000e-01 
2023-06-16 03:28:27,471 INFO: [Resto..][epoch: 20, iter: 319,200, lr:(9.744e-05,)] [eta: 1 day, 9:36:56, time (data): 1.586 (0.854)] l_pix: -2.3581e+01 
2023-06-16 03:33:14,168 INFO: [Resto..][epoch: 20, iter: 319,400, lr:(9.697e-05,)] [eta: 1 day, 9:28:01, time (data): 2.184 (1.455)] l_pix: -2.1279e+01 
2023-06-16 03:35:52,810 INFO: Validation RestoreNet-test, 		 # psnr: 25.4615	 # ssim: 0.8503
2023-06-16 03:35:52,811 INFO: [Resto..][epoch: 20, iter: 319,500, lr:(9.674e-05,)] m_psnr: 2.5462e+01 m_ssim: 8.5030e-01 
2023-06-16 03:38:12,392 INFO: [Resto..][epoch: 20, iter: 319,600, lr:(9.651e-05,)] [eta: 1 day, 9:22:49, time (data): 0.753 (0.002)] l_pix: -2.4019e+01 
2023-06-16 03:42:59,547 INFO: [Resto..][epoch: 20, iter: 319,800, lr:(9.605e-05,)] [eta: 1 day, 9:14:33, time (data): 2.011 (1.279)] l_pix: -2.5760e+01 
2023-06-16 03:47:51,310 INFO: [Resto..][epoch: 20, iter: 320,000, lr:(9.558e-05,)] [eta: 1 day, 9:07:48, time (data): 1.969 (1.239)] l_pix: -2.3092e+01 
2023-06-16 03:47:51,310 INFO: Saving models and training states.
2023-06-16 03:48:10,943 INFO: Validation RestoreNet-test, 		 # psnr: 25.4726	 # ssim: 0.8501
2023-06-16 03:48:10,944 INFO: [Resto..][epoch: 20, iter: 320,000, lr:(9.558e-05,)] m_psnr: 2.5473e+01 m_ssim: 8.5015e-01 
2023-06-16 03:52:57,750 INFO: [Resto..][epoch: 20, iter: 320,200, lr:(9.512e-05,)] [eta: 1 day, 9:04:57, time (data): 0.748 (0.001)] l_pix: -2.8630e+01 
2023-06-16 03:57:45,456 INFO: [Resto..][epoch: 20, iter: 320,400, lr:(9.466e-05,)] [eta: 1 day, 8:57:19, time (data): 2.198 (1.471)] l_pix: -2.6100e+01 
2023-06-16 04:00:23,628 INFO: Validation RestoreNet-test, 		 # psnr: 25.5055	 # ssim: 0.8515
2023-06-16 04:00:23,629 INFO: [Resto..][epoch: 20, iter: 320,500, lr:(9.443e-05,)] m_psnr: 2.5506e+01 m_ssim: 8.5151e-01 
2023-06-16 04:02:42,594 INFO: [Resto..][epoch: 20, iter: 320,600, lr:(9.420e-05,)] [eta: 1 day, 8:52:07, time (data): 0.754 (0.001)] l_pix: -2.3727e+01 
2023-06-16 04:07:31,873 INFO: [Resto..][epoch: 20, iter: 320,800, lr:(9.375e-05,)] [eta: 1 day, 8:45:09, time (data): 1.530 (0.799)] l_pix: -2.8802e+01 
2023-06-16 04:12:21,731 INFO: [Resto..][epoch: 20, iter: 321,000, lr:(9.329e-05,)] [eta: 1 day, 8:38:28, time (data): 2.026 (1.294)] l_pix: -2.4957e+01 
2023-06-16 04:12:37,205 INFO: Validation RestoreNet-test, 		 # psnr: 25.4609	 # ssim: 0.8498
2023-06-16 04:12:37,206 INFO: [Resto..][epoch: 20, iter: 321,000, lr:(9.329e-05,)] m_psnr: 2.5461e+01 m_ssim: 8.4977e-01 
2023-06-16 04:17:19,788 INFO: [Resto..][epoch: 20, iter: 321,200, lr:(9.283e-05,)] [eta: 1 day, 8:33:37, time (data): 2.227 (1.494)] l_pix: -2.8558e+01 
2023-06-16 04:22:02,199 INFO: [Resto..][epoch: 20, iter: 321,400, lr:(9.238e-05,)] [eta: 1 day, 8:25:35, time (data): 2.266 (1.535)] l_pix: -2.3103e+01 
2023-06-16 04:24:39,966 INFO: Validation RestoreNet-test, 		 # psnr: 25.5561	 # ssim: 0.8526
2023-06-16 04:24:39,966 INFO: [Resto..][epoch: 20, iter: 321,500, lr:(9.215e-05,)] m_psnr: 2.5556e+01 m_ssim: 8.5261e-01 
2023-06-16 04:26:57,954 INFO: [Resto..][epoch: 20, iter: 321,600, lr:(9.192e-05,)] [eta: 1 day, 8:20:22, time (data): 1.772 (1.043)] l_pix: -2.4559e+01 
2023-06-16 04:31:37,421 INFO: [Resto..][epoch: 20, iter: 321,800, lr:(9.147e-05,)] [eta: 1 day, 8:12:04, time (data): 1.410 (0.682)] l_pix: -2.5353e+01 
2023-06-16 04:36:10,278 INFO: [Resto..][epoch: 20, iter: 322,000, lr:(9.102e-05,)] [eta: 1 day, 8:02:44, time (data): 0.759 (0.003)] l_pix: -2.8774e+01 
2023-06-16 04:36:25,746 INFO: Validation RestoreNet-test, 		 # psnr: 25.5441	 # ssim: 0.8525
2023-06-16 04:36:25,746 INFO: [Resto..][epoch: 20, iter: 322,000, lr:(9.102e-05,)] m_psnr: 2.5544e+01 m_ssim: 8.5250e-01 
2023-06-16 04:40:53,836 INFO: [Resto..][epoch: 20, iter: 322,200, lr:(9.057e-05,)] [eta: 1 day, 7:55:36, time (data): 1.279 (0.547)] l_pix: -2.5752e+01 
2023-06-16 04:45:23,245 INFO: [Resto..][epoch: 20, iter: 322,400, lr:(9.012e-05,)] [eta: 1 day, 7:46:07, time (data): 0.750 (0.001)] l_pix: -2.1399e+01 
2023-06-16 04:47:47,750 INFO: Validation RestoreNet-test, 		 # psnr: 25.5492	 # ssim: 0.8525
2023-06-16 04:47:47,750 INFO: [Resto..][epoch: 20, iter: 322,500, lr:(8.989e-05,)] m_psnr: 2.5549e+01 m_ssim: 8.5247e-01 
2023-06-16 04:49:54,035 INFO: [Resto..][epoch: 20, iter: 322,600, lr:(8.967e-05,)] [eta: 1 day, 7:37:08, time (data): 0.747 (0.001)] l_pix: -2.5411e+01 
2023-06-16 04:54:14,401 INFO: [Resto..][epoch: 20, iter: 322,800, lr:(8.922e-05,)] [eta: 1 day, 7:26:40, time (data): 0.752 (0.001)] l_pix: -2.7204e+01 
2023-06-16 04:58:38,695 INFO: [Resto..][epoch: 20, iter: 323,000, lr:(8.877e-05,)] [eta: 1 day, 7:17:08, time (data): 1.615 (0.882)] l_pix: -2.8911e+01 
2023-06-16 04:58:54,221 INFO: Validation RestoreNet-test, 		 # psnr: 25.5370	 # ssim: 0.8534
2023-06-16 04:58:54,221 INFO: [Resto..][epoch: 20, iter: 323,000, lr:(8.877e-05,)] m_psnr: 2.5537e+01 m_ssim: 8.5342e-01 
2023-06-16 05:03:13,443 INFO: [Resto..][epoch: 20, iter: 323,200, lr:(8.833e-05,)] [eta: 1 day, 7:09:28, time (data): 2.736 (1.924)] l_pix: -2.5353e+01 
2023-06-16 05:07:31,651 INFO: [Resto..][epoch: 20, iter: 323,400, lr:(8.788e-05,)] [eta: 1 day, 6:59:27, time (data): 2.063 (1.333)] l_pix: -2.0901e+01 
2023-06-16 05:10:00,482 INFO: Validation RestoreNet-test, 		 # psnr: 25.5427	 # ssim: 0.8525
2023-06-16 05:10:00,483 INFO: [Resto..][epoch: 20, iter: 323,500, lr:(8.766e-05,)] m_psnr: 2.5543e+01 m_ssim: 8.5252e-01 
2023-06-16 05:12:09,565 INFO: [Resto..][epoch: 20, iter: 323,600, lr:(8.744e-05,)] [eta: 1 day, 6:52:37, time (data): 2.304 (1.571)] l_pix: -1.9960e+01 
2023-06-16 05:16:30,708 INFO: [Resto..][epoch: 20, iter: 323,800, lr:(8.700e-05,)] [eta: 1 day, 6:43:28, time (data): 0.745 (0.001)] l_pix: -2.4045e+01 
2023-06-16 05:20:50,076 INFO: [Resto..][epoch: 20, iter: 324,000, lr:(8.655e-05,)] [eta: 1 day, 6:34:16, time (data): 0.748 (0.002)] l_pix: -3.0526e+01 
2023-06-16 05:21:05,537 INFO: Validation RestoreNet-test, 		 # psnr: 25.4856	 # ssim: 0.8502
2023-06-16 05:21:05,537 INFO: [Resto..][epoch: 20, iter: 324,000, lr:(8.655e-05,)] m_psnr: 2.5486e+01 m_ssim: 8.5018e-01 
2023-06-16 05:25:18,608 INFO: [Resto..][epoch: 20, iter: 324,200, lr:(8.611e-05,)] [eta: 1 day, 6:26:33, time (data): 1.026 (0.297)] l_pix: -2.2198e+01 
2023-06-16 05:29:30,036 INFO: [Resto..][epoch: 20, iter: 324,400, lr:(8.567e-05,)] [eta: 1 day, 6:16:40, time (data): 0.748 (0.002)] l_pix: -2.9310e+01 
2023-06-16 05:31:55,606 INFO: Validation RestoreNet-test, 		 # psnr: 25.4690	 # ssim: 0.8496
2023-06-16 05:31:55,606 INFO: [Resto..][epoch: 20, iter: 324,500, lr:(8.545e-05,)] m_psnr: 2.5469e+01 m_ssim: 8.4956e-01 
2023-06-16 05:34:01,966 INFO: [Resto..][epoch: 20, iter: 324,600, lr:(8.523e-05,)] [eta: 1 day, 6:09:42, time (data): 2.126 (1.398)] l_pix: -2.5867e+01 
2023-06-16 05:38:22,978 INFO: [Resto..][epoch: 20, iter: 324,800, lr:(8.480e-05,)] [eta: 1 day, 6:01:27, time (data): 1.973 (1.243)] l_pix: -2.4576e+01 
2023-06-16 05:42:41,689 INFO: [Resto..][epoch: 20, iter: 325,000, lr:(8.436e-05,)] [eta: 1 day, 5:53:04, time (data): 0.750 (0.001)] l_pix: -2.7359e+01 
2023-06-16 05:42:41,690 INFO: Saving models and training states.
2023-06-16 05:43:01,379 INFO: Validation RestoreNet-test, 		 # psnr: 25.4562	 # ssim: 0.8490
2023-06-16 05:43:01,380 INFO: [Resto..][epoch: 20, iter: 325,000, lr:(8.436e-05,)] m_psnr: 2.5456e+01 m_ssim: 8.4896e-01 
2023-06-16 05:47:22,106 INFO: [Resto..][epoch: 20, iter: 325,200, lr:(8.392e-05,)] [eta: 1 day, 5:47:30, time (data): 1.896 (1.167)] l_pix: -2.9249e+01 
2023-06-16 05:51:43,498 INFO: [Resto..][epoch: 20, iter: 325,400, lr:(8.349e-05,)] [eta: 1 day, 5:39:41, time (data): 1.223 (0.489)] l_pix: -3.1098e+01 
