2023-06-15 10:33:57,492 INFO: 
                ____                _       _____  ____
               / __ ) ____ _ _____ (_)_____/ ___/ / __ \
              / __  |/ __ `// ___// // ___/\__ \ / /_/ /
             / /_/ // /_/ /(__  )/ // /__ ___/ // _, _/
            /_____/ \__,_//____//_/ \___//____//_/ |_|
     ______                   __   __                 __      __
    / ____/____   ____   ____/ /  / /   __  __ _____ / /__   / /
   / / __ / __ \ / __ \ / __  /  / /   / / / // ___// //_/  / /
  / /_/ // /_/ // /_/ // /_/ /  / /___/ /_/ // /__ / /<    /_/
  \____/ \____/ \____/ \____/  /_____/\____/ \___//_/|_|  (_)
    
Version Information: 
	BasicSR: 1.2.0+386ca20
	PyTorch: 2.0.1+cu118
	TorchVision: 0.15.2+cu118
2023-06-15 10:33:57,493 INFO: 
  name: RestoreNet-width64
  model_type: ImageRestorationModel
  scale: 1
  num_gpu: 1
  manual_seed: 10
  datasets:[
    train:[
      name: RestoreNet-train
      type: PairedImageDataset
      dataroot_gt: /content/drive/MyDrive/ground/gt
      dataroot_lq: /content/drive/MyDrive/output_result
      filename_tmpl: {}
      io_backend:[
        type: disk
      ]
      gt_size: 256
      use_flip: True
      use_rot: True
      use_shuffle: True
      num_worker_per_gpu: 2
      batch_size_per_gpu: 2
      dataset_enlarge_ratio: 1
      prefetch_mode: None
      phase: train
      scale: 1
    ]
    val:[
      name: RestoreNet-test
      type: PairedImageDataset
      dataroot_gt: /content/drive/MyDrive/testdataset/gt
      dataroot_lq: /content/drive/MyDrive/testdataset/lq
      io_backend:[
        type: disk
      ]
      phase: val
      scale: 1
    ]
  ]
  network_g:[
    type: RestoreNetLocal
    width_deblur: 64
    enc_blk_nums_deblur: [1, 1, 1, 28]
    middle_blk_num_deblur: 1
    dec_blk_nums_deblur: [1, 1, 1, 1]
    dw_expand_deblur: 2
    ffn_expand_deblur: 2
    width_denoise: 64
    enc_blk_nums_denoise: [2, 2, 4, 8]
    middle_blk_num_denoise: 12
    dec_blk_nums_denoise: [2, 2, 2, 2]
    dw_expand_denoise: 2
    ffn_expand_denoise: 2
  ]
  path:[
    pretrain_network_g: None
    strict_load_g: True
    resume_state: experiments/RestoreNet-width64/training_states/270000.state
    root: /content/drive/MyDrive/NAFNet-main
    experiments_root: /content/drive/MyDrive/NAFNet-main/experiments/RestoreNet-width64
    models: /content/drive/MyDrive/NAFNet-main/experiments/RestoreNet-width64/models
    training_states: /content/drive/MyDrive/NAFNet-main/experiments/RestoreNet-width64/training_states
    log: /content/drive/MyDrive/NAFNet-main/experiments/RestoreNet-width64
    visualization: /content/drive/MyDrive/NAFNet-main/experiments/RestoreNet-width64/visualization
  ]
  train:[
    optim_g:[
      type: AdamW
      lr: 0.001
      weight_decay: 0.001
      betas: [0.9, 0.9]
    ]
    scheduler:[
      type: TrueCosineAnnealingLR
      T_max: 400000
      eta_min: 1e-07
    ]
    total_iter: 400000
    warmup_iter: -1
    pixel_opt:[
      type: PSNRLoss
      loss_weight: 1
      reduction: mean
    ]
  ]
  val:[
    val_freq: 500.0
    save_img: False
    metrics:[
      psnr:[
        type: calculate_psnr
        crop_border: 0
        test_y_channel: False
      ]
      ssim:[
        type: calculate_ssim
        crop_border: 0
        test_y_channel: False
      ]
    ]
  ]
  logger:[
    print_freq: 200
    save_checkpoint_freq: 5000.0
    use_tb_logger: True
    wandb:[
      project: None
      resume_id: None
    ]
  ]
  dist_params:[
    backend: gloo
    port: 4321
  ]
  is_train: True
  dist: True
  rank: 0
  world_size: 1

2023-06-15 10:35:02,061 INFO: Dataset PairedImageDataset - RestoreNet-train is created.
2023-06-15 10:35:02,289 INFO: Training statistics:
	Number of train images: 26989
	Dataset enlarge ratio: 1
	Batch size per gpu: 2
	World size (gpu number): 1
	Require iter number per epoch: 13495
	Total epochs: 30; iters: 400000.
2023-06-15 10:35:04,573 INFO: Dataset PairedImageDataset - RestoreNet-test is created.
2023-06-15 10:35:04,574 INFO: Number of val images/folders in RestoreNet-test: 20
2023-06-15 10:35:04,574 INFO: Set pretrain_network_g to /content/drive/MyDrive/NAFNet-main/experiments/RestoreNet-width64/models/net_g_270000.pth
2023-06-15 10:35:11,740 INFO: Loading RestoreNetLocal model from /content/drive/MyDrive/NAFNet-main/experiments/RestoreNet-width64/models/net_g_270000.pth.
2023-06-15 10:36:06,025 INFO: Model [ImageRestorationModel] is created.
2023-06-15 10:36:06,111 INFO: Resuming training from epoch: 18, iter: 270000.
2023-06-15 10:36:10,607 INFO: Start training from epoch: 18, iter: 270000
2023-06-15 10:39:16,550 INFO: [Resto..][epoch: 18, iter: 270,200, lr:(2.382e-04,)] [eta: 1 day, 10:09:38, time (data): 0.808 (0.094)] l_pix: -2.2901e+01 
2023-06-15 10:42:01,277 INFO: [Resto..][epoch: 18, iter: 270,400, lr:(2.375e-04,)] [eta: 1 day, 7:53:06, time (data): 1.030 (0.315)] l_pix: -2.5141e+01 
2023-06-15 10:44:09,413 INFO: Validation RestoreNet-test, 		 # psnr: 25.4345	 # ssim: 0.8487
2023-06-15 10:44:09,413 INFO: [Resto..][epoch: 18, iter: 270,500, lr:(2.372e-04,)] m_psnr: 2.5434e+01 m_ssim: 8.4869e-01 
2023-06-15 10:45:33,833 INFO: [Resto..][epoch: 18, iter: 270,600, lr:(2.368e-04,)] [eta: 1 day, 9:57:14, time (data): 1.218 (0.500)] l_pix: -2.4118e+01 
2023-06-15 10:48:50,093 INFO: [Resto..][epoch: 18, iter: 270,800, lr:(2.362e-04,)] [eta: 1 day, 10:13:48, time (data): 0.724 (0.001)] l_pix: -2.4127e+01 
2023-06-15 10:51:44,228 INFO: [Resto..][epoch: 18, iter: 271,000, lr:(2.355e-04,)] [eta: 1 day, 9:34:55, time (data): 0.722 (0.001)] l_pix: -2.1595e+01 
2023-06-15 10:51:59,286 INFO: Validation RestoreNet-test, 		 # psnr: 25.3911	 # ssim: 0.8458
2023-06-15 10:51:59,286 INFO: [Resto..][epoch: 18, iter: 271,000, lr:(2.355e-04,)] m_psnr: 2.5391e+01 m_ssim: 8.4581e-01 
2023-06-15 10:54:46,667 INFO: [Resto..][epoch: 18, iter: 271,200, lr:(2.348e-04,)] [eta: 1 day, 9:22:51, time (data): 0.724 (0.001)] l_pix: -2.5962e+01 
2023-06-15 10:57:39,506 INFO: [Resto..][epoch: 18, iter: 271,400, lr:(2.342e-04,)] [eta: 1 day, 8:58:41, time (data): 0.724 (0.001)] l_pix: -2.4887e+01 
2023-06-15 10:59:19,202 INFO: Validation RestoreNet-test, 		 # psnr: 25.4203	 # ssim: 0.8460
2023-06-15 10:59:19,202 INFO: [Resto..][epoch: 18, iter: 271,500, lr:(2.338e-04,)] m_psnr: 2.5420e+01 m_ssim: 8.4599e-01 
2023-06-15 11:00:42,612 INFO: [Resto..][epoch: 18, iter: 271,600, lr:(2.335e-04,)] [eta: 1 day, 8:53:34, time (data): 0.894 (0.178)] l_pix: -2.2711e+01 
2023-06-15 11:03:30,603 INFO: [Resto..][epoch: 18, iter: 271,800, lr:(2.328e-04,)] [eta: 1 day, 8:30:58, time (data): 0.800 (0.083)] l_pix: -2.8201e+01 
2023-06-15 11:06:17,472 INFO: [Resto..][epoch: 18, iter: 272,000, lr:(2.322e-04,)] [eta: 1 day, 8:11:08, time (data): 0.724 (0.001)] l_pix: -2.4608e+01 
2023-06-15 11:06:32,464 INFO: Validation RestoreNet-test, 		 # psnr: 25.2204	 # ssim: 0.8428
2023-06-15 11:06:32,465 INFO: [Resto..][epoch: 18, iter: 272,000, lr:(2.322e-04,)] m_psnr: 2.5220e+01 m_ssim: 8.4278e-01 
2023-06-15 11:09:18,325 INFO: [Resto..][epoch: 18, iter: 272,200, lr:(2.315e-04,)] [eta: 1 day, 8:07:56, time (data): 1.117 (0.401)] l_pix: -2.4357e+01 
2023-06-15 11:12:02,944 INFO: [Resto..][epoch: 18, iter: 272,400, lr:(2.308e-04,)] [eta: 1 day, 7:50:22, time (data): 0.960 (0.247)] l_pix: -1.9307e+01 
2023-06-15 11:13:40,650 INFO: Validation RestoreNet-test, 		 # psnr: 25.2383	 # ssim: 0.8421
2023-06-15 11:13:40,651 INFO: [Resto..][epoch: 18, iter: 272,500, lr:(2.305e-04,)] m_psnr: 2.5238e+01 m_ssim: 8.4207e-01 
2023-06-15 11:15:14,194 INFO: [Resto..][epoch: 18, iter: 272,600, lr:(2.302e-04,)] [eta: 1 day, 7:56:50, time (data): 0.844 (0.132)] l_pix: -2.3925e+01 
2023-06-15 11:18:04,272 INFO: [Resto..][epoch: 18, iter: 272,800, lr:(2.295e-04,)] [eta: 1 day, 7:45:54, time (data): 0.727 (0.002)] l_pix: -2.5567e+01 
2023-06-15 11:20:51,515 INFO: [Resto..][epoch: 18, iter: 273,000, lr:(2.289e-04,)] [eta: 1 day, 7:34:03, time (data): 0.730 (0.014)] l_pix: -2.6244e+01 
2023-06-15 11:21:06,614 INFO: Validation RestoreNet-test, 		 # psnr: 25.3285	 # ssim: 0.8423
2023-06-15 11:21:06,615 INFO: [Resto..][epoch: 18, iter: 273,000, lr:(2.289e-04,)] m_psnr: 2.5328e+01 m_ssim: 8.4232e-01 
2023-06-15 11:23:57,078 INFO: [Resto..][epoch: 18, iter: 273,200, lr:(2.282e-04,)] [eta: 1 day, 7:35:25, time (data): 0.720 (0.003)] l_pix: -2.2591e+01 
2023-06-15 11:26:42,045 INFO: [Resto..][epoch: 18, iter: 273,400, lr:(2.275e-04,)] [eta: 1 day, 7:23:29, time (data): 0.915 (0.197)] l_pix: -2.5589e+01 
2023-06-15 11:28:20,133 INFO: Validation RestoreNet-test, 		 # psnr: 25.3253	 # ssim: 0.8440
2023-06-15 11:28:20,134 INFO: [Resto..][epoch: 18, iter: 273,500, lr:(2.272e-04,)] m_psnr: 2.5325e+01 m_ssim: 8.4405e-01 
2023-06-15 11:29:42,438 INFO: [Resto..][epoch: 18, iter: 273,600, lr:(2.269e-04,)] [eta: 1 day, 7:21:36, time (data): 0.724 (0.002)] l_pix: -2.6563e+01 
2023-06-15 11:32:32,751 INFO: [Resto..][epoch: 18, iter: 273,800, lr:(2.262e-04,)] [eta: 1 day, 7:14:01, time (data): 0.922 (0.204)] l_pix: -2.4906e+01 
2023-06-15 11:35:24,877 INFO: [Resto..][epoch: 18, iter: 274,000, lr:(2.256e-04,)] [eta: 1 day, 7:07:52, time (data): 0.725 (0.001)] l_pix: -2.4627e+01 
2023-06-15 11:35:39,940 INFO: Validation RestoreNet-test, 		 # psnr: 25.2579	 # ssim: 0.8421
2023-06-15 11:35:39,941 INFO: [Resto..][epoch: 18, iter: 274,000, lr:(2.256e-04,)] m_psnr: 2.5258e+01 m_ssim: 8.4211e-01 
2023-06-15 11:38:23,222 INFO: [Resto..][epoch: 18, iter: 274,200, lr:(2.249e-04,)] [eta: 1 day, 7:05:07, time (data): 0.719 (0.001)] l_pix: -2.5409e+01 
2023-06-15 11:41:10,719 INFO: [Resto..][epoch: 18, iter: 274,400, lr:(2.243e-04,)] [eta: 1 day, 6:57:12, time (data): 0.730 (0.002)] l_pix: -2.6080e+01 
2023-06-15 11:42:49,481 INFO: Validation RestoreNet-test, 		 # psnr: 25.2995	 # ssim: 0.8428
2023-06-15 11:42:49,482 INFO: [Resto..][epoch: 18, iter: 274,500, lr:(2.239e-04,)] m_psnr: 2.5300e+01 m_ssim: 8.4282e-01 
2023-06-15 11:44:10,935 INFO: [Resto..][epoch: 18, iter: 274,600, lr:(2.236e-04,)] [eta: 1 day, 6:55:30, time (data): 0.904 (0.187)] l_pix: -2.4322e+01 
2023-06-15 11:46:57,520 INFO: [Resto..][epoch: 18, iter: 274,800, lr:(2.229e-04,)] [eta: 1 day, 6:47:46, time (data): 0.728 (0.001)] l_pix: -2.0756e+01 
2023-06-15 11:49:44,134 INFO: [Resto..][epoch: 18, iter: 275,000, lr:(2.223e-04,)] [eta: 1 day, 6:40:27, time (data): 0.723 (0.001)] l_pix: -2.1520e+01 
2023-06-15 11:49:44,135 INFO: Saving models and training states.
2023-06-15 11:50:05,718 INFO: Validation RestoreNet-test, 		 # psnr: 25.2910	 # ssim: 0.8433
2023-06-15 11:50:05,718 INFO: [Resto..][epoch: 18, iter: 275,000, lr:(2.223e-04,)] m_psnr: 2.5291e+01 m_ssim: 8.4327e-01 
2023-06-15 11:52:53,393 INFO: [Resto..][epoch: 18, iter: 275,200, lr:(2.216e-04,)] [eta: 1 day, 6:42:32, time (data): 0.856 (0.136)] l_pix: -3.2054e+01 
2023-06-15 11:55:49,604 INFO: [Resto..][epoch: 18, iter: 275,400, lr:(2.210e-04,)] [eta: 1 day, 6:39:13, time (data): 1.523 (0.808)] l_pix: -2.8893e+01 
2023-06-15 11:57:27,915 INFO: Validation RestoreNet-test, 		 # psnr: 25.2631	 # ssim: 0.8391
2023-06-15 11:57:27,916 INFO: [Resto..][epoch: 18, iter: 275,500, lr:(2.207e-04,)] m_psnr: 2.5263e+01 m_ssim: 8.3907e-01 
2023-06-15 11:58:49,654 INFO: [Resto..][epoch: 18, iter: 275,600, lr:(2.203e-04,)] [eta: 1 day, 6:37:20, time (data): 0.727 (0.002)] l_pix: -2.0386e+01 
2023-06-15 12:01:36,278 INFO: [Resto..][epoch: 18, iter: 275,800, lr:(2.197e-04,)] [eta: 1 day, 6:30:36, time (data): 1.581 (0.863)] l_pix: -2.7162e+01 
2023-06-15 12:04:23,443 INFO: [Resto..][epoch: 18, iter: 276,000, lr:(2.190e-04,)] [eta: 1 day, 6:24:19, time (data): 0.724 (0.002)] l_pix: -2.9433e+01 
2023-06-15 12:04:38,472 INFO: Validation RestoreNet-test, 		 # psnr: 25.2804	 # ssim: 0.8419
2023-06-15 12:04:38,473 INFO: [Resto..][epoch: 18, iter: 276,000, lr:(2.190e-04,)] m_psnr: 2.5280e+01 m_ssim: 8.4193e-01 
2023-06-15 12:07:25,334 INFO: [Resto..][epoch: 18, iter: 276,200, lr:(2.184e-04,)] [eta: 1 day, 6:23:09, time (data): 1.059 (0.341)] l_pix: -2.2545e+01 
2023-06-15 12:10:13,418 INFO: [Resto..][epoch: 18, iter: 276,400, lr:(2.177e-04,)] [eta: 1 day, 6:17:25, time (data): 1.216 (0.498)] l_pix: -2.8497e+01 
2023-06-15 12:11:52,465 INFO: Validation RestoreNet-test, 		 # psnr: 25.3811	 # ssim: 0.8452
2023-06-15 12:11:52,466 INFO: [Resto..][epoch: 18, iter: 276,500, lr:(2.174e-04,)] m_psnr: 2.5381e+01 m_ssim: 8.4524e-01 
2023-06-15 12:13:14,815 INFO: [Resto..][epoch: 18, iter: 276,600, lr:(2.171e-04,)] [eta: 1 day, 6:16:01, time (data): 0.730 (0.002)] l_pix: -2.5286e+01 
2023-06-15 12:16:03,745 INFO: [Resto..][epoch: 18, iter: 276,800, lr:(2.164e-04,)] [eta: 1 day, 6:10:46, time (data): 0.728 (0.002)] l_pix: -2.3472e+01 
2023-06-15 12:18:51,788 INFO: [Resto..][epoch: 18, iter: 277,000, lr:(2.158e-04,)] [eta: 1 day, 6:05:23, time (data): 1.140 (0.421)] l_pix: -2.9371e+01 
2023-06-15 12:19:06,849 INFO: Validation RestoreNet-test, 		 # psnr: 25.2352	 # ssim: 0.8419
2023-06-15 12:19:06,850 INFO: [Resto..][epoch: 18, iter: 277,000, lr:(2.158e-04,)] m_psnr: 2.5235e+01 m_ssim: 8.4195e-01 
2023-06-15 12:21:55,465 INFO: [Resto..][epoch: 18, iter: 277,200, lr:(2.152e-04,)] [eta: 1 day, 6:04:35, time (data): 0.878 (0.163)] l_pix: -2.2415e+01 
2023-06-15 12:24:42,222 INFO: [Resto..][epoch: 18, iter: 277,400, lr:(2.145e-04,)] [eta: 1 day, 5:59:00, time (data): 0.749 (0.037)] l_pix: -2.8195e+01 
2023-06-15 12:26:30,370 INFO: Validation RestoreNet-test, 		 # psnr: 25.3290	 # ssim: 0.8443
2023-06-15 12:26:30,370 INFO: [Resto..][epoch: 18, iter: 277,500, lr:(2.142e-04,)] m_psnr: 2.5329e+01 m_ssim: 8.4430e-01 
2023-06-15 12:27:53,296 INFO: [Resto..][epoch: 18, iter: 277,600, lr:(2.139e-04,)] [eta: 1 day, 6:00:05, time (data): 0.833 (0.116)] l_pix: -2.5717e+01 
2023-06-15 12:30:44,955 INFO: [Resto..][epoch: 18, iter: 277,800, lr:(2.132e-04,)] [eta: 1 day, 5:55:53, time (data): 0.794 (0.077)] l_pix: -2.1674e+01 
2023-06-15 12:33:33,216 INFO: [Resto..][epoch: 18, iter: 278,000, lr:(2.126e-04,)] [eta: 1 day, 5:50:54, time (data): 0.724 (0.002)] l_pix: -2.9773e+01 
2023-06-15 12:33:48,267 INFO: Validation RestoreNet-test, 		 # psnr: 25.3546	 # ssim: 0.8476
2023-06-15 12:33:48,268 INFO: [Resto..][epoch: 18, iter: 278,000, lr:(2.126e-04,)] m_psnr: 2.5355e+01 m_ssim: 8.4761e-01 
2023-06-15 12:36:34,593 INFO: [Resto..][epoch: 18, iter: 278,200, lr:(2.119e-04,)] [eta: 1 day, 5:49:15, time (data): 0.725 (0.002)] l_pix: -2.3771e+01 
2023-06-15 12:39:27,803 INFO: [Resto..][epoch: 18, iter: 278,400, lr:(2.113e-04,)] [eta: 1 day, 5:45:34, time (data): 0.721 (0.001)] l_pix: -2.6889e+01 
2023-06-15 12:41:17,737 INFO: Validation RestoreNet-test, 		 # psnr: 25.2943	 # ssim: 0.8450
2023-06-15 12:41:17,738 INFO: [Resto..][epoch: 18, iter: 278,500, lr:(2.110e-04,)] m_psnr: 2.5294e+01 m_ssim: 8.4503e-01 
2023-06-15 12:42:39,292 INFO: [Resto..][epoch: 18, iter: 278,600, lr:(2.107e-04,)] [eta: 1 day, 5:46:14, time (data): 0.726 (0.001)] l_pix: -2.3548e+01 
2023-06-15 12:45:37,883 INFO: [Resto..][epoch: 18, iter: 278,800, lr:(2.100e-04,)] [eta: 1 day, 5:43:45, time (data): 0.724 (0.002)] l_pix: -2.7546e+01 
2023-06-15 12:48:28,571 INFO: [Resto..][epoch: 18, iter: 279,000, lr:(2.094e-04,)] [eta: 1 day, 5:39:29, time (data): 0.820 (0.106)] l_pix: -2.1023e+01 
2023-06-15 12:48:43,782 INFO: Validation RestoreNet-test, 		 # psnr: 25.3046	 # ssim: 0.8422
2023-06-15 12:48:43,783 INFO: [Resto..][epoch: 18, iter: 279,000, lr:(2.094e-04,)] m_psnr: 2.5305e+01 m_ssim: 8.4223e-01 
2023-06-15 12:51:36,511 INFO: [Resto..][epoch: 18, iter: 279,200, lr:(2.087e-04,)] [eta: 1 day, 5:39:03, time (data): 0.721 (0.001)] l_pix: -2.6806e+01 
2023-06-15 12:54:27,078 INFO: [Resto..][epoch: 18, iter: 279,400, lr:(2.081e-04,)] [eta: 1 day, 5:34:47, time (data): 0.726 (0.001)] l_pix: -2.0788e+01 
2023-06-15 12:56:07,323 INFO: Validation RestoreNet-test, 		 # psnr: 25.2655	 # ssim: 0.8414
2023-06-15 12:56:07,324 INFO: [Resto..][epoch: 18, iter: 279,500, lr:(2.078e-04,)] m_psnr: 2.5265e+01 m_ssim: 8.4138e-01 
2023-06-15 12:57:31,047 INFO: [Resto..][epoch: 18, iter: 279,600, lr:(2.075e-04,)] [eta: 1 day, 5:33:23, time (data): 0.727 (0.002)] l_pix: -2.3580e+01 
2023-06-15 13:00:29,176 INFO: [Resto..][epoch: 18, iter: 279,800, lr:(2.068e-04,)] [eta: 1 day, 5:30:43, time (data): 0.902 (0.190)] l_pix: -2.7580e+01 
2023-06-15 13:03:28,641 INFO: [Resto..][epoch: 18, iter: 280,000, lr:(2.062e-04,)] [eta: 1 day, 5:28:18, time (data): 0.760 (0.048)] l_pix: -2.6786e+01 
2023-06-15 13:03:28,642 INFO: Saving models and training states.
2023-06-15 13:03:50,716 INFO: Validation RestoreNet-test, 		 # psnr: 25.3878	 # ssim: 0.8456
2023-06-15 13:03:50,717 INFO: [Resto..][epoch: 18, iter: 280,000, lr:(2.062e-04,)] m_psnr: 2.5388e+01 m_ssim: 8.4558e-01 
2023-06-15 13:06:46,548 INFO: [Resto..][epoch: 18, iter: 280,200, lr:(2.056e-04,)] [eta: 1 day, 5:29:29, time (data): 0.848 (0.130)] l_pix: -2.2598e+01 
2023-06-15 13:10:23,149 INFO: [Resto..][epoch: 18, iter: 280,400, lr:(2.049e-04,)] [eta: 1 day, 5:34:04, time (data): 1.355 (0.632)] l_pix: -2.8491e+01 
2023-06-15 13:12:05,676 INFO: Validation RestoreNet-test, 		 # psnr: 25.3583	 # ssim: 0.8478
2023-06-15 13:12:05,676 INFO: [Resto..][epoch: 18, iter: 280,500, lr:(2.046e-04,)] m_psnr: 2.5358e+01 m_ssim: 8.4780e-01 
2023-06-15 13:13:33,868 INFO: [Resto..][epoch: 18, iter: 280,600, lr:(2.043e-04,)] [eta: 1 day, 5:33:30, time (data): 0.725 (0.001)] l_pix: -2.3017e+01 
2023-06-15 13:16:33,683 INFO: [Resto..][epoch: 18, iter: 280,800, lr:(2.037e-04,)] [eta: 1 day, 5:30:49, time (data): 0.795 (0.073)] l_pix: -2.5450e+01 
2023-06-15 13:19:24,451 INFO: [Resto..][epoch: 18, iter: 281,000, lr:(2.030e-04,)] [eta: 1 day, 5:26:29, time (data): 0.723 (0.001)] l_pix: -2.3044e+01 
2023-06-15 13:19:39,530 INFO: Validation RestoreNet-test, 		 # psnr: 25.3816	 # ssim: 0.8447
2023-06-15 13:19:39,531 INFO: [Resto..][epoch: 18, iter: 281,000, lr:(2.030e-04,)] m_psnr: 2.5382e+01 m_ssim: 8.4473e-01 
2023-06-15 13:22:26,694 INFO: [Resto..][epoch: 18, iter: 281,200, lr:(2.024e-04,)] [eta: 1 day, 5:24:15, time (data): 1.059 (0.346)] l_pix: -2.8929e+01 
2023-06-15 13:25:13,794 INFO: [Resto..][epoch: 18, iter: 281,400, lr:(2.018e-04,)] [eta: 1 day, 5:19:21, time (data): 0.721 (0.001)] l_pix: -2.4644e+01 
2023-06-15 13:26:52,785 INFO: Validation RestoreNet-test, 		 # psnr: 25.4087	 # ssim: 0.8473
2023-06-15 13:26:52,786 INFO: [Resto..][epoch: 18, iter: 281,500, lr:(2.014e-04,)] m_psnr: 2.5409e+01 m_ssim: 8.4727e-01 
2023-06-15 13:28:17,529 INFO: [Resto..][epoch: 18, iter: 281,600, lr:(2.011e-04,)] [eta: 1 day, 5:17:21, time (data): 0.819 (0.104)] l_pix: -2.2403e+01 
2023-06-15 13:31:04,436 INFO: [Resto..][epoch: 18, iter: 281,800, lr:(2.005e-04,)] [eta: 1 day, 5:12:31, time (data): 0.723 (0.001)] l_pix: -2.2862e+01 
2023-06-15 13:33:53,556 INFO: [Resto..][epoch: 18, iter: 282,000, lr:(1.999e-04,)] [eta: 1 day, 5:08:06, time (data): 0.777 (0.063)] l_pix: -2.4546e+01 
2023-06-15 13:34:08,611 INFO: Validation RestoreNet-test, 		 # psnr: 25.2669	 # ssim: 0.8437
2023-06-15 13:34:08,612 INFO: [Resto..][epoch: 18, iter: 282,000, lr:(1.999e-04,)] m_psnr: 2.5267e+01 m_ssim: 8.4372e-01 
2023-06-15 13:36:51,172 INFO: [Resto..][epoch: 18, iter: 282,200, lr:(1.992e-04,)] [eta: 1 day, 5:05:07, time (data): 0.726 (0.001)] l_pix: -2.4720e+01 
2023-06-15 13:39:39,850 INFO: [Resto..][epoch: 18, iter: 282,400, lr:(1.986e-04,)] [eta: 1 day, 5:00:43, time (data): 0.956 (0.238)] l_pix: -2.7528e+01 
2023-06-15 13:41:18,896 INFO: Validation RestoreNet-test, 		 # psnr: 25.3324	 # ssim: 0.8460
2023-06-15 13:41:18,897 INFO: [Resto..][epoch: 18, iter: 282,500, lr:(1.983e-04,)] m_psnr: 2.5332e+01 m_ssim: 8.4602e-01 
2023-06-15 13:42:39,085 INFO: [Resto..][epoch: 18, iter: 282,600, lr:(1.980e-04,)] [eta: 1 day, 4:58:00, time (data): 0.965 (0.244)] l_pix: -2.6883e+01 
2023-06-15 13:45:23,200 INFO: [Resto..][epoch: 18, iter: 282,800, lr:(1.974e-04,)] [eta: 1 day, 4:52:59, time (data): 0.781 (0.066)] l_pix: -2.6471e+01 
2023-06-15 13:48:07,675 INFO: [Resto..][epoch: 18, iter: 283,000, lr:(1.967e-04,)] [eta: 1 day, 4:48:05, time (data): 0.724 (0.001)] l_pix: -2.3571e+01 
2023-06-15 13:48:22,715 INFO: Validation RestoreNet-test, 		 # psnr: 25.2787	 # ssim: 0.8439
2023-06-15 13:48:22,715 INFO: [Resto..][epoch: 18, iter: 283,000, lr:(1.967e-04,)] m_psnr: 2.5279e+01 m_ssim: 8.4386e-01 
2023-06-15 13:51:05,655 INFO: [Resto..][epoch: 18, iter: 283,200, lr:(1.961e-04,)] [eta: 1 day, 4:45:14, time (data): 0.722 (0.002)] l_pix: -2.7180e+01 
2023-06-15 13:53:44,618 INFO: [Resto..][epoch: 18, iter: 283,400, lr:(1.955e-04,)] [eta: 1 day, 4:39:38, time (data): 0.721 (0.001)] l_pix: -2.9309e+01 
2023-06-15 13:55:18,995 INFO: Validation RestoreNet-test, 		 # psnr: 25.4049	 # ssim: 0.8473
2023-06-15 13:55:18,996 INFO: [Resto..][epoch: 19, iter: 283,500, lr:(1.952e-04,)] m_psnr: 2.5405e+01 m_ssim: 8.4734e-01 
2023-06-15 13:56:31,016 INFO: [Resto..][epoch: 19, iter: 283,600, lr:(1.949e-04,)] [eta: 1 day, 4:35:10, time (data): 0.718 (0.002)] l_pix: -1.8545e+01 
2023-06-15 13:58:54,842 INFO: [Resto..][epoch: 19, iter: 283,800, lr:(1.943e-04,)] [eta: 1 day, 4:27:35, time (data): 0.721 (0.002)] l_pix: -2.4014e+01 
2023-06-15 14:01:18,636 INFO: [Resto..][epoch: 19, iter: 284,000, lr:(1.936e-04,)] [eta: 1 day, 4:20:09, time (data): 0.716 (0.002)] l_pix: -2.4279e+01 
2023-06-15 14:01:33,659 INFO: Validation RestoreNet-test, 		 # psnr: 25.3257	 # ssim: 0.8436
2023-06-15 14:01:33,660 INFO: [Resto..][epoch: 19, iter: 284,000, lr:(1.936e-04,)] m_psnr: 2.5326e+01 m_ssim: 8.4360e-01 
2023-06-15 14:03:57,562 INFO: [Resto..][epoch: 19, iter: 284,200, lr:(1.930e-04,)] [eta: 1 day, 4:14:55, time (data): 0.716 (0.002)] l_pix: -3.2002e+01 
2023-06-15 14:06:21,615 INFO: [Resto..][epoch: 19, iter: 284,400, lr:(1.924e-04,)] [eta: 1 day, 4:07:46, time (data): 0.715 (0.002)] l_pix: -2.7484e+01 
2023-06-15 14:07:48,517 INFO: Validation RestoreNet-test, 		 # psnr: 25.3562	 # ssim: 0.8457
2023-06-15 14:07:48,517 INFO: [Resto..][epoch: 19, iter: 284,500, lr:(1.921e-04,)] m_psnr: 2.5356e+01 m_ssim: 8.4565e-01 
2023-06-15 14:09:00,371 INFO: [Resto..][epoch: 19, iter: 284,600, lr:(1.918e-04,)] [eta: 1 day, 4:02:41, time (data): 0.722 (0.002)] l_pix: -2.7479e+01 
2023-06-15 14:11:24,174 INFO: [Resto..][epoch: 19, iter: 284,800, lr:(1.912e-04,)] [eta: 1 day, 3:55:43, time (data): 0.720 (0.002)] l_pix: -2.3971e+01 
2023-06-15 14:13:48,003 INFO: [Resto..][epoch: 19, iter: 285,000, lr:(1.905e-04,)] [eta: 1 day, 3:48:53, time (data): 0.717 (0.002)] l_pix: -2.4111e+01 
2023-06-15 14:13:48,004 INFO: Saving models and training states.
2023-06-15 14:14:07,801 INFO: Validation RestoreNet-test, 		 # psnr: 25.2681	 # ssim: 0.8433
2023-06-15 14:14:07,802 INFO: [Resto..][epoch: 19, iter: 285,000, lr:(1.905e-04,)] m_psnr: 2.5268e+01 m_ssim: 8.4328e-01 
2023-06-15 14:16:31,751 INFO: [Resto..][epoch: 19, iter: 285,200, lr:(1.899e-04,)] [eta: 1 day, 3:44:40, time (data): 0.722 (0.003)] l_pix: -2.3278e+01 
2023-06-15 14:18:55,636 INFO: [Resto..][epoch: 19, iter: 285,400, lr:(1.893e-04,)] [eta: 1 day, 3:38:02, time (data): 0.719 (0.002)] l_pix: -3.0340e+01 
2023-06-15 14:20:22,569 INFO: Validation RestoreNet-test, 		 # psnr: 25.3626	 # ssim: 0.8460
2023-06-15 14:20:22,569 INFO: [Resto..][epoch: 19, iter: 285,500, lr:(1.890e-04,)] m_psnr: 2.5363e+01 m_ssim: 8.4599e-01 
2023-06-15 14:21:34,515 INFO: [Resto..][epoch: 19, iter: 285,600, lr:(1.887e-04,)] [eta: 1 day, 3:33:21, time (data): 0.717 (0.002)] l_pix: -2.8074e+01 
2023-06-15 14:23:58,630 INFO: [Resto..][epoch: 19, iter: 285,800, lr:(1.881e-04,)] [eta: 1 day, 3:26:55, time (data): 0.723 (0.002)] l_pix: -2.0569e+01 
2023-06-15 14:26:22,473 INFO: [Resto..][epoch: 19, iter: 286,000, lr:(1.875e-04,)] [eta: 1 day, 3:20:34, time (data): 0.721 (0.003)] l_pix: -2.4550e+01 
2023-06-15 14:26:37,494 INFO: Validation RestoreNet-test, 		 # psnr: 25.2214	 # ssim: 0.8421
2023-06-15 14:26:37,494 INFO: [Resto..][epoch: 19, iter: 286,000, lr:(1.875e-04,)] m_psnr: 2.5221e+01 m_ssim: 8.4210e-01 
2023-06-15 14:29:01,379 INFO: [Resto..][epoch: 19, iter: 286,200, lr:(1.869e-04,)] [eta: 1 day, 3:16:05, time (data): 0.718 (0.002)] l_pix: -2.7193e+01 
2023-06-15 14:31:25,261 INFO: [Resto..][epoch: 19, iter: 286,400, lr:(1.862e-04,)] [eta: 1 day, 3:09:54, time (data): 0.723 (0.002)] l_pix: -2.2839e+01 
2023-06-15 14:32:52,330 INFO: Validation RestoreNet-test, 		 # psnr: 25.3474	 # ssim: 0.8456
2023-06-15 14:32:52,331 INFO: [Resto..][epoch: 19, iter: 286,500, lr:(1.859e-04,)] m_psnr: 2.5347e+01 m_ssim: 8.4564e-01 
2023-06-15 14:34:06,101 INFO: [Resto..][epoch: 19, iter: 286,600, lr:(1.856e-04,)] [eta: 1 day, 3:05:44, time (data): 0.722 (0.002)] l_pix: -2.2206e+01 
2023-06-15 14:36:37,659 INFO: [Resto..][epoch: 19, iter: 286,800, lr:(1.850e-04,)] [eta: 1 day, 3:00:34, time (data): 0.719 (0.002)] l_pix: -2.5264e+01 
2023-06-15 14:39:17,316 INFO: [Resto..][epoch: 19, iter: 287,000, lr:(1.844e-04,)] [eta: 1 day, 2:56:22, time (data): 0.716 (0.002)] l_pix: -3.0148e+01 
2023-06-15 14:39:32,310 INFO: Validation RestoreNet-test, 		 # psnr: 25.3016	 # ssim: 0.8458
2023-06-15 14:39:32,311 INFO: [Resto..][epoch: 19, iter: 287,000, lr:(1.844e-04,)] m_psnr: 2.5302e+01 m_ssim: 8.4579e-01 
2023-06-15 14:41:56,101 INFO: [Resto..][epoch: 19, iter: 287,200, lr:(1.838e-04,)] [eta: 1 day, 2:52:06, time (data): 0.718 (0.002)] l_pix: -2.3018e+01 
2023-06-15 14:44:20,092 INFO: [Resto..][epoch: 19, iter: 287,400, lr:(1.832e-04,)] [eta: 1 day, 2:46:16, time (data): 0.720 (0.002)] l_pix: -2.6315e+01 
2023-06-15 14:45:47,017 INFO: Validation RestoreNet-test, 		 # psnr: 25.3600	 # ssim: 0.8445
2023-06-15 14:45:47,018 INFO: [Resto..][epoch: 19, iter: 287,500, lr:(1.829e-04,)] m_psnr: 2.5360e+01 m_ssim: 8.4446e-01 
2023-06-15 14:46:58,880 INFO: [Resto..][epoch: 19, iter: 287,600, lr:(1.826e-04,)] [eta: 1 day, 2:42:06, time (data): 0.717 (0.002)] l_pix: -2.6357e+01 
2023-06-15 14:49:22,639 INFO: [Resto..][epoch: 19, iter: 287,800, lr:(1.820e-04,)] [eta: 1 day, 2:36:23, time (data): 0.718 (0.002)] l_pix: -2.2287e+01 
2023-06-15 14:51:46,453 INFO: [Resto..][epoch: 19, iter: 288,000, lr:(1.814e-04,)] [eta: 1 day, 2:30:44, time (data): 0.719 (0.002)] l_pix: -2.1617e+01 
2023-06-15 14:52:01,488 INFO: Validation RestoreNet-test, 		 # psnr: 25.3485	 # ssim: 0.8434
2023-06-15 14:52:01,489 INFO: [Resto..][epoch: 19, iter: 288,000, lr:(1.814e-04,)] m_psnr: 2.5348e+01 m_ssim: 8.4336e-01 
2023-06-15 14:54:25,334 INFO: [Resto..][epoch: 19, iter: 288,200, lr:(1.808e-04,)] [eta: 1 day, 2:26:43, time (data): 0.720 (0.002)] l_pix: -2.1254e+01 
2023-06-15 14:56:49,162 INFO: [Resto..][epoch: 19, iter: 288,400, lr:(1.802e-04,)] [eta: 1 day, 2:21:12, time (data): 0.719 (0.003)] l_pix: -2.2582e+01 
2023-06-15 14:58:16,105 INFO: Validation RestoreNet-test, 		 # psnr: 25.3100	 # ssim: 0.8434
2023-06-15 14:58:16,106 INFO: [Resto..][epoch: 19, iter: 288,500, lr:(1.799e-04,)] m_psnr: 2.5310e+01 m_ssim: 8.4345e-01 
2023-06-15 14:59:28,045 INFO: [Resto..][epoch: 19, iter: 288,600, lr:(1.796e-04,)] [eta: 1 day, 2:17:15, time (data): 0.717 (0.002)] l_pix: -2.1252e+01 
2023-06-15 15:01:51,910 INFO: [Resto..][epoch: 19, iter: 288,800, lr:(1.790e-04,)] [eta: 1 day, 2:11:51, time (data): 0.722 (0.003)] l_pix: -2.3536e+01 
2023-06-15 15:04:15,891 INFO: [Resto..][epoch: 19, iter: 289,000, lr:(1.784e-04,)] [eta: 1 day, 2:06:32, time (data): 0.721 (0.003)] l_pix: -1.7410e+01 
2023-06-15 15:04:30,911 INFO: Validation RestoreNet-test, 		 # psnr: 25.3601	 # ssim: 0.8455
2023-06-15 15:04:30,911 INFO: [Resto..][epoch: 19, iter: 289,000, lr:(1.784e-04,)] m_psnr: 2.5360e+01 m_ssim: 8.4553e-01 
2023-06-15 15:06:54,754 INFO: [Resto..][epoch: 19, iter: 289,200, lr:(1.778e-04,)] [eta: 1 day, 2:02:42, time (data): 0.715 (0.002)] l_pix: -2.2410e+01 
2023-06-15 15:09:18,582 INFO: [Resto..][epoch: 19, iter: 289,400, lr:(1.772e-04,)] [eta: 1 day, 1:57:28, time (data): 0.718 (0.002)] l_pix: -3.0907e+01 
2023-06-15 15:10:45,550 INFO: Validation RestoreNet-test, 		 # psnr: 25.3623	 # ssim: 0.8457
2023-06-15 15:10:45,550 INFO: [Resto..][epoch: 19, iter: 289,500, lr:(1.769e-04,)] m_psnr: 2.5362e+01 m_ssim: 8.4568e-01 
2023-06-15 15:11:57,805 INFO: [Resto..][epoch: 19, iter: 289,600, lr:(1.766e-04,)] [eta: 1 day, 1:53:44, time (data): 0.722 (0.002)] l_pix: -2.0331e+01 
2023-06-15 15:14:21,789 INFO: [Resto..][epoch: 19, iter: 289,800, lr:(1.760e-04,)] [eta: 1 day, 1:48:36, time (data): 0.722 (0.002)] l_pix: -2.5155e+01 
2023-06-15 15:16:45,763 INFO: [Resto..][epoch: 19, iter: 290,000, lr:(1.754e-04,)] [eta: 1 day, 1:43:32, time (data): 0.716 (0.002)] l_pix: -2.1346e+01 
2023-06-15 15:16:45,764 INFO: Saving models and training states.
2023-06-15 15:17:05,213 INFO: Validation RestoreNet-test, 		 # psnr: 25.4311	 # ssim: 0.8455
2023-06-15 15:17:05,214 INFO: [Resto..][epoch: 19, iter: 290,000, lr:(1.754e-04,)] m_psnr: 2.5431e+01 m_ssim: 8.4550e-01 
2023-06-15 15:19:29,403 INFO: [Resto..][epoch: 19, iter: 290,200, lr:(1.748e-04,)] [eta: 1 day, 1:40:18, time (data): 0.720 (0.002)] l_pix: -2.2947e+01 
2023-06-15 15:21:53,575 INFO: [Resto..][epoch: 19, iter: 290,400, lr:(1.742e-04,)] [eta: 1 day, 1:35:20, time (data): 0.717 (0.002)] l_pix: -2.1991e+01 
2023-06-15 15:23:20,603 INFO: Validation RestoreNet-test, 		 # psnr: 25.3770	 # ssim: 0.8459
2023-06-15 15:23:20,604 INFO: [Resto..][epoch: 19, iter: 290,500, lr:(1.739e-04,)] m_psnr: 2.5377e+01 m_ssim: 8.4589e-01 
2023-06-15 15:24:32,664 INFO: [Resto..][epoch: 19, iter: 290,600, lr:(1.736e-04,)] [eta: 1 day, 1:31:44, time (data): 0.721 (0.003)] l_pix: -2.1856e+01 
2023-06-15 15:26:56,583 INFO: [Resto..][epoch: 19, iter: 290,800, lr:(1.730e-04,)] [eta: 1 day, 1:26:49, time (data): 0.718 (0.002)] l_pix: -2.2074e+01 
2023-06-15 15:29:20,608 INFO: [Resto..][epoch: 19, iter: 291,000, lr:(1.724e-04,)] [eta: 1 day, 1:21:58, time (data): 0.727 (0.002)] l_pix: -2.9355e+01 
2023-06-15 15:29:35,662 INFO: Validation RestoreNet-test, 		 # psnr: 25.3401	 # ssim: 0.8464
2023-06-15 15:29:35,663 INFO: [Resto..][epoch: 19, iter: 291,000, lr:(1.724e-04,)] m_psnr: 2.5340e+01 m_ssim: 8.4645e-01 
2023-06-15 15:31:59,867 INFO: [Resto..][epoch: 19, iter: 291,200, lr:(1.718e-04,)] [eta: 1 day, 1:18:28, time (data): 0.718 (0.002)] l_pix: -2.1084e+01 
2023-06-15 15:34:23,915 INFO: [Resto..][epoch: 19, iter: 291,400, lr:(1.712e-04,)] [eta: 1 day, 1:13:42, time (data): 0.719 (0.003)] l_pix: -3.0679e+01 
2023-06-15 15:35:50,990 INFO: Validation RestoreNet-test, 		 # psnr: 25.4790	 # ssim: 0.8490
2023-06-15 15:35:50,991 INFO: [Resto..][epoch: 19, iter: 291,500, lr:(1.709e-04,)] m_psnr: 2.5479e+01 m_ssim: 8.4899e-01 
2023-06-15 15:37:03,002 INFO: [Resto..][epoch: 19, iter: 291,600, lr:(1.706e-04,)] [eta: 1 day, 1:10:13, time (data): 0.715 (0.002)] l_pix: -2.3001e+01 
2023-06-15 15:39:26,989 INFO: [Resto..][epoch: 19, iter: 291,800, lr:(1.700e-04,)] [eta: 1 day, 1:05:31, time (data): 0.720 (0.002)] l_pix: -2.5476e+01 
2023-06-15 15:41:51,192 INFO: [Resto..][epoch: 19, iter: 292,000, lr:(1.694e-04,)] [eta: 1 day, 1:00:52, time (data): 0.720 (0.002)] l_pix: -2.1857e+01 
2023-06-15 15:42:06,253 INFO: Validation RestoreNet-test, 		 # psnr: 25.3969	 # ssim: 0.8451
2023-06-15 15:42:06,253 INFO: [Resto..][epoch: 19, iter: 292,000, lr:(1.694e-04,)] m_psnr: 2.5397e+01 m_ssim: 8.4515e-01 
2023-06-15 15:44:30,348 INFO: [Resto..][epoch: 19, iter: 292,200, lr:(1.688e-04,)] [eta: 1 day, 0:57:29, time (data): 0.723 (0.002)] l_pix: -2.4374e+01 
2023-06-15 15:46:54,380 INFO: [Resto..][epoch: 19, iter: 292,400, lr:(1.683e-04,)] [eta: 1 day, 0:52:53, time (data): 0.721 (0.002)] l_pix: -2.1399e+01 
2023-06-15 15:48:21,452 INFO: Validation RestoreNet-test, 		 # psnr: 25.4080	 # ssim: 0.8474
2023-06-15 15:48:21,453 INFO: [Resto..][epoch: 19, iter: 292,500, lr:(1.680e-04,)] m_psnr: 2.5408e+01 m_ssim: 8.4737e-01 
2023-06-15 15:49:33,483 INFO: [Resto..][epoch: 19, iter: 292,600, lr:(1.677e-04,)] [eta: 1 day, 0:49:31, time (data): 0.722 (0.002)] l_pix: -2.5436e+01 
2023-06-15 15:51:57,745 INFO: [Resto..][epoch: 19, iter: 292,800, lr:(1.671e-04,)] [eta: 1 day, 0:45:01, time (data): 0.721 (0.002)] l_pix: -2.4447e+01 
2023-06-15 15:54:21,794 INFO: [Resto..][epoch: 19, iter: 293,000, lr:(1.665e-04,)] [eta: 1 day, 0:40:31, time (data): 0.724 (0.002)] l_pix: -2.4699e+01 
2023-06-15 15:54:36,817 INFO: Validation RestoreNet-test, 		 # psnr: 25.4407	 # ssim: 0.8474
2023-06-15 15:54:36,818 INFO: [Resto..][epoch: 19, iter: 293,000, lr:(1.665e-04,)] m_psnr: 2.5441e+01 m_ssim: 8.4736e-01 
2023-06-15 15:57:00,865 INFO: [Resto..][epoch: 19, iter: 293,200, lr:(1.659e-04,)] [eta: 1 day, 0:37:13, time (data): 0.722 (0.002)] l_pix: -2.2960e+01 
2023-06-15 15:59:24,913 INFO: [Resto..][epoch: 19, iter: 293,400, lr:(1.653e-04,)] [eta: 1 day, 0:32:47, time (data): 0.721 (0.002)] l_pix: -2.2619e+01 
2023-06-15 16:00:52,168 INFO: Validation RestoreNet-test, 		 # psnr: 25.4368	 # ssim: 0.8487
2023-06-15 16:00:52,168 INFO: [Resto..][epoch: 19, iter: 293,500, lr:(1.650e-04,)] m_psnr: 2.5437e+01 m_ssim: 8.4872e-01 
2023-06-15 16:02:04,166 INFO: [Resto..][epoch: 19, iter: 293,600, lr:(1.647e-04,)] [eta: 1 day, 0:29:32, time (data): 0.723 (0.002)] l_pix: -2.2945e+01 
2023-06-15 16:04:28,315 INFO: [Resto..][epoch: 19, iter: 293,800, lr:(1.642e-04,)] [eta: 1 day, 0:25:10, time (data): 0.715 (0.002)] l_pix: -2.5309e+01 
2023-06-15 16:06:52,424 INFO: [Resto..][epoch: 19, iter: 294,000, lr:(1.636e-04,)] [eta: 1 day, 0:20:50, time (data): 0.726 (0.002)] l_pix: -2.2097e+01 
2023-06-15 16:07:07,467 INFO: Validation RestoreNet-test, 		 # psnr: 25.2901	 # ssim: 0.8438
2023-06-15 16:07:07,468 INFO: [Resto..][epoch: 19, iter: 294,000, lr:(1.636e-04,)] m_psnr: 2.5290e+01 m_ssim: 8.4385e-01 
2023-06-15 16:09:31,541 INFO: [Resto..][epoch: 19, iter: 294,200, lr:(1.630e-04,)] [eta: 1 day, 0:17:37, time (data): 0.720 (0.002)] l_pix: -2.4706e+01 
2023-06-15 16:11:55,728 INFO: [Resto..][epoch: 19, iter: 294,400, lr:(1.624e-04,)] [eta: 1 day, 0:13:20, time (data): 0.718 (0.002)] l_pix: -2.4615e+01 
2023-06-15 16:13:22,876 INFO: Validation RestoreNet-test, 		 # psnr: 25.4402	 # ssim: 0.8488
2023-06-15 16:13:22,877 INFO: [Resto..][epoch: 19, iter: 294,500, lr:(1.621e-04,)] m_psnr: 2.5440e+01 m_ssim: 8.4880e-01 
2023-06-15 16:14:34,931 INFO: [Resto..][epoch: 19, iter: 294,600, lr:(1.618e-04,)] [eta: 1 day, 0:10:09, time (data): 0.720 (0.002)] l_pix: -2.5526e+01 
2023-06-15 16:16:59,033 INFO: [Resto..][epoch: 19, iter: 294,800, lr:(1.613e-04,)] [eta: 1 day, 0:05:55, time (data): 0.718 (0.002)] l_pix: -2.8331e+01 
2023-06-15 16:19:23,173 INFO: [Resto..][epoch: 19, iter: 295,000, lr:(1.607e-04,)] [eta: 1 day, 0:01:43, time (data): 0.724 (0.002)] l_pix: -2.5976e+01 
2023-06-15 16:19:23,173 INFO: Saving models and training states.
2023-06-15 16:19:45,076 INFO: Validation RestoreNet-test, 		 # psnr: 25.3943	 # ssim: 0.8474
2023-06-15 16:19:45,077 INFO: [Resto..][epoch: 19, iter: 295,000, lr:(1.607e-04,)] m_psnr: 2.5394e+01 m_ssim: 8.4738e-01 
2023-06-15 16:22:12,549 INFO: [Resto..][epoch: 19, iter: 295,200, lr:(1.601e-04,)] [eta: 23:59:17, time (data): 0.723 (0.002)] l_pix: -2.6888e+01 
2023-06-15 16:24:36,830 INFO: [Resto..][epoch: 19, iter: 295,400, lr:(1.595e-04,)] [eta: 23:55:08, time (data): 0.720 (0.002)] l_pix: -2.1143e+01 
2023-06-15 16:26:04,017 INFO: Validation RestoreNet-test, 		 # psnr: 25.4764	 # ssim: 0.8495
2023-06-15 16:26:04,017 INFO: [Resto..][epoch: 19, iter: 295,500, lr:(1.592e-04,)] m_psnr: 2.5476e+01 m_ssim: 8.4951e-01 
2023-06-15 16:27:16,092 INFO: [Resto..][epoch: 19, iter: 295,600, lr:(1.590e-04,)] [eta: 23:52:01, time (data): 0.720 (0.002)] l_pix: -2.3326e+01 
2023-06-15 16:29:40,285 INFO: [Resto..][epoch: 19, iter: 295,800, lr:(1.584e-04,)] [eta: 23:47:54, time (data): 0.720 (0.001)] l_pix: -2.2448e+01 
2023-06-15 16:32:05,646 INFO: [Resto..][epoch: 19, iter: 296,000, lr:(1.578e-04,)] [eta: 23:43:54, time (data): 0.721 (0.002)] l_pix: -2.3970e+01 
2023-06-15 16:32:20,669 INFO: Validation RestoreNet-test, 		 # psnr: 25.4902	 # ssim: 0.8508
2023-06-15 16:32:20,670 INFO: [Resto..][epoch: 19, iter: 296,000, lr:(1.578e-04,)] m_psnr: 2.5490e+01 m_ssim: 8.5081e-01 
2023-06-15 16:34:44,903 INFO: [Resto..][epoch: 19, iter: 296,200, lr:(1.572e-04,)] [eta: 23:40:49, time (data): 0.723 (0.002)] l_pix: -1.8646e+01 
2023-06-15 16:37:09,139 INFO: [Resto..][epoch: 19, iter: 296,400, lr:(1.567e-04,)] [eta: 23:36:46, time (data): 0.720 (0.002)] l_pix: -2.9345e+01 
2023-06-15 16:38:36,337 INFO: Validation RestoreNet-test, 		 # psnr: 25.4326	 # ssim: 0.8491
2023-06-15 16:38:36,338 INFO: [Resto..][epoch: 19, iter: 296,500, lr:(1.564e-04,)] m_psnr: 2.5433e+01 m_ssim: 8.4909e-01 
2023-06-15 16:39:48,875 INFO: [Resto..][epoch: 19, iter: 296,600, lr:(1.561e-04,)] [eta: 23:33:45, time (data): 0.720 (0.002)] l_pix: -2.7106e+01 
2023-06-15 16:42:13,174 INFO: [Resto..][epoch: 19, iter: 296,800, lr:(1.555e-04,)] [eta: 23:29:45, time (data): 0.721 (0.002)] l_pix: -2.7663e+01 
2023-06-15 16:44:37,439 INFO: [Resto..][epoch: 20, iter: 297,000, lr:(1.550e-04,)] [eta: 23:25:46, time (data): 0.719 (0.002)] l_pix: -2.2369e+01 
2023-06-15 16:44:52,464 INFO: Validation RestoreNet-test, 		 # psnr: 25.4542	 # ssim: 0.8499
2023-06-15 16:44:52,464 INFO: [Resto..][epoch: 20, iter: 297,000, lr:(1.550e-04,)] m_psnr: 2.5454e+01 m_ssim: 8.4987e-01 
2023-06-15 16:47:16,662 INFO: [Resto..][epoch: 20, iter: 297,200, lr:(1.544e-04,)] [eta: 23:22:45, time (data): 0.717 (0.002)] l_pix: -2.5811e+01 
2023-06-15 16:49:40,750 INFO: [Resto..][epoch: 20, iter: 297,400, lr:(1.538e-04,)] [eta: 23:18:48, time (data): 0.721 (0.002)] l_pix: -2.4512e+01 
2023-06-15 16:51:08,033 INFO: Validation RestoreNet-test, 		 # psnr: 25.5338	 # ssim: 0.8498
2023-06-15 16:51:08,033 INFO: [Resto..][epoch: 20, iter: 297,500, lr:(1.535e-04,)] m_psnr: 2.5534e+01 m_ssim: 8.4982e-01 
2023-06-15 16:52:20,078 INFO: [Resto..][epoch: 20, iter: 297,600, lr:(1.533e-04,)] [eta: 23:15:48, time (data): 0.725 (0.002)] l_pix: -2.6581e+01 
2023-06-15 16:54:44,153 INFO: [Resto..][epoch: 20, iter: 297,800, lr:(1.527e-04,)] [eta: 23:11:53, time (data): 0.723 (0.002)] l_pix: -2.3503e+01 
2023-06-15 16:57:08,215 INFO: [Resto..][epoch: 20, iter: 298,000, lr:(1.521e-04,)] [eta: 23:07:59, time (data): 0.721 (0.002)] l_pix: -2.8649e+01 
2023-06-15 16:57:23,247 INFO: Validation RestoreNet-test, 		 # psnr: 25.4493	 # ssim: 0.8494
2023-06-15 16:57:23,248 INFO: [Resto..][epoch: 20, iter: 298,000, lr:(1.521e-04,)] m_psnr: 2.5449e+01 m_ssim: 8.4940e-01 
2023-06-15 16:59:47,448 INFO: [Resto..][epoch: 20, iter: 298,200, lr:(1.516e-04,)] [eta: 23:05:01, time (data): 0.907 (0.003)] l_pix: -2.4929e+01 
2023-06-15 17:02:11,470 INFO: [Resto..][epoch: 20, iter: 298,400, lr:(1.510e-04,)] [eta: 23:01:09, time (data): 0.718 (0.002)] l_pix: -3.0312e+01 
2023-06-15 17:03:38,574 INFO: Validation RestoreNet-test, 		 # psnr: 25.4776	 # ssim: 0.8475
2023-06-15 17:03:38,574 INFO: [Resto..][epoch: 20, iter: 298,500, lr:(1.507e-04,)] m_psnr: 2.5478e+01 m_ssim: 8.4748e-01 
2023-06-15 17:04:50,627 INFO: [Resto..][epoch: 20, iter: 298,600, lr:(1.504e-04,)] [eta: 22:58:12, time (data): 0.721 (0.002)] l_pix: -2.4397e+01 
2023-06-15 17:07:14,741 INFO: [Resto..][epoch: 20, iter: 298,800, lr:(1.499e-04,)] [eta: 22:54:22, time (data): 0.721 (0.002)] l_pix: -2.7019e+01 
2023-06-15 17:09:38,823 INFO: [Resto..][epoch: 20, iter: 299,000, lr:(1.493e-04,)] [eta: 22:50:33, time (data): 0.721 (0.002)] l_pix: -2.4469e+01 
2023-06-15 17:09:53,840 INFO: Validation RestoreNet-test, 		 # psnr: 25.4486	 # ssim: 0.8477
2023-06-15 17:09:53,840 INFO: [Resto..][epoch: 20, iter: 299,000, lr:(1.493e-04,)] m_psnr: 2.5449e+01 m_ssim: 8.4772e-01 
2023-06-15 17:12:17,799 INFO: [Resto..][epoch: 20, iter: 299,200, lr:(1.488e-04,)] [eta: 22:47:37, time (data): 0.722 (0.003)] l_pix: -2.7565e+01 
2023-06-15 17:14:41,726 INFO: [Resto..][epoch: 20, iter: 299,400, lr:(1.482e-04,)] [eta: 22:43:50, time (data): 0.716 (0.002)] l_pix: -2.6997e+01 
2023-06-15 17:16:08,664 INFO: Validation RestoreNet-test, 		 # psnr: 25.4208	 # ssim: 0.8468
2023-06-15 17:16:08,665 INFO: [Resto..][epoch: 20, iter: 299,500, lr:(1.479e-04,)] m_psnr: 2.5421e+01 m_ssim: 8.4675e-01 
2023-06-15 17:17:20,672 INFO: [Resto..][epoch: 20, iter: 299,600, lr:(1.476e-04,)] [eta: 22:40:54, time (data): 0.721 (0.002)] l_pix: -1.7888e+01 
2023-06-15 17:19:44,688 INFO: [Resto..][epoch: 20, iter: 299,800, lr:(1.471e-04,)] [eta: 22:37:09, time (data): 0.718 (0.002)] l_pix: -2.3372e+01 
2023-06-15 17:22:08,635 INFO: [Resto..][epoch: 20, iter: 300,000, lr:(1.465e-04,)] [eta: 22:33:24, time (data): 0.715 (0.002)] l_pix: -2.7260e+01 
2023-06-15 17:22:08,636 INFO: Saving models and training states.
2023-06-15 17:22:28,462 INFO: Validation RestoreNet-test, 		 # psnr: 25.4405	 # ssim: 0.8479
2023-06-15 17:22:28,462 INFO: [Resto..][epoch: 20, iter: 300,000, lr:(1.465e-04,)] m_psnr: 2.5441e+01 m_ssim: 8.4787e-01 
2023-06-15 17:24:52,563 INFO: [Resto..][epoch: 20, iter: 300,200, lr:(1.460e-04,)] [eta: 22:30:47, time (data): 0.714 (0.002)] l_pix: -2.5537e+01 
2023-06-15 17:27:16,566 INFO: [Resto..][epoch: 20, iter: 300,400, lr:(1.454e-04,)] [eta: 22:27:04, time (data): 0.724 (0.003)] l_pix: -2.0386e+01 
2023-06-15 17:28:43,553 INFO: Validation RestoreNet-test, 		 # psnr: 25.3538	 # ssim: 0.8439
2023-06-15 17:28:43,554 INFO: [Resto..][epoch: 20, iter: 300,500, lr:(1.451e-04,)] m_psnr: 2.5354e+01 m_ssim: 8.4388e-01 
2023-06-15 17:29:55,587 INFO: [Resto..][epoch: 20, iter: 300,600, lr:(1.449e-04,)] [eta: 22:24:11, time (data): 0.715 (0.002)] l_pix: -2.5719e+01 
2023-06-15 17:32:36,573 INFO: [Resto..][epoch: 20, iter: 300,800, lr:(1.443e-04,)] [eta: 22:21:25, time (data): 0.721 (0.002)] l_pix: -2.2825e+01 
2023-06-15 17:35:09,285 INFO: [Resto..][epoch: 20, iter: 301,000, lr:(1.438e-04,)] [eta: 22:18:12, time (data): 0.725 (0.002)] l_pix: -2.4126e+01 
2023-06-15 17:35:24,326 INFO: Validation RestoreNet-test, 		 # psnr: 25.4018	 # ssim: 0.8478
2023-06-15 17:35:24,327 INFO: [Resto..][epoch: 20, iter: 301,000, lr:(1.438e-04,)] m_psnr: 2.5402e+01 m_ssim: 8.4776e-01 
2023-06-15 17:37:48,073 INFO: [Resto..][epoch: 20, iter: 301,200, lr:(1.432e-04,)] [eta: 22:15:19, time (data): 0.721 (0.002)] l_pix: -2.8866e+01 
2023-06-15 17:40:12,307 INFO: [Resto..][epoch: 20, iter: 301,400, lr:(1.427e-04,)] [eta: 22:11:40, time (data): 0.721 (0.003)] l_pix: -2.4417e+01 
2023-06-15 17:41:39,276 INFO: Validation RestoreNet-test, 		 # psnr: 25.4448	 # ssim: 0.8477
2023-06-15 17:41:39,277 INFO: [Resto..][epoch: 20, iter: 301,500, lr:(1.424e-04,)] m_psnr: 2.5445e+01 m_ssim: 8.4768e-01 
2023-06-15 17:42:51,201 INFO: [Resto..][epoch: 20, iter: 301,600, lr:(1.421e-04,)] [eta: 22:08:48, time (data): 0.719 (0.002)] l_pix: -2.3598e+01 
2023-06-15 17:45:15,089 INFO: [Resto..][epoch: 20, iter: 301,800, lr:(1.416e-04,)] [eta: 22:05:10, time (data): 0.725 (0.002)] l_pix: -2.4681e+01 
2023-06-15 17:47:38,993 INFO: [Resto..][epoch: 20, iter: 302,000, lr:(1.410e-04,)] [eta: 22:01:33, time (data): 0.717 (0.002)] l_pix: -2.7973e+01 
2023-06-15 17:47:54,047 INFO: Validation RestoreNet-test, 		 # psnr: 25.3206	 # ssim: 0.8457
2023-06-15 17:47:54,047 INFO: [Resto..][epoch: 20, iter: 302,000, lr:(1.410e-04,)] m_psnr: 2.5321e+01 m_ssim: 8.4569e-01 
2023-06-15 17:50:17,887 INFO: [Resto..][epoch: 20, iter: 302,200, lr:(1.405e-04,)] [eta: 21:58:42, time (data): 0.717 (0.002)] l_pix: -2.2081e+01 
2023-06-15 17:52:41,739 INFO: [Resto..][epoch: 20, iter: 302,400, lr:(1.399e-04,)] [eta: 21:55:07, time (data): 0.718 (0.002)] l_pix: -2.3567e+01 
2023-06-15 17:54:08,679 INFO: Validation RestoreNet-test, 		 # psnr: 25.2835	 # ssim: 0.8450
2023-06-15 17:54:08,680 INFO: [Resto..][epoch: 20, iter: 302,500, lr:(1.397e-04,)] m_psnr: 2.5283e+01 m_ssim: 8.4499e-01 
2023-06-15 17:55:20,565 INFO: [Resto..][epoch: 20, iter: 302,600, lr:(1.394e-04,)] [eta: 21:52:16, time (data): 0.717 (0.003)] l_pix: -2.8998e+01 
2023-06-15 17:57:44,609 INFO: [Resto..][epoch: 20, iter: 302,800, lr:(1.388e-04,)] [eta: 21:48:42, time (data): 0.723 (0.002)] l_pix: -2.5185e+01 
2023-06-15 18:00:08,423 INFO: [Resto..][epoch: 20, iter: 303,000, lr:(1.383e-04,)] [eta: 21:45:09, time (data): 0.720 (0.002)] l_pix: -3.0519e+01 
2023-06-15 18:00:23,458 INFO: Validation RestoreNet-test, 		 # psnr: 25.3522	 # ssim: 0.8477
2023-06-15 18:00:23,458 INFO: [Resto..][epoch: 20, iter: 303,000, lr:(1.383e-04,)] m_psnr: 2.5352e+01 m_ssim: 8.4765e-01 
2023-06-15 18:02:47,399 INFO: [Resto..][epoch: 20, iter: 303,200, lr:(1.378e-04,)] [eta: 21:42:20, time (data): 0.722 (0.002)] l_pix: -2.6888e+01 
2023-06-15 18:05:11,318 INFO: [Resto..][epoch: 20, iter: 303,400, lr:(1.372e-04,)] [eta: 21:38:48, time (data): 0.716 (0.002)] l_pix: -2.3026e+01 
2023-06-15 18:06:38,230 INFO: Validation RestoreNet-test, 		 # psnr: 25.4113	 # ssim: 0.8468
2023-06-15 18:06:38,231 INFO: [Resto..][epoch: 20, iter: 303,500, lr:(1.370e-04,)] m_psnr: 2.5411e+01 m_ssim: 8.4683e-01 
2023-06-15 18:07:50,243 INFO: [Resto..][epoch: 20, iter: 303,600, lr:(1.367e-04,)] [eta: 21:35:59, time (data): 0.714 (0.002)] l_pix: -2.8302e+01 
2023-06-15 18:10:14,341 INFO: [Resto..][epoch: 20, iter: 303,800, lr:(1.361e-04,)] [eta: 21:32:29, time (data): 0.723 (0.002)] l_pix: -2.9647e+01 
2023-06-15 18:12:38,298 INFO: [Resto..][epoch: 20, iter: 304,000, lr:(1.356e-04,)] [eta: 21:28:59, time (data): 0.715 (0.002)] l_pix: -2.2678e+01 
2023-06-15 18:12:53,341 INFO: Validation RestoreNet-test, 		 # psnr: 25.3991	 # ssim: 0.8485
2023-06-15 18:12:53,341 INFO: [Resto..][epoch: 20, iter: 304,000, lr:(1.356e-04,)] m_psnr: 2.5399e+01 m_ssim: 8.4849e-01 
2023-06-15 18:15:17,249 INFO: [Resto..][epoch: 20, iter: 304,200, lr:(1.351e-04,)] [eta: 21:26:12, time (data): 0.728 (0.002)] l_pix: -2.0721e+01 
2023-06-15 18:17:41,334 INFO: [Resto..][epoch: 20, iter: 304,400, lr:(1.345e-04,)] [eta: 21:22:43, time (data): 0.714 (0.002)] l_pix: -2.6216e+01 
2023-06-15 18:19:08,134 INFO: Validation RestoreNet-test, 		 # psnr: 25.4252	 # ssim: 0.8475
2023-06-15 18:19:08,135 INFO: [Resto..][epoch: 20, iter: 304,500, lr:(1.343e-04,)] m_psnr: 2.5425e+01 m_ssim: 8.4750e-01 
2023-06-15 18:20:19,964 INFO: [Resto..][epoch: 20, iter: 304,600, lr:(1.340e-04,)] [eta: 21:19:56, time (data): 0.714 (0.002)] l_pix: -3.2402e+01 
2023-06-15 18:22:43,775 INFO: [Resto..][epoch: 20, iter: 304,800, lr:(1.335e-04,)] [eta: 21:16:28, time (data): 0.721 (0.003)] l_pix: -2.2244e+01 
2023-06-15 18:25:07,643 INFO: [Resto..][epoch: 20, iter: 305,000, lr:(1.329e-04,)] [eta: 21:13:01, time (data): 0.719 (0.002)] l_pix: -2.4571e+01 
2023-06-15 18:25:07,644 INFO: Saving models and training states.
2023-06-15 18:25:27,414 INFO: Validation RestoreNet-test, 		 # psnr: 25.4260	 # ssim: 0.8472
2023-06-15 18:25:27,415 INFO: [Resto..][epoch: 20, iter: 305,000, lr:(1.329e-04,)] m_psnr: 2.5426e+01 m_ssim: 8.4716e-01 
2023-06-15 18:27:51,301 INFO: [Resto..][epoch: 20, iter: 305,200, lr:(1.324e-04,)] [eta: 21:10:28, time (data): 0.719 (0.004)] l_pix: -2.6082e+01 
2023-06-15 18:30:16,079 INFO: [Resto..][epoch: 20, iter: 305,400, lr:(1.319e-04,)] [eta: 21:07:04, time (data): 0.718 (0.002)] l_pix: -2.9714e+01 
2023-06-15 18:31:43,044 INFO: Validation RestoreNet-test, 		 # psnr: 25.4695	 # ssim: 0.8474
2023-06-15 18:31:43,044 INFO: [Resto..][epoch: 20, iter: 305,500, lr:(1.316e-04,)] m_psnr: 2.5470e+01 m_ssim: 8.4741e-01 
2023-06-15 18:32:55,410 INFO: [Resto..][epoch: 20, iter: 305,600, lr:(1.313e-04,)] [eta: 21:04:19, time (data): 0.722 (0.002)] l_pix: -2.5840e+01 
2023-06-15 18:35:19,331 INFO: [Resto..][epoch: 20, iter: 305,800, lr:(1.308e-04,)] [eta: 21:00:54, time (data): 0.717 (0.003)] l_pix: -2.8238e+01 
2023-06-15 18:37:43,251 INFO: [Resto..][epoch: 20, iter: 306,000, lr:(1.303e-04,)] [eta: 20:57:30, time (data): 0.720 (0.002)] l_pix: -3.1239e+01 
2023-06-15 18:37:58,237 INFO: Validation RestoreNet-test, 		 # psnr: 25.4191	 # ssim: 0.8474
2023-06-15 18:37:58,238 INFO: [Resto..][epoch: 20, iter: 306,000, lr:(1.303e-04,)] m_psnr: 2.5419e+01 m_ssim: 8.4743e-01 
2023-06-15 18:40:22,084 INFO: [Resto..][epoch: 20, iter: 306,200, lr:(1.297e-04,)] [eta: 20:54:45, time (data): 0.723 (0.003)] l_pix: -2.9262e+01 
2023-06-15 18:42:45,930 INFO: [Resto..][epoch: 20, iter: 306,400, lr:(1.292e-04,)] [eta: 20:51:22, time (data): 0.719 (0.002)] l_pix: -2.3846e+01 
2023-06-15 18:44:12,916 INFO: Validation RestoreNet-test, 		 # psnr: 25.4464	 # ssim: 0.8469
2023-06-15 18:44:12,917 INFO: [Resto..][epoch: 20, iter: 306,500, lr:(1.290e-04,)] m_psnr: 2.5446e+01 m_ssim: 8.4689e-01 
2023-06-15 18:45:24,866 INFO: [Resto..][epoch: 20, iter: 306,600, lr:(1.287e-04,)] [eta: 20:48:38, time (data): 0.718 (0.002)] l_pix: -2.8222e+01 
2023-06-15 18:47:48,823 INFO: [Resto..][epoch: 20, iter: 306,800, lr:(1.282e-04,)] [eta: 20:45:15, time (data): 0.718 (0.002)] l_pix: -2.2703e+01 
2023-06-15 18:50:12,682 INFO: [Resto..][epoch: 20, iter: 307,000, lr:(1.276e-04,)] [eta: 20:41:54, time (data): 0.716 (0.002)] l_pix: -2.0755e+01 
2023-06-15 18:50:27,706 INFO: Validation RestoreNet-test, 		 # psnr: 25.3832	 # ssim: 0.8461
2023-06-15 18:50:27,707 INFO: [Resto..][epoch: 20, iter: 307,000, lr:(1.276e-04,)] m_psnr: 2.5383e+01 m_ssim: 8.4608e-01 
2023-06-15 18:52:51,632 INFO: [Resto..][epoch: 20, iter: 307,200, lr:(1.271e-04,)] [eta: 20:39:10, time (data): 0.723 (0.002)] l_pix: -2.1231e+01 
2023-06-15 18:55:15,544 INFO: [Resto..][epoch: 20, iter: 307,400, lr:(1.266e-04,)] [eta: 20:35:50, time (data): 0.722 (0.001)] l_pix: -2.3767e+01 
2023-06-15 18:56:42,687 INFO: Validation RestoreNet-test, 		 # psnr: 25.4198	 # ssim: 0.8474
2023-06-15 18:56:42,688 INFO: [Resto..][epoch: 20, iter: 307,500, lr:(1.263e-04,)] m_psnr: 2.5420e+01 m_ssim: 8.4739e-01 
2023-06-15 18:57:54,628 INFO: [Resto..][epoch: 20, iter: 307,600, lr:(1.261e-04,)] [eta: 20:33:07, time (data): 0.722 (0.002)] l_pix: -2.0858e+01 
2023-06-15 19:00:20,493 INFO: [Resto..][epoch: 20, iter: 307,800, lr:(1.256e-04,)] [eta: 20:29:52, time (data): 0.720 (0.003)] l_pix: -2.1970e+01 
2023-06-15 19:02:44,328 INFO: [Resto..][epoch: 20, iter: 308,000, lr:(1.250e-04,)] [eta: 20:26:32, time (data): 0.718 (0.002)] l_pix: -2.6462e+01 
2023-06-15 19:02:59,339 INFO: Validation RestoreNet-test, 		 # psnr: 25.4401	 # ssim: 0.8474
2023-06-15 19:02:59,340 INFO: [Resto..][epoch: 20, iter: 308,000, lr:(1.250e-04,)] m_psnr: 2.5440e+01 m_ssim: 8.4739e-01 
2023-06-15 19:05:23,336 INFO: [Resto..][epoch: 20, iter: 308,200, lr:(1.245e-04,)] [eta: 20:23:50, time (data): 0.718 (0.002)] l_pix: -2.2865e+01 
2023-06-15 19:07:47,172 INFO: [Resto..][epoch: 20, iter: 308,400, lr:(1.240e-04,)] [eta: 20:20:32, time (data): 0.717 (0.002)] l_pix: -2.6405e+01 
2023-06-15 19:09:14,139 INFO: Validation RestoreNet-test, 		 # psnr: 25.4630	 # ssim: 0.8470
2023-06-15 19:09:14,140 INFO: [Resto..][epoch: 20, iter: 308,500, lr:(1.237e-04,)] m_psnr: 2.5463e+01 m_ssim: 8.4700e-01 
2023-06-15 19:10:26,172 INFO: [Resto..][epoch: 20, iter: 308,600, lr:(1.235e-04,)] [eta: 20:17:50, time (data): 0.715 (0.002)] l_pix: -2.9394e+01 
2023-06-15 19:12:50,189 INFO: [Resto..][epoch: 20, iter: 308,800, lr:(1.230e-04,)] [eta: 20:14:32, time (data): 0.719 (0.002)] l_pix: -2.8727e+01 
2023-06-15 19:15:47,311 INFO: [Resto..][epoch: 20, iter: 309,000, lr:(1.224e-04,)] [eta: 20:12:33, time (data): 0.728 (0.003)] l_pix: -2.0558e+01 
2023-06-15 19:16:02,465 INFO: Validation RestoreNet-test, 		 # psnr: 25.4942	 # ssim: 0.8486
2023-06-15 19:16:02,466 INFO: [Resto..][epoch: 20, iter: 309,000, lr:(1.224e-04,)] m_psnr: 2.5494e+01 m_ssim: 8.4860e-01 
2023-06-15 19:18:55,302 INFO: [Resto..][epoch: 20, iter: 309,200, lr:(1.219e-04,)] [eta: 20:10:58, time (data): 0.718 (0.002)] l_pix: -2.3876e+01 
2023-06-15 19:21:19,259 INFO: [Resto..][epoch: 20, iter: 309,400, lr:(1.214e-04,)] [eta: 20:07:41, time (data): 0.720 (0.002)] l_pix: -2.8687e+01 
2023-06-15 19:22:46,289 INFO: Validation RestoreNet-test, 		 # psnr: 25.4104	 # ssim: 0.8463
2023-06-15 19:22:46,290 INFO: [Resto..][epoch: 20, iter: 309,500, lr:(1.212e-04,)] m_psnr: 2.5410e+01 m_ssim: 8.4633e-01 
2023-06-15 19:23:58,257 INFO: [Resto..][epoch: 20, iter: 309,600, lr:(1.209e-04,)] [eta: 20:04:59, time (data): 0.722 (0.002)] l_pix: -2.7993e+01 
2023-06-15 19:26:22,335 INFO: [Resto..][epoch: 20, iter: 309,800, lr:(1.204e-04,)] [eta: 20:01:43, time (data): 0.722 (0.002)] l_pix: -2.3240e+01 
2023-06-15 19:28:46,209 INFO: [Resto..][epoch: 20, iter: 310,000, lr:(1.199e-04,)] [eta: 19:58:27, time (data): 0.720 (0.002)] l_pix: -2.2429e+01 
2023-06-15 19:28:46,210 INFO: Saving models and training states.
2023-06-15 19:29:05,611 INFO: Validation RestoreNet-test, 		 # psnr: 25.5053	 # ssim: 0.8504
2023-06-15 19:29:05,612 INFO: [Resto..][epoch: 20, iter: 310,000, lr:(1.199e-04,)] m_psnr: 2.5505e+01 m_ssim: 8.5042e-01 
2023-06-15 19:31:29,656 INFO: [Resto..][epoch: 20, iter: 310,200, lr:(1.194e-04,)] [eta: 19:55:55, time (data): 0.718 (0.003)] l_pix: -2.3263e+01 
2023-06-15 19:33:54,218 INFO: [Resto..][epoch: 20, iter: 310,400, lr:(1.189e-04,)] [eta: 19:52:42, time (data): 0.719 (0.002)] l_pix: -2.3339e+01 
2023-06-15 19:35:21,301 INFO: Validation RestoreNet-test, 		 # psnr: 25.5124	 # ssim: 0.8508
2023-06-15 19:35:21,302 INFO: [Resto..][epoch: 21, iter: 310,500, lr:(1.186e-04,)] m_psnr: 2.5512e+01 m_ssim: 8.5079e-01 
2023-06-15 19:36:33,306 INFO: [Resto..][epoch: 21, iter: 310,600, lr:(1.184e-04,)] [eta: 19:50:01, time (data): 0.720 (0.002)] l_pix: -2.4693e+01 
2023-06-15 19:38:57,016 INFO: [Resto..][epoch: 21, iter: 310,800, lr:(1.179e-04,)] [eta: 19:46:46, time (data): 0.718 (0.002)] l_pix: -2.8660e+01 
2023-06-15 19:41:20,823 INFO: [Resto..][epoch: 21, iter: 311,000, lr:(1.173e-04,)] [eta: 19:43:32, time (data): 0.719 (0.003)] l_pix: -2.6574e+01 
2023-06-15 19:41:35,840 INFO: Validation RestoreNet-test, 		 # psnr: 25.4755	 # ssim: 0.8494
2023-06-15 19:41:35,841 INFO: [Resto..][epoch: 21, iter: 311,000, lr:(1.173e-04,)] m_psnr: 2.5476e+01 m_ssim: 8.4943e-01 
2023-06-15 19:43:59,751 INFO: [Resto..][epoch: 21, iter: 311,200, lr:(1.168e-04,)] [eta: 19:40:51, time (data): 0.720 (0.002)] l_pix: -2.1783e+01 
2023-06-15 19:46:23,784 INFO: [Resto..][epoch: 21, iter: 311,400, lr:(1.163e-04,)] [eta: 19:37:38, time (data): 0.717 (0.002)] l_pix: -2.6975e+01 
2023-06-15 19:47:50,665 INFO: Validation RestoreNet-test, 		 # psnr: 25.4442	 # ssim: 0.8508
2023-06-15 19:47:50,666 INFO: [Resto..][epoch: 21, iter: 311,500, lr:(1.161e-04,)] m_psnr: 2.5444e+01 m_ssim: 8.5084e-01 
2023-06-15 19:49:02,642 INFO: [Resto..][epoch: 21, iter: 311,600, lr:(1.158e-04,)] [eta: 19:34:57, time (data): 0.719 (0.002)] l_pix: -2.5679e+01 
2023-06-15 19:51:26,483 INFO: [Resto..][epoch: 21, iter: 311,800, lr:(1.153e-04,)] [eta: 19:31:45, time (data): 0.721 (0.002)] l_pix: -2.4171e+01 
2023-06-15 19:53:50,407 INFO: [Resto..][epoch: 21, iter: 312,000, lr:(1.148e-04,)] [eta: 19:28:33, time (data): 0.720 (0.002)] l_pix: -2.3172e+01 
2023-06-15 19:54:05,459 INFO: Validation RestoreNet-test, 		 # psnr: 25.4284	 # ssim: 0.8473
2023-06-15 19:54:05,460 INFO: [Resto..][epoch: 21, iter: 312,000, lr:(1.148e-04,)] m_psnr: 2.5428e+01 m_ssim: 8.4735e-01 
2023-06-15 19:56:29,440 INFO: [Resto..][epoch: 21, iter: 312,200, lr:(1.143e-04,)] [eta: 19:25:53, time (data): 0.719 (0.002)] l_pix: -2.8193e+01 
2023-06-15 19:58:53,364 INFO: [Resto..][epoch: 21, iter: 312,400, lr:(1.138e-04,)] [eta: 19:22:41, time (data): 0.722 (0.002)] l_pix: -2.4083e+01 
2023-06-15 20:00:20,229 INFO: Validation RestoreNet-test, 		 # psnr: 25.4242	 # ssim: 0.8479
2023-06-15 20:00:20,230 INFO: [Resto..][epoch: 21, iter: 312,500, lr:(1.136e-04,)] m_psnr: 2.5424e+01 m_ssim: 8.4786e-01 
2023-06-15 20:01:32,154 INFO: [Resto..][epoch: 21, iter: 312,600, lr:(1.133e-04,)] [eta: 19:20:01, time (data): 0.718 (0.002)] l_pix: -2.5185e+01 
2023-06-15 20:03:56,017 INFO: [Resto..][epoch: 21, iter: 312,800, lr:(1.128e-04,)] [eta: 19:16:51, time (data): 0.718 (0.002)] l_pix: -2.8158e+01 
2023-06-15 20:06:19,859 INFO: [Resto..][epoch: 21, iter: 313,000, lr:(1.123e-04,)] [eta: 19:13:40, time (data): 0.719 (0.002)] l_pix: -2.8855e+01 
2023-06-15 20:06:34,898 INFO: Validation RestoreNet-test, 		 # psnr: 25.4337	 # ssim: 0.8467
2023-06-15 20:06:34,899 INFO: [Resto..][epoch: 21, iter: 313,000, lr:(1.123e-04,)] m_psnr: 2.5434e+01 m_ssim: 8.4671e-01 
2023-06-15 20:08:58,743 INFO: [Resto..][epoch: 21, iter: 313,200, lr:(1.118e-04,)] [eta: 19:11:01, time (data): 0.719 (0.002)] l_pix: -3.1471e+01 
2023-06-15 20:11:22,551 INFO: [Resto..][epoch: 21, iter: 313,400, lr:(1.114e-04,)] [eta: 19:07:51, time (data): 0.719 (0.002)] l_pix: -2.6637e+01 
2023-06-15 20:12:49,471 INFO: Validation RestoreNet-test, 		 # psnr: 25.5359	 # ssim: 0.8502
2023-06-15 20:12:49,472 INFO: [Resto..][epoch: 21, iter: 313,500, lr:(1.111e-04,)] m_psnr: 2.5536e+01 m_ssim: 8.5015e-01 
2023-06-15 20:14:01,367 INFO: [Resto..][epoch: 21, iter: 313,600, lr:(1.109e-04,)] [eta: 19:05:11, time (data): 0.718 (0.002)] l_pix: -2.8463e+01 
2023-06-15 20:16:25,392 INFO: [Resto..][epoch: 21, iter: 313,800, lr:(1.104e-04,)] [eta: 19:02:03, time (data): 0.720 (0.002)] l_pix: -2.1414e+01 
2023-06-15 20:18:49,195 INFO: [Resto..][epoch: 21, iter: 314,000, lr:(1.099e-04,)] [eta: 18:58:54, time (data): 0.719 (0.002)] l_pix: -2.2028e+01 
2023-06-15 20:19:04,220 INFO: Validation RestoreNet-test, 		 # psnr: 25.4664	 # ssim: 0.8480
2023-06-15 20:19:04,221 INFO: [Resto..][epoch: 21, iter: 314,000, lr:(1.099e-04,)] m_psnr: 2.5466e+01 m_ssim: 8.4804e-01 
2023-06-15 20:21:28,090 INFO: [Resto..][epoch: 21, iter: 314,200, lr:(1.094e-04,)] [eta: 18:56:15, time (data): 0.718 (0.002)] l_pix: -2.3197e+01 
2023-06-15 20:23:52,227 INFO: [Resto..][epoch: 21, iter: 314,400, lr:(1.089e-04,)] [eta: 18:53:08, time (data): 0.720 (0.002)] l_pix: -2.3194e+01 
2023-06-15 20:25:19,495 INFO: Validation RestoreNet-test, 		 # psnr: 25.4503	 # ssim: 0.8486
2023-06-15 20:25:19,496 INFO: [Resto..][epoch: 21, iter: 314,500, lr:(1.087e-04,)] m_psnr: 2.5450e+01 m_ssim: 8.4856e-01 
2023-06-15 20:26:31,560 INFO: [Resto..][epoch: 21, iter: 314,600, lr:(1.084e-04,)] [eta: 18:50:30, time (data): 0.720 (0.003)] l_pix: -2.5326e+01 
