2023-06-17 01:03:33,692 INFO: 
                ____                _       _____  ____
               / __ ) ____ _ _____ (_)_____/ ___/ / __ \
              / __  |/ __ `// ___// // ___/\__ \ / /_/ /
             / /_/ // /_/ /(__  )/ // /__ ___/ // _, _/
            /_____/ \__,_//____//_/ \___//____//_/ |_|
     ______                   __   __                 __      __
    / ____/____   ____   ____/ /  / /   __  __ _____ / /__   / /
   / / __ / __ \ / __ \ / __  /  / /   / / / // ___// //_/  / /
  / /_/ // /_/ // /_/ // /_/ /  / /___/ /_/ // /__ / /<    /_/
  \____/ \____/ \____/ \____/  /_____/\____/ \___//_/|_|  (_)
    
Version Information: 
	BasicSR: 1.2.0+386ca20
	PyTorch: 2.0.1+cu118
	TorchVision: 0.15.2+cu118
2023-06-17 01:03:33,693 INFO: 
  name: RestoreNet-width64
  model_type: ImageRestorationModel
  scale: 1
  num_gpu: 1
  manual_seed: 10
  datasets:[
    train:[
      name: RestoreNet-train
      type: PairedImageDataset
      dataroot_gt: /content/drive/MyDrive/ground/gt
      dataroot_lq: /content/drive/MyDrive/output_result
      filename_tmpl: {}
      io_backend:[
        type: disk
      ]
      gt_size: 256
      use_flip: True
      use_rot: True
      use_shuffle: True
      num_worker_per_gpu: 2
      batch_size_per_gpu: 2
      dataset_enlarge_ratio: 1
      prefetch_mode: None
      phase: train
      scale: 1
    ]
    val:[
      name: RestoreNet-test
      type: PairedImageDataset
      dataroot_gt: /content/drive/MyDrive/testdataset/gt
      dataroot_lq: /content/drive/MyDrive/testdataset/lq
      io_backend:[
        type: disk
      ]
      phase: val
      scale: 1
    ]
  ]
  network_g:[
    type: RestoreNetLocal
    width_deblur: 64
    enc_blk_nums_deblur: [1, 1, 1, 28]
    middle_blk_num_deblur: 1
    dec_blk_nums_deblur: [1, 1, 1, 1]
    dw_expand_deblur: 2
    ffn_expand_deblur: 2
    width_denoise: 64
    enc_blk_nums_denoise: [2, 2, 4, 8]
    middle_blk_num_denoise: 12
    dec_blk_nums_denoise: [2, 2, 2, 2]
    dw_expand_denoise: 2
    ffn_expand_denoise: 2
  ]
  path:[
    pretrain_network_g: None
    strict_load_g: True
    resume_state: experiments/RestoreNet-width64/training_states/375000.state
    root: /content/drive/MyDrive/NAFNet-main
    experiments_root: /content/drive/MyDrive/NAFNet-main/experiments/RestoreNet-width64
    models: /content/drive/MyDrive/NAFNet-main/experiments/RestoreNet-width64/models
    training_states: /content/drive/MyDrive/NAFNet-main/experiments/RestoreNet-width64/training_states
    log: /content/drive/MyDrive/NAFNet-main/experiments/RestoreNet-width64
    visualization: /content/drive/MyDrive/NAFNet-main/experiments/RestoreNet-width64/visualization
  ]
  train:[
    optim_g:[
      type: AdamW
      lr: 0.001
      weight_decay: 0.001
      betas: [0.9, 0.9]
    ]
    scheduler:[
      type: TrueCosineAnnealingLR
      T_max: 400000
      eta_min: 1e-07
    ]
    total_iter: 400000
    warmup_iter: -1
    pixel_opt:[
      type: PSNRLoss
      loss_weight: 1
      reduction: mean
    ]
  ]
  val:[
    val_freq: 500.0
    save_img: False
    metrics:[
      psnr:[
        type: calculate_psnr
        crop_border: 0
        test_y_channel: False
      ]
      ssim:[
        type: calculate_ssim
        crop_border: 0
        test_y_channel: False
      ]
    ]
  ]
  logger:[
    print_freq: 200
    save_checkpoint_freq: 5000.0
    use_tb_logger: True
    wandb:[
      project: None
      resume_id: None
    ]
  ]
  dist_params:[
    backend: gloo
    port: 4321
  ]
  is_train: True
  dist: True
  rank: 0
  world_size: 1

2023-06-17 01:05:03,463 INFO: Dataset PairedImageDataset - RestoreNet-train is created.
2023-06-17 01:05:03,464 INFO: Training statistics:
	Number of train images: 26989
	Dataset enlarge ratio: 1
	Batch size per gpu: 2
	World size (gpu number): 1
	Require iter number per epoch: 13495
	Total epochs: 30; iters: 400000.
2023-06-17 01:05:04,337 INFO: Dataset PairedImageDataset - RestoreNet-test is created.
2023-06-17 01:05:04,337 INFO: Number of val images/folders in RestoreNet-test: 20
2023-06-17 01:05:04,338 INFO: Set pretrain_network_g to /content/drive/MyDrive/NAFNet-main/experiments/RestoreNet-width64/models/net_g_375000.pth
2023-06-17 01:05:10,794 INFO: Loading RestoreNetLocal model from /content/drive/MyDrive/NAFNet-main/experiments/RestoreNet-width64/models/net_g_375000.pth.
2023-06-17 01:05:49,664 INFO: Model [ImageRestorationModel] is created.
2023-06-17 01:05:49,746 INFO: Resuming training from epoch: 22, iter: 375000.
2023-06-17 01:05:54,174 INFO: Start training from epoch: 22, iter: 375000
2023-06-17 01:08:51,646 INFO: [Resto..][epoch: 22, iter: 375,200, lr:(9.555e-06,)] [eta: 6:14:02, time (data): 0.729 (0.003)] l_pix: -2.7532e+01 
2023-06-17 01:11:32,126 INFO: [Resto..][epoch: 22, iter: 375,400, lr:(9.403e-06,)] [eta: 5:50:02, time (data): 0.767 (0.040)] l_pix: -2.4041e+01 
2023-06-17 01:13:41,433 INFO: Validation RestoreNet-test, 		 # psnr: 25.4483	 # ssim: 0.8482
2023-06-17 01:13:41,434 INFO: [Resto..][epoch: 22, iter: 375,500, lr:(9.328e-06,)] m_psnr: 2.5448e+01 m_ssim: 8.4816e-01 
2023-06-17 01:15:03,989 INFO: [Resto..][epoch: 22, iter: 375,600, lr:(9.253e-06,)] [eta: 6:15:00, time (data): 0.747 (0.002)] l_pix: -2.6109e+01 
2023-06-17 01:17:51,126 INFO: [Resto..][epoch: 22, iter: 375,800, lr:(9.104e-06,)] [eta: 6:03:13, time (data): 0.740 (0.001)] l_pix: -2.6162e+01 
2023-06-17 01:20:34,575 INFO: [Resto..][epoch: 22, iter: 376,000, lr:(8.956e-06,)] [eta: 5:53:33, time (data): 0.865 (0.140)] l_pix: -2.9804e+01 
2023-06-17 01:20:49,842 INFO: Validation RestoreNet-test, 		 # psnr: 25.4635	 # ssim: 0.8486
2023-06-17 01:20:49,843 INFO: [Resto..][epoch: 22, iter: 376,000, lr:(8.956e-06,)] m_psnr: 2.5464e+01 m_ssim: 8.4855e-01 
2023-06-17 01:23:32,476 INFO: [Resto..][epoch: 22, iter: 376,200, lr:(8.810e-06,)] [eta: 5:50:59, time (data): 0.733 (0.002)] l_pix: -2.1648e+01 
2023-06-17 01:26:15,256 INFO: [Resto..][epoch: 22, iter: 376,400, lr:(8.664e-06,)] [eta: 5:44:02, time (data): 0.735 (0.002)] l_pix: -2.6920e+01 
2023-06-17 01:27:53,193 INFO: Validation RestoreNet-test, 		 # psnr: 25.4363	 # ssim: 0.8480
2023-06-17 01:27:53,194 INFO: [Resto..][epoch: 22, iter: 376,500, lr:(8.592e-06,)] m_psnr: 2.5436e+01 m_ssim: 8.4799e-01 
2023-06-17 01:29:18,503 INFO: [Resto..][epoch: 22, iter: 376,600, lr:(8.520e-06,)] [eta: 5:43:09, time (data): 0.733 (0.001)] l_pix: -2.5529e+01 
2023-06-17 01:32:03,203 INFO: [Resto..][epoch: 22, iter: 376,800, lr:(8.377e-06,)] [eta: 5:37:47, time (data): 0.729 (0.002)] l_pix: -2.9330e+01 
2023-06-17 01:34:48,827 INFO: [Resto..][epoch: 22, iter: 377,000, lr:(8.236e-06,)] [eta: 5:33:08, time (data): 0.727 (0.001)] l_pix: -2.7178e+01 
2023-06-17 01:35:04,037 INFO: Validation RestoreNet-test, 		 # psnr: 25.4480	 # ssim: 0.8476
2023-06-17 01:35:04,038 INFO: [Resto..][epoch: 22, iter: 377,000, lr:(8.236e-06,)] m_psnr: 2.5448e+01 m_ssim: 8.4761e-01 
2023-06-17 01:37:47,611 INFO: [Resto..][epoch: 22, iter: 377,200, lr:(8.095e-06,)] [eta: 5:31:06, time (data): 0.755 (0.026)] l_pix: -2.3535e+01 
2023-06-17 01:40:32,031 INFO: [Resto..][epoch: 22, iter: 377,400, lr:(7.956e-06,)] [eta: 5:26:39, time (data): 0.998 (0.272)] l_pix: -2.3227e+01 
2023-06-17 01:42:11,177 INFO: Validation RestoreNet-test, 		 # psnr: 25.4683	 # ssim: 0.8482
2023-06-17 01:42:11,178 INFO: [Resto..][epoch: 22, iter: 377,500, lr:(7.887e-06,)] m_psnr: 2.5468e+01 m_ssim: 8.4824e-01 
2023-06-17 01:43:32,790 INFO: [Resto..][epoch: 22, iter: 377,600, lr:(7.818e-06,)] [eta: 5:24:48, time (data): 0.741 (0.002)] l_pix: -2.3473e+01 
2023-06-17 01:46:20,359 INFO: [Resto..][epoch: 22, iter: 377,800, lr:(7.681e-06,)] [eta: 5:21:03, time (data): 0.737 (0.001)] l_pix: -2.4599e+01 
2023-06-17 01:49:04,324 INFO: [Resto..][epoch: 22, iter: 378,000, lr:(7.545e-06,)] [eta: 5:16:59, time (data): 0.734 (0.001)] l_pix: -2.4930e+01 
2023-06-17 01:49:19,530 INFO: Validation RestoreNet-test, 		 # psnr: 25.4512	 # ssim: 0.8478
2023-06-17 01:49:19,531 INFO: [Resto..][epoch: 22, iter: 378,000, lr:(7.545e-06,)] m_psnr: 2.5451e+01 m_ssim: 8.4780e-01 
2023-06-17 01:52:03,896 INFO: [Resto..][epoch: 22, iter: 378,200, lr:(7.411e-06,)] [eta: 5:14:52, time (data): 0.730 (0.001)] l_pix: -2.3775e+01 
2023-06-17 01:54:50,067 INFO: [Resto..][epoch: 22, iter: 378,400, lr:(7.278e-06,)] [eta: 5:11:13, time (data): 0.736 (0.002)] l_pix: -2.8958e+01 
2023-06-17 01:56:26,353 INFO: Validation RestoreNet-test, 		 # psnr: 25.4486	 # ssim: 0.8477
2023-06-17 01:56:26,354 INFO: [Resto..][epoch: 22, iter: 378,500, lr:(7.212e-06,)] m_psnr: 2.5449e+01 m_ssim: 8.4768e-01 
2023-06-17 01:57:45,214 INFO: [Resto..][epoch: 22, iter: 378,600, lr:(7.146e-06,)] [eta: 5:08:33, time (data): 0.731 (0.002)] l_pix: -2.7768e+01 
2023-06-17 02:00:27,653 INFO: [Resto..][epoch: 22, iter: 378,800, lr:(7.015e-06,)] [eta: 5:04:41, time (data): 0.731 (0.007)] l_pix: -2.5794e+01 
2023-06-17 02:03:08,389 INFO: [Resto..][epoch: 22, iter: 379,000, lr:(6.885e-06,)] [eta: 5:00:47, time (data): 0.732 (0.001)] l_pix: -2.3503e+01 
2023-06-17 02:03:23,595 INFO: Validation RestoreNet-test, 		 # psnr: 25.4791	 # ssim: 0.8486
2023-06-17 02:03:23,596 INFO: [Resto..][epoch: 22, iter: 379,000, lr:(6.885e-06,)] m_psnr: 2.5479e+01 m_ssim: 8.4858e-01 
2023-06-17 02:06:09,509 INFO: [Resto..][epoch: 22, iter: 379,200, lr:(6.757e-06,)] [eta: 4:58:41, time (data): 0.897 (0.176)] l_pix: -2.6504e+01 
2023-06-17 02:08:53,322 INFO: [Resto..][epoch: 22, iter: 379,400, lr:(6.630e-06,)] [eta: 4:55:09, time (data): 0.731 (0.003)] l_pix: -2.6925e+01 
2023-06-17 02:10:33,984 INFO: Validation RestoreNet-test, 		 # psnr: 25.4602	 # ssim: 0.8484
2023-06-17 02:10:33,985 INFO: [Resto..][epoch: 22, iter: 379,500, lr:(6.567e-06,)] m_psnr: 2.5460e+01 m_ssim: 8.4842e-01 
2023-06-17 02:11:56,280 INFO: [Resto..][epoch: 22, iter: 379,600, lr:(6.504e-06,)] [eta: 4:53:06, time (data): 0.773 (0.049)] l_pix: -2.3636e+01 
2023-06-17 02:14:39,651 INFO: [Resto..][epoch: 22, iter: 379,800, lr:(6.379e-06,)] [eta: 4:49:35, time (data): 0.731 (0.002)] l_pix: -2.0910e+01 
2023-06-17 02:17:29,921 INFO: [Resto..][epoch: 22, iter: 380,000, lr:(6.256e-06,)] [eta: 4:46:36, time (data): 0.732 (0.001)] l_pix: -2.0914e+01 
2023-06-17 02:17:29,922 INFO: Saving models and training states.
2023-06-17 02:17:50,112 INFO: Validation RestoreNet-test, 		 # psnr: 25.4667	 # ssim: 0.8487
2023-06-17 02:17:50,113 INFO: [Resto..][epoch: 22, iter: 380,000, lr:(6.256e-06,)] m_psnr: 2.5467e+01 m_ssim: 8.4867e-01 
2023-06-17 02:20:40,618 INFO: [Resto..][epoch: 22, iter: 380,200, lr:(6.134e-06,)] [eta: 4:44:55, time (data): 0.737 (0.002)] l_pix: -2.2825e+01 
2023-06-17 02:23:30,914 INFO: [Resto..][epoch: 22, iter: 380,400, lr:(6.013e-06,)] [eta: 4:41:54, time (data): 0.899 (0.178)] l_pix: -2.9622e+01 
2023-06-17 02:25:11,946 INFO: Validation RestoreNet-test, 		 # psnr: 25.4450	 # ssim: 0.8481
2023-06-17 02:25:11,947 INFO: [Resto..][epoch: 22, iter: 380,500, lr:(5.952e-06,)] m_psnr: 2.5445e+01 m_ssim: 8.4808e-01 
2023-06-17 02:26:32,683 INFO: [Resto..][epoch: 22, iter: 380,600, lr:(5.893e-06,)] [eta: 4:39:33, time (data): 0.738 (0.002)] l_pix: -2.5644e+01 
2023-06-17 02:29:13,589 INFO: [Resto..][epoch: 22, iter: 380,800, lr:(5.774e-06,)] [eta: 4:36:00, time (data): 1.043 (0.319)] l_pix: -2.3605e+01 
2023-06-17 02:31:54,941 INFO: [Resto..][epoch: 22, iter: 381,000, lr:(5.657e-06,)] [eta: 4:32:32, time (data): 0.733 (0.001)] l_pix: -2.7301e+01 
2023-06-17 02:32:10,129 INFO: Validation RestoreNet-test, 		 # psnr: 25.4665	 # ssim: 0.8483
2023-06-17 02:32:10,130 INFO: [Resto..][epoch: 22, iter: 381,000, lr:(5.657e-06,)] m_psnr: 2.5467e+01 m_ssim: 8.4835e-01 
2023-06-17 02:34:52,362 INFO: [Resto..][epoch: 22, iter: 381,200, lr:(5.541e-06,)] [eta: 4:29:56, time (data): 0.830 (0.108)] l_pix: -2.2436e+01 
2023-06-17 02:37:35,445 INFO: [Resto..][epoch: 22, iter: 381,400, lr:(5.426e-06,)] [eta: 4:26:37, time (data): 0.731 (0.002)] l_pix: -2.5046e+01 
2023-06-17 02:39:13,691 INFO: Validation RestoreNet-test, 		 # psnr: 25.4515	 # ssim: 0.8480
2023-06-17 02:39:13,691 INFO: [Resto..][epoch: 22, iter: 381,500, lr:(5.369e-06,)] m_psnr: 2.5451e+01 m_ssim: 8.4802e-01 
2023-06-17 02:40:35,688 INFO: [Resto..][epoch: 22, iter: 381,600, lr:(5.312e-06,)] [eta: 4:24:08, time (data): 0.737 (0.001)] l_pix: -2.4642e+01 
2023-06-17 02:43:17,714 INFO: [Resto..][epoch: 22, iter: 381,800, lr:(5.199e-06,)] [eta: 4:20:48, time (data): 0.930 (0.205)] l_pix: -3.0201e+01 
2023-06-17 02:46:01,264 INFO: [Resto..][epoch: 22, iter: 382,000, lr:(5.088e-06,)] [eta: 4:17:35, time (data): 0.932 (0.208)] l_pix: -2.7868e+01 
2023-06-17 02:46:16,476 INFO: Validation RestoreNet-test, 		 # psnr: 25.4703	 # ssim: 0.8486
2023-06-17 02:46:16,477 INFO: [Resto..][epoch: 22, iter: 382,000, lr:(5.088e-06,)] m_psnr: 2.5470e+01 m_ssim: 8.4860e-01 
2023-06-17 02:48:54,612 INFO: [Resto..][epoch: 22, iter: 382,200, lr:(4.978e-06,)] [eta: 4:14:47, time (data): 0.795 (0.069)] l_pix: -2.7235e+01 
2023-06-17 02:51:37,588 INFO: [Resto..][epoch: 22, iter: 382,400, lr:(4.869e-06,)] [eta: 4:11:34, time (data): 0.733 (0.003)] l_pix: -2.1741e+01 
2023-06-17 02:53:12,657 INFO: Validation RestoreNet-test, 		 # psnr: 25.4728	 # ssim: 0.8482
2023-06-17 02:53:12,658 INFO: [Resto..][epoch: 22, iter: 382,500, lr:(4.815e-06,)] m_psnr: 2.5473e+01 m_ssim: 8.4821e-01 
2023-06-17 02:54:32,419 INFO: [Resto..][epoch: 22, iter: 382,600, lr:(4.762e-06,)] [eta: 4:08:50, time (data): 0.808 (0.084)] l_pix: -2.4096e+01 
2023-06-17 02:57:15,598 INFO: [Resto..][epoch: 22, iter: 382,800, lr:(4.655e-06,)] [eta: 4:05:40, time (data): 0.738 (0.003)] l_pix: -2.0349e+01 
2023-06-17 02:59:58,250 INFO: [Resto..][epoch: 22, iter: 383,000, lr:(4.550e-06,)] [eta: 4:02:30, time (data): 0.739 (0.002)] l_pix: -2.3318e+01 
2023-06-17 03:00:13,441 INFO: Validation RestoreNet-test, 		 # psnr: 25.4613	 # ssim: 0.8483
2023-06-17 03:00:13,441 INFO: [Resto..][epoch: 22, iter: 383,000, lr:(4.550e-06,)] m_psnr: 2.5461e+01 m_ssim: 8.4826e-01 
2023-06-17 03:02:56,191 INFO: [Resto..][epoch: 22, iter: 383,200, lr:(4.446e-06,)] [eta: 3:59:53, time (data): 0.729 (0.003)] l_pix: -2.0578e+01 
2023-06-17 03:05:37,615 INFO: [Resto..][epoch: 22, iter: 383,400, lr:(4.344e-06,)] [eta: 3:56:42, time (data): 0.938 (0.212)] l_pix: -3.1384e+01 
2023-06-17 03:07:13,678 INFO: Validation RestoreNet-test, 		 # psnr: 25.4460	 # ssim: 0.8475
2023-06-17 03:07:13,679 INFO: [Resto..][epoch: 22, iter: 383,500, lr:(4.293e-06,)] m_psnr: 2.5446e+01 m_ssim: 8.4754e-01 
2023-06-17 03:08:34,051 INFO: [Resto..][epoch: 22, iter: 383,600, lr:(4.242e-06,)] [eta: 3:54:01, time (data): 0.863 (0.137)] l_pix: -2.5549e+01 
2023-06-17 03:11:23,326 INFO: [Resto..][epoch: 22, iter: 383,800, lr:(4.142e-06,)] [eta: 3:51:06, time (data): 1.067 (0.341)] l_pix: -2.4784e+01 
2023-06-17 03:14:08,173 INFO: [Resto..][epoch: 22, iter: 384,000, lr:(4.043e-06,)] [eta: 3:48:03, time (data): 0.729 (0.001)] l_pix: -2.6888e+01 
2023-06-17 03:14:23,523 INFO: Validation RestoreNet-test, 		 # psnr: 25.4562	 # ssim: 0.8480
2023-06-17 03:14:23,523 INFO: [Resto..][epoch: 22, iter: 384,000, lr:(4.043e-06,)] m_psnr: 2.5456e+01 m_ssim: 8.4803e-01 
2023-06-17 03:17:05,274 INFO: [Resto..][epoch: 22, iter: 384,200, lr:(3.945e-06,)] [eta: 3:45:23, time (data): 0.737 (0.002)] l_pix: -2.2602e+01 
2023-06-17 03:19:50,384 INFO: [Resto..][epoch: 22, iter: 384,400, lr:(3.848e-06,)] [eta: 3:42:21, time (data): 0.736 (0.003)] l_pix: -2.1676e+01 
2023-06-17 03:21:27,168 INFO: Validation RestoreNet-test, 		 # psnr: 25.4657	 # ssim: 0.8484
2023-06-17 03:21:27,168 INFO: [Resto..][epoch: 22, iter: 384,500, lr:(3.800e-06,)] m_psnr: 2.5466e+01 m_ssim: 8.4844e-01 
2023-06-17 03:22:47,659 INFO: [Resto..][epoch: 22, iter: 384,600, lr:(3.753e-06,)] [eta: 3:39:40, time (data): 0.736 (0.003)] l_pix: -2.4464e+01 
2023-06-17 03:25:30,502 INFO: [Resto..][epoch: 22, iter: 384,800, lr:(3.659e-06,)] [eta: 3:36:36, time (data): 0.747 (0.002)] l_pix: -2.7532e+01 
2023-06-17 03:28:16,898 INFO: [Resto..][epoch: 22, iter: 385,000, lr:(3.566e-06,)] [eta: 3:33:38, time (data): 0.732 (0.002)] l_pix: -2.3294e+01 
2023-06-17 03:28:16,899 INFO: Saving models and training states.
2023-06-17 03:28:36,400 INFO: Validation RestoreNet-test, 		 # psnr: 25.4675	 # ssim: 0.8480
2023-06-17 03:28:36,400 INFO: [Resto..][epoch: 22, iter: 385,000, lr:(3.566e-06,)] m_psnr: 2.5468e+01 m_ssim: 8.4803e-01 
2023-06-17 03:31:19,940 INFO: [Resto..][epoch: 22, iter: 385,200, lr:(3.474e-06,)] [eta: 3:31:05, time (data): 0.740 (0.001)] l_pix: -3.0802e+01 
2023-06-17 03:34:01,799 INFO: [Resto..][epoch: 22, iter: 385,400, lr:(3.384e-06,)] [eta: 3:28:01, time (data): 1.399 (0.679)] l_pix: -2.6664e+01 
2023-06-17 03:35:37,043 INFO: Validation RestoreNet-test, 		 # psnr: 25.4660	 # ssim: 0.8480
2023-06-17 03:35:37,043 INFO: [Resto..][epoch: 22, iter: 385,500, lr:(3.339e-06,)] m_psnr: 2.5466e+01 m_ssim: 8.4804e-01 
2023-06-17 03:36:56,248 INFO: [Resto..][epoch: 22, iter: 385,600, lr:(3.294e-06,)] [eta: 3:25:14, time (data): 0.729 (0.002)] l_pix: -2.4595e+01 
2023-06-17 03:39:36,514 INFO: [Resto..][epoch: 22, iter: 385,800, lr:(3.206e-06,)] [eta: 3:22:09, time (data): 0.737 (0.002)] l_pix: -2.5339e+01 
2023-06-17 03:42:17,392 INFO: [Resto..][epoch: 22, iter: 386,000, lr:(3.120e-06,)] [eta: 3:19:05, time (data): 0.732 (0.002)] l_pix: -2.2044e+01 
2023-06-17 03:42:32,613 INFO: Validation RestoreNet-test, 		 # psnr: 25.4624	 # ssim: 0.8479
2023-06-17 03:42:32,614 INFO: [Resto..][epoch: 22, iter: 386,000, lr:(3.120e-06,)] m_psnr: 2.5462e+01 m_ssim: 8.4789e-01 
2023-06-17 03:45:13,869 INFO: [Resto..][epoch: 22, iter: 386,200, lr:(3.034e-06,)] [eta: 3:16:22, time (data): 0.733 (0.002)] l_pix: -2.0837e+01 
2023-06-17 03:47:59,028 INFO: [Resto..][epoch: 22, iter: 386,400, lr:(2.950e-06,)] [eta: 3:13:24, time (data): 0.831 (0.107)] l_pix: -2.6839e+01 
2023-06-17 03:49:37,100 INFO: Validation RestoreNet-test, 		 # psnr: 25.4485	 # ssim: 0.8475
2023-06-17 03:49:37,100 INFO: [Resto..][epoch: 22, iter: 386,500, lr:(2.908e-06,)] m_psnr: 2.5448e+01 m_ssim: 8.4746e-01 
2023-06-17 03:50:54,607 INFO: [Resto..][epoch: 22, iter: 386,600, lr:(2.867e-06,)] [eta: 3:10:39, time (data): 0.741 (0.002)] l_pix: -2.0524e+01 
2023-06-17 03:53:34,854 INFO: [Resto..][epoch: 22, iter: 386,800, lr:(2.785e-06,)] [eta: 3:07:37, time (data): 0.732 (0.002)] l_pix: -2.2836e+01 
2023-06-17 03:56:19,673 INFO: [Resto..][epoch: 22, iter: 387,000, lr:(2.704e-06,)] [eta: 3:04:40, time (data): 0.735 (0.011)] l_pix: -3.0015e+01 
2023-06-17 03:56:34,906 INFO: Validation RestoreNet-test, 		 # psnr: 25.4583	 # ssim: 0.8475
2023-06-17 03:56:34,906 INFO: [Resto..][epoch: 22, iter: 387,000, lr:(2.704e-06,)] m_psnr: 2.5458e+01 m_ssim: 8.4750e-01 
2023-06-17 03:59:11,522 INFO: [Resto..][epoch: 22, iter: 387,200, lr:(2.625e-06,)] [eta: 3:01:51, time (data): 0.737 (0.002)] l_pix: -2.5654e+01 
2023-06-17 04:01:51,599 INFO: [Resto..][epoch: 22, iter: 387,400, lr:(2.546e-06,)] [eta: 2:58:50, time (data): 0.736 (0.001)] l_pix: -2.2735e+01 
2023-06-17 04:03:26,900 INFO: Validation RestoreNet-test, 		 # psnr: 25.4542	 # ssim: 0.8477
2023-06-17 04:03:26,901 INFO: [Resto..][epoch: 22, iter: 387,500, lr:(2.508e-06,)] m_psnr: 2.5454e+01 m_ssim: 8.4772e-01 
2023-06-17 04:04:45,451 INFO: [Resto..][epoch: 22, iter: 387,600, lr:(2.469e-06,)] [eta: 2:56:03, time (data): 0.953 (0.231)] l_pix: -2.9418e+01 
2023-06-17 04:07:27,612 INFO: [Resto..][epoch: 22, iter: 387,800, lr:(2.394e-06,)] [eta: 2:53:05, time (data): 1.152 (0.424)] l_pix: -2.4493e+01 
2023-06-17 04:10:04,848 INFO: [Resto..][epoch: 22, iter: 388,000, lr:(2.319e-06,)] [eta: 2:50:03, time (data): 0.731 (0.001)] l_pix: -1.9973e+01 
2023-06-17 04:10:20,103 INFO: Validation RestoreNet-test, 		 # psnr: 25.4622	 # ssim: 0.8479
2023-06-17 04:10:20,104 INFO: [Resto..][epoch: 22, iter: 388,000, lr:(2.319e-06,)] m_psnr: 2.5462e+01 m_ssim: 8.4789e-01 
2023-06-17 04:12:54,381 INFO: [Resto..][epoch: 22, iter: 388,200, lr:(2.246e-06,)] [eta: 2:47:12, time (data): 0.725 (0.002)] l_pix: -2.2934e+01 
2023-06-17 04:15:23,143 INFO: [Resto..][epoch: 22, iter: 388,400, lr:(2.174e-06,)] [eta: 2:44:04, time (data): 0.728 (0.002)] l_pix: -2.2650e+01 
2023-06-17 04:16:53,128 INFO: Validation RestoreNet-test, 		 # psnr: 25.4680	 # ssim: 0.8478
2023-06-17 04:16:53,129 INFO: [Resto..][epoch: 23, iter: 388,500, lr:(2.138e-06,)] m_psnr: 2.5468e+01 m_ssim: 8.4778e-01 
2023-06-17 04:18:06,147 INFO: [Resto..][epoch: 23, iter: 388,600, lr:(2.103e-06,)] [eta: 2:41:08, time (data): 0.732 (0.003)] l_pix: -2.5713e+01 
2023-06-17 04:20:31,975 INFO: [Resto..][epoch: 23, iter: 388,800, lr:(2.033e-06,)] [eta: 2:37:59, time (data): 0.733 (0.002)] l_pix: -2.6951e+01 
2023-06-17 04:22:57,780 INFO: [Resto..][epoch: 23, iter: 389,000, lr:(1.965e-06,)] [eta: 2:34:51, time (data): 0.729 (0.002)] l_pix: -2.6095e+01 
2023-06-17 04:23:13,012 INFO: Validation RestoreNet-test, 		 # psnr: 25.4636	 # ssim: 0.8482
2023-06-17 04:23:13,012 INFO: [Resto..][epoch: 23, iter: 389,000, lr:(1.965e-06,)] m_psnr: 2.5464e+01 m_ssim: 8.4818e-01 
2023-06-17 04:25:38,900 INFO: [Resto..][epoch: 23, iter: 389,200, lr:(1.898e-06,)] [eta: 2:31:57, time (data): 0.725 (0.002)] l_pix: -2.9294e+01 
2023-06-17 04:28:04,942 INFO: [Resto..][epoch: 23, iter: 389,400, lr:(1.832e-06,)] [eta: 2:28:51, time (data): 0.727 (0.002)] l_pix: -3.3033e+01 
2023-06-17 04:29:33,077 INFO: Validation RestoreNet-test, 		 # psnr: 25.4684	 # ssim: 0.8485
2023-06-17 04:29:33,077 INFO: [Resto..][epoch: 23, iter: 389,500, lr:(1.799e-06,)] m_psnr: 2.5468e+01 m_ssim: 8.4846e-01 
2023-06-17 04:30:45,990 INFO: [Resto..][epoch: 23, iter: 389,600, lr:(1.767e-06,)] [eta: 2:25:57, time (data): 0.729 (0.002)] l_pix: -2.1841e+01 
2023-06-17 04:33:11,750 INFO: [Resto..][epoch: 23, iter: 389,800, lr:(1.704e-06,)] [eta: 2:22:53, time (data): 0.726 (0.002)] l_pix: -2.5891e+01 
2023-06-17 04:35:37,561 INFO: [Resto..][epoch: 23, iter: 390,000, lr:(1.641e-06,)] [eta: 2:19:50, time (data): 0.728 (0.002)] l_pix: -2.4830e+01 
2023-06-17 04:35:37,562 INFO: Saving models and training states.
2023-06-17 04:35:57,375 INFO: Validation RestoreNet-test, 		 # psnr: 25.4608	 # ssim: 0.8480
2023-06-17 04:35:57,376 INFO: [Resto..][epoch: 23, iter: 390,000, lr:(1.641e-06,)] m_psnr: 2.5461e+01 m_ssim: 8.4802e-01 
