2023-06-15 21:34:25,584 INFO: 
                ____                _       _____  ____
               / __ ) ____ _ _____ (_)_____/ ___/ / __ \
              / __  |/ __ `// ___// // ___/\__ \ / /_/ /
             / /_/ // /_/ /(__  )/ // /__ ___/ // _, _/
            /_____/ \__,_//____//_/ \___//____//_/ |_|
     ______                   __   __                 __      __
    / ____/____   ____   ____/ /  / /   __  __ _____ / /__   / /
   / / __ / __ \ / __ \ / __  /  / /   / / / // ___// //_/  / /
  / /_/ // /_/ // /_/ // /_/ /  / /___/ /_/ // /__ / /<    /_/
  \____/ \____/ \____/ \____/  /_____/\____/ \___//_/|_|  (_)
    
Version Information: 
	BasicSR: 1.2.0+386ca20
	PyTorch: 2.0.1+cu118
	TorchVision: 0.15.2+cu118
2023-06-15 21:34:25,585 INFO: 
  name: RestoreNet-width64
  model_type: ImageRestorationModel
  scale: 1
  num_gpu: 1
  manual_seed: 10
  datasets:[
    train:[
      name: RestoreNet-train
      type: PairedImageDataset
      dataroot_gt: /content/drive/MyDrive/ground/gt
      dataroot_lq: /content/drive/MyDrive/output_result
      filename_tmpl: {}
      io_backend:[
        type: disk
      ]
      gt_size: 256
      use_flip: True
      use_rot: True
      use_shuffle: True
      num_worker_per_gpu: 2
      batch_size_per_gpu: 2
      dataset_enlarge_ratio: 1
      prefetch_mode: None
      phase: train
      scale: 1
    ]
    val:[
      name: RestoreNet-test
      type: PairedImageDataset
      dataroot_gt: /content/drive/MyDrive/testdataset/gt
      dataroot_lq: /content/drive/MyDrive/testdataset/lq
      io_backend:[
        type: disk
      ]
      phase: val
      scale: 1
    ]
  ]
  network_g:[
    type: RestoreNetLocal
    width_deblur: 64
    enc_blk_nums_deblur: [1, 1, 1, 28]
    middle_blk_num_deblur: 1
    dec_blk_nums_deblur: [1, 1, 1, 1]
    dw_expand_deblur: 2
    ffn_expand_deblur: 2
    width_denoise: 64
    enc_blk_nums_denoise: [2, 2, 4, 8]
    middle_blk_num_denoise: 12
    dec_blk_nums_denoise: [2, 2, 2, 2]
    dw_expand_denoise: 2
    ffn_expand_denoise: 2
  ]
  path:[
    pretrain_network_g: None
    strict_load_g: True
    resume_state: experiments/RestoreNet-width64/training_states/310000.state
    root: /content/drive/MyDrive/NAFNet-main
    experiments_root: /content/drive/MyDrive/NAFNet-main/experiments/RestoreNet-width64
    models: /content/drive/MyDrive/NAFNet-main/experiments/RestoreNet-width64/models
    training_states: /content/drive/MyDrive/NAFNet-main/experiments/RestoreNet-width64/training_states
    log: /content/drive/MyDrive/NAFNet-main/experiments/RestoreNet-width64
    visualization: /content/drive/MyDrive/NAFNet-main/experiments/RestoreNet-width64/visualization
  ]
  train:[
    optim_g:[
      type: AdamW
      lr: 0.001
      weight_decay: 0.001
      betas: [0.9, 0.9]
    ]
    scheduler:[
      type: TrueCosineAnnealingLR
      T_max: 400000
      eta_min: 1e-07
    ]
    total_iter: 400000
    warmup_iter: -1
    pixel_opt:[
      type: PSNRLoss
      loss_weight: 1
      reduction: mean
    ]
  ]
  val:[
    val_freq: 500.0
    save_img: False
    metrics:[
      psnr:[
        type: calculate_psnr
        crop_border: 0
        test_y_channel: False
      ]
      ssim:[
        type: calculate_ssim
        crop_border: 0
        test_y_channel: False
      ]
    ]
  ]
  logger:[
    print_freq: 200
    save_checkpoint_freq: 5000.0
    use_tb_logger: True
    wandb:[
      project: None
      resume_id: None
    ]
  ]
  dist_params:[
    backend: gloo
    port: 4321
  ]
  is_train: True
  dist: True
  rank: 0
  world_size: 1

2023-06-15 21:35:34,774 INFO: Dataset PairedImageDataset - RestoreNet-train is created.
2023-06-15 21:35:34,774 INFO: Training statistics:
	Number of train images: 26989
	Dataset enlarge ratio: 1
	Batch size per gpu: 2
	World size (gpu number): 1
	Require iter number per epoch: 13495
	Total epochs: 30; iters: 400000.
2023-06-15 21:35:35,768 INFO: Dataset PairedImageDataset - RestoreNet-test is created.
2023-06-15 21:35:35,768 INFO: Number of val images/folders in RestoreNet-test: 20
2023-06-15 21:35:35,769 INFO: Set pretrain_network_g to /content/drive/MyDrive/NAFNet-main/experiments/RestoreNet-width64/models/net_g_310000.pth
2023-06-15 21:35:42,079 INFO: Loading RestoreNetLocal model from /content/drive/MyDrive/NAFNet-main/experiments/RestoreNet-width64/models/net_g_310000.pth.
2023-06-15 21:36:32,501 INFO: Model [ImageRestorationModel] is created.
2023-06-15 21:36:32,599 INFO: Resuming training from epoch: 20, iter: 310000.
2023-06-15 21:36:36,935 INFO: Start training from epoch: 20, iter: 310000
2023-06-15 21:42:08,885 INFO: [Resto..][epoch: 20, iter: 310,200, lr:(1.194e-04,)] [eta: 1 day, 17:43:59, time (data): 0.970 (0.252)] l_pix: -2.3743e+01 
2023-06-15 21:47:27,282 INFO: [Resto..][epoch: 20, iter: 310,400, lr:(1.189e-04,)] [eta: 1 day, 16:38:01, time (data): 0.721 (0.001)] l_pix: -2.4849e+01 
2023-06-15 21:51:01,019 INFO: Validation RestoreNet-test, 		 # psnr: 25.5346	 # ssim: 0.8494
2023-06-15 21:51:01,020 INFO: [Resto..][epoch: 20, iter: 310,500, lr:(1.186e-04,)] m_psnr: 2.5535e+01 m_ssim: 8.4937e-01 
2023-06-15 21:53:33,918 INFO: [Resto..][epoch: 20, iter: 310,600, lr:(1.184e-04,)] [eta: 1 day, 18:12:01, time (data): 2.119 (1.402)] l_pix: -2.6035e+01 
2023-06-15 21:58:47,899 INFO: [Resto..][epoch: 20, iter: 310,800, lr:(1.179e-04,)] [eta: 1 day, 17:18:18, time (data): 2.567 (1.798)] l_pix: -2.4881e+01 
2023-06-15 22:04:05,880 INFO: [Resto..][epoch: 20, iter: 311,000, lr:(1.173e-04,)] [eta: 1 day, 16:49:53, time (data): 1.998 (1.286)] l_pix: -2.3801e+01 
2023-06-15 22:04:20,903 INFO: Validation RestoreNet-test, 		 # psnr: 25.4490	 # ssim: 0.8472
2023-06-15 22:04:20,904 INFO: [Resto..][epoch: 20, iter: 311,000, lr:(1.173e-04,)] m_psnr: 2.5449e+01 m_ssim: 8.4722e-01 
2023-06-15 22:09:47,543 INFO: [Resto..][epoch: 20, iter: 311,200, lr:(1.168e-04,)] [eta: 1 day, 16:58:21, time (data): 2.663 (1.878)] l_pix: -2.4207e+01 
2023-06-15 22:15:00,887 INFO: [Resto..][epoch: 20, iter: 311,400, lr:(1.163e-04,)] [eta: 1 day, 16:32:55, time (data): 2.471 (1.759)] l_pix: -2.5362e+01 
2023-06-15 22:17:54,579 INFO: Validation RestoreNet-test, 		 # psnr: 25.4836	 # ssim: 0.8495
2023-06-15 22:17:54,580 INFO: [Resto..][epoch: 20, iter: 311,500, lr:(1.161e-04,)] m_psnr: 2.5484e+01 m_ssim: 8.4954e-01 
2023-06-15 22:20:27,691 INFO: [Resto..][epoch: 20, iter: 311,600, lr:(1.158e-04,)] [eta: 1 day, 16:24:56, time (data): 0.725 (0.002)] l_pix: -2.7838e+01 
2023-06-15 22:25:38,304 INFO: [Resto..][epoch: 20, iter: 311,800, lr:(1.153e-04,)] [eta: 1 day, 16:04:17, time (data): 0.727 (0.001)] l_pix: -2.7485e+01 
2023-06-15 22:30:53,781 INFO: [Resto..][epoch: 20, iter: 312,000, lr:(1.148e-04,)] [eta: 1 day, 15:50:18, time (data): 1.069 (0.353)] l_pix: -2.6775e+01 
2023-06-15 22:31:08,762 INFO: Validation RestoreNet-test, 		 # psnr: 25.4252	 # ssim: 0.8461
2023-06-15 22:31:08,763 INFO: [Resto..][epoch: 20, iter: 312,000, lr:(1.148e-04,)] m_psnr: 2.5425e+01 m_ssim: 8.4612e-01 
2023-06-15 22:36:17,464 INFO: [Resto..][epoch: 20, iter: 312,200, lr:(1.143e-04,)] [eta: 1 day, 15:43:22, time (data): 2.387 (1.675)] l_pix: -2.8717e+01 
2023-06-15 22:41:59,288 INFO: [Resto..][epoch: 20, iter: 312,400, lr:(1.138e-04,)] [eta: 1 day, 15:47:42, time (data): 2.517 (1.742)] l_pix: -2.4848e+01 
2023-06-15 22:45:07,258 INFO: Validation RestoreNet-test, 		 # psnr: 25.5441	 # ssim: 0.8517
2023-06-15 22:45:07,259 INFO: [Resto..][epoch: 20, iter: 312,500, lr:(1.136e-04,)] m_psnr: 2.5544e+01 m_ssim: 8.5166e-01 
2023-06-15 22:47:34,222 INFO: [Resto..][epoch: 20, iter: 312,600, lr:(1.133e-04,)] [eta: 1 day, 15:46:39, time (data): 0.734 (0.002)] l_pix: -2.1133e+01 
2023-06-15 22:53:05,339 INFO: [Resto..][epoch: 20, iter: 312,800, lr:(1.128e-04,)] [eta: 1 day, 15:42:58, time (data): 3.177 (2.379)] l_pix: -2.8049e+01 
2023-06-15 22:58:45,708 INFO: [Resto..][epoch: 20, iter: 313,000, lr:(1.123e-04,)] [eta: 1 day, 15:43:30, time (data): 2.353 (1.637)] l_pix: -2.4514e+01 
2023-06-15 22:59:00,696 INFO: Validation RestoreNet-test, 		 # psnr: 25.5213	 # ssim: 0.8503
2023-06-15 22:59:00,697 INFO: [Resto..][epoch: 20, iter: 313,000, lr:(1.123e-04,)] m_psnr: 2.5521e+01 m_ssim: 8.5033e-01 
2023-06-15 23:04:05,627 INFO: [Resto..][epoch: 20, iter: 313,200, lr:(1.118e-04,)] [eta: 1 day, 15:34:02, time (data): 0.716 (0.001)] l_pix: -2.4194e+01 
2023-06-15 23:09:28,707 INFO: [Resto..][epoch: 20, iter: 313,400, lr:(1.114e-04,)] [eta: 1 day, 15:26:23, time (data): 1.315 (0.604)] l_pix: -2.3709e+01 
2023-06-15 23:12:33,135 INFO: Validation RestoreNet-test, 		 # psnr: 25.4654	 # ssim: 0.8489
2023-06-15 23:12:33,136 INFO: [Resto..][epoch: 20, iter: 313,500, lr:(1.111e-04,)] m_psnr: 2.5465e+01 m_ssim: 8.4889e-01 
2023-06-15 23:15:03,936 INFO: [Resto..][epoch: 20, iter: 313,600, lr:(1.109e-04,)] [eta: 1 day, 15:23:51, time (data): 0.721 (0.001)] l_pix: -2.9926e+01 
2023-06-15 23:20:19,763 INFO: [Resto..][epoch: 20, iter: 313,800, lr:(1.104e-04,)] [eta: 1 day, 15:13:39, time (data): 0.718 (0.001)] l_pix: -2.1221e+01 
2023-06-15 23:25:41,022 INFO: [Resto..][epoch: 20, iter: 314,000, lr:(1.099e-04,)] [eta: 1 day, 15:05:54, time (data): 2.105 (1.389)] l_pix: -2.1069e+01 
2023-06-15 23:25:55,973 INFO: Validation RestoreNet-test, 		 # psnr: 25.4742	 # ssim: 0.8504
2023-06-15 23:25:55,974 INFO: [Resto..][epoch: 20, iter: 314,000, lr:(1.099e-04,)] m_psnr: 2.5474e+01 m_ssim: 8.5039e-01 
2023-06-15 23:31:56,411 INFO: [Resto..][epoch: 20, iter: 314,200, lr:(1.094e-04,)] [eta: 1 day, 15:16:48, time (data): 0.899 (0.187)] l_pix: -2.3464e+01 
2023-06-15 23:37:22,417 INFO: [Resto..][epoch: 20, iter: 314,400, lr:(1.089e-04,)] [eta: 1 day, 15:10:08, time (data): 0.725 (0.001)] l_pix: -2.1201e+01 
2023-06-15 23:40:24,136 INFO: Validation RestoreNet-test, 		 # psnr: 25.4954	 # ssim: 0.8500
2023-06-15 23:40:24,137 INFO: [Resto..][epoch: 20, iter: 314,500, lr:(1.087e-04,)] m_psnr: 2.5495e+01 m_ssim: 8.4998e-01 
2023-06-15 23:42:54,280 INFO: [Resto..][epoch: 20, iter: 314,600, lr:(1.084e-04,)] [eta: 1 day, 15:05:23, time (data): 0.723 (0.001)] l_pix: -2.3887e+01 
2023-06-15 23:47:53,290 INFO: [Resto..][epoch: 20, iter: 314,800, lr:(1.079e-04,)] [eta: 1 day, 14:50:51, time (data): 2.266 (1.549)] l_pix: -2.5576e+01 
2023-06-15 23:53:12,336 INFO: [Resto..][epoch: 20, iter: 315,000, lr:(1.074e-04,)] [eta: 1 day, 14:42:46, time (data): 0.736 (0.001)] l_pix: -2.3039e+01 
2023-06-15 23:53:12,337 INFO: Saving models and training states.
2023-06-15 23:53:33,984 INFO: Validation RestoreNet-test, 		 # psnr: 25.5076	 # ssim: 0.8499
2023-06-15 23:53:33,984 INFO: [Resto..][epoch: 20, iter: 315,000, lr:(1.074e-04,)] m_psnr: 2.5508e+01 m_ssim: 8.4987e-01 
2023-06-15 23:58:43,680 INFO: [Resto..][epoch: 20, iter: 315,200, lr:(1.069e-04,)] [eta: 1 day, 14:38:13, time (data): 0.721 (0.001)] l_pix: -2.8699e+01 
2023-06-16 00:03:50,822 INFO: [Resto..][epoch: 20, iter: 315,400, lr:(1.065e-04,)] [eta: 1 day, 14:27:18, time (data): 0.728 (0.002)] l_pix: -2.6064e+01 
2023-06-16 00:06:45,362 INFO: Validation RestoreNet-test, 		 # psnr: 25.5518	 # ssim: 0.8519
2023-06-16 00:06:45,363 INFO: [Resto..][epoch: 20, iter: 315,500, lr:(1.062e-04,)] m_psnr: 2.5552e+01 m_ssim: 8.5188e-01 
2023-06-16 00:09:13,512 INFO: [Resto..][epoch: 20, iter: 315,600, lr:(1.060e-04,)] [eta: 1 day, 14:20:41, time (data): 0.730 (0.001)] l_pix: -2.3736e+01 
2023-06-16 00:14:33,572 INFO: [Resto..][epoch: 20, iter: 315,800, lr:(1.055e-04,)] [eta: 1 day, 14:13:32, time (data): 2.945 (2.178)] l_pix: -2.8801e+01 
2023-06-16 00:19:43,751 INFO: [Resto..][epoch: 20, iter: 316,000, lr:(1.050e-04,)] [eta: 1 day, 14:04:11, time (data): 2.067 (1.357)] l_pix: -2.5170e+01 
2023-06-16 00:19:58,637 INFO: Validation RestoreNet-test, 		 # psnr: 25.4759	 # ssim: 0.8505
2023-06-16 00:19:58,638 INFO: [Resto..][epoch: 20, iter: 316,000, lr:(1.050e-04,)] m_psnr: 2.5476e+01 m_ssim: 8.5046e-01 
2023-06-16 00:25:34,979 INFO: [Resto..][epoch: 20, iter: 316,200, lr:(1.045e-04,)] [eta: 1 day, 14:04:21, time (data): 2.355 (1.639)] l_pix: -2.8538e+01 
2023-06-16 00:31:24,462 INFO: [Resto..][epoch: 20, iter: 316,400, lr:(1.041e-04,)] [eta: 1 day, 14:03:46, time (data): 1.887 (1.177)] l_pix: -2.3082e+01 
2023-06-16 00:34:25,543 INFO: Validation RestoreNet-test, 		 # psnr: 25.5622	 # ssim: 0.8521
2023-06-16 00:34:25,544 INFO: [Resto..][epoch: 20, iter: 316,500, lr:(1.038e-04,)] m_psnr: 2.5562e+01 m_ssim: 8.5215e-01 
2023-06-16 00:37:04,057 INFO: [Resto..][epoch: 20, iter: 316,600, lr:(1.036e-04,)] [eta: 1 day, 14:00:47, time (data): 0.723 (0.001)] l_pix: -2.4557e+01 
2023-06-16 00:43:26,080 INFO: [Resto..][epoch: 20, iter: 316,800, lr:(1.031e-04,)] [eta: 1 day, 14:06:18, time (data): 0.728 (0.001)] l_pix: -2.5262e+01 
2023-06-16 00:48:49,836 INFO: [Resto..][epoch: 20, iter: 317,000, lr:(1.026e-04,)] [eta: 1 day, 13:59:37, time (data): 0.715 (0.001)] l_pix: -2.8770e+01 
2023-06-16 00:49:04,817 INFO: Validation RestoreNet-test, 		 # psnr: 25.5500	 # ssim: 0.8520
2023-06-16 00:49:04,817 INFO: [Resto..][epoch: 20, iter: 317,000, lr:(1.026e-04,)] m_psnr: 2.5550e+01 m_ssim: 8.5202e-01 
2023-06-16 00:55:17,390 INFO: [Resto..][epoch: 20, iter: 317,200, lr:(1.021e-04,)] [eta: 1 day, 14:05:14, time (data): 0.727 (0.001)] l_pix: -2.5703e+01 
2023-06-16 01:00:17,491 INFO: [Resto..][epoch: 20, iter: 317,400, lr:(1.017e-04,)] [eta: 1 day, 13:53:56, time (data): 1.597 (0.885)] l_pix: -2.1407e+01 
2023-06-16 01:03:04,797 INFO: Validation RestoreNet-test, 		 # psnr: 25.5252	 # ssim: 0.8516
2023-06-16 01:03:04,798 INFO: [Resto..][epoch: 20, iter: 317,500, lr:(1.014e-04,)] m_psnr: 2.5525e+01 m_ssim: 8.5162e-01 
2023-06-16 01:06:06,369 INFO: [Resto..][epoch: 20, iter: 317,600, lr:(1.012e-04,)] [eta: 1 day, 13:51:46, time (data): 2.259 (1.551)] l_pix: -2.5412e+01 
2023-06-16 01:12:05,570 INFO: [Resto..][epoch: 20, iter: 317,800, lr:(1.007e-04,)] [eta: 1 day, 13:51:14, time (data): 0.725 (0.002)] l_pix: -2.7231e+01 
2023-06-16 01:17:31,004 INFO: [Resto..][epoch: 20, iter: 318,000, lr:(1.003e-04,)] [eta: 1 day, 13:44:40, time (data): 1.916 (1.202)] l_pix: -2.8968e+01 
2023-06-16 01:17:45,950 INFO: Validation RestoreNet-test, 		 # psnr: 25.5319	 # ssim: 0.8530
2023-06-16 01:17:45,951 INFO: [Resto..][epoch: 20, iter: 318,000, lr:(1.003e-04,)] m_psnr: 2.5532e+01 m_ssim: 8.5305e-01 
