2023-06-18 12:31:16,538 INFO: 
                ____                _       _____  ____
               / __ ) ____ _ _____ (_)_____/ ___/ / __ \
              / __  |/ __ `// ___// // ___/\__ \ / /_/ /
             / /_/ // /_/ /(__  )/ // /__ ___/ // _, _/
            /_____/ \__,_//____//_/ \___//____//_/ |_|
     ______                   __   __                 __      __
    / ____/____   ____   ____/ /  / /   __  __ _____ / /__   / /
   / / __ / __ \ / __ \ / __  /  / /   / / / // ___// //_/  / /
  / /_/ // /_/ // /_/ // /_/ /  / /___/ /_/ // /__ / /<    /_/
  \____/ \____/ \____/ \____/  /_____/\____/ \___//_/|_|  (_)
    
Version Information: 
	BasicSR: 1.2.0+50cb149
	PyTorch: 2.0.1+cu118
	TorchVision: 0.15.2+cu118
2023-06-18 12:31:16,539 INFO: 
  name: RestoreNet-width64
  model_type: ImageRestorationModel
  scale: 1
  num_gpu: 1
  manual_seed: 10
  datasets:[
    train:[
      name: RestoreNet-train
      type: PairedImageDataset
      dataroot_lq: /content/drive/MyDrive/Colab_Notebooks/RestoreNet/data/input
      dataroot_gt: /content/drive/MyDrive/Colab_Notebooks/RestoreNet/data/output
      filename_tmpl: {}
      io_backend:[
        type: disk
      ]
      gt_size: 256
      use_flip: True
      use_rot: True
      use_shuffle: True
      num_worker_per_gpu: 2
      batch_size_per_gpu: 2
      dataset_enlarge_ratio: 1
      prefetch_mode: None
      phase: train
      scale: 1
    ]
    val:[
      name: RestoreNet-test
      type: PairedImageDataset
      dataroot_lq: /content/drive/MyDrive/Colab_Notebooks/RestoreNet/data/testdata/testdata/lq
      dataroot_gt: /content/drive/MyDrive/Colab_Notebooks/RestoreNet/data/testdata/testdata/gt
      io_backend:[
        type: disk
      ]
      phase: val
      scale: 1
    ]
  ]
  network_g:[
    type: RestoreNetLocal
    width_deblur: 64
    enc_blk_nums_deblur: [1, 1, 1, 28]
    middle_blk_num_deblur: 1
    dec_blk_nums_deblur: [1, 1, 1, 1]
    dw_expand_deblur: 2
    ffn_expand_deblur: 2
    width_denoise: 64
    enc_blk_nums_denoise: [2, 2, 4, 8]
    middle_blk_num_denoise: 12
    dec_blk_nums_denoise: [2, 2, 2, 2]
    dw_expand_denoise: 2
    ffn_expand_denoise: 2
  ]
  path:[
    pretrain_network_g: None
    strict_load_g: True
    resume_state: None
    root: /content/drive/MyDrive/Colab_Notebooks/RestoreNet
    experiments_root: /content/drive/MyDrive/Colab_Notebooks/RestoreNet/experiments/RestoreNet-width64
    models: /content/drive/MyDrive/Colab_Notebooks/RestoreNet/experiments/RestoreNet-width64/models
    training_states: /content/drive/MyDrive/Colab_Notebooks/RestoreNet/experiments/RestoreNet-width64/training_states
    log: /content/drive/MyDrive/Colab_Notebooks/RestoreNet/experiments/RestoreNet-width64
    visualization: /content/drive/MyDrive/Colab_Notebooks/RestoreNet/experiments/RestoreNet-width64/visualization
  ]
  train:[
    optim_g:[
      type: AdamW
      lr: 0.001
      weight_decay: 0.001
      betas: [0.9, 0.9]
    ]
    scheduler:[
      type: TrueCosineAnnealingLR
      T_max: 400000
      eta_min: 1e-07
    ]
    total_iter: 400000
    warmup_iter: -1
    pixel_opt:[
      type: PSNRLoss
      loss_weight: 1
      reduction: mean
    ]
  ]
  val:[
    val_freq: 500.0
    save_img: False
    metrics:[
      psnr:[
        type: calculate_psnr
        crop_border: 0
        test_y_channel: False
      ]
      ssim:[
        type: calculate_ssim
        crop_border: 0
        test_y_channel: False
      ]
    ]
  ]
  logger:[
    print_freq: 200
    save_checkpoint_freq: 5000.0
    use_tb_logger: True
    wandb:[
      project: None
      resume_id: None
    ]
  ]
  dist_params:[
    backend: gloo
    port: 4321
  ]
  is_train: True
  dist: True
  rank: 0
  world_size: 1

2023-06-18 12:31:22,228 INFO: Dataset PairedImageDataset - RestoreNet-train is created.
2023-06-18 12:31:22,229 INFO: Training statistics:
	Number of train images: 15872
	Dataset enlarge ratio: 1
	Batch size per gpu: 2
	World size (gpu number): 1
	Require iter number per epoch: 7936
	Total epochs: 51; iters: 400000.
2023-06-18 12:31:22,240 INFO: Dataset PairedImageDataset - RestoreNet-test is created.
2023-06-18 12:31:22,240 INFO: Number of val images/folders in RestoreNet-test: 80
2023-06-18 12:31:32,020 INFO: Model [ImageRestorationModel] is created.
2023-06-18 12:31:36,804 INFO: Start training from epoch: 0, iter: 0
2023-06-18 12:34:45,052 INFO: [Resto..][epoch:  0, iter:     200, lr:(1.000e-03,)] [eta: 4 days, 10:39:09, time (data): 0.710 (0.003)] l_pix: -2.2012e+01 
2023-06-18 12:37:07,472 INFO: [Resto..][epoch:  0, iter:     400, lr:(1.000e-03,)] [eta: 3 days, 20:51:19, time (data): 0.708 (0.003)] l_pix: -2.8901e+01 
2023-06-18 12:45:02,399 INFO: Validation RestoreNet-test, 		 # psnr: 25.4973	 # ssim: 0.7747
2023-06-18 12:45:02,402 INFO: [Resto..][epoch:  0, iter:     500, lr:(1.000e-03,)] m_psnr: 2.5497e+01 m_ssim: 7.7466e-01 
2023-06-18 12:46:13,550 INFO: [Resto..][epoch:  0, iter:     600, lr:(1.000e-03,)] [eta: 6 days, 18:43:46, time (data): 0.711 (0.004)] l_pix: -2.7280e+01 
2023-06-18 12:48:36,447 INFO: [Resto..][epoch:  0, iter:     800, lr:(1.000e-03,)] [eta: 5 days, 21:49:09, time (data): 0.708 (0.003)] l_pix: -2.5044e+01 
2023-06-18 12:50:58,877 INFO: [Resto..][epoch:  0, iter:   1,000, lr:(1.000e-03,)] [eta: 5 days, 9:11:49, time (data): 0.711 (0.003)] l_pix: -4.3691e+01 
2023-06-18 12:55:09,260 INFO: Validation RestoreNet-test, 		 # psnr: 25.6792	 # ssim: 0.7841
2023-06-18 12:55:09,261 INFO: [Resto..][epoch:  0, iter:   1,000, lr:(1.000e-03,)] m_psnr: 2.5679e+01 m_ssim: 7.8407e-01 
2023-06-18 12:57:31,523 INFO: [Resto..][epoch:  0, iter:   1,200, lr:(1.000e-03,)] [eta: 5 days, 23:50:41, time (data): 0.708 (0.002)] l_pix: -3.5476e+01 
2023-06-18 12:59:54,113 INFO: [Resto..][epoch:  0, iter:   1,400, lr:(1.000e-03,)] [eta: 5 days, 14:31:03, time (data): 0.713 (0.002)] l_pix: -2.6330e+01 
2023-06-18 13:05:15,469 INFO: Validation RestoreNet-test, 		 # psnr: 26.2054	 # ssim: 0.8075
2023-06-18 13:05:15,470 INFO: [Resto..][epoch:  0, iter:   1,500, lr:(1.000e-03,)] m_psnr: 2.6205e+01 m_ssim: 8.0746e-01 
2023-06-18 13:06:26,628 INFO: [Resto..][epoch:  0, iter:   1,600, lr:(1.000e-03,)] [eta: 6 days, 0:47:10, time (data): 0.713 (0.002)] l_pix: -3.8334e+01 
2023-06-18 13:08:49,229 INFO: [Resto..][epoch:  0, iter:   1,800, lr:(1.000e-03,)] [eta: 5 days, 17:24:04, time (data): 0.717 (0.004)] l_pix: -3.1322e+01 
2023-06-18 13:11:11,614 INFO: [Resto..][epoch:  0, iter:   2,000, lr:(9.999e-04,)] [eta: 5 days, 11:28:21, time (data): 0.708 (0.003)] l_pix: -2.9054e+01 
2023-06-18 13:15:22,054 INFO: Validation RestoreNet-test, 		 # psnr: 26.3197	 # ssim: 0.8112
2023-06-18 13:15:22,054 INFO: [Resto..][epoch:  0, iter:   2,000, lr:(9.999e-04,)] m_psnr: 2.6320e+01 m_ssim: 8.1120e-01 
2023-06-18 13:17:44,868 INFO: [Resto..][epoch:  0, iter:   2,200, lr:(9.999e-04,)] [eta: 5 days, 19:12:32, time (data): 0.709 (0.003)] l_pix: -2.5144e+01 
2023-06-18 13:20:07,251 INFO: [Resto..][epoch:  0, iter:   2,400, lr:(9.999e-04,)] [eta: 5 days, 14:05:54, time (data): 0.718 (0.003)] l_pix: -3.7969e+01 
2023-06-18 13:25:29,123 INFO: Validation RestoreNet-test, 		 # psnr: 26.0594	 # ssim: 0.8081
2023-06-18 13:25:29,125 INFO: [Resto..][epoch:  0, iter:   2,500, lr:(9.999e-04,)] m_psnr: 2.6059e+01 m_ssim: 8.0805e-01 
2023-06-18 13:26:40,274 INFO: [Resto..][epoch:  0, iter:   2,600, lr:(9.999e-04,)] [eta: 5 days, 20:24:18, time (data): 0.717 (0.003)] l_pix: -2.6544e+01 
2023-06-18 13:29:02,589 INFO: [Resto..][epoch:  0, iter:   2,800, lr:(9.999e-04,)] [eta: 5 days, 15:55:11, time (data): 0.713 (0.002)] l_pix: -2.8088e+01 
2023-06-18 13:31:25,340 INFO: [Resto..][epoch:  0, iter:   3,000, lr:(9.999e-04,)] [eta: 5 days, 12:02:36, time (data): 0.710 (0.002)] l_pix: -2.8886e+01 
2023-06-18 13:35:36,665 INFO: Validation RestoreNet-test, 		 # psnr: 26.4871	 # ssim: 0.8214
2023-06-18 13:35:36,666 INFO: [Resto..][epoch:  0, iter:   3,000, lr:(9.999e-04,)] m_psnr: 2.6487e+01 m_ssim: 8.2142e-01 
2023-06-18 13:37:59,272 INFO: [Resto..][epoch:  0, iter:   3,200, lr:(9.998e-04,)] [eta: 5 days, 17:17:43, time (data): 0.712 (0.003)] l_pix: -2.6773e+01 
2023-06-18 13:40:21,621 INFO: [Resto..][epoch:  0, iter:   3,400, lr:(9.998e-04,)] [eta: 5 days, 13:46:02, time (data): 0.715 (0.003)] l_pix: -2.8732e+01 
2023-06-18 13:45:44,471 INFO: Validation RestoreNet-test, 		 # psnr: 26.5418	 # ssim: 0.8232
2023-06-18 13:45:44,472 INFO: [Resto..][epoch:  0, iter:   3,500, lr:(9.998e-04,)] m_psnr: 2.6542e+01 m_ssim: 8.2319e-01 
2023-06-18 13:46:55,573 INFO: [Resto..][epoch:  0, iter:   3,600, lr:(9.998e-04,)] [eta: 5 days, 18:19:13, time (data): 0.707 (0.003)] l_pix: -2.9142e+01 
2023-06-18 13:49:18,010 INFO: [Resto..][epoch:  0, iter:   3,800, lr:(9.998e-04,)] [eta: 5 days, 15:06:01, time (data): 0.709 (0.003)] l_pix: -2.8238e+01 
2023-06-18 13:51:40,470 INFO: [Resto..][epoch:  0, iter:   4,000, lr:(9.998e-04,)] [eta: 5 days, 12:11:56, time (data): 0.712 (0.003)] l_pix: -1.7828e+01 
2023-06-18 13:55:50,638 INFO: Validation RestoreNet-test, 		 # psnr: 26.5908	 # ssim: 0.8228
2023-06-18 13:55:50,639 INFO: [Resto..][epoch:  0, iter:   4,000, lr:(9.998e-04,)] m_psnr: 2.6591e+01 m_ssim: 8.2284e-01 
2023-06-18 13:58:13,166 INFO: [Resto..][epoch:  0, iter:   4,200, lr:(9.997e-04,)] [eta: 5 days, 16:07:08, time (data): 0.713 (0.002)] l_pix: -2.6578e+01 
2023-06-18 14:00:35,351 INFO: [Resto..][epoch:  0, iter:   4,400, lr:(9.997e-04,)] [eta: 5 days, 13:25:03, time (data): 0.709 (0.003)] l_pix: -2.8553e+01 
2023-06-18 14:05:56,830 INFO: Validation RestoreNet-test, 		 # psnr: 26.5735	 # ssim: 0.8227
2023-06-18 14:05:56,831 INFO: [Resto..][epoch:  0, iter:   4,500, lr:(9.997e-04,)] m_psnr: 2.6573e+01 m_ssim: 8.2270e-01 
2023-06-18 14:07:08,078 INFO: [Resto..][epoch:  0, iter:   4,600, lr:(9.997e-04,)] [eta: 5 days, 16:55:43, time (data): 0.719 (0.003)] l_pix: -3.5864e+01 
2023-06-18 14:09:30,234 INFO: [Resto..][epoch:  0, iter:   4,800, lr:(9.996e-04,)] [eta: 5 days, 14:24:30, time (data): 0.714 (0.003)] l_pix: -3.4869e+01 
2023-06-18 14:11:52,755 INFO: [Resto..][epoch:  0, iter:   5,000, lr:(9.996e-04,)] [eta: 5 days, 12:05:41, time (data): 0.711 (0.002)] l_pix: -2.6679e+01 
2023-06-18 14:11:52,756 INFO: Saving models and training states.
2023-06-18 14:16:10,273 INFO: Validation RestoreNet-test, 		 # psnr: 26.6644	 # ssim: 0.8260
2023-06-18 14:16:10,276 INFO: [Resto..][epoch:  0, iter:   5,000, lr:(9.996e-04,)] m_psnr: 2.6664e+01 m_ssim: 8.2597e-01 
2023-06-18 14:18:32,899 INFO: [Resto..][epoch:  0, iter:   5,200, lr:(9.996e-04,)] [eta: 5 days, 15:23:17, time (data): 0.714 (0.003)] l_pix: -2.7676e+01 
2023-06-18 14:20:55,247 INFO: [Resto..][epoch:  0, iter:   5,400, lr:(9.996e-04,)] [eta: 5 days, 13:11:51, time (data): 0.711 (0.003)] l_pix: -4.3291e+01 
2023-06-18 14:26:17,072 INFO: Validation RestoreNet-test, 		 # psnr: 26.7320	 # ssim: 0.8296
2023-06-18 14:26:17,072 INFO: [Resto..][epoch:  0, iter:   5,500, lr:(9.995e-04,)] m_psnr: 2.6732e+01 m_ssim: 8.2961e-01 
2023-06-18 14:27:28,238 INFO: [Resto..][epoch:  0, iter:   5,600, lr:(9.995e-04,)] [eta: 5 days, 16:03:47, time (data): 0.707 (0.003)] l_pix: -3.5754e+01 
2023-06-18 14:29:50,607 INFO: [Resto..][epoch:  0, iter:   5,800, lr:(9.995e-04,)] [eta: 5 days, 13:59:34, time (data): 0.711 (0.003)] l_pix: -3.0306e+01 
2023-06-18 14:32:13,127 INFO: [Resto..][epoch:  0, iter:   6,000, lr:(9.994e-04,)] [eta: 5 days, 12:03:38, time (data): 0.709 (0.003)] l_pix: -2.7564e+01 
2023-06-18 14:36:23,129 INFO: Validation RestoreNet-test, 		 # psnr: 26.7596	 # ssim: 0.8287
2023-06-18 14:36:23,130 INFO: [Resto..][epoch:  0, iter:   6,000, lr:(9.994e-04,)] m_psnr: 2.6760e+01 m_ssim: 8.2868e-01 
2023-06-18 14:38:45,342 INFO: [Resto..][epoch:  0, iter:   6,200, lr:(9.994e-04,)] [eta: 5 days, 14:39:19, time (data): 0.711 (0.003)] l_pix: -3.4830e+01 
2023-06-18 14:41:07,857 INFO: [Resto..][epoch:  0, iter:   6,400, lr:(9.994e-04,)] [eta: 5 days, 12:48:58, time (data): 0.717 (0.005)] l_pix: -4.4720e+01 
2023-06-18 14:46:29,355 INFO: Validation RestoreNet-test, 		 # psnr: 26.7306	 # ssim: 0.8340
2023-06-18 14:46:29,356 INFO: [Resto..][epoch:  0, iter:   6,500, lr:(9.993e-04,)] m_psnr: 2.6731e+01 m_ssim: 8.3405e-01 
2023-06-18 14:47:40,537 INFO: [Resto..][epoch:  0, iter:   6,600, lr:(9.993e-04,)] [eta: 5 days, 15:13:38, time (data): 0.708 (0.002)] l_pix: -2.1240e+01 
2023-06-18 14:50:02,953 INFO: [Resto..][epoch:  0, iter:   6,800, lr:(9.993e-04,)] [eta: 5 days, 13:28:15, time (data): 0.706 (0.002)] l_pix: -2.7132e+01 
2023-06-18 14:52:25,160 INFO: [Resto..][epoch:  0, iter:   7,000, lr:(9.992e-04,)] [eta: 5 days, 11:48:34, time (data): 0.714 (0.002)] l_pix: -3.4218e+01 
2023-06-18 14:56:35,437 INFO: Validation RestoreNet-test, 		 # psnr: 26.7503	 # ssim: 0.8284
2023-06-18 14:56:35,438 INFO: [Resto..][epoch:  0, iter:   7,000, lr:(9.992e-04,)] m_psnr: 2.6750e+01 m_ssim: 8.2839e-01 
2023-06-18 14:58:57,690 INFO: [Resto..][epoch:  0, iter:   7,200, lr:(9.992e-04,)] [eta: 5 days, 14:01:52, time (data): 0.717 (0.004)] l_pix: -2.6419e+01 
2023-06-18 15:01:20,168 INFO: [Resto..][epoch:  0, iter:   7,400, lr:(9.992e-04,)] [eta: 5 days, 12:26:32, time (data): 0.708 (0.002)] l_pix: -2.6654e+01 
2023-06-18 15:06:41,410 INFO: Validation RestoreNet-test, 		 # psnr: 26.8540	 # ssim: 0.8347
2023-06-18 15:06:41,411 INFO: [Resto..][epoch:  0, iter:   7,500, lr:(9.991e-04,)] m_psnr: 2.6854e+01 m_ssim: 8.3466e-01 
2023-06-18 15:07:52,984 INFO: [Resto..][epoch:  0, iter:   7,600, lr:(9.991e-04,)] [eta: 5 days, 14:31:29, time (data): 0.707 (0.003)] l_pix: -3.3132e+01 
2023-06-18 15:10:15,018 INFO: [Resto..][epoch:  0, iter:   7,800, lr:(9.991e-04,)] [eta: 5 days, 12:59:33, time (data): 0.710 (0.003)] l_pix: -3.6691e+01 
2023-06-18 15:12:37,134 INFO: [Resto..][epoch:  1, iter:   8,000, lr:(9.990e-04,)] [eta: 5 days, 11:32:10, time (data): 0.708 (0.003)] l_pix: -2.9783e+01 
2023-06-18 15:16:47,318 INFO: Validation RestoreNet-test, 		 # psnr: 26.7709	 # ssim: 0.8338
2023-06-18 15:16:47,320 INFO: [Resto..][epoch:  1, iter:   8,000, lr:(9.990e-04,)] m_psnr: 2.6771e+01 m_ssim: 8.3375e-01 
2023-06-18 15:19:09,668 INFO: [Resto..][epoch:  1, iter:   8,200, lr:(9.990e-04,)] [eta: 5 days, 13:28:19, time (data): 0.714 (0.003)] l_pix: -2.4170e+01 
2023-06-18 15:21:32,486 INFO: [Resto..][epoch:  1, iter:   8,400, lr:(9.989e-04,)] [eta: 5 days, 12:04:38, time (data): 0.716 (0.003)] l_pix: -2.3096e+01 
2023-06-18 15:26:54,094 INFO: Validation RestoreNet-test, 		 # psnr: 26.7316	 # ssim: 0.8259
2023-06-18 15:26:54,095 INFO: [Resto..][epoch:  1, iter:   8,500, lr:(9.989e-04,)] m_psnr: 2.6732e+01 m_ssim: 8.2590e-01 
2023-06-18 15:28:05,314 INFO: [Resto..][epoch:  1, iter:   8,600, lr:(9.989e-04,)] [eta: 5 days, 13:54:20, time (data): 0.714 (0.003)] l_pix: -3.0531e+01 
2023-06-18 15:30:27,939 INFO: [Resto..][epoch:  1, iter:   8,800, lr:(9.988e-04,)] [eta: 5 days, 12:33:24, time (data): 0.714 (0.003)] l_pix: -3.4953e+01 
2023-06-18 15:32:50,453 INFO: [Resto..][epoch:  1, iter:   9,000, lr:(9.988e-04,)] [eta: 5 days, 11:15:53, time (data): 0.731 (0.003)] l_pix: -3.3901e+01 
2023-06-18 15:37:00,861 INFO: Validation RestoreNet-test, 		 # psnr: 26.7118	 # ssim: 0.8274
2023-06-18 15:37:00,865 INFO: [Resto..][epoch:  1, iter:   9,000, lr:(9.988e-04,)] m_psnr: 2.6712e+01 m_ssim: 8.2739e-01 
2023-06-18 15:39:23,637 INFO: [Resto..][epoch:  1, iter:   9,200, lr:(9.987e-04,)] [eta: 5 days, 12:59:05, time (data): 0.711 (0.003)] l_pix: -3.6784e+01 
2023-06-18 15:41:46,165 INFO: [Resto..][epoch:  1, iter:   9,400, lr:(9.986e-04,)] [eta: 5 days, 11:44:02, time (data): 0.716 (0.003)] l_pix: -3.6841e+01 
2023-06-18 15:47:07,664 INFO: Validation RestoreNet-test, 		 # psnr: 26.8052	 # ssim: 0.8351
2023-06-18 15:47:07,668 INFO: [Resto..][epoch:  1, iter:   9,500, lr:(9.986e-04,)] m_psnr: 2.6805e+01 m_ssim: 8.3505e-01 
2023-06-18 15:48:18,858 INFO: [Resto..][epoch:  1, iter:   9,600, lr:(9.986e-04,)] [eta: 5 days, 13:21:33, time (data): 0.708 (0.003)] l_pix: -3.9849e+01 
2023-06-18 15:50:41,390 INFO: [Resto..][epoch:  1, iter:   9,800, lr:(9.985e-04,)] [eta: 5 days, 12:08:50, time (data): 0.711 (0.003)] l_pix: -2.2521e+01 
2023-06-18 15:53:03,785 INFO: [Resto..][epoch:  1, iter:  10,000, lr:(9.985e-04,)] [eta: 5 days, 10:58:50, time (data): 0.713 (0.003)] l_pix: -4.0582e+01 
2023-06-18 15:53:03,786 INFO: Saving models and training states.
2023-06-18 15:57:22,121 INFO: Validation RestoreNet-test, 		 # psnr: 26.6544	 # ssim: 0.8295
2023-06-18 15:57:22,122 INFO: [Resto..][epoch:  1, iter:  10,000, lr:(9.985e-04,)] m_psnr: 2.6654e+01 m_ssim: 8.2953e-01 
2023-06-18 15:59:44,368 INFO: [Resto..][epoch:  1, iter:  10,200, lr:(9.984e-04,)] [eta: 5 days, 12:35:55, time (data): 0.711 (0.003)] l_pix: -2.1622e+01 
2023-06-18 16:02:06,669 INFO: [Resto..][epoch:  1, iter:  10,400, lr:(9.983e-04,)] [eta: 5 days, 11:27:46, time (data): 0.710 (0.003)] l_pix: -2.7501e+01 
2023-06-18 16:07:28,454 INFO: Validation RestoreNet-test, 		 # psnr: 26.7312	 # ssim: 0.8312
2023-06-18 16:07:28,455 INFO: [Resto..][epoch:  1, iter:  10,500, lr:(9.983e-04,)] m_psnr: 2.6731e+01 m_ssim: 8.3117e-01 
2023-06-18 16:08:39,838 INFO: [Resto..][epoch:  1, iter:  10,600, lr:(9.983e-04,)] [eta: 5 days, 12:55:41, time (data): 0.709 (0.002)] l_pix: -1.8315e+01 
2023-06-18 16:11:02,324 INFO: [Resto..][epoch:  1, iter:  10,800, lr:(9.982e-04,)] [eta: 5 days, 11:49:33, time (data): 0.706 (0.003)] l_pix: -3.3965e+01 
2023-06-18 16:13:24,470 INFO: [Resto..][epoch:  1, iter:  11,000, lr:(9.981e-04,)] [eta: 5 days, 10:45:32, time (data): 0.711 (0.003)] l_pix: -4.4784e+01 
2023-06-18 16:17:34,671 INFO: Validation RestoreNet-test, 		 # psnr: 26.7465	 # ssim: 0.8276
2023-06-18 16:17:34,673 INFO: [Resto..][epoch:  1, iter:  11,000, lr:(9.981e-04,)] m_psnr: 2.6746e+01 m_ssim: 8.2763e-01 
2023-06-18 16:19:56,964 INFO: [Resto..][epoch:  1, iter:  11,200, lr:(9.981e-04,)] [eta: 5 days, 12:08:33, time (data): 0.714 (0.002)] l_pix: -3.6330e+01 
2023-06-18 16:22:19,507 INFO: [Resto..][epoch:  1, iter:  11,400, lr:(9.980e-04,)] [eta: 5 days, 11:06:26, time (data): 0.711 (0.002)] l_pix: -3.7101e+01 
2023-06-18 16:27:40,876 INFO: Validation RestoreNet-test, 		 # psnr: 26.8402	 # ssim: 0.8315
2023-06-18 16:27:40,877 INFO: [Resto..][epoch:  1, iter:  11,500, lr:(9.980e-04,)] m_psnr: 2.6840e+01 m_ssim: 8.3155e-01 
2023-06-18 16:28:52,052 INFO: [Resto..][epoch:  1, iter:  11,600, lr:(9.979e-04,)] [eta: 5 days, 12:25:53, time (data): 0.708 (0.003)] l_pix: -3.6982e+01 
2023-06-18 16:31:14,369 INFO: [Resto..][epoch:  1, iter:  11,800, lr:(9.979e-04,)] [eta: 5 days, 11:25:13, time (data): 0.716 (0.003)] l_pix: -3.3210e+01 
2023-06-18 16:33:36,807 INFO: [Resto..][epoch:  1, iter:  12,000, lr:(9.978e-04,)] [eta: 5 days, 10:26:34, time (data): 0.712 (0.002)] l_pix: -2.5862e+01 
2023-06-18 16:37:46,987 INFO: Validation RestoreNet-test, 		 # psnr: 26.7372	 # ssim: 0.8340
2023-06-18 16:37:46,988 INFO: [Resto..][epoch:  1, iter:  12,000, lr:(9.978e-04,)] m_psnr: 2.6737e+01 m_ssim: 8.3404e-01 
2023-06-18 16:40:09,759 INFO: [Resto..][epoch:  1, iter:  12,200, lr:(9.977e-04,)] [eta: 5 days, 11:42:28, time (data): 0.711 (0.003)] l_pix: -1.8959e+01 
2023-06-18 16:42:31,985 INFO: [Resto..][epoch:  1, iter:  12,400, lr:(9.976e-04,)] [eta: 5 days, 10:45:06, time (data): 0.710 (0.003)] l_pix: -3.8709e+01 
2023-06-18 16:47:53,379 INFO: Validation RestoreNet-test, 		 # psnr: 26.9024	 # ssim: 0.8347
2023-06-18 16:47:53,381 INFO: [Resto..][epoch:  1, iter:  12,500, lr:(9.976e-04,)] m_psnr: 2.6902e+01 m_ssim: 8.3465e-01 
2023-06-18 16:49:04,528 INFO: [Resto..][epoch:  1, iter:  12,600, lr:(9.976e-04,)] [eta: 5 days, 11:57:44, time (data): 0.707 (0.003)] l_pix: -2.6921e+01 
2023-06-18 16:51:26,651 INFO: [Resto..][epoch:  1, iter:  12,800, lr:(9.975e-04,)] [eta: 5 days, 11:01:39, time (data): 0.723 (0.003)] l_pix: -4.0621e+01 
2023-06-18 16:53:49,296 INFO: [Resto..][epoch:  1, iter:  13,000, lr:(9.974e-04,)] [eta: 5 days, 10:07:29, time (data): 0.710 (0.003)] l_pix: -3.3844e+01 
2023-06-18 16:57:59,549 INFO: Validation RestoreNet-test, 		 # psnr: 27.0130	 # ssim: 0.8383
2023-06-18 16:57:59,551 INFO: [Resto..][epoch:  1, iter:  13,000, lr:(9.974e-04,)] m_psnr: 2.7013e+01 m_ssim: 8.3829e-01 
2023-06-18 17:00:22,120 INFO: [Resto..][epoch:  1, iter:  13,200, lr:(9.973e-04,)] [eta: 5 days, 11:17:03, time (data): 0.709 (0.003)] l_pix: -3.4802e+01 
2023-06-18 17:02:44,324 INFO: [Resto..][epoch:  1, iter:  13,400, lr:(9.972e-04,)] [eta: 5 days, 10:23:51, time (data): 0.713 (0.003)] l_pix: -3.3558e+01 
2023-06-18 17:08:05,954 INFO: Validation RestoreNet-test, 		 # psnr: 27.0365	 # ssim: 0.8393
2023-06-18 17:08:05,955 INFO: [Resto..][epoch:  1, iter:  13,500, lr:(9.972e-04,)] m_psnr: 2.7036e+01 m_ssim: 8.3935e-01 
2023-06-18 17:09:17,139 INFO: [Resto..][epoch:  1, iter:  13,600, lr:(9.972e-04,)] [eta: 5 days, 11:30:49, time (data): 0.711 (0.003)] l_pix: -2.9632e+01 
2023-06-18 17:11:39,576 INFO: [Resto..][epoch:  1, iter:  13,800, lr:(9.971e-04,)] [eta: 5 days, 10:38:52, time (data): 0.714 (0.003)] l_pix: -3.3946e+01 
2023-06-18 17:14:02,185 INFO: [Resto..][epoch:  1, iter:  14,000, lr:(9.970e-04,)] [eta: 5 days, 9:48:25, time (data): 0.707 (0.003)] l_pix: -3.0689e+01 
2023-06-18 17:18:12,452 INFO: Validation RestoreNet-test, 		 # psnr: 26.8764	 # ssim: 0.8324
2023-06-18 17:18:12,456 INFO: [Resto..][epoch:  1, iter:  14,000, lr:(9.970e-04,)] m_psnr: 2.6876e+01 m_ssim: 8.3242e-01 
2023-06-18 17:20:35,106 INFO: [Resto..][epoch:  1, iter:  14,200, lr:(9.969e-04,)] [eta: 5 days, 10:52:40, time (data): 0.708 (0.003)] l_pix: -2.6543e+01 
2023-06-18 17:22:57,423 INFO: [Resto..][epoch:  1, iter:  14,400, lr:(9.968e-04,)] [eta: 5 days, 10:03:06, time (data): 0.707 (0.003)] l_pix: -2.3593e+01 
2023-06-18 17:28:19,099 INFO: Validation RestoreNet-test, 		 # psnr: 26.8639	 # ssim: 0.8332
2023-06-18 17:28:19,102 INFO: [Resto..][epoch:  1, iter:  14,500, lr:(9.968e-04,)] m_psnr: 2.6864e+01 m_ssim: 8.3322e-01 
2023-06-18 17:29:30,248 INFO: [Resto..][epoch:  1, iter:  14,600, lr:(9.967e-04,)] [eta: 5 days, 11:05:02, time (data): 0.709 (0.003)] l_pix: -3.0271e+01 
2023-06-18 17:31:52,349 INFO: [Resto..][epoch:  1, iter:  14,800, lr:(9.966e-04,)] [eta: 5 days, 10:16:22, time (data): 0.710 (0.003)] l_pix: -3.1494e+01 
2023-06-18 17:34:14,632 INFO: [Resto..][epoch:  1, iter:  15,000, lr:(9.965e-04,)] [eta: 5 days, 9:29:01, time (data): 0.720 (0.004)] l_pix: -3.6307e+01 
2023-06-18 17:34:14,633 INFO: Saving models and training states.
2023-06-18 17:38:34,863 INFO: Validation RestoreNet-test, 		 # psnr: 26.8862	 # ssim: 0.8364
2023-06-18 17:38:34,864 INFO: [Resto..][epoch:  1, iter:  15,000, lr:(9.965e-04,)] m_psnr: 2.6886e+01 m_ssim: 8.3642e-01 
2023-06-18 17:40:57,477 INFO: [Resto..][epoch:  1, iter:  15,200, lr:(9.964e-04,)] [eta: 5 days, 10:32:47, time (data): 0.718 (0.003)] l_pix: -2.5540e+01 
2023-06-18 17:43:19,855 INFO: [Resto..][epoch:  1, iter:  15,400, lr:(9.963e-04,)] [eta: 5 days, 9:46:18, time (data): 0.710 (0.003)] l_pix: -2.5769e+01 
2023-06-18 17:48:41,422 INFO: Validation RestoreNet-test, 		 # psnr: 26.9349	 # ssim: 0.8360
2023-06-18 17:48:41,423 INFO: [Resto..][epoch:  1, iter:  15,500, lr:(9.963e-04,)] m_psnr: 2.6935e+01 m_ssim: 8.3598e-01 
2023-06-18 17:49:52,596 INFO: [Resto..][epoch:  1, iter:  15,600, lr:(9.963e-04,)] [eta: 5 days, 10:43:46, time (data): 0.708 (0.003)] l_pix: -2.9638e+01 
2023-06-18 17:52:14,792 INFO: [Resto..][epoch:  1, iter:  15,800, lr:(9.962e-04,)] [eta: 5 days, 9:58:05, time (data): 0.720 (0.003)] l_pix: -2.7922e+01 
2023-06-18 17:54:37,297 INFO: [Resto..][epoch:  2, iter:  16,000, lr:(9.961e-04,)] [eta: 5 days, 9:13:36, time (data): 0.714 (0.003)] l_pix: -2.7479e+01 
2023-06-18 17:58:47,373 INFO: Validation RestoreNet-test, 		 # psnr: 26.9607	 # ssim: 0.8367
2023-06-18 17:58:47,376 INFO: [Resto..][epoch:  2, iter:  16,000, lr:(9.961e-04,)] m_psnr: 2.6961e+01 m_ssim: 8.3672e-01 
2023-06-18 18:01:09,615 INFO: [Resto..][epoch:  2, iter:  16,200, lr:(9.960e-04,)] [eta: 5 days, 10:08:47, time (data): 0.705 (0.002)] l_pix: -1.9241e+01 
2023-06-18 18:03:32,149 INFO: [Resto..][epoch:  2, iter:  16,400, lr:(9.959e-04,)] [eta: 5 days, 9:25:07, time (data): 0.708 (0.002)] l_pix: -1.7062e+01 
2023-06-18 18:08:53,544 INFO: Validation RestoreNet-test, 		 # psnr: 26.9127	 # ssim: 0.8361
2023-06-18 18:08:53,544 INFO: [Resto..][epoch:  2, iter:  16,500, lr:(9.958e-04,)] m_psnr: 2.6913e+01 m_ssim: 8.3614e-01 
2023-06-18 18:10:05,033 INFO: [Resto..][epoch:  2, iter:  16,600, lr:(9.958e-04,)] [eta: 5 days, 10:18:47, time (data): 0.710 (0.003)] l_pix: -3.6514e+01 
2023-06-18 18:12:27,187 INFO: [Resto..][epoch:  2, iter:  16,800, lr:(9.957e-04,)] [eta: 5 days, 9:35:43, time (data): 0.710 (0.003)] l_pix: -3.1352e+01 
2023-06-18 18:14:49,421 INFO: [Resto..][epoch:  2, iter:  17,000, lr:(9.956e-04,)] [eta: 5 days, 8:53:38, time (data): 0.715 (0.003)] l_pix: -3.0389e+01 
2023-06-18 18:18:59,667 INFO: Validation RestoreNet-test, 		 # psnr: 26.9753	 # ssim: 0.8404
2023-06-18 18:18:59,668 INFO: [Resto..][epoch:  2, iter:  17,000, lr:(9.956e-04,)] m_psnr: 2.6975e+01 m_ssim: 8.4045e-01 
2023-06-18 18:21:21,841 INFO: [Resto..][epoch:  2, iter:  17,200, lr:(9.954e-04,)] [eta: 5 days, 9:45:17, time (data): 0.712 (0.003)] l_pix: -4.1408e+01 
2023-06-18 18:23:44,461 INFO: [Resto..][epoch:  2, iter:  17,400, lr:(9.953e-04,)] [eta: 5 days, 9:04:02, time (data): 0.714 (0.002)] l_pix: -2.4541e+01 
2023-06-18 18:29:05,806 INFO: Validation RestoreNet-test, 		 # psnr: 27.0562	 # ssim: 0.8417
2023-06-18 18:29:05,806 INFO: [Resto..][epoch:  2, iter:  17,500, lr:(9.953e-04,)] m_psnr: 2.7056e+01 m_ssim: 8.4173e-01 
2023-06-18 18:30:17,166 INFO: [Resto..][epoch:  2, iter:  17,600, lr:(9.952e-04,)] [eta: 5 days, 9:54:14, time (data): 0.712 (0.003)] l_pix: -3.4127e+01 
2023-06-18 18:32:39,258 INFO: [Resto..][epoch:  2, iter:  17,800, lr:(9.951e-04,)] [eta: 5 days, 9:13:29, time (data): 0.711 (0.002)] l_pix: -2.2467e+01 
2023-06-18 18:35:01,417 INFO: [Resto..][epoch:  2, iter:  18,000, lr:(9.950e-04,)] [eta: 5 days, 8:33:36, time (data): 0.713 (0.003)] l_pix: -4.1086e+01 
2023-06-18 18:39:11,665 INFO: Validation RestoreNet-test, 		 # psnr: 27.0933	 # ssim: 0.8424
2023-06-18 18:39:11,666 INFO: [Resto..][epoch:  2, iter:  18,000, lr:(9.950e-04,)] m_psnr: 2.7093e+01 m_ssim: 8.4241e-01 
2023-06-18 18:41:33,942 INFO: [Resto..][epoch:  2, iter:  18,200, lr:(9.949e-04,)] [eta: 5 days, 9:22:05, time (data): 0.711 (0.003)] l_pix: -2.7935e+01 
2023-06-18 18:43:56,358 INFO: [Resto..][epoch:  2, iter:  18,400, lr:(9.948e-04,)] [eta: 5 days, 8:42:55, time (data): 0.708 (0.002)] l_pix: -3.6544e+01 
2023-06-18 18:49:17,533 INFO: Validation RestoreNet-test, 		 # psnr: 27.0457	 # ssim: 0.8398
2023-06-18 18:49:17,534 INFO: [Resto..][epoch:  2, iter:  18,500, lr:(9.947e-04,)] m_psnr: 2.7046e+01 m_ssim: 8.3976e-01 
2023-06-18 18:50:28,781 INFO: [Resto..][epoch:  2, iter:  18,600, lr:(9.947e-04,)] [eta: 5 days, 9:29:59, time (data): 0.722 (0.003)] l_pix: -3.1190e+01 
2023-06-18 18:52:51,049 INFO: [Resto..][epoch:  2, iter:  18,800, lr:(9.946e-04,)] [eta: 5 days, 8:51:22, time (data): 0.711 (0.002)] l_pix: -3.6648e+01 
2023-06-18 18:55:13,374 INFO: [Resto..][epoch:  2, iter:  19,000, lr:(9.944e-04,)] [eta: 5 days, 8:13:33, time (data): 0.936 (0.003)] l_pix: -3.2177e+01 
