2023-06-18 12:26:35,145 INFO: 
                ____                _       _____  ____
               / __ ) ____ _ _____ (_)_____/ ___/ / __ \
              / __  |/ __ `// ___// // ___/\__ \ / /_/ /
             / /_/ // /_/ /(__  )/ // /__ ___/ // _, _/
            /_____/ \__,_//____//_/ \___//____//_/ |_|
     ______                   __   __                 __      __
    / ____/____   ____   ____/ /  / /   __  __ _____ / /__   / /
   / / __ / __ \ / __ \ / __  /  / /   / / / // ___// //_/  / /
  / /_/ // /_/ // /_/ // /_/ /  / /___/ /_/ // /__ / /<    /_/
  \____/ \____/ \____/ \____/  /_____/\____/ \___//_/|_|  (_)
    
Version Information: 
	BasicSR: 1.2.0+386ca20
	PyTorch: 2.0.1+cu118
	TorchVision: 0.15.2+cu118
2023-06-18 12:26:35,146 INFO: 
  name: RestoreNet-width64
  model_type: ImageRestorationModel
  scale: 1
  num_gpu: 1
  manual_seed: 10
  datasets:[
    train:[
      name: RestoreNet-train
      type: PairedImageDataset
      dataroot_lq: /content/drive/MyDrive/Data/ratio(5.5:2:2:0.5)/train/input
      dataroot_gt: /content/drive/MyDrive/Data/ratio(5.5:2:2:0.5)/train/output
      filename_tmpl: {}
      io_backend:[
        type: disk
      ]
      gt_size: 256
      use_flip: True
      use_rot: True
      use_shuffle: True
      num_worker_per_gpu: 2
      batch_size_per_gpu: 2
      dataset_enlarge_ratio: 1
      prefetch_mode: None
      phase: train
      scale: 1
    ]
    val:[
      name: RestoreNet-test
      type: PairedImageDataset
      dataroot_lq: /content/drive/MyDrive/check/testdata/lq
      dataroot_gt: /content/drive/MyDrive/check/testdata/gt
      io_backend:[
        type: disk
      ]
      phase: val
      scale: 1
    ]
  ]
  network_g:[
    type: RestoreNetLocal
    width_deblur: 64
    enc_blk_nums_deblur: [1, 1, 1, 28]
    middle_blk_num_deblur: 1
    dec_blk_nums_deblur: [1, 1, 1, 1]
    dw_expand_deblur: 2
    ffn_expand_deblur: 2
    width_denoise: 64
    enc_blk_nums_denoise: [2, 2, 4, 8]
    middle_blk_num_denoise: 12
    dec_blk_nums_denoise: [2, 2, 2, 2]
    dw_expand_denoise: 2
    ffn_expand_denoise: 2
  ]
  path:[
    pretrain_network_g: None
    strict_load_g: True
    resume_state: experiments/RestoreNet-width64/training_states/86000.state
    root: /content/drive/MyDrive/RestoreNet-width64
    experiments_root: /content/drive/MyDrive/RestoreNet-width64/experiments/RestoreNet-width64
    models: /content/drive/MyDrive/RestoreNet-width64/experiments/RestoreNet-width64/models
    training_states: /content/drive/MyDrive/RestoreNet-width64/experiments/RestoreNet-width64/training_states
    log: /content/drive/MyDrive/RestoreNet-width64/experiments/RestoreNet-width64
    visualization: /content/drive/MyDrive/RestoreNet-width64/experiments/RestoreNet-width64/visualization
  ]
  train:[
    optim_g:[
      type: AdamW
      lr: 0.001
      weight_decay: 0.001
      betas: [0.9, 0.9]
    ]
    scheduler:[
      type: TrueCosineAnnealingLR
      T_max: 400000
      eta_min: 1e-07
    ]
    total_iter: 200000
    warmup_iter: -1
    pixel_opt:[
      type: PSNRLoss
      loss_weight: 1
      reduction: mean
    ]
  ]
  val:[
    val_freq: 1000.0
    save_img: False
    metrics:[
      psnr:[
        type: calculate_psnr
        crop_border: 0
        test_y_channel: False
      ]
      ssim:[
        type: calculate_ssim
        crop_border: 0
        test_y_channel: False
      ]
    ]
  ]
  logger:[
    print_freq: 500
    save_checkpoint_freq: 2000.0
    use_tb_logger: True
    wandb:[
      project: None
      resume_id: None
    ]
  ]
  dist_params:[
    backend: gloo
    port: 4321
  ]
  is_train: True
  dist: True
  rank: 0
  world_size: 1

2023-06-18 12:28:26,548 INFO: Dataset PairedImageDataset - RestoreNet-train is created.
2023-06-18 12:28:26,548 INFO: Training statistics:
	Number of train images: 27675
	Dataset enlarge ratio: 1
	Batch size per gpu: 2
	World size (gpu number): 1
	Require iter number per epoch: 13838
	Total epochs: 15; iters: 200000.
2023-06-18 12:28:29,940 INFO: Dataset PairedImageDataset - RestoreNet-test is created.
2023-06-18 12:28:29,941 INFO: Number of val images/folders in RestoreNet-test: 80
2023-06-18 12:28:29,941 INFO: Set pretrain_network_g to /content/drive/MyDrive/RestoreNet-width64/experiments/RestoreNet-width64/models/net_g_86000.pth
2023-06-18 12:28:35,617 INFO: Loading RestoreNetLocal model from /content/drive/MyDrive/RestoreNet-width64/experiments/RestoreNet-width64/models/net_g_86000.pth.
2023-06-18 12:29:01,671 INFO: Model [ImageRestorationModel] is created.
2023-06-18 12:29:01,754 INFO: Resuming training from epoch: 4, iter: 86000.
2023-06-18 12:29:06,205 INFO: Start training from epoch: 4, iter: 86000
2023-06-18 12:39:28,888 INFO: [Resto..][epoch:  4, iter:  86,500, lr:(8.890e-04,)] [eta: 1 day, 15:27:53, time (data): 0.229 (0.001)] l_pix: -2.2343e+01 
2023-06-18 12:49:41,376 INFO: [Resto..][epoch:  4, iter:  87,000, lr:(8.878e-04,)] [eta: 1 day, 14:52:16, time (data): 0.229 (0.001)] l_pix: -3.7470e+01 
2023-06-18 12:53:20,530 INFO: Validation RestoreNet-test, 		 # psnr: 27.3610	 # ssim: 0.8518
2023-06-18 12:53:20,531 INFO: [Resto..][epoch:  4, iter:  87,000, lr:(8.878e-04,)] m_psnr: 2.7361e+01 m_ssim: 8.5184e-01 
2023-06-18 13:03:25,014 INFO: [Resto..][epoch:  4, iter:  87,500, lr:(8.865e-04,)] [eta: 1 day, 18:57:20, time (data): 2.296 (2.052)] l_pix: -2.7289e+01 
2023-06-18 13:13:30,943 INFO: [Resto..][epoch:  4, iter:  88,000, lr:(8.853e-04,)] [eta: 1 day, 17:29:58, time (data): 2.078 (1.846)] l_pix: -3.4965e+01 
2023-06-18 13:13:30,943 INFO: Saving models and training states.
2023-06-18 13:14:16,599 INFO: Validation RestoreNet-test, 		 # psnr: 27.3596	 # ssim: 0.8509
2023-06-18 13:14:16,600 INFO: [Resto..][epoch:  4, iter:  88,000, lr:(8.853e-04,)] m_psnr: 2.7360e+01 m_ssim: 8.5095e-01 
2023-06-18 13:24:28,534 INFO: [Resto..][epoch:  4, iter:  88,500, lr:(8.840e-04,)] [eta: 1 day, 17:11:53, time (data): 0.238 (0.001)] l_pix: -2.1226e+01 
2023-06-18 13:34:54,926 INFO: [Resto..][epoch:  4, iter:  89,000, lr:(8.828e-04,)] [eta: 1 day, 16:36:57, time (data): 0.230 (0.001)] l_pix: -3.0066e+01 
2023-06-18 13:35:36,177 INFO: Validation RestoreNet-test, 		 # psnr: 27.5043	 # ssim: 0.8545
2023-06-18 13:35:36,178 INFO: [Resto..][epoch:  4, iter:  89,000, lr:(8.828e-04,)] m_psnr: 2.7504e+01 m_ssim: 8.5452e-01 
2023-06-18 13:45:50,544 INFO: [Resto..][epoch:  4, iter:  89,500, lr:(8.815e-04,)] [eta: 1 day, 16:24:23, time (data): 2.162 (1.923)] l_pix: -3.0278e+01 
2023-06-18 13:56:04,153 INFO: [Resto..][epoch:  4, iter:  90,000, lr:(8.802e-04,)] [eta: 1 day, 15:52:58, time (data): 0.230 (0.001)] l_pix: -2.1428e+01 
2023-06-18 13:56:04,154 INFO: Saving models and training states.
2023-06-18 13:56:51,178 INFO: Validation RestoreNet-test, 		 # psnr: 27.4542	 # ssim: 0.8527
2023-06-18 13:56:51,178 INFO: [Resto..][epoch:  4, iter:  90,000, lr:(8.802e-04,)] m_psnr: 2.7454e+01 m_ssim: 8.5266e-01 
2023-06-18 14:09:29,477 INFO: [Resto..][epoch:  4, iter:  90,500, lr:(8.789e-04,)] [eta: 1 day, 16:44:00, time (data): 0.233 (0.001)] l_pix: -2.4036e+01 
2023-06-18 14:22:36,053 INFO: [Resto..][epoch:  4, iter:  91,000, lr:(8.777e-04,)] [eta: 1 day, 17:15:20, time (data): 0.812 (0.578)] l_pix: -3.0734e+01 
2023-06-18 14:23:17,117 INFO: Validation RestoreNet-test, 		 # psnr: 27.3944	 # ssim: 0.8532
2023-06-18 14:23:17,118 INFO: [Resto..][epoch:  4, iter:  91,000, lr:(8.777e-04,)] m_psnr: 2.7394e+01 m_ssim: 8.5320e-01 
2023-06-18 14:36:25,028 INFO: [Resto..][epoch:  4, iter:  91,500, lr:(8.764e-04,)] [eta: 1 day, 17:52:32, time (data): 2.632 (2.400)] l_pix: -2.1981e+01 
2023-06-18 14:49:31,821 INFO: [Resto..][epoch:  4, iter:  92,000, lr:(8.751e-04,)] [eta: 1 day, 18:08:34, time (data): 2.214 (1.982)] l_pix: -2.4409e+01 
2023-06-18 14:49:31,821 INFO: Saving models and training states.
2023-06-18 14:50:17,269 INFO: Validation RestoreNet-test, 		 # psnr: 27.4050	 # ssim: 0.8511
2023-06-18 14:50:17,270 INFO: [Resto..][epoch:  4, iter:  92,000, lr:(8.751e-04,)] m_psnr: 2.7405e+01 m_ssim: 8.5106e-01 
2023-06-18 15:03:20,246 INFO: [Resto..][epoch:  4, iter:  92,500, lr:(8.738e-04,)] [eta: 1 day, 18:31:36, time (data): 2.522 (2.291)] l_pix: -4.8466e+01 
2023-06-18 15:16:37,308 INFO: [Resto..][epoch:  4, iter:  93,000, lr:(8.725e-04,)] [eta: 1 day, 18:41:22, time (data): 2.841 (2.594)] l_pix: -2.2712e+01 
2023-06-18 15:17:18,533 INFO: Validation RestoreNet-test, 		 # psnr: 27.3310	 # ssim: 0.8526
2023-06-18 15:17:18,534 INFO: [Resto..][epoch:  4, iter:  93,000, lr:(8.725e-04,)] m_psnr: 2.7331e+01 m_ssim: 8.5264e-01 
2023-06-18 15:30:10,613 INFO: [Resto..][epoch:  4, iter:  93,500, lr:(8.711e-04,)] [eta: 1 day, 18:51:55, time (data): 0.242 (0.001)] l_pix: -2.2385e+01 
2023-06-18 15:43:24,553 INFO: [Resto..][epoch:  4, iter:  94,000, lr:(8.698e-04,)] [eta: 1 day, 18:55:11, time (data): 3.209 (2.969)] l_pix: -2.8903e+01 
2023-06-18 15:43:24,554 INFO: Saving models and training states.
2023-06-18 15:44:10,083 INFO: Validation RestoreNet-test, 		 # psnr: 27.3738	 # ssim: 0.8501
2023-06-18 15:44:10,084 INFO: [Resto..][epoch:  4, iter:  94,000, lr:(8.698e-04,)] m_psnr: 2.7374e+01 m_ssim: 8.5010e-01 
2023-06-18 15:57:08,261 INFO: [Resto..][epoch:  4, iter:  94,500, lr:(8.685e-04,)] [eta: 1 day, 19:02:39, time (data): 2.565 (2.317)] l_pix: -3.1080e+01 
2023-06-18 16:10:15,278 INFO: [Resto..][epoch:  4, iter:  95,000, lr:(8.672e-04,)] [eta: 1 day, 19:00:39, time (data): 0.230 (0.001)] l_pix: -2.8135e+01 
2023-06-18 16:10:56,608 INFO: Validation RestoreNet-test, 		 # psnr: 27.4963	 # ssim: 0.8562
2023-06-18 16:10:56,608 INFO: [Resto..][epoch:  4, iter:  95,000, lr:(8.672e-04,)] m_psnr: 2.7496e+01 m_ssim: 8.5617e-01 
2023-06-18 16:23:52,155 INFO: [Resto..][epoch:  4, iter:  95,500, lr:(8.658e-04,)] [eta: 1 day, 19:02:56, time (data): 1.235 (1.004)] l_pix: -3.0199e+01 
2023-06-18 16:36:48,385 INFO: [Resto..][epoch:  4, iter:  96,000, lr:(8.645e-04,)] [eta: 1 day, 18:56:36, time (data): 0.233 (0.001)] l_pix: -3.0413e+01 
2023-06-18 16:36:48,386 INFO: Saving models and training states.
2023-06-18 16:37:36,402 INFO: Validation RestoreNet-test, 		 # psnr: 27.3589	 # ssim: 0.8500
2023-06-18 16:37:36,403 INFO: [Resto..][epoch:  4, iter:  96,000, lr:(8.645e-04,)] m_psnr: 2.7359e+01 m_ssim: 8.4997e-01 
2023-06-18 16:50:17,446 INFO: [Resto..][epoch:  4, iter:  96,500, lr:(8.632e-04,)] [eta: 1 day, 18:55:01, time (data): 0.230 (0.001)] l_pix: -2.0039e+01 
2023-06-18 17:02:56,741 INFO: [Resto..][epoch:  4, iter:  97,000, lr:(8.618e-04,)] [eta: 1 day, 18:44:35, time (data): 2.129 (1.895)] l_pix: -1.9790e+01 
2023-06-18 17:03:37,955 INFO: Validation RestoreNet-test, 		 # psnr: 27.4102	 # ssim: 0.8548
2023-06-18 17:03:37,956 INFO: [Resto..][epoch:  4, iter:  97,000, lr:(8.618e-04,)] m_psnr: 2.7410e+01 m_ssim: 8.5483e-01 
2023-06-18 17:16:31,336 INFO: [Resto..][epoch:  4, iter:  97,500, lr:(8.604e-04,)] [eta: 1 day, 18:42:11, time (data): 2.777 (2.545)] l_pix: -4.3917e+01 
2023-06-18 17:29:13,227 INFO: [Resto..][epoch:  4, iter:  98,000, lr:(8.591e-04,)] [eta: 1 day, 18:31:23, time (data): 0.231 (0.001)] l_pix: -2.4015e+01 
2023-06-18 17:29:13,228 INFO: Saving models and training states.
2023-06-18 17:30:03,492 INFO: Validation RestoreNet-test, 		 # psnr: 27.3818	 # ssim: 0.8546
2023-06-18 17:30:03,493 INFO: [Resto..][epoch:  4, iter:  98,000, lr:(8.591e-04,)] m_psnr: 2.7382e+01 m_ssim: 8.5462e-01 
