2023-06-18 10:13:08,428 INFO: 
                ____                _       _____  ____
               / __ ) ____ _ _____ (_)_____/ ___/ / __ \
              / __  |/ __ `// ___// // ___/\__ \ / /_/ /
             / /_/ // /_/ /(__  )/ // /__ ___/ // _, _/
            /_____/ \__,_//____//_/ \___//____//_/ |_|
     ______                   __   __                 __      __
    / ____/____   ____   ____/ /  / /   __  __ _____ / /__   / /
   / / __ / __ \ / __ \ / __  /  / /   / / / // ___// //_/  / /
  / /_/ // /_/ // /_/ // /_/ /  / /___/ /_/ // /__ / /<    /_/
  \____/ \____/ \____/ \____/  /_____/\____/ \___//_/|_|  (_)
    
Version Information: 
	BasicSR: 1.2.0+386ca20
	PyTorch: 2.0.1+cu118
	TorchVision: 0.15.2+cu118
2023-06-18 10:13:08,429 INFO: 
  name: RestoreNet-width64
  model_type: ImageRestorationModel
  scale: 1
  num_gpu: 1
  manual_seed: 10
  datasets:[
    train:[
      name: RestoreNet-train
      type: PairedImageDataset
      dataroot_lq: /content/drive/MyDrive/Data/ratio(5.5:2:2:0.5)/train/input
      dataroot_gt: /content/drive/MyDrive/Data/ratio(5.5:2:2:0.5)/train/output
      filename_tmpl: {}
      io_backend:[
        type: disk
      ]
      gt_size: 256
      use_flip: True
      use_rot: True
      use_shuffle: True
      num_worker_per_gpu: 2
      batch_size_per_gpu: 2
      dataset_enlarge_ratio: 1
      prefetch_mode: None
      phase: train
      scale: 1
    ]
    val:[
      name: RestoreNet-test
      type: PairedImageDataset
      dataroot_lq: /content/drive/MyDrive/check/testdata/lq
      dataroot_gt: /content/drive/MyDrive/check/testdata/gt
      io_backend:[
        type: disk
      ]
      phase: val
      scale: 1
    ]
  ]
  network_g:[
    type: RestoreNetLocal
    width_deblur: 64
    enc_blk_nums_deblur: [1, 1, 1, 28]
    middle_blk_num_deblur: 1
    dec_blk_nums_deblur: [1, 1, 1, 1]
    dw_expand_deblur: 2
    ffn_expand_deblur: 2
    width_denoise: 64
    enc_blk_nums_denoise: [2, 2, 4, 8]
    middle_blk_num_denoise: 12
    dec_blk_nums_denoise: [2, 2, 2, 2]
    dw_expand_denoise: 2
    ffn_expand_denoise: 2
  ]
  path:[
    pretrain_network_g: None
    strict_load_g: True
    resume_state: experiments/RestoreNet-width64/training_states/82000.state
    root: /content/drive/MyDrive/RestoreNet-width64
    experiments_root: /content/drive/MyDrive/RestoreNet-width64/experiments/RestoreNet-width64
    models: /content/drive/MyDrive/RestoreNet-width64/experiments/RestoreNet-width64/models
    training_states: /content/drive/MyDrive/RestoreNet-width64/experiments/RestoreNet-width64/training_states
    log: /content/drive/MyDrive/RestoreNet-width64/experiments/RestoreNet-width64
    visualization: /content/drive/MyDrive/RestoreNet-width64/experiments/RestoreNet-width64/visualization
  ]
  train:[
    optim_g:[
      type: AdamW
      lr: 0.001
      weight_decay: 0.001
      betas: [0.9, 0.9]
    ]
    scheduler:[
      type: TrueCosineAnnealingLR
      T_max: 400000
      eta_min: 1e-07
    ]
    total_iter: 200000
    warmup_iter: -1
    pixel_opt:[
      type: PSNRLoss
      loss_weight: 1
      reduction: mean
    ]
  ]
  val:[
    val_freq: 1000.0
    save_img: False
    metrics:[
      psnr:[
        type: calculate_psnr
        crop_border: 0
        test_y_channel: False
      ]
      ssim:[
        type: calculate_ssim
        crop_border: 0
        test_y_channel: False
      ]
    ]
  ]
  logger:[
    print_freq: 500
    save_checkpoint_freq: 2000.0
    use_tb_logger: True
    wandb:[
      project: None
      resume_id: None
    ]
  ]
  dist_params:[
    backend: gloo
    port: 4321
  ]
  is_train: True
  dist: True
  rank: 0
  world_size: 1

2023-06-18 10:13:30,505 INFO: Dataset PairedImageDataset - RestoreNet-train is created.
2023-06-18 10:13:30,506 INFO: Training statistics:
	Number of train images: 27675
	Dataset enlarge ratio: 1
	Batch size per gpu: 2
	World size (gpu number): 1
	Require iter number per epoch: 13838
	Total epochs: 15; iters: 200000.
2023-06-18 10:13:32,629 INFO: Dataset PairedImageDataset - RestoreNet-test is created.
2023-06-18 10:13:32,630 INFO: Number of val images/folders in RestoreNet-test: 80
2023-06-18 10:13:32,630 INFO: Set pretrain_network_g to /content/drive/MyDrive/RestoreNet-width64/experiments/RestoreNet-width64/models/net_g_82000.pth
2023-06-18 10:13:42,156 INFO: Loading RestoreNetLocal model from /content/drive/MyDrive/RestoreNet-width64/experiments/RestoreNet-width64/models/net_g_82000.pth.
2023-06-18 10:14:28,448 INFO: Model [ImageRestorationModel] is created.
2023-06-18 10:14:28,524 INFO: Resuming training from epoch: 4, iter: 82000.
2023-06-18 10:14:32,947 INFO: Start training from epoch: 4, iter: 82000
2023-06-18 10:27:57,906 INFO: [Resto..][epoch:  4, iter:  82,500, lr:(8.987e-04,)] [eta: 2 days, 4:43:43, time (data): 2.468 (1.700)] l_pix: -2.2306e+01 
2023-06-18 10:40:54,395 INFO: [Resto..][epoch:  4, iter:  83,000, lr:(8.975e-04,)] [eta: 2 days, 3:29:19, time (data): 2.233 (1.493)] l_pix: -3.7260e+01 
2023-06-18 10:48:51,474 INFO: Validation RestoreNet-test, 		 # psnr: 27.3450	 # ssim: 0.8527
2023-06-18 10:48:51,475 INFO: [Resto..][epoch:  4, iter:  83,000, lr:(8.975e-04,)] m_psnr: 2.7345e+01 m_ssim: 8.5268e-01 
2023-06-18 11:01:51,179 INFO: [Resto..][epoch:  4, iter:  83,500, lr:(8.963e-04,)] [eta: 2 days, 13:17:10, time (data): 0.748 (0.001)] l_pix: -2.6967e+01 
2023-06-18 11:14:50,788 INFO: [Resto..][epoch:  4, iter:  84,000, lr:(8.951e-04,)] [eta: 2 days, 10:19:44, time (data): 3.043 (2.222)] l_pix: -3.3732e+01 
2023-06-18 11:14:50,788 INFO: Saving models and training states.
2023-06-18 11:19:15,976 INFO: Validation RestoreNet-test, 		 # psnr: 27.4598	 # ssim: 0.8528
2023-06-18 11:19:15,977 INFO: [Resto..][epoch:  4, iter:  84,000, lr:(8.951e-04,)] m_psnr: 2.7460e+01 m_ssim: 8.5282e-01 
2023-06-18 11:32:07,086 INFO: [Resto..][epoch:  4, iter:  84,500, lr:(8.939e-04,)] [eta: 2 days, 11:45:37, time (data): 2.690 (1.867)] l_pix: -2.1341e+01 
2023-06-18 11:44:57,610 INFO: [Resto..][epoch:  4, iter:  85,000, lr:(8.927e-04,)] [eta: 2 days, 9:47:23, time (data): 2.622 (1.833)] l_pix: -3.0043e+01 
2023-06-18 11:49:14,913 INFO: Validation RestoreNet-test, 		 # psnr: 27.4794	 # ssim: 0.8537
2023-06-18 11:49:14,914 INFO: [Resto..][epoch:  4, iter:  85,000, lr:(8.927e-04,)] m_psnr: 2.7479e+01 m_ssim: 8.5366e-01 
2023-06-18 12:01:51,178 INFO: [Resto..][epoch:  4, iter:  85,500, lr:(8.915e-04,)] [eta: 2 days, 10:31:44, time (data): 2.371 (1.625)] l_pix: -2.9780e+01 
2023-06-18 12:14:37,537 INFO: [Resto..][epoch:  4, iter:  86,000, lr:(8.902e-04,)] [eta: 2 days, 9:03:23, time (data): 2.522 (1.752)] l_pix: -2.1309e+01 
2023-06-18 12:14:37,538 INFO: Saving models and training states.
2023-06-18 12:19:02,937 INFO: Validation RestoreNet-test, 		 # psnr: 27.3525	 # ssim: 0.8512
2023-06-18 12:19:02,938 INFO: [Resto..][epoch:  4, iter:  86,000, lr:(8.902e-04,)] m_psnr: 2.7352e+01 m_ssim: 8.5119e-01 
