2023-06-16 01:23:38,029 INFO: 
                ____                _       _____  ____
               / __ ) ____ _ _____ (_)_____/ ___/ / __ \
              / __  |/ __ `// ___// // ___/\__ \ / /_/ /
             / /_/ // /_/ /(__  )/ // /__ ___/ // _, _/
            /_____/ \__,_//____//_/ \___//____//_/ |_|
     ______                   __   __                 __      __
    / ____/____   ____   ____/ /  / /   __  __ _____ / /__   / /
   / / __ / __ \ / __ \ / __  /  / /   / / / // ___// //_/  / /
  / /_/ // /_/ // /_/ // /_/ /  / /___/ /_/ // /__ / /<    /_/
  \____/ \____/ \____/ \____/  /_____/\____/ \___//_/|_|  (_)
    
Version Information: 
	BasicSR: 1.2.0+386ca20
	PyTorch: 2.0.1+cu118
	TorchVision: 0.15.2+cu118
2023-06-16 01:23:38,030 INFO: 
  name: RestoreNet-width64
  model_type: ImageRestorationModel
  scale: 1
  num_gpu: 1
  manual_seed: 10
  datasets:[
    train:[
      name: RestoreNet-train
      type: PairedImageDataset
      dataroot_lq: /content/drive/MyDrive/Data/select/ratio(13:3:3:1)/input
      dataroot_gt: /content/drive/MyDrive/Data/select/ratio(13:3:3:1)/output
      filename_tmpl: {}
      io_backend:[
        type: disk
      ]
      gt_size: 256
      use_flip: True
      use_rot: True
      use_shuffle: True
      num_worker_per_gpu: 2
      batch_size_per_gpu: 2
      dataset_enlarge_ratio: 1
      prefetch_mode: None
      phase: train
      scale: 1
    ]
    val:[
      name: RestoreNet-test
      type: PairedImageDataset
      dataroot_lq: /content/drive/MyDrive/Data/select/ratio(13:3:3:1)/validation/input
      dataroot_gt: /content/drive/MyDrive/Data/select/ratio(13:3:3:1)/validation/output
      io_backend:[
        type: disk
      ]
      phase: val
      scale: 1
    ]
  ]
  network_g:[
    type: RestoreNetLocal
    width_deblur: 64
    enc_blk_nums_deblur: [1, 1, 1, 28]
    middle_blk_num_deblur: 1
    dec_blk_nums_deblur: [1, 1, 1, 1]
    dw_expand_deblur: 2
    ffn_expand_deblur: 2
    width_denoise: 64
    enc_blk_nums_denoise: [2, 2, 4, 8]
    middle_blk_num_denoise: 12
    dec_blk_nums_denoise: [2, 2, 2, 2]
    dw_expand_denoise: 2
    ffn_expand_denoise: 2
  ]
  path:[
    pretrain_network_g: None
    strict_load_g: True
    resume_state: None
    root: /content/drive/MyDrive/YJ/RestorNet-width64
    experiments_root: /content/drive/MyDrive/YJ/RestorNet-width64/experiments/RestoreNet-width64
    models: /content/drive/MyDrive/YJ/RestorNet-width64/experiments/RestoreNet-width64/models
    training_states: /content/drive/MyDrive/YJ/RestorNet-width64/experiments/RestoreNet-width64/training_states
    log: /content/drive/MyDrive/YJ/RestorNet-width64/experiments/RestoreNet-width64
    visualization: /content/drive/MyDrive/YJ/RestorNet-width64/experiments/RestoreNet-width64/visualization
  ]
  train:[
    optim_g:[
      type: AdamW
      lr: 0.001
      weight_decay: 0.001
      betas: [0.9, 0.9]
    ]
    scheduler:[
      type: TrueCosineAnnealingLR
      T_max: 400000
      eta_min: 1e-07
    ]
    total_iter: 400000
    warmup_iter: -1
    pixel_opt:[
      type: PSNRLoss
      loss_weight: 1
      reduction: mean
    ]
  ]
  val:[
    val_freq: 1000.0
    save_img: False
    metrics:[
      psnr:[
        type: calculate_psnr
        crop_border: 0
        test_y_channel: False
      ]
      ssim:[
        type: calculate_ssim
        crop_border: 0
        test_y_channel: False
      ]
    ]
  ]
  logger:[
    print_freq: 200
    save_checkpoint_freq: 5000.0
    use_tb_logger: True
    wandb:[
      project: None
      resume_id: None
    ]
  ]
  dist_params:[
    backend: gloo
    port: 4321
  ]
  is_train: True
  dist: True
  rank: 0
  world_size: 1

2023-06-16 01:23:47,808 INFO: Dataset PairedImageDataset - RestoreNet-train is created.
2023-06-16 01:23:47,808 INFO: Training statistics:
	Number of train images: 28696
	Dataset enlarge ratio: 1
	Batch size per gpu: 2
	World size (gpu number): 1
	Require iter number per epoch: 14348
	Total epochs: 28; iters: 400000.
2023-06-16 01:23:48,380 INFO: Dataset PairedImageDataset - RestoreNet-test is created.
2023-06-16 01:23:48,380 INFO: Number of val images/folders in RestoreNet-test: 30
2023-06-16 01:23:54,714 INFO: Model [ImageRestorationModel] is created.
2023-06-16 01:23:59,150 INFO: Start training from epoch: 0, iter: 0
2023-06-16 01:28:22,793 INFO: [Resto..][epoch:  0, iter:     200, lr:(1.000e-03,)] [eta: 6 days, 4:07:01, time (data): 0.719 (0.001)] l_pix: -2.5213e+01 
2023-06-16 01:32:40,775 INFO: [Resto..][epoch:  0, iter:     400, lr:(1.000e-03,)] [eta: 6 days, 1:37:02, time (data): 0.713 (0.001)] l_pix: -3.2461e+01 
2023-06-16 01:36:58,125 INFO: [Resto..][epoch:  0, iter:     600, lr:(1.000e-03,)] [eta: 6 days, 0:37:01, time (data): 1.964 (1.262)] l_pix: -3.0295e+01 
2023-06-16 01:41:31,371 INFO: [Resto..][epoch:  0, iter:     800, lr:(1.000e-03,)] [eta: 6 days, 2:16:51, time (data): 2.085 (1.383)] l_pix: -2.2584e+01 
2023-06-16 01:45:58,457 INFO: [Resto..][epoch:  0, iter:   1,000, lr:(1.000e-03,)] [eta: 6 days, 2:34:03, time (data): 1.655 (0.958)] l_pix: -3.4748e+01 
2023-06-16 01:47:16,757 INFO: Validation RestoreNet-test, 		 # psnr: 21.8253	 # ssim: 0.7036
2023-06-16 01:47:16,758 INFO: [Resto..][epoch:  0, iter:   1,000, lr:(1.000e-03,)] m_psnr: 2.1825e+01 m_ssim: 7.0360e-01 
2023-06-16 01:51:31,717 INFO: [Resto..][epoch:  0, iter:   1,200, lr:(1.000e-03,)] [eta: 6 days, 8:50:17, time (data): 1.741 (1.040)] l_pix: -3.0649e+01 
2023-06-16 01:55:48,931 INFO: [Resto..][epoch:  0, iter:   1,400, lr:(1.000e-03,)] [eta: 6 days, 7:16:54, time (data): 0.718 (0.002)] l_pix: -2.8491e+01 
2023-06-16 02:00:26,791 INFO: [Resto..][epoch:  0, iter:   1,600, lr:(1.000e-03,)] [eta: 6 days, 7:31:24, time (data): 1.770 (1.068)] l_pix: -3.5512e+01 
2023-06-16 02:04:59,021 INFO: [Resto..][epoch:  0, iter:   1,800, lr:(1.000e-03,)] [eta: 6 days, 7:20:55, time (data): 0.722 (0.001)] l_pix: -2.9831e+01 
2023-06-16 02:09:20,918 INFO: [Resto..][epoch:  0, iter:   2,000, lr:(9.999e-04,)] [eta: 6 days, 6:37:21, time (data): 1.916 (1.211)] l_pix: -3.8885e+01 
2023-06-16 02:09:42,895 INFO: Validation RestoreNet-test, 		 # psnr: 21.5798	 # ssim: 0.6847
2023-06-16 02:09:42,896 INFO: [Resto..][epoch:  0, iter:   2,000, lr:(9.999e-04,)] m_psnr: 2.1580e+01 m_ssim: 6.8471e-01 
2023-06-16 02:14:03,352 INFO: [Resto..][epoch:  0, iter:   2,200, lr:(9.999e-04,)] [eta: 6 days, 7:02:47, time (data): 0.720 (0.001)] l_pix: -4.6592e+01 
2023-06-16 02:18:39,577 INFO: [Resto..][epoch:  0, iter:   2,400, lr:(9.999e-04,)] [eta: 6 days, 7:06:04, time (data): 0.723 (0.001)] l_pix: -2.7389e+01 
2023-06-16 02:23:04,026 INFO: [Resto..][epoch:  0, iter:   2,600, lr:(9.999e-04,)] [eta: 6 days, 6:38:08, time (data): 0.711 (0.001)] l_pix: -4.4827e+01 
2023-06-16 02:27:29,736 INFO: [Resto..][epoch:  0, iter:   2,800, lr:(9.999e-04,)] [eta: 6 days, 6:16:33, time (data): 1.795 (1.097)] l_pix: -1.9047e+01 
2023-06-16 02:31:54,268 INFO: [Resto..][epoch:  0, iter:   3,000, lr:(9.999e-04,)] [eta: 6 days, 5:54:39, time (data): 2.040 (1.340)] l_pix: -2.2174e+01 
2023-06-16 02:32:16,171 INFO: Validation RestoreNet-test, 		 # psnr: 21.6166	 # ssim: 0.6840
2023-06-16 02:32:16,172 INFO: [Resto..][epoch:  0, iter:   3,000, lr:(9.999e-04,)] m_psnr: 2.1617e+01 m_ssim: 6.8399e-01 
2023-06-16 02:36:34,568 INFO: [Resto..][epoch:  0, iter:   3,200, lr:(9.998e-04,)] [eta: 6 days, 6:07:31, time (data): 0.715 (0.002)] l_pix: -2.8794e+01 
2023-06-16 02:40:55,923 INFO: [Resto..][epoch:  0, iter:   3,400, lr:(9.998e-04,)] [eta: 6 days, 5:41:30, time (data): 1.660 (0.960)] l_pix: -4.8427e+01 
2023-06-16 02:45:19,530 INFO: [Resto..][epoch:  0, iter:   3,600, lr:(9.998e-04,)] [eta: 6 days, 5:22:01, time (data): 1.634 (0.928)] l_pix: -3.6944e+01 
2023-06-16 02:49:45,298 INFO: [Resto..][epoch:  0, iter:   3,800, lr:(9.998e-04,)] [eta: 6 days, 5:07:53, time (data): 1.864 (1.163)] l_pix: -4.9315e+01 
2023-06-16 02:54:14,246 INFO: [Resto..][epoch:  0, iter:   4,000, lr:(9.998e-04,)] [eta: 6 days, 4:59:58, time (data): 1.692 (0.991)] l_pix: -1.8655e+01 
2023-06-16 02:54:36,123 INFO: Validation RestoreNet-test, 		 # psnr: 21.9499	 # ssim: 0.7058
2023-06-16 02:54:36,124 INFO: [Resto..][epoch:  0, iter:   4,000, lr:(9.998e-04,)] m_psnr: 2.1950e+01 m_ssim: 7.0579e-01 
2023-06-16 02:59:00,969 INFO: [Resto..][epoch:  0, iter:   4,200, lr:(9.997e-04,)] [eta: 6 days, 5:20:17, time (data): 0.712 (0.002)] l_pix: -3.4637e+01 
2023-06-16 03:03:43,916 INFO: [Resto..][epoch:  0, iter:   4,400, lr:(9.997e-04,)] [eta: 6 days, 5:32:39, time (data): 2.024 (1.325)] l_pix: -2.0139e+01 
2023-06-16 03:08:23,356 INFO: [Resto..][epoch:  0, iter:   4,600, lr:(9.997e-04,)] [eta: 6 days, 5:38:32, time (data): 2.031 (1.327)] l_pix: -1.8216e+01 
2023-06-16 03:13:02,651 INFO: [Resto..][epoch:  0, iter:   4,800, lr:(9.996e-04,)] [eta: 6 days, 5:43:19, time (data): 2.632 (1.860)] l_pix: -3.6691e+01 
2023-06-16 03:17:40,102 INFO: [Resto..][epoch:  0, iter:   5,000, lr:(9.996e-04,)] [eta: 6 days, 5:44:56, time (data): 1.093 (0.389)] l_pix: -2.7045e+01 
2023-06-16 03:17:40,103 INFO: Saving models and training states.
2023-06-16 03:18:06,521 INFO: Validation RestoreNet-test, 		 # psnr: 22.2090	 # ssim: 0.7253
2023-06-16 03:18:06,521 INFO: [Resto..][epoch:  0, iter:   5,000, lr:(9.996e-04,)] m_psnr: 2.2209e+01 m_ssim: 7.2534e-01 
2023-06-16 03:22:45,717 INFO: [Resto..][epoch:  0, iter:   5,200, lr:(9.996e-04,)] [eta: 6 days, 6:21:42, time (data): 1.781 (1.086)] l_pix: -3.4625e+01 
2023-06-16 03:27:28,594 INFO: [Resto..][epoch:  0, iter:   5,400, lr:(9.996e-04,)] [eta: 6 days, 6:27:40, time (data): 1.571 (0.865)] l_pix: -1.7369e+01 
2023-06-16 03:32:04,817 INFO: [Resto..][epoch:  0, iter:   5,600, lr:(9.995e-04,)] [eta: 6 days, 6:25:04, time (data): 1.725 (1.022)] l_pix: -2.7287e+01 
2023-06-16 03:36:41,317 INFO: [Resto..][epoch:  0, iter:   5,800, lr:(9.995e-04,)] [eta: 6 days, 6:22:39, time (data): 2.535 (1.835)] l_pix: -2.0189e+01 
2023-06-16 03:41:16,802 INFO: [Resto..][epoch:  0, iter:   6,000, lr:(9.994e-04,)] [eta: 6 days, 6:18:58, time (data): 0.710 (0.001)] l_pix: -4.6507e+01 
2023-06-16 03:41:38,729 INFO: Validation RestoreNet-test, 		 # psnr: 22.1763	 # ssim: 0.7204
2023-06-16 03:41:38,730 INFO: [Resto..][epoch:  0, iter:   6,000, lr:(9.994e-04,)] m_psnr: 2.2176e+01 m_ssim: 7.2044e-01 
2023-06-16 03:46:11,870 INFO: [Resto..][epoch:  0, iter:   6,200, lr:(9.994e-04,)] [eta: 6 days, 6:35:58, time (data): 0.718 (0.001)] l_pix: -3.6482e+01 
2023-06-16 03:50:52,911 INFO: [Resto..][epoch:  0, iter:   6,400, lr:(9.994e-04,)] [eta: 6 days, 6:37:12, time (data): 0.719 (0.001)] l_pix: -3.4384e+01 
2023-06-16 03:55:39,351 INFO: [Resto..][epoch:  0, iter:   6,600, lr:(9.993e-04,)] [eta: 6 days, 6:43:27, time (data): 2.224 (1.521)] l_pix: -2.4234e+01 
2023-06-16 04:00:30,772 INFO: [Resto..][epoch:  0, iter:   6,800, lr:(9.993e-04,)] [eta: 6 days, 6:53:51, time (data): 2.154 (1.453)] l_pix: -3.0757e+01 
2023-06-16 04:05:29,984 INFO: [Resto..][epoch:  0, iter:   7,000, lr:(9.992e-04,)] [eta: 6 days, 7:10:41, time (data): 2.355 (1.652)] l_pix: -4.3146e+01 
2023-06-16 04:05:51,930 INFO: Validation RestoreNet-test, 		 # psnr: 22.2874	 # ssim: 0.7307
2023-06-16 04:05:51,931 INFO: [Resto..][epoch:  0, iter:   7,000, lr:(9.992e-04,)] m_psnr: 2.2287e+01 m_ssim: 7.3070e-01 
2023-06-16 04:10:43,500 INFO: [Resto..][epoch:  0, iter:   7,200, lr:(9.992e-04,)] [eta: 6 days, 7:39:17, time (data): 0.718 (0.001)] l_pix: -3.4930e+01 
2023-06-16 04:15:38,823 INFO: [Resto..][epoch:  0, iter:   7,400, lr:(9.992e-04,)] [eta: 6 days, 7:49:59, time (data): 0.895 (0.188)] l_pix: -3.9543e+01 
2023-06-16 04:20:32,046 INFO: [Resto..][epoch:  0, iter:   7,600, lr:(9.991e-04,)] [eta: 6 days, 7:58:03, time (data): 0.718 (0.001)] l_pix: -3.4160e+01 
2023-06-16 04:25:27,232 INFO: [Resto..][epoch:  0, iter:   7,800, lr:(9.991e-04,)] [eta: 6 days, 8:07:06, time (data): 1.848 (1.147)] l_pix: -5.1074e+01 
2023-06-16 04:30:23,742 INFO: [Resto..][epoch:  0, iter:   8,000, lr:(9.990e-04,)] [eta: 6 days, 8:16:32, time (data): 1.973 (1.294)] l_pix: -3.3001e+01 
2023-06-16 04:30:44,874 INFO: Validation RestoreNet-test, 		 # psnr: 22.1895	 # ssim: 0.7260
2023-06-16 04:30:44,875 INFO: [Resto..][epoch:  0, iter:   8,000, lr:(9.990e-04,)] m_psnr: 2.2189e+01 m_ssim: 7.2598e-01 
2023-06-16 04:35:48,916 INFO: [Resto..][epoch:  0, iter:   8,200, lr:(9.990e-04,)] [eta: 6 days, 8:48:05, time (data): 3.465 (2.689)] l_pix: -3.7683e+01 
2023-06-16 04:40:46,708 INFO: [Resto..][epoch:  0, iter:   8,400, lr:(9.989e-04,)] [eta: 6 days, 8:56:36, time (data): 2.044 (1.344)] l_pix: -1.6902e+01 
2023-06-16 04:45:39,235 INFO: [Resto..][epoch:  0, iter:   8,600, lr:(9.989e-04,)] [eta: 6 days, 9:00:30, time (data): 0.697 (0.001)] l_pix: -5.1864e+01 
2023-06-16 04:50:33,247 INFO: [Resto..][epoch:  0, iter:   8,800, lr:(9.988e-04,)] [eta: 6 days, 9:05:07, time (data): 0.765 (0.059)] l_pix: -3.7446e+01 
2023-06-16 04:55:27,277 INFO: [Resto..][epoch:  0, iter:   9,000, lr:(9.988e-04,)] [eta: 6 days, 9:09:18, time (data): 2.129 (1.448)] l_pix: -4.2010e+01 
2023-06-16 04:55:48,404 INFO: Validation RestoreNet-test, 		 # psnr: 22.3786	 # ssim: 0.7335
2023-06-16 04:55:48,405 INFO: [Resto..][epoch:  0, iter:   9,000, lr:(9.988e-04,)] m_psnr: 2.2379e+01 m_ssim: 7.3355e-01 
2023-06-16 05:00:38,355 INFO: [Resto..][epoch:  0, iter:   9,200, lr:(9.987e-04,)] [eta: 6 days, 9:25:10, time (data): 1.117 (0.435)] l_pix: -2.6781e+01 
2023-06-16 05:05:32,567 INFO: [Resto..][epoch:  0, iter:   9,400, lr:(9.986e-04,)] [eta: 6 days, 9:28:28, time (data): 2.295 (1.596)] l_pix: -2.6930e+01 
2023-06-16 05:10:32,989 INFO: [Resto..][epoch:  0, iter:   9,600, lr:(9.986e-04,)] [eta: 6 days, 9:35:37, time (data): 0.697 (0.001)] l_pix: -3.7647e+01 
2023-06-16 05:15:24,763 INFO: [Resto..][epoch:  0, iter:   9,800, lr:(9.985e-04,)] [eta: 6 days, 9:36:32, time (data): 0.724 (0.001)] l_pix: -3.5104e+01 
2023-06-16 05:20:17,657 INFO: [Resto..][epoch:  0, iter:  10,000, lr:(9.985e-04,)] [eta: 6 days, 9:37:58, time (data): 0.708 (0.001)] l_pix: -2.5610e+01 
2023-06-16 05:20:17,657 INFO: Saving models and training states.
2023-06-16 05:20:44,213 INFO: Validation RestoreNet-test, 		 # psnr: 22.3897	 # ssim: 0.7398
2023-06-16 05:20:44,213 INFO: [Resto..][epoch:  0, iter:  10,000, lr:(9.985e-04,)] m_psnr: 2.2390e+01 m_ssim: 7.3981e-01 
2023-06-16 05:25:32,550 INFO: [Resto..][epoch:  0, iter:  10,200, lr:(9.984e-04,)] [eta: 6 days, 9:53:08, time (data): 0.717 (0.001)] l_pix: -2.7275e+01 
2023-06-16 05:30:24,500 INFO: [Resto..][epoch:  0, iter:  10,400, lr:(9.983e-04,)] [eta: 6 days, 9:53:13, time (data): 0.721 (0.002)] l_pix: -2.4348e+01 
2023-06-16 05:35:16,996 INFO: [Resto..][epoch:  0, iter:  10,600, lr:(9.983e-04,)] [eta: 6 days, 9:53:26, time (data): 1.739 (1.038)] l_pix: -2.8871e+01 
2023-06-16 05:40:13,615 INFO: [Resto..][epoch:  0, iter:  10,800, lr:(9.982e-04,)] [eta: 6 days, 9:55:57, time (data): 0.725 (0.001)] l_pix: -3.0494e+01 
2023-06-16 05:45:03,342 INFO: [Resto..][epoch:  0, iter:  11,000, lr:(9.981e-04,)] [eta: 6 days, 9:54:07, time (data): 0.712 (0.001)] l_pix: -5.2614e+01 
2023-06-16 05:45:25,300 INFO: Validation RestoreNet-test, 		 # psnr: 22.3058	 # ssim: 0.7295
2023-06-16 05:45:25,301 INFO: [Resto..][epoch:  0, iter:  11,000, lr:(9.981e-04,)] m_psnr: 2.2306e+01 m_ssim: 7.2949e-01 
2023-06-16 05:50:10,863 INFO: [Resto..][epoch:  0, iter:  11,200, lr:(9.981e-04,)] [eta: 6 days, 10:02:29, time (data): 0.722 (0.001)] l_pix: -3.5357e+01 
2023-06-16 05:55:01,855 INFO: [Resto..][epoch:  0, iter:  11,400, lr:(9.980e-04,)] [eta: 6 days, 10:00:59, time (data): 0.710 (0.001)] l_pix: -3.5803e+01 
2023-06-16 05:59:57,724 INFO: [Resto..][epoch:  0, iter:  11,600, lr:(9.979e-04,)] [eta: 6 days, 10:02:05, time (data): 1.961 (1.258)] l_pix: -2.3002e+01 
2023-06-16 06:05:02,114 INFO: [Resto..][epoch:  0, iter:  11,800, lr:(9.979e-04,)] [eta: 6 days, 10:07:40, time (data): 2.399 (1.694)] l_pix: -4.4882e+01 
2023-06-16 06:10:03,968 INFO: [Resto..][epoch:  0, iter:  12,000, lr:(9.978e-04,)] [eta: 6 days, 10:11:31, time (data): 1.638 (0.937)] l_pix: -3.2351e+01 
2023-06-16 06:10:25,929 INFO: Validation RestoreNet-test, 		 # psnr: 22.2583	 # ssim: 0.7346
2023-06-16 06:10:25,930 INFO: [Resto..][epoch:  0, iter:  12,000, lr:(9.978e-04,)] m_psnr: 2.2258e+01 m_ssim: 7.3457e-01 
2023-06-16 06:15:27,173 INFO: [Resto..][epoch:  0, iter:  12,200, lr:(9.977e-04,)] [eta: 6 days, 10:26:23, time (data): 0.720 (0.001)] l_pix: -4.4102e+01 
2023-06-16 06:20:29,886 INFO: [Resto..][epoch:  0, iter:  12,400, lr:(9.976e-04,)] [eta: 6 days, 10:29:56, time (data): 2.547 (1.786)] l_pix: -1.9198e+01 
2023-06-16 06:25:30,613 INFO: [Resto..][epoch:  0, iter:  12,600, lr:(9.976e-04,)] [eta: 6 days, 10:32:11, time (data): 0.720 (0.001)] l_pix: -2.5192e+01 
2023-06-16 06:30:23,652 INFO: [Resto..][epoch:  0, iter:  12,800, lr:(9.975e-04,)] [eta: 6 days, 10:30:20, time (data): 0.719 (0.002)] l_pix: -3.8220e+01 
2023-06-16 06:35:19,760 INFO: [Resto..][epoch:  0, iter:  13,000, lr:(9.974e-04,)] [eta: 6 days, 10:29:55, time (data): 2.166 (1.464)] l_pix: -3.0746e+01 
2023-06-16 06:35:41,599 INFO: Validation RestoreNet-test, 		 # psnr: 22.3738	 # ssim: 0.7336
2023-06-16 06:35:41,599 INFO: [Resto..][epoch:  0, iter:  13,000, lr:(9.974e-04,)] m_psnr: 2.2374e+01 m_ssim: 7.3363e-01 
2023-06-16 06:40:31,129 INFO: [Resto..][epoch:  0, iter:  13,200, lr:(9.973e-04,)] [eta: 6 days, 10:36:48, time (data): 0.710 (0.001)] l_pix: -2.6903e+01 
2023-06-16 06:45:26,481 INFO: [Resto..][epoch:  0, iter:  13,400, lr:(9.972e-04,)] [eta: 6 days, 10:35:38, time (data): 2.267 (1.574)] l_pix: -5.7686e+01 
2023-06-16 06:50:22,955 INFO: [Resto..][epoch:  0, iter:  13,600, lr:(9.972e-04,)] [eta: 6 days, 10:34:54, time (data): 2.195 (1.496)] l_pix: -3.7594e+01 
2023-06-16 06:55:20,258 INFO: [Resto..][epoch:  0, iter:  13,800, lr:(9.971e-04,)] [eta: 6 days, 10:34:25, time (data): 1.809 (1.105)] l_pix: -3.9321e+01 
2023-06-16 07:00:12,979 INFO: [Resto..][epoch:  0, iter:  14,000, lr:(9.970e-04,)] [eta: 6 days, 10:31:42, time (data): 2.241 (1.538)] l_pix: -2.5851e+01 
2023-06-16 07:00:34,935 INFO: Validation RestoreNet-test, 		 # psnr: 22.3301	 # ssim: 0.7303
2023-06-16 07:00:34,936 INFO: [Resto..][epoch:  0, iter:  14,000, lr:(9.970e-04,)] m_psnr: 2.2330e+01 m_ssim: 7.3030e-01 
2023-06-16 07:05:26,418 INFO: [Resto..][epoch:  0, iter:  14,200, lr:(9.969e-04,)] [eta: 6 days, 10:38:18, time (data): 0.717 (0.001)] l_pix: -3.7053e+01 
2023-06-16 07:09:42,620 INFO: [Resto..][epoch:  1, iter:  14,400, lr:(9.968e-04,)] [eta: 6 days, 10:19:02, time (data): 0.706 (0.002)] l_pix: -3.3415e+01 
2023-06-16 07:12:04,132 INFO: [Resto..][epoch:  1, iter:  14,600, lr:(9.967e-04,)] [eta: 6 days, 9:09:44, time (data): 0.709 (0.002)] l_pix: -3.4637e+01 
2023-06-16 07:14:25,782 INFO: [Resto..][epoch:  1, iter:  14,800, lr:(9.966e-04,)] [eta: 6 days, 8:02:17, time (data): 0.708 (0.002)] l_pix: -2.1881e+01 
2023-06-16 07:16:47,436 INFO: [Resto..][epoch:  1, iter:  15,000, lr:(9.965e-04,)] [eta: 6 days, 6:56:35, time (data): 0.702 (0.002)] l_pix: -3.2386e+01 
2023-06-16 07:16:47,436 INFO: Saving models and training states.
2023-06-16 07:17:14,145 INFO: Validation RestoreNet-test, 		 # psnr: 22.2969	 # ssim: 0.7257
2023-06-16 07:17:14,146 INFO: [Resto..][epoch:  1, iter:  15,000, lr:(9.965e-04,)] m_psnr: 2.2297e+01 m_ssim: 7.2569e-01 
2023-06-16 07:19:36,079 INFO: [Resto..][epoch:  1, iter:  15,200, lr:(9.964e-04,)] [eta: 6 days, 6:03:56, time (data): 0.709 (0.002)] l_pix: -2.0727e+01 
2023-06-16 07:21:57,583 INFO: [Resto..][epoch:  1, iter:  15,400, lr:(9.963e-04,)] [eta: 6 days, 5:01:17, time (data): 0.708 (0.002)] l_pix: -5.7707e+01 
2023-06-16 07:24:19,053 INFO: [Resto..][epoch:  1, iter:  15,600, lr:(9.963e-04,)] [eta: 6 days, 4:00:10, time (data): 0.710 (0.002)] l_pix: -2.2151e+01 
