2023-06-16 21:25:04,622 INFO: 
                ____                _       _____  ____
               / __ ) ____ _ _____ (_)_____/ ___/ / __ \
              / __  |/ __ `// ___// // ___/\__ \ / /_/ /
             / /_/ // /_/ /(__  )/ // /__ ___/ // _, _/
            /_____/ \__,_//____//_/ \___//____//_/ |_|
     ______                   __   __                 __      __
    / ____/____   ____   ____/ /  / /   __  __ _____ / /__   / /
   / / __ / __ \ / __ \ / __  /  / /   / / / // ___// //_/  / /
  / /_/ // /_/ // /_/ // /_/ /  / /___/ /_/ // /__ / /<    /_/
  \____/ \____/ \____/ \____/  /_____/\____/ \___//_/|_|  (_)
    
Version Information: 
	BasicSR: 1.2.0+386ca20
	PyTorch: 2.0.1+cu118
	TorchVision: 0.15.2+cu118
2023-06-16 21:25:04,623 INFO: 
  name: RestoreNet-width64
  model_type: ImageRestorationModel
  scale: 1
  num_gpu: 1
  manual_seed: 10
  datasets:[
    train:[
      name: RestoreNet-train
      type: PairedImageDataset
      dataroot_lq: /content/drive/MyDrive/Data/select/ratio(13:3:3:1)/input
      dataroot_gt: /content/drive/MyDrive/Data/select/ratio(13:3:3:1)/output
      filename_tmpl: {}
      io_backend:[
        type: disk
      ]
      gt_size: 256
      use_flip: True
      use_rot: True
      use_shuffle: True
      num_worker_per_gpu: 2
      batch_size_per_gpu: 2
      dataset_enlarge_ratio: 1
      prefetch_mode: None
      phase: train
      scale: 1
    ]
    val:[
      name: RestoreNet-test
      type: PairedImageDataset
      dataroot_lq: /content/drive/MyDrive/Data/select/ratio(13:3:3:1)/validation/input
      dataroot_gt: /content/drive/MyDrive/Data/select/ratio(13:3:3:1)/validation/output
      io_backend:[
        type: disk
      ]
      phase: val
      scale: 1
    ]
  ]
  network_g:[
    type: RestoreNetLocal
    width_deblur: 64
    enc_blk_nums_deblur: [1, 1, 1, 28]
    middle_blk_num_deblur: 1
    dec_blk_nums_deblur: [1, 1, 1, 1]
    dw_expand_deblur: 2
    ffn_expand_deblur: 2
    width_denoise: 64
    enc_blk_nums_denoise: [2, 2, 4, 8]
    middle_blk_num_denoise: 12
    dec_blk_nums_denoise: [2, 2, 2, 2]
    dw_expand_denoise: 2
    ffn_expand_denoise: 2
  ]
  path:[
    pretrain_network_g: None
    strict_load_g: True
    resume_state: experiments/RestoreNet-width64/training_states/45000.state
    root: /content/drive/MyDrive/YJ/RestorNet-width64
    experiments_root: /content/drive/MyDrive/YJ/RestorNet-width64/experiments/RestoreNet-width64
    models: /content/drive/MyDrive/YJ/RestorNet-width64/experiments/RestoreNet-width64/models
    training_states: /content/drive/MyDrive/YJ/RestorNet-width64/experiments/RestoreNet-width64/training_states
    log: /content/drive/MyDrive/YJ/RestorNet-width64/experiments/RestoreNet-width64
    visualization: /content/drive/MyDrive/YJ/RestorNet-width64/experiments/RestoreNet-width64/visualization
  ]
  train:[
    optim_g:[
      type: AdamW
      lr: 0.001
      weight_decay: 0.001
      betas: [0.9, 0.9]
    ]
    scheduler:[
      type: TrueCosineAnnealingLR
      T_max: 400000
      eta_min: 1e-07
    ]
    total_iter: 400000
    warmup_iter: -1
    pixel_opt:[
      type: PSNRLoss
      loss_weight: 1
      reduction: mean
    ]
  ]
  val:[
    val_freq: 1000.0
    save_img: False
    metrics:[
      psnr:[
        type: calculate_psnr
        crop_border: 0
        test_y_channel: False
      ]
      ssim:[
        type: calculate_ssim
        crop_border: 0
        test_y_channel: False
      ]
    ]
  ]
  logger:[
    print_freq: 200
    save_checkpoint_freq: 5000.0
    use_tb_logger: True
    wandb:[
      project: None
      resume_id: None
    ]
  ]
  dist_params:[
    backend: gloo
    port: 4321
  ]
  is_train: True
  dist: True
  rank: 0
  world_size: 1

2023-06-16 21:25:13,832 INFO: Dataset PairedImageDataset - RestoreNet-train is created.
2023-06-16 21:25:13,833 INFO: Training statistics:
	Number of train images: 28696
	Dataset enlarge ratio: 1
	Batch size per gpu: 2
	World size (gpu number): 1
	Require iter number per epoch: 14348
	Total epochs: 28; iters: 400000.
2023-06-16 21:25:14,848 INFO: Dataset PairedImageDataset - RestoreNet-test is created.
2023-06-16 21:25:14,849 INFO: Number of val images/folders in RestoreNet-test: 30
2023-06-16 21:25:14,849 INFO: Set pretrain_network_g to /content/drive/MyDrive/YJ/RestorNet-width64/experiments/RestoreNet-width64/models/net_g_45000.pth
2023-06-16 21:25:21,826 INFO: Loading RestoreNetLocal model from /content/drive/MyDrive/YJ/RestorNet-width64/experiments/RestoreNet-width64/models/net_g_45000.pth.
2023-06-16 21:25:59,624 INFO: Model [ImageRestorationModel] is created.
2023-06-16 21:25:59,718 INFO: Resuming training from epoch: 2, iter: 45000.
2023-06-16 21:26:04,211 INFO: Start training from epoch: 2, iter: 45000
2023-06-16 21:31:12,184 INFO: [Resto..][epoch:  2, iter:  45,200, lr:(9.688e-04,)] [eta: 6 days, 9:12:33, time (data): 2.191 (1.451)] l_pix: -4.1901e+01 
2023-06-16 21:36:08,567 INFO: [Resto..][epoch:  2, iter:  45,400, lr:(9.686e-04,)] [eta: 6 days, 5:33:16, time (data): 2.310 (1.569)] l_pix: -3.7555e+01 
2023-06-16 21:40:59,311 INFO: [Resto..][epoch:  2, iter:  45,600, lr:(9.683e-04,)] [eta: 6 days, 3:21:13, time (data): 0.753 (0.001)] l_pix: -1.9004e+01 
2023-06-16 21:45:47,855 INFO: [Resto..][epoch:  2, iter:  45,800, lr:(9.680e-04,)] [eta: 6 days, 1:56:29, time (data): 0.755 (0.001)] l_pix: -2.4318e+01 
2023-06-16 21:50:31,267 INFO: [Resto..][epoch:  2, iter:  46,000, lr:(9.677e-04,)] [eta: 6 days, 0:33:25, time (data): 1.508 (0.767)] l_pix: -3.7434e+01 
2023-06-16 21:51:57,879 INFO: Validation RestoreNet-test, 		 # psnr: 22.4555	 # ssim: 0.7365
2023-06-16 21:51:57,880 INFO: [Resto..][epoch:  2, iter:  46,000, lr:(9.677e-04,)] m_psnr: 2.2456e+01 m_ssim: 7.3652e-01 
2023-06-16 21:56:43,384 INFO: [Resto..][epoch:  2, iter:  46,200, lr:(9.674e-04,)] [eta: 6 days, 6:51:59, time (data): 0.757 (0.001)] l_pix: -2.5016e+01 
2023-06-16 22:01:29,750 INFO: [Resto..][epoch:  2, iter:  46,400, lr:(9.672e-04,)] [eta: 6 days, 5:19:59, time (data): 1.592 (0.851)] l_pix: -2.2345e+01 
2023-06-16 22:06:15,418 INFO: [Resto..][epoch:  2, iter:  46,600, lr:(9.669e-04,)] [eta: 6 days, 4:07:12, time (data): 1.010 (0.273)] l_pix: -2.5012e+01 
2023-06-16 22:11:02,514 INFO: [Resto..][epoch:  2, iter:  46,800, lr:(9.666e-04,)] [eta: 6 days, 3:14:12, time (data): 0.749 (0.001)] l_pix: -3.8164e+01 
2023-06-16 22:15:44,241 INFO: [Resto..][epoch:  2, iter:  47,000, lr:(9.663e-04,)] [eta: 6 days, 2:15:03, time (data): 0.751 (0.002)] l_pix: -4.2019e+01 
2023-06-16 22:16:07,376 INFO: Validation RestoreNet-test, 		 # psnr: 22.6201	 # ssim: 0.7499
2023-06-16 22:16:07,376 INFO: [Resto..][epoch:  2, iter:  47,000, lr:(9.663e-04,)] m_psnr: 2.2620e+01 m_ssim: 7.4987e-01 
2023-06-16 22:21:04,667 INFO: [Resto..][epoch:  2, iter:  47,200, lr:(9.660e-04,)] [eta: 6 days, 3:09:11, time (data): 0.746 (0.001)] l_pix: -2.1599e+01 
2023-06-16 22:26:16,898 INFO: [Resto..][epoch:  2, iter:  47,400, lr:(9.658e-04,)] [eta: 6 days, 3:33:21, time (data): 0.758 (0.001)] l_pix: -2.3619e+01 
2023-06-16 22:31:02,621 INFO: [Resto..][epoch:  2, iter:  47,600, lr:(9.655e-04,)] [eta: 6 days, 2:53:08, time (data): 0.748 (0.001)] l_pix: -3.8691e+01 
2023-06-16 22:35:57,623 INFO: [Resto..][epoch:  2, iter:  47,800, lr:(9.652e-04,)] [eta: 6 days, 2:37:26, time (data): 2.716 (1.920)] l_pix: -2.6439e+01 
2023-06-16 22:40:51,501 INFO: [Resto..][epoch:  2, iter:  48,000, lr:(9.649e-04,)] [eta: 6 days, 2:20:58, time (data): 2.558 (1.755)] l_pix: -3.4792e+01 
2023-06-16 22:41:14,575 INFO: Validation RestoreNet-test, 		 # psnr: 22.0777	 # ssim: 0.7099
2023-06-16 22:41:14,576 INFO: [Resto..][epoch:  2, iter:  48,000, lr:(9.649e-04,)] m_psnr: 2.2078e+01 m_ssim: 7.0991e-01 
2023-06-16 22:45:52,736 INFO: [Resto..][epoch:  2, iter:  48,200, lr:(9.646e-04,)] [eta: 6 days, 2:19:26, time (data): 0.788 (0.046)] l_pix: -1.9091e+01 
2023-06-16 22:50:34,184 INFO: [Resto..][epoch:  2, iter:  48,400, lr:(9.643e-04,)] [eta: 6 days, 1:43:23, time (data): 0.750 (0.001)] l_pix: -4.0750e+01 
2023-06-16 22:55:22,286 INFO: [Resto..][epoch:  2, iter:  48,600, lr:(9.640e-04,)] [eta: 6 days, 1:21:39, time (data): 1.172 (0.431)] l_pix: -3.7514e+01 
2023-06-16 23:00:19,983 INFO: [Resto..][epoch:  2, iter:  48,800, lr:(9.637e-04,)] [eta: 6 days, 1:16:28, time (data): 0.744 (0.001)] l_pix: -5.8059e+01 
2023-06-16 23:04:58,305 INFO: [Resto..][epoch:  2, iter:  49,000, lr:(9.634e-04,)] [eta: 6 days, 0:42:59, time (data): 2.069 (1.330)] l_pix: -3.9842e+01 
2023-06-16 23:05:21,279 INFO: Validation RestoreNet-test, 		 # psnr: 22.5411	 # ssim: 0.7429
2023-06-16 23:05:21,280 INFO: [Resto..][epoch:  2, iter:  49,000, lr:(9.634e-04,)] m_psnr: 2.2541e+01 m_ssim: 7.4293e-01 
2023-06-16 23:10:44,317 INFO: [Resto..][epoch:  2, iter:  49,200, lr:(9.631e-04,)] [eta: 6 days, 1:46:27, time (data): 1.854 (1.109)] l_pix: -6.3251e+01 
2023-06-16 23:15:36,288 INFO: [Resto..][epoch:  2, iter:  49,400, lr:(9.628e-04,)] [eta: 6 days, 1:31:52, time (data): 0.750 (0.001)] l_pix: -3.6766e+01 
2023-06-16 23:20:32,790 INFO: [Resto..][epoch:  2, iter:  49,600, lr:(9.625e-04,)] [eta: 6 days, 1:23:53, time (data): 0.754 (0.001)] l_pix: -3.2684e+01 
2023-06-16 23:25:18,583 INFO: [Resto..][epoch:  2, iter:  49,800, lr:(9.622e-04,)] [eta: 6 days, 1:03:08, time (data): 2.458 (1.716)] l_pix: -4.5813e+01 
2023-06-16 23:29:59,419 INFO: [Resto..][epoch:  2, iter:  50,000, lr:(9.619e-04,)] [eta: 6 days, 0:37:53, time (data): 0.743 (0.001)] l_pix: -3.9986e+01 
2023-06-16 23:29:59,420 INFO: Saving models and training states.
2023-06-16 23:30:29,144 INFO: Validation RestoreNet-test, 		 # psnr: 22.2153	 # ssim: 0.7173
2023-06-16 23:30:29,145 INFO: [Resto..][epoch:  2, iter:  50,000, lr:(9.619e-04,)] m_psnr: 2.2215e+01 m_ssim: 7.1725e-01 
2023-06-16 23:35:35,621 INFO: [Resto..][epoch:  2, iter:  50,200, lr:(9.616e-04,)] [eta: 6 days, 1:16:16, time (data): 0.749 (0.001)] l_pix: -3.8449e+01 
2023-06-16 23:40:21,141 INFO: [Resto..][epoch:  2, iter:  50,400, lr:(9.613e-04,)] [eta: 6 days, 0:56:44, time (data): 0.765 (0.001)] l_pix: -2.2106e+01 
2023-06-16 23:45:31,593 INFO: [Resto..][epoch:  2, iter:  50,600, lr:(9.610e-04,)] [eta: 6 days, 1:04:10, time (data): 1.480 (0.742)] l_pix: -2.0085e+01 
2023-06-16 23:50:19,189 INFO: [Resto..][epoch:  2, iter:  50,800, lr:(9.607e-04,)] [eta: 6 days, 0:47:48, time (data): 0.749 (0.001)] l_pix: -3.8437e+01 
2023-06-16 23:55:03,161 INFO: [Resto..][epoch:  2, iter:  51,000, lr:(9.604e-04,)] [eta: 6 days, 0:28:42, time (data): 2.335 (1.601)] l_pix: -4.7123e+01 
2023-06-16 23:55:26,170 INFO: Validation RestoreNet-test, 		 # psnr: 22.4056	 # ssim: 0.7345
2023-06-16 23:55:26,171 INFO: [Resto..][epoch:  2, iter:  51,000, lr:(9.604e-04,)] m_psnr: 2.2406e+01 m_ssim: 7.3448e-01 
2023-06-17 00:00:17,429 INFO: [Resto..][epoch:  2, iter:  51,200, lr:(9.601e-04,)] [eta: 6 days, 0:38:55, time (data): 1.825 (1.090)] l_pix: -2.6891e+01 
2023-06-17 00:04:48,678 INFO: [Resto..][epoch:  2, iter:  51,400, lr:(9.598e-04,)] [eta: 6 days, 0:09:07, time (data): 1.557 (0.815)] l_pix: -2.3116e+01 
2023-06-17 00:09:50,896 INFO: [Resto..][epoch:  2, iter:  51,600, lr:(9.595e-04,)] [eta: 6 days, 0:08:06, time (data): 1.780 (1.045)] l_pix: -3.9308e+01 
2023-06-17 00:14:53,018 INFO: [Resto..][epoch:  2, iter:  51,800, lr:(9.592e-04,)] [eta: 6 days, 0:06:46, time (data): 1.916 (1.171)] l_pix: -4.0898e+01 
2023-06-17 00:20:01,805 INFO: [Resto..][epoch:  2, iter:  52,000, lr:(9.589e-04,)] [eta: 6 days, 0:10:45, time (data): 2.157 (1.413)] l_pix: -3.7598e+01 
2023-06-17 00:20:25,511 INFO: Validation RestoreNet-test, 		 # psnr: 22.6068	 # ssim: 0.7482
2023-06-17 00:20:25,511 INFO: [Resto..][epoch:  2, iter:  52,000, lr:(9.589e-04,)] m_psnr: 2.2607e+01 m_ssim: 7.4823e-01 
2023-06-17 00:25:30,525 INFO: [Resto..][epoch:  2, iter:  52,200, lr:(9.586e-04,)] [eta: 6 days, 0:30:16, time (data): 2.177 (1.442)] l_pix: -2.8204e+01 
2023-06-17 00:30:17,797 INFO: [Resto..][epoch:  2, iter:  52,400, lr:(9.583e-04,)] [eta: 6 days, 0:15:59, time (data): 2.345 (1.610)] l_pix: -4.0372e+01 
2023-06-17 00:35:19,921 INFO: [Resto..][epoch:  2, iter:  52,600, lr:(9.579e-04,)] [eta: 6 days, 0:13:31, time (data): 0.755 (0.001)] l_pix: -2.2919e+01 
2023-06-17 00:40:13,901 INFO: [Resto..][epoch:  2, iter:  52,800, lr:(9.576e-04,)] [eta: 6 days, 0:04:52, time (data): 0.746 (0.001)] l_pix: -1.7568e+01 
2023-06-17 00:45:25,895 INFO: [Resto..][epoch:  2, iter:  53,000, lr:(9.573e-04,)] [eta: 6 days, 0:09:26, time (data): 0.750 (0.001)] l_pix: -5.7891e+01 
2023-06-17 00:45:48,845 INFO: Validation RestoreNet-test, 		 # psnr: 22.5967	 # ssim: 0.7472
2023-06-17 00:45:48,846 INFO: [Resto..][epoch:  2, iter:  53,000, lr:(9.573e-04,)] m_psnr: 2.2597e+01 m_ssim: 7.4721e-01 
2023-06-17 00:50:40,594 INFO: [Resto..][epoch:  2, iter:  53,200, lr:(9.570e-04,)] [eta: 6 days, 0:15:26, time (data): 1.843 (1.100)] l_pix: -3.9981e+01 
2023-06-17 00:55:34,611 INFO: [Resto..][epoch:  2, iter:  53,400, lr:(9.567e-04,)] [eta: 6 days, 0:06:40, time (data): 1.322 (0.585)] l_pix: -4.1272e+01 
2023-06-17 01:01:00,468 INFO: [Resto..][epoch:  2, iter:  53,600, lr:(9.564e-04,)] [eta: 6 days, 0:19:28, time (data): 0.741 (0.001)] l_pix: -2.8527e+01 
2023-06-17 01:06:54,213 INFO: [Resto..][epoch:  2, iter:  53,800, lr:(9.560e-04,)] [eta: 6 days, 0:49:43, time (data): 0.748 (0.002)] l_pix: -3.8197e+01 
2023-06-17 01:12:35,324 INFO: [Resto..][epoch:  2, iter:  54,000, lr:(9.557e-04,)] [eta: 6 days, 1:10:15, time (data): 1.582 (0.848)] l_pix: -4.1339e+01 
2023-06-17 01:12:58,552 INFO: Validation RestoreNet-test, 		 # psnr: 22.4186	 # ssim: 0.7330
2023-06-17 01:12:58,553 INFO: [Resto..][epoch:  2, iter:  54,000, lr:(9.557e-04,)] m_psnr: 2.2419e+01 m_ssim: 7.3298e-01 
2023-06-17 01:18:39,884 INFO: [Resto..][epoch:  2, iter:  54,200, lr:(9.554e-04,)] [eta: 6 days, 1:44:21, time (data): 1.616 (0.866)] l_pix: -4.0971e+01 
2023-06-17 01:24:11,183 INFO: [Resto..][epoch:  2, iter:  54,400, lr:(9.551e-04,)] [eta: 6 days, 1:56:21, time (data): 1.330 (0.591)] l_pix: -2.3285e+01 
2023-06-17 01:28:53,733 INFO: [Resto..][epoch:  2, iter:  54,600, lr:(9.547e-04,)] [eta: 6 days, 1:38:24, time (data): 0.755 (0.001)] l_pix: -4.3052e+01 
2023-06-17 01:34:14,925 INFO: [Resto..][epoch:  2, iter:  54,800, lr:(9.544e-04,)] [eta: 6 days, 1:43:40, time (data): 0.753 (0.001)] l_pix: -3.6378e+01 
2023-06-17 01:39:56,618 INFO: [Resto..][epoch:  2, iter:  55,000, lr:(9.541e-04,)] [eta: 6 days, 2:00:18, time (data): 1.380 (0.638)] l_pix: -2.6058e+01 
2023-06-17 01:39:56,619 INFO: Saving models and training states.
2023-06-17 01:40:24,716 INFO: Validation RestoreNet-test, 		 # psnr: 22.5797	 # ssim: 0.7447
2023-06-17 01:40:24,717 INFO: [Resto..][epoch:  2, iter:  55,000, lr:(9.541e-04,)] m_psnr: 2.2580e+01 m_ssim: 7.4470e-01 
2023-06-17 01:45:28,748 INFO: [Resto..][epoch:  2, iter:  55,200, lr:(9.537e-04,)] [eta: 6 days, 2:10:41, time (data): 0.754 (0.001)] l_pix: -1.9314e+01 
2023-06-17 01:50:39,695 INFO: [Resto..][epoch:  2, iter:  55,400, lr:(9.534e-04,)] [eta: 6 days, 2:08:44, time (data): 0.764 (0.001)] l_pix: -3.1302e+01 
2023-06-17 01:56:42,901 INFO: [Resto..][epoch:  2, iter:  55,600, lr:(9.531e-04,)] [eta: 6 days, 2:34:58, time (data): 0.749 (0.001)] l_pix: -2.1854e+01 
2023-06-17 02:02:13,313 INFO: [Resto..][epoch:  2, iter:  55,800, lr:(9.528e-04,)] [eta: 6 days, 2:42:36, time (data): 0.744 (0.001)] l_pix: -2.2312e+01 
2023-06-17 02:07:13,098 INFO: [Resto..][epoch:  2, iter:  56,000, lr:(9.524e-04,)] [eta: 6 days, 2:33:47, time (data): 2.344 (1.587)] l_pix: -4.7880e+01 
2023-06-17 02:07:36,528 INFO: Validation RestoreNet-test, 		 # psnr: 22.2036	 # ssim: 0.7215
2023-06-17 02:07:36,529 INFO: [Resto..][epoch:  2, iter:  56,000, lr:(9.524e-04,)] m_psnr: 2.2204e+01 m_ssim: 7.2149e-01 
2023-06-17 02:13:29,376 INFO: [Resto..][epoch:  2, iter:  56,200, lr:(9.521e-04,)] [eta: 6 days, 3:04:14, time (data): 2.188 (1.431)] l_pix: -2.4743e+01 
2023-06-17 02:19:16,088 INFO: [Resto..][epoch:  2, iter:  56,400, lr:(9.517e-04,)] [eta: 6 days, 3:18:32, time (data): 2.236 (1.493)] l_pix: -2.2261e+01 
2023-06-17 02:25:17,087 INFO: [Resto..][epoch:  2, iter:  56,600, lr:(9.514e-04,)] [eta: 6 days, 3:39:12, time (data): 0.771 (0.001)] l_pix: -3.9693e+01 
2023-06-17 02:31:23,749 INFO: [Resto..][epoch:  2, iter:  56,800, lr:(9.511e-04,)] [eta: 6 days, 4:01:43, time (data): 2.156 (1.396)] l_pix: -3.7675e+01 
2023-06-17 02:36:46,862 INFO: [Resto..][epoch:  2, iter:  57,000, lr:(9.507e-04,)] [eta: 6 days, 4:02:31, time (data): 0.756 (0.001)] l_pix: -4.1250e+01 
2023-06-17 02:37:09,841 INFO: Validation RestoreNet-test, 		 # psnr: 22.3139	 # ssim: 0.7240
2023-06-17 02:37:09,841 INFO: [Resto..][epoch:  2, iter:  57,000, lr:(9.507e-04,)] m_psnr: 2.2314e+01 m_ssim: 7.2395e-01 
2023-06-17 02:42:24,124 INFO: [Resto..][epoch:  2, iter:  57,200, lr:(9.504e-04,)] [eta: 6 days, 4:09:45, time (data): 0.759 (0.001)] l_pix: -2.8001e+01 
2023-06-17 02:47:35,386 INFO: [Resto..][epoch:  2, iter:  57,400, lr:(9.501e-04,)] [eta: 6 days, 4:04:36, time (data): 0.753 (0.001)] l_pix: -2.3554e+01 
2023-06-17 02:53:11,986 INFO: [Resto..][epoch:  2, iter:  57,600, lr:(9.497e-04,)] [eta: 6 days, 4:10:55, time (data): 2.561 (1.761)] l_pix: -3.7250e+01 
2023-06-17 02:58:05,519 INFO: [Resto..][epoch:  2, iter:  57,800, lr:(9.494e-04,)] [eta: 6 days, 3:57:40, time (data): 0.758 (0.002)] l_pix: -2.5163e+01 
2023-06-17 03:04:13,491 INFO: [Resto..][epoch:  2, iter:  58,000, lr:(9.490e-04,)] [eta: 6 days, 4:17:19, time (data): 2.245 (1.505)] l_pix: -5.9300e+01 
2023-06-17 03:04:36,673 INFO: Validation RestoreNet-test, 		 # psnr: 22.5771	 # ssim: 0.7453
2023-06-17 03:04:36,674 INFO: [Resto..][epoch:  2, iter:  58,000, lr:(9.490e-04,)] m_psnr: 2.2577e+01 m_ssim: 7.4533e-01 
2023-06-17 03:10:25,849 INFO: [Resto..][epoch:  2, iter:  58,200, lr:(9.487e-04,)] [eta: 6 days, 4:38:05, time (data): 0.754 (0.002)] l_pix: -2.4308e+01 
2023-06-17 03:16:00,293 INFO: [Resto..][epoch:  2, iter:  58,400, lr:(9.483e-04,)] [eta: 6 days, 4:41:56, time (data): 0.740 (0.001)] l_pix: -2.3598e+01 
2023-06-17 03:21:04,332 INFO: [Resto..][epoch:  2, iter:  58,600, lr:(9.480e-04,)] [eta: 6 days, 4:32:47, time (data): 0.748 (0.001)] l_pix: -2.9556e+01 
2023-06-17 03:27:52,378 INFO: [Resto..][epoch:  2, iter:  58,800, lr:(9.476e-04,)] [eta: 6 days, 5:06:37, time (data): 0.741 (0.001)] l_pix: -3.9391e+01 
2023-06-17 03:33:51,615 INFO: [Resto..][epoch:  2, iter:  59,000, lr:(9.473e-04,)] [eta: 6 days, 5:19:28, time (data): 2.280 (1.540)] l_pix: -3.5721e+01 
2023-06-17 03:34:14,492 INFO: Validation RestoreNet-test, 		 # psnr: 22.6114	 # ssim: 0.7484
2023-06-17 03:34:14,493 INFO: [Resto..][epoch:  2, iter:  59,000, lr:(9.473e-04,)] m_psnr: 2.2611e+01 m_ssim: 7.4840e-01 
2023-06-17 03:40:23,365 INFO: [Resto..][epoch:  2, iter:  59,200, lr:(9.469e-04,)] [eta: 6 days, 5:44:47, time (data): 2.182 (1.441)] l_pix: -2.0876e+01 
2023-06-17 03:45:38,892 INFO: [Resto..][epoch:  3, iter:  59,400, lr:(9.466e-04,)] [eta: 6 days, 5:39:11, time (data): 0.753 (0.002)] l_pix: -3.8134e+01 
2023-06-17 03:48:23,173 INFO: [Resto..][epoch:  3, iter:  59,600, lr:(9.462e-04,)] [eta: 6 days, 4:34:49, time (data): 0.742 (0.002)] l_pix: -1.8706e+01 
2023-06-17 03:50:53,292 INFO: [Resto..][epoch:  3, iter:  59,800, lr:(9.459e-04,)] [eta: 6 days, 3:26:42, time (data): 0.741 (0.002)] l_pix: -3.7753e+01 
2023-06-17 03:53:38,567 INFO: [Resto..][epoch:  3, iter:  60,000, lr:(9.455e-04,)] [eta: 6 days, 2:26:03, time (data): 0.740 (0.002)] l_pix: -3.4872e+01 
2023-06-17 03:53:38,567 INFO: Saving models and training states.
2023-06-17 03:54:05,777 INFO: Validation RestoreNet-test, 		 # psnr: 22.7522	 # ssim: 0.7559
2023-06-17 03:54:05,777 INFO: [Resto..][epoch:  3, iter:  60,000, lr:(9.455e-04,)] m_psnr: 2.2752e+01 m_ssim: 7.5595e-01 
2023-06-17 03:56:35,395 INFO: [Resto..][epoch:  3, iter:  60,200, lr:(9.452e-04,)] [eta: 6 days, 1:31:14, time (data): 0.746 (0.002)] l_pix: -3.9743e+01 
