2023-06-07 17:00:27,789 INFO: 
                ____                _       _____  ____
               / __ ) ____ _ _____ (_)_____/ ___/ / __ \
              / __  |/ __ `// ___// // ___/\__ \ / /_/ /
             / /_/ // /_/ /(__  )/ // /__ ___/ // _, _/
            /_____/ \__,_//____//_/ \___//____//_/ |_|
     ______                   __   __                 __      __
    / ____/____   ____   ____/ /  / /   __  __ _____ / /__   / /
   / / __ / __ \ / __ \ / __  /  / /   / / / // ___// //_/  / /
  / /_/ // /_/ // /_/ // /_/ /  / /___/ /_/ // /__ / /<    /_/
  \____/ \____/ \____/ \____/  /_____/\____/ \___//_/|_|  (_)
    
Version Information: 
	BasicSR: 1.2.0+50cb149
	PyTorch: 2.0.0
	TorchVision: 0.15.0
2023-06-07 17:00:27,790 INFO: 
  name: RestoreNet-width64
  model_type: ImageRestorationModel
  scale: 1
  num_gpu: 1
  manual_seed: 10
  datasets:[
    train:[
      name: RestoreNet-train
      type: PairedImageDataset
      dataroot_gt: D:\Premodel\RestoreNet\train\output
      dataroot_lq: D:\Premodel\RestoreNet\train\input
      filename_tmpl: {}
      io_backend:[
        type: disk
      ]
      gt_size: 256
      use_flip: True
      use_rot: True
      use_shuffle: True
      num_worker_per_gpu: 2
      batch_size_per_gpu: 2
      dataset_enlarge_ratio: 1
      prefetch_mode: None
      phase: train
      scale: 1
    ]
    val:[
      name: RestoreNet-test
      type: PairedImageDataset
      dataroot_gt: D:\Premodel\RestoreNet\test\output
      dataroot_lq: D:\Premodel\RestoreNet\test\input
      io_backend:[
        type: disk
      ]
      phase: val
      scale: 1
    ]
  ]
  network_g:[
    type: RestoreNetLocal
    width_deblur: 64
    enc_blk_nums_deblur: [1, 1, 1, 28]
    middle_blk_num_deblur: 1
    dec_blk_nums_deblur: [1, 1, 1, 1]
    dw_expand_deblur: 2
    ffn_expand_deblur: 2
    width_denoise: 64
    enc_blk_nums_denoise: [2, 2, 4, 8]
    middle_blk_num_denoise: 12
    dec_blk_nums_denoise: [2, 2, 2, 2]
    dw_expand_denoise: 2
    ffn_expand_denoise: 2
  ]
  path:[
    pretrain_network_g: None
    strict_load_g: True
    resume_state: None
    root: d:\premodel\restorenet
    experiments_root: d:\premodel\restorenet\experiments\RestoreNet-width64
    models: d:\premodel\restorenet\experiments\RestoreNet-width64\models
    training_states: d:\premodel\restorenet\experiments\RestoreNet-width64\training_states
    log: d:\premodel\restorenet\experiments\RestoreNet-width64
    visualization: d:\premodel\restorenet\experiments\RestoreNet-width64\visualization
  ]
  train:[
    optim_g:[
      type: AdamW
      lr: 0.001
      weight_decay: 0.001
      betas: [0.9, 0.9]
    ]
    scheduler:[
      type: TrueCosineAnnealingLR
      T_max: 400000
      eta_min: 1e-07
    ]
    total_iter: 400000
    warmup_iter: -1
    pixel_opt:[
      type: PSNRLoss
      loss_weight: 1
      reduction: mean
    ]
  ]
  val:[
    val_freq: 20000.0
    save_img: False
    metrics:[
      psnr:[
        type: calculate_psnr
        crop_border: 0
        test_y_channel: False
      ]
      ssim:[
        type: calculate_ssim
        crop_border: 0
        test_y_channel: False
      ]
    ]
  ]
  logger:[
    print_freq: 200
    save_checkpoint_freq: 5000.0
    use_tb_logger: True
    wandb:[
      project: None
      resume_id: None
    ]
  ]
  dist_params:[
    backend: gloo
    port: 4321
  ]
  is_train: True
  dist: False
  rank: 0
  world_size: 1

2023-06-07 17:00:33,313 INFO: Dataset PairedImageDataset - RestoreNet-train is created.
2023-06-07 17:00:33,329 INFO: Training statistics:
	Number of train images: 19978
	Dataset enlarge ratio: 1
	Batch size per gpu: 2
	World size (gpu number): 1
	Require iter number per epoch: 9989
	Total epochs: 41; iters: 400000.
2023-06-07 17:00:33,331 INFO: Dataset PairedImageDataset - RestoreNet-test is created.
2023-06-07 17:00:33,331 INFO: Number of val images/folders in RestoreNet-test: 21
2023-06-07 17:00:38,661 INFO: Model [ImageRestorationModel] is created.
2023-06-07 17:00:43,204 INFO: Start training from epoch: 0, iter: 0
2023-06-07 17:02:07,126 INFO: [Resto..][epoch:  0, iter:     200, lr:(1.000e-03,)] [eta: 2 days, 0:52:42, time (data): 0.401 (0.000)] l_pix: -1.9126e+01 
2023-06-07 17:03:26,837 INFO: [Resto..][epoch:  0, iter:     400, lr:(1.000e-03,)] [eta: 1 day, 22:33:08, time (data): 0.392 (0.000)] l_pix: -1.6095e+01 
2023-06-07 17:04:46,943 INFO: [Resto..][epoch:  0, iter:     600, lr:(1.000e-03,)] [eta: 1 day, 21:49:57, time (data): 0.408 (0.000)] l_pix: -1.5764e+01 
2023-06-07 17:06:06,705 INFO: [Resto..][epoch:  0, iter:     800, lr:(1.000e-03,)] [eta: 1 day, 21:24:49, time (data): 0.393 (0.000)] l_pix: -1.7651e+01 
2023-06-07 17:07:27,198 INFO: [Resto..][epoch:  0, iter:   1,000, lr:(1.000e-03,)] [eta: 1 day, 21:14:03, time (data): 0.393 (0.001)] l_pix: -1.8780e+01 
2023-06-07 17:08:19,359 INFO: Validation RestoreNet-test, 		 # psnr: 22.9533	 # ssim: 0.7744
2023-06-07 17:08:19,360 INFO: [Resto..][epoch:  0, iter:   1,000, lr:(1.000e-03,)] m_psnr: 2.2953e+01 m_ssim: 7.7441e-01 
2023-06-07 17:09:39,762 INFO: [Resto..][epoch:  0, iter:   1,200, lr:(1.000e-03,)] [eta: 2 days, 1:54:35, time (data): 0.405 (0.000)] l_pix: -2.2435e+01 
2023-06-07 17:11:00,090 INFO: [Resto..][epoch:  0, iter:   1,400, lr:(1.000e-03,)] [eta: 2 days, 1:06:43, time (data): 0.396 (0.001)] l_pix: -2.1665e+01 
2023-06-07 17:12:20,582 INFO: [Resto..][epoch:  0, iter:   1,600, lr:(1.000e-03,)] [eta: 2 days, 0:31:08, time (data): 0.404 (0.000)] l_pix: -2.3197e+01 
2023-06-07 17:13:40,955 INFO: [Resto..][epoch:  0, iter:   1,800, lr:(1.000e-03,)] [eta: 2 days, 0:02:44, time (data): 0.399 (0.000)] l_pix: -1.8898e+01 
2023-06-07 17:15:00,964 INFO: [Resto..][epoch:  0, iter:   2,000, lr:(9.999e-04,)] [eta: 1 day, 23:38:32, time (data): 0.399 (0.000)] l_pix: -2.2521e+01 
2023-06-07 17:16:20,928 INFO: [Resto..][epoch:  0, iter:   2,200, lr:(9.999e-04,)] [eta: 1 day, 23:18:21, time (data): 0.398 (0.000)] l_pix: -2.2642e+01 
2023-06-07 17:17:40,868 INFO: [Resto..][epoch:  0, iter:   2,400, lr:(9.999e-04,)] [eta: 1 day, 23:01:14, time (data): 0.387 (0.000)] l_pix: -2.3475e+01 
2023-06-07 17:19:00,889 INFO: [Resto..][epoch:  0, iter:   2,600, lr:(9.999e-04,)] [eta: 1 day, 22:46:46, time (data): 0.382 (0.000)] l_pix: -2.5215e+01 
2023-06-07 17:20:21,522 INFO: [Resto..][epoch:  0, iter:   2,800, lr:(9.999e-04,)] [eta: 1 day, 22:35:36, time (data): 0.423 (0.000)] l_pix: -1.9446e+01 
2023-06-07 17:21:41,965 INFO: [Resto..][epoch:  0, iter:   3,000, lr:(9.999e-04,)] [eta: 1 day, 22:25:21, time (data): 0.392 (0.000)] l_pix: -2.5752e+01 
2023-06-07 17:23:02,632 INFO: [Resto..][epoch:  0, iter:   3,200, lr:(9.998e-04,)] [eta: 1 day, 22:16:40, time (data): 0.392 (0.000)] l_pix: -2.1615e+01 
2023-06-07 17:24:23,365 INFO: [Resto..][epoch:  0, iter:   3,400, lr:(9.998e-04,)] [eta: 1 day, 22:08:58, time (data): 0.419 (0.001)] l_pix: -2.5351e+01 
2023-06-07 17:25:43,646 INFO: [Resto..][epoch:  0, iter:   3,600, lr:(9.998e-04,)] [eta: 1 day, 22:01:09, time (data): 0.392 (0.000)] l_pix: -2.1541e+01 
2023-06-07 17:27:03,813 INFO: [Resto..][epoch:  0, iter:   3,800, lr:(9.998e-04,)] [eta: 1 day, 21:53:47, time (data): 0.392 (0.000)] l_pix: -2.2228e+01 
2023-06-07 17:28:23,714 INFO: [Resto..][epoch:  0, iter:   4,000, lr:(9.998e-04,)] [eta: 1 day, 21:46:38, time (data): 0.405 (0.000)] l_pix: -2.4161e+01 
2023-06-07 17:29:43,761 INFO: [Resto..][epoch:  0, iter:   4,200, lr:(9.997e-04,)] [eta: 1 day, 21:40:15, time (data): 0.439 (0.000)] l_pix: -1.8003e+01 
2023-06-07 17:31:03,700 INFO: [Resto..][epoch:  0, iter:   4,400, lr:(9.997e-04,)] [eta: 1 day, 21:34:09, time (data): 0.392 (0.000)] l_pix: -2.3715e+01 
2023-06-07 17:32:24,109 INFO: [Resto..][epoch:  0, iter:   4,600, lr:(9.997e-04,)] [eta: 1 day, 21:29:09, time (data): 0.408 (0.000)] l_pix: -2.1592e+01 
2023-06-07 17:33:44,230 INFO: [Resto..][epoch:  0, iter:   4,800, lr:(9.996e-04,)] [eta: 1 day, 21:24:04, time (data): 0.392 (0.000)] l_pix: -2.1795e+01 
2023-06-07 17:35:04,255 INFO: [Resto..][epoch:  0, iter:   5,000, lr:(9.996e-04,)] [eta: 1 day, 21:19:08, time (data): 0.408 (0.016)] l_pix: -1.8365e+01 
2023-06-07 17:35:04,255 INFO: Saving models and training states.
2023-06-07 17:36:26,884 INFO: [Resto..][epoch:  0, iter:   5,200, lr:(9.996e-04,)] [eta: 1 day, 21:17:47, time (data): 0.387 (0.000)] l_pix: -2.3234e+01 
2023-06-07 17:37:47,584 INFO: [Resto..][epoch:  0, iter:   5,400, lr:(9.996e-04,)] [eta: 1 day, 21:14:05, time (data): 0.549 (0.000)] l_pix: -1.9598e+01 
2023-06-07 17:39:07,295 INFO: [Resto..][epoch:  0, iter:   5,600, lr:(9.995e-04,)] [eta: 1 day, 21:09:24, time (data): 0.392 (0.000)] l_pix: -2.4548e+01 
