2023-06-08 11:04:50,002 INFO: 
                ____                _       _____  ____
               / __ ) ____ _ _____ (_)_____/ ___/ / __ \
              / __  |/ __ `// ___// // ___/\__ \ / /_/ /
             / /_/ // /_/ /(__  )/ // /__ ___/ // _, _/
            /_____/ \__,_//____//_/ \___//____//_/ |_|
     ______                   __   __                 __      __
    / ____/____   ____   ____/ /  / /   __  __ _____ / /__   / /
   / / __ / __ \ / __ \ / __  /  / /   / / / // ___// //_/  / /
  / /_/ // /_/ // /_/ // /_/ /  / /___/ /_/ // /__ / /<    /_/
  \____/ \____/ \____/ \____/  /_____/\____/ \___//_/|_|  (_)
    
Version Information: 
	BasicSR: 1.2.0+50cb149
	PyTorch: 2.0.0
	TorchVision: 0.15.0
2023-06-08 11:04:50,004 INFO: 
  name: RestoreNet-width64
  model_type: ImageRestorationModel
  scale: 1
  num_gpu: 1
  manual_seed: 10
  datasets:[
    train:[
      name: RestoreNet-train
      type: PairedImageDataset
      dataroot_gt: D:\Premodel\RestoreNet\train\output
      dataroot_lq: D:\Premodel\RestoreNet\train\input
      filename_tmpl: {}
      io_backend:[
        type: disk
      ]
      gt_size: 256
      use_flip: True
      use_rot: True
      use_shuffle: True
      num_worker_per_gpu: 2
      batch_size_per_gpu: 2
      dataset_enlarge_ratio: 1
      prefetch_mode: None
      phase: train
      scale: 1
    ]
    val:[
      name: RestoreNet-test
      type: PairedImageDataset
      dataroot_gt: D:\Premodel\RestoreNet\test\output
      dataroot_lq: D:\Premodel\RestoreNet\test\input
      io_backend:[
        type: disk
      ]
      phase: val
      scale: 1
    ]
  ]
  network_g:[
    type: RestoreNetLocal
    width_deblur: 64
    enc_blk_nums_deblur: [1, 1, 1, 28]
    middle_blk_num_deblur: 1
    dec_blk_nums_deblur: [1, 1, 1, 1]
    dw_expand_deblur: 2
    ffn_expand_deblur: 2
    width_denoise: 64
    enc_blk_nums_denoise: [2, 2, 4, 8]
    middle_blk_num_denoise: 12
    dec_blk_nums_denoise: [2, 2, 2, 2]
    dw_expand_denoise: 2
    ffn_expand_denoise: 2
  ]
  path:[
    pretrain_network_g: None
    strict_load_g: True
    resume_state: experiments/RestoreNet-width64/training_states/65000.state
    root: d:\premodel\restorenet
    experiments_root: d:\premodel\restorenet\experiments\RestoreNet-width64
    models: d:\premodel\restorenet\experiments\RestoreNet-width64\models
    training_states: d:\premodel\restorenet\experiments\RestoreNet-width64\training_states
    log: d:\premodel\restorenet\experiments\RestoreNet-width64
    visualization: d:\premodel\restorenet\experiments\RestoreNet-width64\visualization
  ]
  train:[
    optim_g:[
      type: AdamW
      lr: 0.001
      weight_decay: 0.001
      betas: [0.9, 0.9]
    ]
    scheduler:[
      type: TrueCosineAnnealingLR
      T_max: 400000
      eta_min: 1e-07
    ]
    total_iter: 400000
    warmup_iter: -1
    pixel_opt:[
      type: PSNRLoss
      loss_weight: 1
      reduction: mean
    ]
  ]
  val:[
    val_freq: 5000.0
    save_img: False
    metrics:[
      psnr:[
        type: calculate_psnr
        crop_border: 0
        test_y_channel: False
      ]
      ssim:[
        type: calculate_ssim
        crop_border: 0
        test_y_channel: False
      ]
    ]
  ]
  logger:[
    print_freq: 200
    save_checkpoint_freq: 5000.0
    use_tb_logger: True
    wandb:[
      project: None
      resume_id: None
    ]
  ]
  dist_params:[
    backend: gloo
    port: 4321
  ]
  is_train: True
  dist: False
  rank: 0
  world_size: 1

2023-06-08 11:04:55,757 INFO: Dataset PairedImageDataset - RestoreNet-train is created.
2023-06-08 11:04:55,758 INFO: Training statistics:
	Number of train images: 19978
	Dataset enlarge ratio: 1
	Batch size per gpu: 2
	World size (gpu number): 1
	Require iter number per epoch: 9989
	Total epochs: 41; iters: 400000.
2023-06-08 11:04:55,760 INFO: Dataset PairedImageDataset - RestoreNet-test is created.
2023-06-08 11:04:55,760 INFO: Number of val images/folders in RestoreNet-test: 21
2023-06-08 11:04:55,760 INFO: Set pretrain_network_g to d:\premodel\restorenet\experiments\RestoreNet-width64\models\net_g_65000.pth
2023-06-08 11:05:01,870 INFO: Loading RestoreNetLocal model from d:\premodel\restorenet\experiments\RestoreNet-width64\models\net_g_65000.pth.
2023-06-08 11:05:07,985 INFO: Model [ImageRestorationModel] is created.
2023-06-08 11:05:09,402 INFO: Resuming training from epoch: 5, iter: 65000.
2023-06-08 11:05:13,917 INFO: Start training from epoch: 5, iter: 65000
2023-06-08 11:06:46,629 INFO: [Resto..][epoch:  5, iter:  65,200, lr:(9.359e-04,)] [eta: 1 day, 20:59:06, time (data): 0.429 (0.001)] l_pix: -2.2685e+01 
2023-06-08 11:08:14,211 INFO: [Resto..][epoch:  5, iter:  65,400, lr:(9.355e-04,)] [eta: 1 day, 18:50:05, time (data): 0.444 (0.001)] l_pix: -2.2522e+01 
2023-06-08 11:09:43,419 INFO: [Resto..][epoch:  5, iter:  65,600, lr:(9.351e-04,)] [eta: 1 day, 18:21:03, time (data): 0.426 (0.001)] l_pix: -2.2772e+01 
2023-06-08 11:11:12,185 INFO: [Resto..][epoch:  5, iter:  65,800, lr:(9.347e-04,)] [eta: 1 day, 18:02:42, time (data): 0.437 (0.001)] l_pix: -2.5502e+01 
2023-06-08 11:12:40,003 INFO: [Resto..][epoch:  5, iter:  66,000, lr:(9.343e-04,)] [eta: 1 day, 17:45:49, time (data): 0.430 (0.000)] l_pix: -2.0303e+01 
2023-06-08 11:14:09,247 INFO: [Resto..][epoch:  5, iter:  66,200, lr:(9.339e-04,)] [eta: 1 day, 17:40:40, time (data): 0.502 (0.001)] l_pix: -2.0475e+01 
2023-06-08 11:15:35,203 INFO: [Resto..][epoch:  5, iter:  66,400, lr:(9.335e-04,)] [eta: 1 day, 17:23:32, time (data): 0.423 (0.000)] l_pix: -2.3609e+01 
2023-06-08 11:17:04,048 INFO: [Resto..][epoch:  5, iter:  66,600, lr:(9.332e-04,)] [eta: 1 day, 17:20:20, time (data): 0.447 (0.001)] l_pix: -2.3253e+01 
2023-06-08 11:18:32,121 INFO: [Resto..][epoch:  5, iter:  66,800, lr:(9.328e-04,)] [eta: 1 day, 17:15:09, time (data): 0.417 (0.001)] l_pix: -1.9997e+01 
2023-06-08 11:19:59,794 INFO: [Resto..][epoch:  5, iter:  67,000, lr:(9.324e-04,)] [eta: 1 day, 17:09:35, time (data): 0.423 (0.001)] l_pix: -2.1828e+01 
2023-06-08 11:21:26,764 INFO: [Resto..][epoch:  5, iter:  67,200, lr:(9.320e-04,)] [eta: 1 day, 17:03:00, time (data): 0.422 (0.000)] l_pix: -2.0169e+01 
2023-06-08 11:22:53,554 INFO: [Resto..][epoch:  5, iter:  67,400, lr:(9.316e-04,)] [eta: 1 day, 16:56:51, time (data): 0.415 (0.001)] l_pix: -2.6694e+01 
2023-06-08 11:24:19,084 INFO: [Resto..][epoch:  5, iter:  67,600, lr:(9.312e-04,)] [eta: 1 day, 16:48:45, time (data): 0.441 (0.000)] l_pix: -2.0782e+01 
2023-06-08 11:25:46,182 INFO: [Resto..][epoch:  5, iter:  67,800, lr:(9.308e-04,)] [eta: 1 day, 16:44:42, time (data): 0.426 (0.000)] l_pix: -2.6576e+01 
2023-06-08 11:27:13,341 INFO: [Resto..][epoch:  5, iter:  68,000, lr:(9.304e-04,)] [eta: 1 day, 16:41:06, time (data): 0.447 (0.001)] l_pix: -2.2381e+01 
2023-06-08 11:28:39,822 INFO: [Resto..][epoch:  5, iter:  68,200, lr:(9.300e-04,)] [eta: 1 day, 16:36:36, time (data): 0.458 (0.001)] l_pix: -2.4420e+01 
2023-06-08 11:30:06,419 INFO: [Resto..][epoch:  5, iter:  68,400, lr:(9.296e-04,)] [eta: 1 day, 16:32:39, time (data): 0.509 (0.001)] l_pix: -1.9961e+01 
2023-06-08 11:31:36,069 INFO: [Resto..][epoch:  5, iter:  68,600, lr:(9.292e-04,)] [eta: 1 day, 16:33:40, time (data): 0.468 (0.001)] l_pix: -1.6458e+01 
2023-06-08 11:33:04,130 INFO: [Resto..][epoch:  5, iter:  68,800, lr:(9.288e-04,)] [eta: 1 day, 16:32:06, time (data): 0.447 (0.001)] l_pix: -2.2152e+01 
2023-06-08 11:34:31,773 INFO: [Resto..][epoch:  5, iter:  69,000, lr:(9.284e-04,)] [eta: 1 day, 16:29:59, time (data): 0.428 (0.001)] l_pix: -2.1874e+01 
2023-06-08 11:36:01,818 INFO: [Resto..][epoch:  5, iter:  69,200, lr:(9.280e-04,)] [eta: 1 day, 16:31:04, time (data): 0.435 (0.000)] l_pix: -1.9137e+01 
2023-06-08 11:37:29,756 INFO: [Resto..][epoch:  5, iter:  69,400, lr:(9.276e-04,)] [eta: 1 day, 16:29:17, time (data): 0.421 (0.001)] l_pix: -1.9613e+01 
2023-06-08 11:38:55,859 INFO: [Resto..][epoch:  5, iter:  69,600, lr:(9.271e-04,)] [eta: 1 day, 16:25:20, time (data): 0.468 (0.002)] l_pix: -2.1666e+01 
2023-06-08 11:40:22,834 INFO: [Resto..][epoch:  5, iter:  69,800, lr:(9.267e-04,)] [eta: 1 day, 16:22:35, time (data): 0.423 (0.000)] l_pix: -2.6268e+01 
2023-06-08 11:41:47,587 INFO: [Resto..][epoch:  5, iter:  70,000, lr:(9.263e-04,)] [eta: 1 day, 16:17:30, time (data): 0.415 (0.001)] l_pix: -2.6692e+01 
2023-06-08 11:41:47,587 INFO: Saving models and training states.
2023-06-08 11:42:45,251 INFO: Validation RestoreNet-test, 		 # psnr: 24.2793	 # ssim: 0.8184
2023-06-08 11:42:45,251 INFO: [Resto..][epoch:  5, iter:  70,000, lr:(9.263e-04,)] m_psnr: 2.4279e+01 m_ssim: 8.1835e-01 
2023-06-08 11:44:10,248 INFO: [Resto..][epoch:  5, iter:  70,200, lr:(9.259e-04,)] [eta: 1 day, 17:13:54, time (data): 0.423 (0.000)] l_pix: -2.2594e+01 
2023-06-08 11:45:35,589 INFO: [Resto..][epoch:  5, iter:  70,400, lr:(9.255e-04,)] [eta: 1 day, 17:07:39, time (data): 0.428 (0.000)] l_pix: -2.0848e+01 
2023-06-08 11:47:00,596 INFO: [Resto..][epoch:  5, iter:  70,600, lr:(9.251e-04,)] [eta: 1 day, 17:01:25, time (data): 0.424 (0.000)] l_pix: -2.4000e+01 
2023-06-08 11:48:25,639 INFO: [Resto..][epoch:  5, iter:  70,800, lr:(9.247e-04,)] [eta: 1 day, 16:55:32, time (data): 0.424 (0.016)] l_pix: -2.2456e+01 
2023-06-08 11:49:50,092 INFO: [Resto..][epoch:  5, iter:  71,000, lr:(9.243e-04,)] [eta: 1 day, 16:49:26, time (data): 0.410 (0.000)] l_pix: -1.7378e+01 
2023-06-08 11:51:15,527 INFO: [Resto..][epoch:  5, iter:  71,200, lr:(9.238e-04,)] [eta: 1 day, 16:44:29, time (data): 0.425 (0.000)] l_pix: -1.8000e+01 
2023-06-08 11:52:39,790 INFO: [Resto..][epoch:  5, iter:  71,400, lr:(9.234e-04,)] [eta: 1 day, 16:38:46, time (data): 0.423 (0.000)] l_pix: -2.0896e+01 
2023-06-08 11:54:04,418 INFO: [Resto..][epoch:  5, iter:  71,600, lr:(9.230e-04,)] [eta: 1 day, 16:33:36, time (data): 0.424 (0.000)] l_pix: -2.0976e+01 
2023-06-08 11:55:28,432 INFO: [Resto..][epoch:  5, iter:  71,800, lr:(9.226e-04,)] [eta: 1 day, 16:28:10, time (data): 0.423 (0.000)] l_pix: -2.5550e+01 
2023-06-08 11:56:52,634 INFO: [Resto..][epoch:  5, iter:  72,000, lr:(9.222e-04,)] [eta: 1 day, 16:23:07, time (data): 0.408 (0.000)] l_pix: -2.0564e+01 
2023-06-08 11:58:17,068 INFO: [Resto..][epoch:  5, iter:  72,200, lr:(9.218e-04,)] [eta: 1 day, 16:18:26, time (data): 0.408 (0.000)] l_pix: -2.3142e+01 
2023-06-08 11:59:41,401 INFO: [Resto..][epoch:  5, iter:  72,400, lr:(9.213e-04,)] [eta: 1 day, 16:13:52, time (data): 0.424 (0.000)] l_pix: -2.0968e+01 
2023-06-08 12:01:05,990 INFO: [Resto..][epoch:  5, iter:  72,600, lr:(9.209e-04,)] [eta: 1 day, 16:09:38, time (data): 0.424 (0.000)] l_pix: -1.9468e+01 
2023-06-08 12:02:30,912 INFO: [Resto..][epoch:  5, iter:  72,800, lr:(9.205e-04,)] [eta: 1 day, 16:05:47, time (data): 0.423 (0.000)] l_pix: -2.9259e+01 
2023-06-08 12:03:55,748 INFO: [Resto..][epoch:  5, iter:  73,000, lr:(9.201e-04,)] [eta: 1 day, 16:02:00, time (data): 0.409 (0.000)] l_pix: -2.4533e+01 
2023-06-08 12:05:20,341 INFO: [Resto..][epoch:  5, iter:  73,200, lr:(9.196e-04,)] [eta: 1 day, 15:58:11, time (data): 0.422 (0.000)] l_pix: -2.3308e+01 
2023-06-08 12:06:44,808 INFO: [Resto..][epoch:  5, iter:  73,400, lr:(9.192e-04,)] [eta: 1 day, 15:54:23, time (data): 0.439 (0.000)] l_pix: -2.3204e+01 
2023-06-08 12:08:09,331 INFO: [Resto..][epoch:  5, iter:  73,600, lr:(9.188e-04,)] [eta: 1 day, 15:50:44, time (data): 0.423 (0.000)] l_pix: -2.0774e+01 
2023-06-08 12:09:33,746 INFO: [Resto..][epoch:  5, iter:  73,800, lr:(9.183e-04,)] [eta: 1 day, 15:47:07, time (data): 0.408 (0.000)] l_pix: -2.0335e+01 
2023-06-08 12:10:58,479 INFO: [Resto..][epoch:  5, iter:  74,000, lr:(9.179e-04,)] [eta: 1 day, 15:43:47, time (data): 0.408 (0.000)] l_pix: -2.2167e+01 
2023-06-08 12:12:22,305 INFO: [Resto..][epoch:  5, iter:  74,200, lr:(9.175e-04,)] [eta: 1 day, 15:40:01, time (data): 0.424 (0.016)] l_pix: -2.1117e+01 
2023-06-08 12:13:46,733 INFO: [Resto..][epoch:  5, iter:  74,400, lr:(9.170e-04,)] [eta: 1 day, 15:36:41, time (data): 0.423 (0.000)] l_pix: -2.3037e+01 
2023-06-08 12:15:11,310 INFO: [Resto..][epoch:  5, iter:  74,600, lr:(9.166e-04,)] [eta: 1 day, 15:33:31, time (data): 0.421 (0.000)] l_pix: -2.0419e+01 
2023-06-08 12:16:35,940 INFO: [Resto..][epoch:  5, iter:  74,800, lr:(9.162e-04,)] [eta: 1 day, 15:30:28, time (data): 0.424 (0.000)] l_pix: -1.7598e+01 
2023-06-08 12:18:00,100 INFO: [Resto..][epoch:  6, iter:  75,000, lr:(9.157e-04,)] [eta: 1 day, 15:27:13, time (data): 0.424 (0.000)] l_pix: -2.9079e+01 
2023-06-08 12:18:00,100 INFO: Saving models and training states.
2023-06-08 12:18:16,120 INFO: Validation RestoreNet-test, 		 # psnr: 24.3772	 # ssim: 0.8209
2023-06-08 12:18:16,120 INFO: [Resto..][epoch:  6, iter:  75,000, lr:(9.157e-04,)] m_psnr: 2.4377e+01 m_ssim: 8.2090e-01 
2023-06-08 12:19:40,336 INFO: [Resto..][epoch:  6, iter:  75,200, lr:(9.153e-04,)] [eta: 1 day, 15:32:34, time (data): 0.423 (0.000)] l_pix: -2.5253e+01 
2023-06-08 12:21:04,404 INFO: [Resto..][epoch:  6, iter:  75,400, lr:(9.149e-04,)] [eta: 1 day, 15:29:14, time (data): 0.424 (0.000)] l_pix: -2.2847e+01 
2023-06-08 12:22:28,184 INFO: [Resto..][epoch:  6, iter:  75,600, lr:(9.144e-04,)] [eta: 1 day, 15:25:50, time (data): 0.426 (0.000)] l_pix: -2.2065e+01 
2023-06-08 12:23:51,909 INFO: [Resto..][epoch:  6, iter:  75,800, lr:(9.140e-04,)] [eta: 1 day, 15:22:29, time (data): 0.423 (0.000)] l_pix: -2.3597e+01 
2023-06-08 12:25:18,212 INFO: [Resto..][epoch:  6, iter:  76,000, lr:(9.136e-04,)] [eta: 1 day, 15:20:27, time (data): 0.446 (0.000)] l_pix: -2.2001e+01 
2023-06-08 12:26:44,289 INFO: [Resto..][epoch:  6, iter:  76,200, lr:(9.131e-04,)] [eta: 1 day, 15:18:21, time (data): 0.418 (0.001)] l_pix: -2.2569e+01 
2023-06-08 12:28:10,666 INFO: [Resto..][epoch:  6, iter:  76,400, lr:(9.127e-04,)] [eta: 1 day, 15:16:25, time (data): 0.426 (0.000)] l_pix: -1.9382e+01 
2023-06-08 12:29:37,485 INFO: [Resto..][epoch:  6, iter:  76,600, lr:(9.122e-04,)] [eta: 1 day, 15:14:42, time (data): 0.491 (0.000)] l_pix: -1.9208e+01 
2023-06-08 12:31:03,783 INFO: [Resto..][epoch:  6, iter:  76,800, lr:(9.118e-04,)] [eta: 1 day, 15:12:45, time (data): 0.424 (0.001)] l_pix: -2.8365e+01 
2023-06-08 12:32:29,761 INFO: [Resto..][epoch:  6, iter:  77,000, lr:(9.113e-04,)] [eta: 1 day, 15:10:40, time (data): 0.443 (0.000)] l_pix: -2.2475e+01 
2023-06-08 12:33:54,478 INFO: [Resto..][epoch:  6, iter:  77,200, lr:(9.109e-04,)] [eta: 1 day, 15:08:04, time (data): 0.422 (0.000)] l_pix: -2.3309e+01 
2023-06-08 12:35:18,296 INFO: [Resto..][epoch:  6, iter:  77,400, lr:(9.104e-04,)] [eta: 1 day, 15:05:06, time (data): 0.420 (0.006)] l_pix: -2.2902e+01 
2023-06-08 12:36:42,996 INFO: [Resto..][epoch:  6, iter:  77,600, lr:(9.100e-04,)] [eta: 1 day, 15:02:34, time (data): 0.440 (0.000)] l_pix: -2.0547e+01 
2023-06-08 12:38:07,656 INFO: [Resto..][epoch:  6, iter:  77,800, lr:(9.095e-04,)] [eta: 1 day, 15:00:03, time (data): 0.425 (0.000)] l_pix: -2.4316e+01 
2023-06-08 12:39:32,511 INFO: [Resto..][epoch:  6, iter:  78,000, lr:(9.091e-04,)] [eta: 1 day, 14:57:39, time (data): 0.425 (0.000)] l_pix: -2.1657e+01 
2023-06-08 12:40:57,289 INFO: [Resto..][epoch:  6, iter:  78,200, lr:(9.086e-04,)] [eta: 1 day, 14:55:15, time (data): 0.414 (0.000)] l_pix: -2.3831e+01 
2023-06-08 12:42:21,333 INFO: [Resto..][epoch:  6, iter:  78,400, lr:(9.082e-04,)] [eta: 1 day, 14:52:35, time (data): 0.417 (0.002)] l_pix: -2.2154e+01 
2023-06-08 12:43:45,691 INFO: [Resto..][epoch:  6, iter:  78,600, lr:(9.077e-04,)] [eta: 1 day, 14:50:05, time (data): 0.420 (0.000)] l_pix: -1.8306e+01 
2023-06-08 12:45:10,863 INFO: [Resto..][epoch:  6, iter:  78,800, lr:(9.073e-04,)] [eta: 1 day, 14:47:55, time (data): 0.412 (0.000)] l_pix: -2.0590e+01 
2023-06-08 12:46:35,901 INFO: [Resto..][epoch:  6, iter:  79,000, lr:(9.068e-04,)] [eta: 1 day, 14:45:44, time (data): 0.429 (0.000)] l_pix: -2.0706e+01 
2023-06-08 12:48:00,151 INFO: [Resto..][epoch:  6, iter:  79,200, lr:(9.064e-04,)] [eta: 1 day, 14:43:16, time (data): 0.427 (0.006)] l_pix: -2.3397e+01 
2023-06-08 12:49:24,951 INFO: [Resto..][epoch:  6, iter:  79,400, lr:(9.059e-04,)] [eta: 1 day, 14:41:02, time (data): 0.426 (0.000)] l_pix: -2.3735e+01 
2023-06-08 12:50:49,595 INFO: [Resto..][epoch:  6, iter:  79,600, lr:(9.054e-04,)] [eta: 1 day, 14:38:46, time (data): 0.424 (0.000)] l_pix: -2.2532e+01 
2023-06-08 12:52:14,291 INFO: [Resto..][epoch:  6, iter:  79,800, lr:(9.050e-04,)] [eta: 1 day, 14:36:33, time (data): 0.447 (0.000)] l_pix: -1.7956e+01 
2023-06-08 12:53:39,141 INFO: [Resto..][epoch:  6, iter:  80,000, lr:(9.045e-04,)] [eta: 1 day, 14:34:24, time (data): 0.420 (0.000)] l_pix: -1.9065e+01 
2023-06-08 12:53:39,141 INFO: Saving models and training states.
2023-06-08 12:53:53,653 INFO: Validation RestoreNet-test, 		 # psnr: 24.4203	 # ssim: 0.8225
2023-06-08 12:53:53,661 INFO: [Resto..][epoch:  6, iter:  80,000, lr:(9.045e-04,)] m_psnr: 2.4420e+01 m_ssim: 8.2249e-01 
2023-06-08 12:55:18,796 INFO: [Resto..][epoch:  6, iter:  80,200, lr:(9.041e-04,)] [eta: 1 day, 14:37:28, time (data): 0.413 (0.000)] l_pix: -2.0384e+01 
2023-06-08 12:56:43,361 INFO: [Resto..][epoch:  6, iter:  80,400, lr:(9.036e-04,)] [eta: 1 day, 14:35:11, time (data): 0.420 (0.000)] l_pix: -2.2923e+01 
2023-06-08 12:58:10,113 INFO: [Resto..][epoch:  6, iter:  80,600, lr:(9.031e-04,)] [eta: 1 day, 14:33:41, time (data): 0.426 (0.000)] l_pix: -2.3756e+01 
2023-06-08 12:59:37,151 INFO: [Resto..][epoch:  6, iter:  80,800, lr:(9.027e-04,)] [eta: 1 day, 14:32:16, time (data): 0.426 (0.000)] l_pix: -2.4905e+01 
2023-06-08 13:01:03,674 INFO: [Resto..][epoch:  6, iter:  81,000, lr:(9.022e-04,)] [eta: 1 day, 14:30:41, time (data): 0.413 (0.000)] l_pix: -1.9809e+01 
2023-06-08 13:02:29,150 INFO: [Resto..][epoch:  6, iter:  81,200, lr:(9.017e-04,)] [eta: 1 day, 14:28:46, time (data): 0.420 (0.000)] l_pix: -2.0621e+01 
2023-06-08 13:03:53,704 INFO: [Resto..][epoch:  6, iter:  81,400, lr:(9.013e-04,)] [eta: 1 day, 14:26:33, time (data): 0.413 (0.000)] l_pix: -2.2650e+01 
2023-06-08 13:05:18,410 INFO: [Resto..][epoch:  6, iter:  81,600, lr:(9.008e-04,)] [eta: 1 day, 14:24:25, time (data): 0.410 (0.000)] l_pix: -2.2675e+01 
2023-06-08 13:06:42,680 INFO: [Resto..][epoch:  6, iter:  81,800, lr:(9.003e-04,)] [eta: 1 day, 14:22:09, time (data): 0.420 (0.000)] l_pix: -2.4942e+01 
2023-06-08 13:08:07,355 INFO: [Resto..][epoch:  6, iter:  82,000, lr:(8.999e-04,)] [eta: 1 day, 14:20:02, time (data): 0.463 (0.001)] l_pix: -2.8152e+01 
2023-06-08 13:09:32,963 INFO: [Resto..][epoch:  6, iter:  82,200, lr:(8.994e-04,)] [eta: 1 day, 14:18:13, time (data): 0.414 (0.001)] l_pix: -2.2590e+01 
2023-06-08 13:10:58,081 INFO: [Resto..][epoch:  6, iter:  82,400, lr:(8.989e-04,)] [eta: 1 day, 14:16:16, time (data): 0.424 (0.000)] l_pix: -1.9442e+01 
2023-06-08 13:12:23,508 INFO: [Resto..][epoch:  6, iter:  82,600, lr:(8.984e-04,)] [eta: 1 day, 14:14:25, time (data): 0.426 (0.001)] l_pix: -2.4093e+01 
2023-06-08 13:13:49,992 INFO: [Resto..][epoch:  6, iter:  82,800, lr:(8.980e-04,)] [eta: 1 day, 14:12:54, time (data): 0.417 (0.001)] l_pix: -2.1398e+01 
2023-06-08 13:15:15,501 INFO: [Resto..][epoch:  6, iter:  83,000, lr:(8.975e-04,)] [eta: 1 day, 14:11:05, time (data): 0.418 (0.000)] l_pix: -2.3054e+01 
2023-06-08 13:16:40,312 INFO: [Resto..][epoch:  6, iter:  83,200, lr:(8.970e-04,)] [eta: 1 day, 14:09:05, time (data): 0.422 (0.000)] l_pix: -2.5088e+01 
2023-06-08 13:18:06,790 INFO: [Resto..][epoch:  6, iter:  83,400, lr:(8.965e-04,)] [eta: 1 day, 14:07:35, time (data): 0.421 (0.000)] l_pix: -2.1769e+01 
2023-06-08 13:19:33,456 INFO: [Resto..][epoch:  6, iter:  83,600, lr:(8.961e-04,)] [eta: 1 day, 14:06:07, time (data): 0.478 (0.001)] l_pix: -1.9317e+01 
2023-06-08 13:21:00,291 INFO: [Resto..][epoch:  6, iter:  83,800, lr:(8.956e-04,)] [eta: 1 day, 14:04:43, time (data): 0.424 (0.001)] l_pix: -2.0846e+01 
2023-06-08 13:22:27,249 INFO: [Resto..][epoch:  6, iter:  84,000, lr:(8.951e-04,)] [eta: 1 day, 14:03:20, time (data): 0.424 (0.000)] l_pix: -2.2530e+01 
2023-06-08 13:23:54,090 INFO: [Resto..][epoch:  6, iter:  84,200, lr:(8.946e-04,)] [eta: 1 day, 14:01:56, time (data): 0.424 (0.001)] l_pix: -2.4135e+01 
2023-06-08 13:25:19,928 INFO: [Resto..][epoch:  6, iter:  84,400, lr:(8.941e-04,)] [eta: 1 day, 14:00:15, time (data): 0.423 (0.000)] l_pix: -2.7254e+01 
2023-06-08 13:26:44,412 INFO: [Resto..][epoch:  6, iter:  84,600, lr:(8.936e-04,)] [eta: 1 day, 13:58:12, time (data): 0.424 (0.000)] l_pix: -2.2874e+01 
2023-06-08 13:28:08,689 INFO: [Resto..][epoch:  6, iter:  84,800, lr:(8.932e-04,)] [eta: 1 day, 13:56:07, time (data): 0.423 (0.000)] l_pix: -1.7412e+01 
2023-06-08 13:29:35,604 INFO: [Resto..][epoch:  7, iter:  85,000, lr:(8.927e-04,)] [eta: 1 day, 13:54:45, time (data): 0.412 (0.000)] l_pix: -2.1862e+01 
2023-06-08 13:29:35,604 INFO: Saving models and training states.
2023-06-08 13:29:49,596 INFO: Validation RestoreNet-test, 		 # psnr: 24.4900	 # ssim: 0.8246
2023-06-08 13:29:49,596 INFO: [Resto..][epoch:  7, iter:  85,000, lr:(8.927e-04,)] m_psnr: 2.4490e+01 m_ssim: 8.2456e-01 
2023-06-08 13:31:16,076 INFO: [Resto..][epoch:  7, iter:  85,200, lr:(8.922e-04,)] [eta: 1 day, 13:56:54, time (data): 0.443 (0.000)] l_pix: -2.5172e+01 
2023-06-08 13:32:42,695 INFO: [Resto..][epoch:  7, iter:  85,400, lr:(8.917e-04,)] [eta: 1 day, 13:55:24, time (data): 0.424 (0.000)] l_pix: -2.3770e+01 
2023-06-08 13:34:07,523 INFO: [Resto..][epoch:  7, iter:  85,600, lr:(8.912e-04,)] [eta: 1 day, 13:53:27, time (data): 0.408 (0.000)] l_pix: -2.2238e+01 
2023-06-08 13:35:32,100 INFO: [Resto..][epoch:  7, iter:  85,800, lr:(8.907e-04,)] [eta: 1 day, 13:51:27, time (data): 0.423 (0.000)] l_pix: -1.9237e+01 
2023-06-08 13:36:56,357 INFO: [Resto..][epoch:  7, iter:  86,000, lr:(8.902e-04,)] [eta: 1 day, 13:49:23, time (data): 0.423 (0.000)] l_pix: -2.4292e+01 
2023-06-08 13:38:20,744 INFO: [Resto..][epoch:  7, iter:  86,200, lr:(8.897e-04,)] [eta: 1 day, 13:47:22, time (data): 0.443 (0.000)] l_pix: -1.9908e+01 
2023-06-08 13:39:45,239 INFO: [Resto..][epoch:  7, iter:  86,400, lr:(8.892e-04,)] [eta: 1 day, 13:45:23, time (data): 0.423 (0.000)] l_pix: -2.2423e+01 
2023-06-08 13:41:09,107 INFO: [Resto..][epoch:  7, iter:  86,600, lr:(8.888e-04,)] [eta: 1 day, 13:43:15, time (data): 0.423 (0.000)] l_pix: -2.3390e+01 
2023-06-08 13:42:33,163 INFO: [Resto..][epoch:  7, iter:  86,800, lr:(8.883e-04,)] [eta: 1 day, 13:41:11, time (data): 0.451 (0.000)] l_pix: -2.1191e+01 
2023-06-08 13:43:59,038 INFO: [Resto..][epoch:  7, iter:  87,000, lr:(8.878e-04,)] [eta: 1 day, 13:39:34, time (data): 0.424 (0.000)] l_pix: -2.1861e+01 
2023-06-08 13:45:25,161 INFO: [Resto..][epoch:  7, iter:  87,200, lr:(8.873e-04,)] [eta: 1 day, 13:38:00, time (data): 0.581 (0.000)] l_pix: -2.5168e+01 
2023-06-08 13:46:52,200 INFO: [Resto..][epoch:  7, iter:  87,400, lr:(8.868e-04,)] [eta: 1 day, 13:36:39, time (data): 0.423 (0.000)] l_pix: -2.0473e+01 
2023-06-08 13:48:16,897 INFO: [Resto..][epoch:  7, iter:  87,600, lr:(8.863e-04,)] [eta: 1 day, 13:34:46, time (data): 0.424 (0.016)] l_pix: -2.2050e+01 
2023-06-08 13:49:41,589 INFO: [Resto..][epoch:  7, iter:  87,800, lr:(8.858e-04,)] [eta: 1 day, 13:32:53, time (data): 0.407 (0.000)] l_pix: -3.0339e+01 
2023-06-08 13:51:05,766 INFO: [Resto..][epoch:  7, iter:  88,000, lr:(8.853e-04,)] [eta: 1 day, 13:30:53, time (data): 0.423 (0.000)] l_pix: -2.4103e+01 
2023-06-08 13:52:29,966 INFO: [Resto..][epoch:  7, iter:  88,200, lr:(8.848e-04,)] [eta: 1 day, 13:28:55, time (data): 0.429 (0.000)] l_pix: -2.1789e+01 
2023-06-08 13:53:53,975 INFO: [Resto..][epoch:  7, iter:  88,400, lr:(8.843e-04,)] [eta: 1 day, 13:26:55, time (data): 0.423 (0.000)] l_pix: -2.0621e+01 
2023-06-08 13:55:18,135 INFO: [Resto..][epoch:  7, iter:  88,600, lr:(8.838e-04,)] [eta: 1 day, 13:24:57, time (data): 0.471 (0.000)] l_pix: -1.7080e+01 
2023-06-08 13:56:42,776 INFO: [Resto..][epoch:  7, iter:  88,800, lr:(8.833e-04,)] [eta: 1 day, 13:23:06, time (data): 0.423 (0.000)] l_pix: -2.3915e+01 
2023-06-08 13:58:07,281 INFO: [Resto..][epoch:  7, iter:  89,000, lr:(8.828e-04,)] [eta: 1 day, 13:21:13, time (data): 0.424 (0.000)] l_pix: -2.7098e+01 
2023-06-08 13:59:31,909 INFO: [Resto..][epoch:  7, iter:  89,200, lr:(8.823e-04,)] [eta: 1 day, 13:19:23, time (data): 0.423 (0.000)] l_pix: -1.9986e+01 
2023-06-08 14:00:58,246 INFO: [Resto..][epoch:  7, iter:  89,400, lr:(8.817e-04,)] [eta: 1 day, 13:17:55, time (data): 0.408 (0.000)] l_pix: -2.0683e+01 
2023-06-08 14:02:24,094 INFO: [Resto..][epoch:  7, iter:  89,600, lr:(8.812e-04,)] [eta: 1 day, 13:16:21, time (data): 0.408 (0.000)] l_pix: -2.3321e+01 
2023-06-08 14:03:48,919 INFO: [Resto..][epoch:  7, iter:  89,800, lr:(8.807e-04,)] [eta: 1 day, 13:14:34, time (data): 0.459 (0.001)] l_pix: -2.3745e+01 
2023-06-08 14:05:13,498 INFO: [Resto..][epoch:  7, iter:  90,000, lr:(8.802e-04,)] [eta: 1 day, 13:12:44, time (data): 0.417 (0.000)] l_pix: -2.1596e+01 
2023-06-08 14:05:13,498 INFO: Saving models and training states.
2023-06-08 14:05:26,228 INFO: Validation RestoreNet-test, 		 # psnr: 24.3764	 # ssim: 0.8213
2023-06-08 14:05:26,228 INFO: [Resto..][epoch:  7, iter:  90,000, lr:(8.802e-04,)] m_psnr: 2.4376e+01 m_ssim: 8.2131e-01 
2023-06-08 14:06:51,376 INFO: [Resto..][epoch:  7, iter:  90,200, lr:(8.797e-04,)] [eta: 1 day, 13:13:39, time (data): 0.431 (0.000)] l_pix: -2.4599e+01 
2023-06-08 14:08:15,970 INFO: [Resto..][epoch:  7, iter:  90,400, lr:(8.792e-04,)] [eta: 1 day, 13:11:49, time (data): 0.415 (0.000)] l_pix: -1.7723e+01 
2023-06-08 14:09:40,780 INFO: [Resto..][epoch:  7, iter:  90,600, lr:(8.787e-04,)] [eta: 1 day, 13:10:02, time (data): 0.418 (0.000)] l_pix: -2.0909e+01 
2023-06-08 14:11:05,559 INFO: [Resto..][epoch:  7, iter:  90,800, lr:(8.782e-04,)] [eta: 1 day, 13:08:15, time (data): 0.424 (0.000)] l_pix: -2.4619e+01 
2023-06-08 14:12:30,360 INFO: [Resto..][epoch:  7, iter:  91,000, lr:(8.777e-04,)] [eta: 1 day, 13:06:28, time (data): 0.415 (0.000)] l_pix: -2.0437e+01 
2023-06-08 14:13:55,163 INFO: [Resto..][epoch:  7, iter:  91,200, lr:(8.771e-04,)] [eta: 1 day, 13:04:42, time (data): 0.429 (0.000)] l_pix: -2.1096e+01 
2023-06-08 14:15:20,214 INFO: [Resto..][epoch:  7, iter:  91,400, lr:(8.766e-04,)] [eta: 1 day, 13:02:59, time (data): 0.417 (0.000)] l_pix: -2.4884e+01 
2023-06-08 14:16:45,177 INFO: [Resto..][epoch:  7, iter:  91,600, lr:(8.761e-04,)] [eta: 1 day, 13:01:16, time (data): 0.423 (0.000)] l_pix: -2.2604e+01 
2023-06-08 14:18:10,347 INFO: [Resto..][epoch:  7, iter:  91,800, lr:(8.756e-04,)] [eta: 1 day, 12:59:35, time (data): 0.419 (0.000)] l_pix: -2.3553e+01 
2023-06-08 14:19:35,093 INFO: [Resto..][epoch:  7, iter:  92,000, lr:(8.751e-04,)] [eta: 1 day, 12:57:49, time (data): 0.435 (0.004)] l_pix: -2.3376e+01 
2023-06-08 14:21:00,011 INFO: [Resto..][epoch:  7, iter:  92,200, lr:(8.746e-04,)] [eta: 1 day, 12:56:06, time (data): 0.414 (0.000)] l_pix: -2.5490e+01 
2023-06-08 14:22:24,860 INFO: [Resto..][epoch:  7, iter:  92,400, lr:(8.740e-04,)] [eta: 1 day, 12:54:22, time (data): 0.408 (0.000)] l_pix: -2.2261e+01 
2023-06-08 14:23:50,402 INFO: [Resto..][epoch:  7, iter:  92,600, lr:(8.735e-04,)] [eta: 1 day, 12:52:47, time (data): 0.423 (0.000)] l_pix: -2.0273e+01 
2023-06-08 14:25:15,787 INFO: [Resto..][epoch:  7, iter:  92,800, lr:(8.730e-04,)] [eta: 1 day, 12:51:09, time (data): 0.408 (0.000)] l_pix: -2.3019e+01 
2023-06-08 14:26:42,847 INFO: [Resto..][epoch:  7, iter:  93,000, lr:(8.725e-04,)] [eta: 1 day, 12:49:50, time (data): 0.432 (0.001)] l_pix: -2.2157e+01 
2023-06-08 14:28:10,324 INFO: [Resto..][epoch:  7, iter:  93,200, lr:(8.719e-04,)] [eta: 1 day, 12:48:36, time (data): 0.429 (0.001)] l_pix: -2.0656e+01 
2023-06-08 14:29:38,099 INFO: [Resto..][epoch:  7, iter:  93,400, lr:(8.714e-04,)] [eta: 1 day, 12:47:24, time (data): 0.442 (0.001)] l_pix: -1.8091e+01 
2023-06-08 14:31:06,561 INFO: [Resto..][epoch:  7, iter:  93,600, lr:(8.709e-04,)] [eta: 1 day, 12:46:20, time (data): 0.436 (0.001)] l_pix: -2.2646e+01 
2023-06-08 14:32:32,915 INFO: [Resto..][epoch:  7, iter:  93,800, lr:(8.704e-04,)] [eta: 1 day, 12:44:53, time (data): 0.433 (0.000)] l_pix: -2.0931e+01 
2023-06-08 14:33:59,762 INFO: [Resto..][epoch:  7, iter:  94,000, lr:(8.698e-04,)] [eta: 1 day, 12:43:31, time (data): 0.420 (0.000)] l_pix: -2.2005e+01 
2023-06-08 14:35:27,296 INFO: [Resto..][epoch:  7, iter:  94,200, lr:(8.693e-04,)] [eta: 1 day, 12:42:17, time (data): 0.425 (0.001)] l_pix: -2.7818e+01 
2023-06-08 14:36:55,432 INFO: [Resto..][epoch:  7, iter:  94,400, lr:(8.688e-04,)] [eta: 1 day, 12:41:08, time (data): 0.418 (0.000)] l_pix: -1.7804e+01 
2023-06-08 14:38:20,337 INFO: [Resto..][epoch:  7, iter:  94,600, lr:(8.682e-04,)] [eta: 1 day, 12:39:26, time (data): 0.422 (0.000)] l_pix: -2.4131e+01 
2023-06-08 14:39:45,568 INFO: [Resto..][epoch:  7, iter:  94,800, lr:(8.677e-04,)] [eta: 1 day, 12:37:47, time (data): 0.426 (0.001)] l_pix: -2.0174e+01 
2023-06-08 14:41:11,559 INFO: [Resto..][epoch:  8, iter:  95,000, lr:(8.672e-04,)] [eta: 1 day, 12:36:17, time (data): 0.419 (0.001)] l_pix: -2.1381e+01 
2023-06-08 14:41:11,559 INFO: Saving models and training states.
2023-06-08 14:41:24,584 INFO: Validation RestoreNet-test, 		 # psnr: 24.3974	 # ssim: 0.8198
2023-06-08 14:41:24,585 INFO: [Resto..][epoch:  8, iter:  95,000, lr:(8.672e-04,)] m_psnr: 2.4397e+01 m_ssim: 8.1982e-01 
2023-06-08 14:42:49,928 INFO: [Resto..][epoch:  8, iter:  95,200, lr:(8.666e-04,)] [eta: 1 day, 12:36:51, time (data): 0.448 (0.001)] l_pix: -2.0195e+01 
2023-06-08 14:44:15,746 INFO: [Resto..][epoch:  8, iter:  95,400, lr:(8.661e-04,)] [eta: 1 day, 12:35:18, time (data): 0.484 (0.001)] l_pix: -2.2034e+01 
2023-06-08 14:45:41,292 INFO: [Resto..][epoch:  8, iter:  95,600, lr:(8.656e-04,)] [eta: 1 day, 12:33:42, time (data): 0.419 (0.001)] l_pix: -2.0750e+01 
2023-06-08 14:47:07,298 INFO: [Resto..][epoch:  8, iter:  95,800, lr:(8.650e-04,)] [eta: 1 day, 12:32:11, time (data): 0.422 (0.000)] l_pix: -2.0104e+01 
2023-06-08 14:48:32,774 INFO: [Resto..][epoch:  8, iter:  96,000, lr:(8.645e-04,)] [eta: 1 day, 12:30:34, time (data): 0.416 (0.001)] l_pix: -2.5655e+01 
2023-06-08 14:49:57,894 INFO: [Resto..][epoch:  8, iter:  96,200, lr:(8.640e-04,)] [eta: 1 day, 12:28:55, time (data): 0.416 (0.001)] l_pix: -2.0222e+01 
2023-06-08 14:51:23,056 INFO: [Resto..][epoch:  8, iter:  96,400, lr:(8.634e-04,)] [eta: 1 day, 12:27:16, time (data): 0.417 (0.001)] l_pix: -1.8933e+01 
2023-06-08 14:52:48,387 INFO: [Resto..][epoch:  8, iter:  96,600, lr:(8.629e-04,)] [eta: 1 day, 12:25:38, time (data): 0.421 (0.001)] l_pix: -2.4836e+01 
2023-06-08 14:54:13,790 INFO: [Resto..][epoch:  8, iter:  96,800, lr:(8.623e-04,)] [eta: 1 day, 12:24:02, time (data): 0.419 (0.001)] l_pix: -2.3534e+01 
2023-06-08 14:55:39,041 INFO: [Resto..][epoch:  8, iter:  97,000, lr:(8.618e-04,)] [eta: 1 day, 12:22:24, time (data): 0.426 (0.000)] l_pix: -2.0360e+01 
2023-06-08 14:57:04,670 INFO: [Resto..][epoch:  8, iter:  97,200, lr:(8.613e-04,)] [eta: 1 day, 12:20:50, time (data): 0.444 (0.001)] l_pix: -1.9900e+01 
2023-06-08 14:58:31,577 INFO: [Resto..][epoch:  8, iter:  97,400, lr:(8.607e-04,)] [eta: 1 day, 12:19:28, time (data): 0.410 (0.000)] l_pix: -2.6263e+01 
2023-06-08 14:59:57,178 INFO: [Resto..][epoch:  8, iter:  97,600, lr:(8.602e-04,)] [eta: 1 day, 12:17:54, time (data): 0.421 (0.000)] l_pix: -2.1747e+01 
2023-06-08 15:01:25,008 INFO: [Resto..][epoch:  8, iter:  97,800, lr:(8.596e-04,)] [eta: 1 day, 12:16:41, time (data): 0.492 (0.001)] l_pix: -2.3040e+01 
2023-06-08 15:02:52,202 INFO: [Resto..][epoch:  8, iter:  98,000, lr:(8.591e-04,)] [eta: 1 day, 12:15:21, time (data): 0.429 (0.001)] l_pix: -2.7910e+01 
2023-06-08 15:04:18,665 INFO: [Resto..][epoch:  8, iter:  98,200, lr:(8.585e-04,)] [eta: 1 day, 12:13:55, time (data): 0.434 (0.001)] l_pix: -2.2462e+01 
2023-06-08 15:05:44,595 INFO: [Resto..][epoch:  8, iter:  98,400, lr:(8.580e-04,)] [eta: 1 day, 12:12:24, time (data): 0.424 (0.001)] l_pix: -3.1707e+01 
2023-06-08 15:07:11,464 INFO: [Resto..][epoch:  8, iter:  98,600, lr:(8.574e-04,)] [eta: 1 day, 12:11:02, time (data): 0.430 (0.001)] l_pix: -1.7620e+01 
2023-06-08 15:08:37,481 INFO: [Resto..][epoch:  8, iter:  98,800, lr:(8.569e-04,)] [eta: 1 day, 12:09:31, time (data): 0.425 (0.001)] l_pix: -2.4328e+01 
2023-06-08 15:10:03,625 INFO: [Resto..][epoch:  8, iter:  99,000, lr:(8.563e-04,)] [eta: 1 day, 12:08:02, time (data): 0.424 (0.000)] l_pix: -2.1781e+01 
2023-06-08 15:11:29,946 INFO: [Resto..][epoch:  8, iter:  99,200, lr:(8.558e-04,)] [eta: 1 day, 12:06:35, time (data): 0.425 (0.001)] l_pix: -2.2348e+01 
2023-06-08 15:12:56,436 INFO: [Resto..][epoch:  8, iter:  99,400, lr:(8.552e-04,)] [eta: 1 day, 12:05:09, time (data): 0.468 (0.001)] l_pix: -1.7520e+01 
2023-06-08 15:14:22,762 INFO: [Resto..][epoch:  8, iter:  99,600, lr:(8.547e-04,)] [eta: 1 day, 12:03:42, time (data): 0.465 (0.001)] l_pix: -2.1621e+01 
2023-06-08 15:15:49,356 INFO: [Resto..][epoch:  8, iter:  99,800, lr:(8.541e-04,)] [eta: 1 day, 12:02:17, time (data): 0.491 (0.000)] l_pix: -2.1955e+01 
2023-06-08 15:17:15,470 INFO: [Resto..][epoch:  8, iter: 100,000, lr:(8.536e-04,)] [eta: 1 day, 12:00:47, time (data): 0.482 (0.000)] l_pix: -1.9533e+01 
2023-06-08 15:17:15,471 INFO: Saving models and training states.
2023-06-08 15:17:28,094 INFO: Validation RestoreNet-test, 		 # psnr: 24.2731	 # ssim: 0.8187
2023-06-08 15:17:28,095 INFO: [Resto..][epoch:  8, iter: 100,000, lr:(8.536e-04,)] m_psnr: 2.4273e+01 m_ssim: 8.1869e-01 
2023-06-08 15:18:54,392 INFO: [Resto..][epoch:  8, iter: 100,200, lr:(8.530e-04,)] [eta: 1 day, 12:01:07, time (data): 0.490 (0.001)] l_pix: -2.4102e+01 
