2023-06-09 08:53:52,437 INFO: 
                ____                _       _____  ____
               / __ ) ____ _ _____ (_)_____/ ___/ / __ \
              / __  |/ __ `// ___// // ___/\__ \ / /_/ /
             / /_/ // /_/ /(__  )/ // /__ ___/ // _, _/
            /_____/ \__,_//____//_/ \___//____//_/ |_|
     ______                   __   __                 __      __
    / ____/____   ____   ____/ /  / /   __  __ _____ / /__   / /
   / / __ / __ \ / __ \ / __  /  / /   / / / // ___// //_/  / /
  / /_/ // /_/ // /_/ // /_/ /  / /___/ /_/ // /__ / /<    /_/
  \____/ \____/ \____/ \____/  /_____/\____/ \___//_/|_|  (_)
    
Version Information: 
	BasicSR: 1.2.0+50cb149
	PyTorch: 2.0.0
	TorchVision: 0.15.0
2023-06-09 08:53:52,450 INFO: 
  name: RestoreNet-width64
  model_type: ImageRestorationModel
  scale: 1
  num_gpu: 1
  manual_seed: 10
  datasets:[
    train:[
      name: RestoreNet-train
      type: PairedImageDataset
      dataroot_gt: D:\Premodel\RestoreNet\train\output
      dataroot_lq: D:\Premodel\RestoreNet\train\input
      filename_tmpl: {}
      io_backend:[
        type: disk
      ]
      gt_size: 256
      use_flip: True
      use_rot: True
      use_shuffle: True
      num_worker_per_gpu: 2
      batch_size_per_gpu: 2
      dataset_enlarge_ratio: 1
      prefetch_mode: None
      phase: train
      scale: 1
    ]
    val:[
      name: RestoreNet-test
      type: PairedImageDataset
      dataroot_gt: D:\Premodel\RestoreNet\test\output
      dataroot_lq: D:\Premodel\RestoreNet\test\input
      io_backend:[
        type: disk
      ]
      phase: val
      scale: 1
    ]
  ]
  network_g:[
    type: RestoreNetLocal
    width_deblur: 64
    enc_blk_nums_deblur: [1, 1, 1, 28]
    middle_blk_num_deblur: 1
    dec_blk_nums_deblur: [1, 1, 1, 1]
    dw_expand_deblur: 2
    ffn_expand_deblur: 2
    width_denoise: 64
    enc_blk_nums_denoise: [2, 2, 4, 8]
    middle_blk_num_denoise: 12
    dec_blk_nums_denoise: [2, 2, 2, 2]
    dw_expand_denoise: 2
    ffn_expand_denoise: 2
  ]
  path:[
    pretrain_network_g: None
    strict_load_g: True
    resume_state: experiments/RestoreNet-width64/training_states/155000.state
    root: d:\premodel\restorenet
    experiments_root: d:\premodel\restorenet\experiments\RestoreNet-width64
    models: d:\premodel\restorenet\experiments\RestoreNet-width64\models
    training_states: d:\premodel\restorenet\experiments\RestoreNet-width64\training_states
    log: d:\premodel\restorenet\experiments\RestoreNet-width64
    visualization: d:\premodel\restorenet\experiments\RestoreNet-width64\visualization
  ]
  train:[
    optim_g:[
      type: AdamW
      lr: 0.001
      weight_decay: 0.001
      betas: [0.9, 0.9]
    ]
    scheduler:[
      type: TrueCosineAnnealingLR
      T_max: 400000
      eta_min: 1e-07
    ]
    total_iter: 400000
    warmup_iter: -1
    pixel_opt:[
      type: PSNRLoss
      loss_weight: 1
      reduction: mean
    ]
  ]
  val:[
    val_freq: 5000.0
    save_img: False
    metrics:[
      psnr:[
        type: calculate_psnr
        crop_border: 0
        test_y_channel: False
      ]
      ssim:[
        type: calculate_ssim
        crop_border: 0
        test_y_channel: False
      ]
    ]
  ]
  logger:[
    print_freq: 200
    save_checkpoint_freq: 5000.0
    use_tb_logger: True
    wandb:[
      project: None
      resume_id: None
    ]
  ]
  dist_params:[
    backend: gloo
    port: 4321
  ]
  is_train: True
  dist: False
  rank: 0
  world_size: 1

2023-06-09 08:53:59,273 INFO: Dataset PairedImageDataset - RestoreNet-train is created.
2023-06-09 08:53:59,273 INFO: Training statistics:
	Number of train images: 19978
	Dataset enlarge ratio: 1
	Batch size per gpu: 2
	World size (gpu number): 1
	Require iter number per epoch: 9989
	Total epochs: 41; iters: 400000.
2023-06-09 08:53:59,277 INFO: Dataset PairedImageDataset - RestoreNet-test is created.
2023-06-09 08:53:59,278 INFO: Number of val images/folders in RestoreNet-test: 21
2023-06-09 08:53:59,278 INFO: Set pretrain_network_g to d:\premodel\restorenet\experiments\RestoreNet-width64\models\net_g_155000.pth
2023-06-09 08:54:04,787 INFO: Loading RestoreNetLocal model from d:\premodel\restorenet\experiments\RestoreNet-width64\models\net_g_155000.pth.
2023-06-09 08:54:07,245 INFO: Model [ImageRestorationModel] is created.
2023-06-09 08:54:08,785 INFO: Resuming training from epoch: 13, iter: 155000.
2023-06-09 08:54:13,042 INFO: Start training from epoch: 13, iter: 155000
2023-06-09 08:55:56,323 INFO: [Resto..][epoch: 13, iter: 155,200, lr:(6.724e-04,)] [eta: 1 day, 12:22:50, time (data): 0.519 (0.000)] l_pix: -1.8583e+01 
2023-06-09 08:57:36,575 INFO: [Resto..][epoch: 13, iter: 155,400, lr:(6.716e-04,)] [eta: 1 day, 11:12:26, time (data): 0.493 (0.001)] l_pix: -2.9869e+01 
2023-06-09 08:59:14,464 INFO: [Resto..][epoch: 13, iter: 155,600, lr:(6.709e-04,)] [eta: 1 day, 10:31:45, time (data): 0.471 (0.000)] l_pix: -2.6028e+01 
2023-06-09 09:00:51,177 INFO: [Resto..][epoch: 13, iter: 155,800, lr:(6.701e-04,)] [eta: 1 day, 10:04:36, time (data): 0.479 (0.000)] l_pix: -2.1861e+01 
2023-06-09 09:02:27,517 INFO: [Resto..][epoch: 13, iter: 156,000, lr:(6.694e-04,)] [eta: 1 day, 9:46:08, time (data): 0.501 (0.000)] l_pix: -1.7945e+01 
2023-06-09 09:04:04,629 INFO: [Resto..][epoch: 13, iter: 156,200, lr:(6.687e-04,)] [eta: 1 day, 9:35:54, time (data): 0.489 (0.000)] l_pix: -2.1995e+01 
2023-06-09 09:05:41,506 INFO: [Resto..][epoch: 13, iter: 156,400, lr:(6.679e-04,)] [eta: 1 day, 9:27:26, time (data): 0.486 (0.000)] l_pix: -2.1524e+01 
2023-06-09 09:07:18,113 INFO: [Resto..][epoch: 13, iter: 156,600, lr:(6.672e-04,)] [eta: 1 day, 9:20:01, time (data): 0.486 (0.000)] l_pix: -2.0465e+01 
2023-06-09 09:08:55,208 INFO: [Resto..][epoch: 13, iter: 156,800, lr:(6.664e-04,)] [eta: 1 day, 9:14:58, time (data): 0.473 (0.000)] l_pix: -2.2711e+01 
2023-06-09 09:10:32,911 INFO: [Resto..][epoch: 13, iter: 157,000, lr:(6.657e-04,)] [eta: 1 day, 9:11:51, time (data): 0.466 (0.000)] l_pix: -2.3532e+01 
2023-06-09 09:12:08,409 INFO: [Resto..][epoch: 13, iter: 157,200, lr:(6.650e-04,)] [eta: 1 day, 9:04:56, time (data): 0.504 (0.001)] l_pix: -2.0300e+01 
2023-06-09 09:13:45,837 INFO: [Resto..][epoch: 13, iter: 157,400, lr:(6.642e-04,)] [eta: 1 day, 9:02:10, time (data): 0.519 (0.000)] l_pix: -2.4863e+01 
2023-06-09 09:15:20,733 INFO: [Resto..][epoch: 13, iter: 157,600, lr:(6.635e-04,)] [eta: 1 day, 8:55:38, time (data): 0.483 (0.000)] l_pix: -2.2515e+01 
2023-06-09 09:16:55,826 INFO: [Resto..][epoch: 13, iter: 157,800, lr:(6.627e-04,)] [eta: 1 day, 8:50:06, time (data): 0.467 (0.001)] l_pix: -2.1876e+01 
2023-06-09 09:18:31,069 INFO: [Resto..][epoch: 13, iter: 158,000, lr:(6.620e-04,)] [eta: 1 day, 8:45:17, time (data): 0.512 (0.000)] l_pix: -2.5672e+01 
2023-06-09 09:20:05,999 INFO: [Resto..][epoch: 13, iter: 158,200, lr:(6.613e-04,)] [eta: 1 day, 8:40:29, time (data): 0.464 (0.000)] l_pix: -2.4251e+01 
2023-06-09 09:21:41,064 INFO: [Resto..][epoch: 13, iter: 158,400, lr:(6.605e-04,)] [eta: 1 day, 8:36:13, time (data): 0.471 (0.000)] l_pix: -1.8899e+01 
2023-06-09 09:23:16,138 INFO: [Resto..][epoch: 13, iter: 158,600, lr:(6.598e-04,)] [eta: 1 day, 8:32:16, time (data): 0.486 (0.000)] l_pix: -2.3165e+01 
2023-06-09 09:24:51,710 INFO: [Resto..][epoch: 13, iter: 158,800, lr:(6.590e-04,)] [eta: 1 day, 8:29:05, time (data): 0.470 (0.000)] l_pix: -2.0724e+01 
2023-06-09 09:26:27,300 INFO: [Resto..][epoch: 13, iter: 159,000, lr:(6.583e-04,)] [eta: 1 day, 8:26:05, time (data): 0.470 (0.000)] l_pix: -3.0527e+01 
