2023-06-08 08:42:52,031 INFO: 
                ____                _       _____  ____
               / __ ) ____ _ _____ (_)_____/ ___/ / __ \
              / __  |/ __ `// ___// // ___/\__ \ / /_/ /
             / /_/ // /_/ /(__  )/ // /__ ___/ // _, _/
            /_____/ \__,_//____//_/ \___//____//_/ |_|
     ______                   __   __                 __      __
    / ____/____   ____   ____/ /  / /   __  __ _____ / /__   / /
   / / __ / __ \ / __ \ / __  /  / /   / / / // ___// //_/  / /
  / /_/ // /_/ // /_/ // /_/ /  / /___/ /_/ // /__ / /<    /_/
  \____/ \____/ \____/ \____/  /_____/\____/ \___//_/|_|  (_)
    
Version Information: 
	BasicSR: 1.2.0+50cb149
	PyTorch: 2.0.0
	TorchVision: 0.15.0
2023-06-08 08:42:52,034 INFO: 
  name: RestoreNet-width64
  model_type: ImageRestorationModel
  scale: 1
  num_gpu: 1
  manual_seed: 10
  datasets:[
    train:[
      name: RestoreNet-train
      type: PairedImageDataset
      dataroot_gt: D:\Premodel\RestoreNet\train\output
      dataroot_lq: D:\Premodel\RestoreNet\train\input
      filename_tmpl: {}
      io_backend:[
        type: disk
      ]
      gt_size: 256
      use_flip: True
      use_rot: True
      use_shuffle: True
      num_worker_per_gpu: 2
      batch_size_per_gpu: 2
      dataset_enlarge_ratio: 1
      prefetch_mode: None
      phase: train
      scale: 1
    ]
    val:[
      name: RestoreNet-test
      type: PairedImageDataset
      dataroot_gt: D:\Premodel\RestoreNet\test\output
      dataroot_lq: D:\Premodel\RestoreNet\test\input
      io_backend:[
        type: disk
      ]
      phase: val
      scale: 1
    ]
  ]
  network_g:[
    type: RestoreNetLocal
    width_deblur: 64
    enc_blk_nums_deblur: [1, 1, 1, 28]
    middle_blk_num_deblur: 1
    dec_blk_nums_deblur: [1, 1, 1, 1]
    dw_expand_deblur: 2
    ffn_expand_deblur: 2
    width_denoise: 64
    enc_blk_nums_denoise: [2, 2, 4, 8]
    middle_blk_num_denoise: 12
    dec_blk_nums_denoise: [2, 2, 2, 2]
    dw_expand_denoise: 2
    ffn_expand_denoise: 2
  ]
  path:[
    pretrain_network_g: None
    strict_load_g: True
    resume_state: experiments/RestoreNet-width64/training_states/50000.state
    root: d:\premodel\restorenet
    experiments_root: d:\premodel\restorenet\experiments\RestoreNet-width64
    models: d:\premodel\restorenet\experiments\RestoreNet-width64\models
    training_states: d:\premodel\restorenet\experiments\RestoreNet-width64\training_states
    log: d:\premodel\restorenet\experiments\RestoreNet-width64
    visualization: d:\premodel\restorenet\experiments\RestoreNet-width64\visualization
  ]
  train:[
    optim_g:[
      type: AdamW
      lr: 0.001
      weight_decay: 0.001
      betas: [0.9, 0.9]
    ]
    scheduler:[
      type: TrueCosineAnnealingLR
      T_max: 400000
      eta_min: 1e-07
    ]
    total_iter: 400000
    warmup_iter: -1
    pixel_opt:[
      type: PSNRLoss
      loss_weight: 1
      reduction: mean
    ]
  ]
  val:[
    val_freq: 5000.0
    save_img: False
    metrics:[
      psnr:[
        type: calculate_psnr
        crop_border: 0
        test_y_channel: False
      ]
      ssim:[
        type: calculate_ssim
        crop_border: 0
        test_y_channel: False
      ]
    ]
  ]
  logger:[
    print_freq: 200
    save_checkpoint_freq: 5000.0
    use_tb_logger: True
    wandb:[
      project: None
      resume_id: None
    ]
  ]
  dist_params:[
    backend: gloo
    port: 4321
  ]
  is_train: True
  dist: False
  rank: 0
  world_size: 1

2023-06-08 08:42:58,967 INFO: Dataset PairedImageDataset - RestoreNet-train is created.
2023-06-08 08:42:58,968 INFO: Training statistics:
	Number of train images: 19978
	Dataset enlarge ratio: 1
	Batch size per gpu: 2
	World size (gpu number): 1
	Require iter number per epoch: 9989
	Total epochs: 41; iters: 400000.
2023-06-08 08:42:58,970 INFO: Dataset PairedImageDataset - RestoreNet-test is created.
2023-06-08 08:42:58,970 INFO: Number of val images/folders in RestoreNet-test: 21
2023-06-08 08:42:58,971 INFO: Set pretrain_network_g to d:\premodel\restorenet\experiments\RestoreNet-width64\models\net_g_50000.pth
2023-06-08 08:43:04,491 INFO: Loading RestoreNetLocal model from d:\premodel\restorenet\experiments\RestoreNet-width64\models\net_g_50000.pth.
2023-06-08 08:43:06,786 INFO: Model [ImageRestorationModel] is created.
2023-06-08 08:43:08,713 INFO: Resuming training from epoch: 4, iter: 50000.
2023-06-08 08:43:13,549 INFO: Start training from epoch: 4, iter: 50000
2023-06-08 08:44:59,353 INFO: [Resto..][epoch:  4, iter:  50,200, lr:(9.616e-04,)] [eta: 2 days, 5:29:04, time (data): 0.486 (0.001)] l_pix: -2.4668e+01 
2023-06-08 08:46:37,766 INFO: [Resto..][epoch:  4, iter:  50,400, lr:(9.613e-04,)] [eta: 2 days, 2:37:35, time (data): 0.503 (0.000)] l_pix: -2.3747e+01 
2023-06-08 08:48:16,228 INFO: [Resto..][epoch:  4, iter:  50,600, lr:(9.610e-04,)] [eta: 2 days, 1:39:37, time (data): 0.486 (0.000)] l_pix: -2.2590e+01 
2023-06-08 08:49:54,883 INFO: [Resto..][epoch:  4, iter:  50,800, lr:(9.607e-04,)] [eta: 2 days, 1:11:10, time (data): 0.488 (0.000)] l_pix: -1.8820e+01 
2023-06-08 08:51:33,015 INFO: [Resto..][epoch:  4, iter:  51,000, lr:(9.604e-04,)] [eta: 2 days, 0:50:24, time (data): 0.565 (0.000)] l_pix: -2.5072e+01 
2023-06-08 08:53:10,543 INFO: [Resto..][epoch:  4, iter:  51,200, lr:(9.601e-04,)] [eta: 2 days, 0:33:05, time (data): 0.486 (0.000)] l_pix: -2.4308e+01 
2023-06-08 08:54:48,791 INFO: [Resto..][epoch:  4, iter:  51,400, lr:(9.598e-04,)] [eta: 2 days, 0:23:14, time (data): 0.487 (0.000)] l_pix: -2.1537e+01 
2023-06-08 08:56:27,653 INFO: [Resto..][epoch:  4, iter:  51,600, lr:(9.595e-04,)] [eta: 2 days, 0:17:39, time (data): 0.492 (0.000)] l_pix: -2.1331e+01 
2023-06-08 08:58:06,151 INFO: [Resto..][epoch:  4, iter:  51,800, lr:(9.592e-04,)] [eta: 2 days, 0:11:47, time (data): 0.481 (0.000)] l_pix: -1.8771e+01 
2023-06-08 08:59:44,411 INFO: [Resto..][epoch:  4, iter:  52,000, lr:(9.589e-04,)] [eta: 2 days, 0:06:04, time (data): 0.489 (0.000)] l_pix: -2.1124e+01 
2023-06-08 09:01:22,365 INFO: [Resto..][epoch:  4, iter:  52,200, lr:(9.586e-04,)] [eta: 2 days, 0:00:17, time (data): 0.485 (0.000)] l_pix: -2.4294e+01 
2023-06-08 09:03:00,746 INFO: [Resto..][epoch:  4, iter:  52,400, lr:(9.583e-04,)] [eta: 1 day, 23:56:13, time (data): 0.510 (0.000)] l_pix: -2.7539e+01 
2023-06-08 09:04:39,671 INFO: [Resto..][epoch:  4, iter:  52,600, lr:(9.579e-04,)] [eta: 1 day, 23:53:44, time (data): 0.497 (0.000)] l_pix: -2.0121e+01 
2023-06-08 09:06:18,287 INFO: [Resto..][epoch:  4, iter:  52,800, lr:(9.576e-04,)] [eta: 1 day, 23:50:44, time (data): 0.487 (0.000)] l_pix: -2.1816e+01 
2023-06-08 09:07:57,620 INFO: [Resto..][epoch:  4, iter:  53,000, lr:(9.573e-04,)] [eta: 1 day, 23:49:18, time (data): 0.487 (0.000)] l_pix: -1.7526e+01 
2023-06-08 09:09:36,950 INFO: [Resto..][epoch:  4, iter:  53,200, lr:(9.570e-04,)] [eta: 1 day, 23:47:50, time (data): 0.475 (0.000)] l_pix: -1.8375e+01 
2023-06-08 09:11:14,945 INFO: [Resto..][epoch:  4, iter:  53,400, lr:(9.567e-04,)] [eta: 1 day, 23:44:05, time (data): 0.514 (0.001)] l_pix: -2.5619e+01 
2023-06-08 09:12:53,874 INFO: [Resto..][epoch:  4, iter:  53,600, lr:(9.564e-04,)] [eta: 1 day, 23:42:03, time (data): 0.509 (0.000)] l_pix: -2.2041e+01 
2023-06-08 09:14:33,437 INFO: [Resto..][epoch:  4, iter:  53,800, lr:(9.560e-04,)] [eta: 1 day, 23:41:02, time (data): 0.510 (0.000)] l_pix: -2.5402e+01 
2023-06-08 09:16:13,574 INFO: [Resto..][epoch:  4, iter:  54,000, lr:(9.557e-04,)] [eta: 1 day, 23:40:46, time (data): 0.497 (0.000)] l_pix: -1.7359e+01 
2023-06-08 09:17:53,597 INFO: [Resto..][epoch:  4, iter:  54,200, lr:(9.554e-04,)] [eta: 1 day, 23:40:14, time (data): 0.483 (0.000)] l_pix: -2.2069e+01 
2023-06-08 09:19:34,077 INFO: [Resto..][epoch:  4, iter:  54,400, lr:(9.551e-04,)] [eta: 1 day, 23:40:10, time (data): 0.502 (0.000)] l_pix: -2.0932e+01 
2023-06-08 09:21:13,800 INFO: [Resto..][epoch:  4, iter:  54,600, lr:(9.547e-04,)] [eta: 1 day, 23:39:02, time (data): 0.485 (0.000)] l_pix: -2.5087e+01 
2023-06-08 09:22:53,027 INFO: [Resto..][epoch:  4, iter:  54,800, lr:(9.544e-04,)] [eta: 1 day, 23:37:15, time (data): 0.502 (0.000)] l_pix: -2.1798e+01 
2023-06-08 09:24:32,160 INFO: [Resto..][epoch:  4, iter:  55,000, lr:(9.541e-04,)] [eta: 1 day, 23:35:23, time (data): 0.475 (0.001)] l_pix: -2.1444e+01 
2023-06-08 09:24:32,160 INFO: Saving models and training states.
2023-06-08 09:25:36,266 INFO: Validation RestoreNet-test, 		 # psnr: 24.1789	 # ssim: 0.8173
2023-06-08 09:25:36,270 INFO: [Resto..][epoch:  4, iter:  55,000, lr:(9.541e-04,)] m_psnr: 2.4179e+01 m_ssim: 8.1734e-01 
2023-06-08 09:27:15,161 INFO: [Resto..][epoch:  4, iter:  55,200, lr:(9.537e-04,)] [eta: 2 days, 0:44:05, time (data): 0.483 (0.000)] l_pix: -2.0699e+01 
2023-06-08 09:28:53,332 INFO: [Resto..][epoch:  4, iter:  55,400, lr:(9.534e-04,)] [eta: 2 days, 0:38:34, time (data): 0.486 (0.000)] l_pix: -2.1459e+01 
2023-06-08 09:30:31,439 INFO: [Resto..][epoch:  4, iter:  55,600, lr:(9.531e-04,)] [eta: 2 days, 0:33:15, time (data): 0.481 (0.000)] l_pix: -2.3152e+01 
2023-06-08 09:32:10,248 INFO: [Resto..][epoch:  4, iter:  55,800, lr:(9.528e-04,)] [eta: 2 days, 0:28:54, time (data): 0.499 (0.000)] l_pix: -1.8356e+01 
2023-06-08 09:33:56,821 INFO: [Resto..][epoch:  4, iter:  56,000, lr:(9.524e-04,)] [eta: 2 days, 0:32:08, time (data): 0.835 (0.001)] l_pix: -2.4376e+01 
2023-06-08 09:35:57,849 INFO: [Resto..][epoch:  4, iter:  56,200, lr:(9.521e-04,)] [eta: 2 days, 0:48:24, time (data): 0.493 (0.001)] l_pix: -2.0495e+01 
2023-06-08 09:37:36,588 INFO: [Resto..][epoch:  4, iter:  56,400, lr:(9.517e-04,)] [eta: 2 days, 0:43:36, time (data): 0.501 (0.000)] l_pix: -2.5058e+01 
2023-06-08 09:39:20,063 INFO: [Resto..][epoch:  4, iter:  56,600, lr:(9.514e-04,)] [eta: 2 days, 0:43:05, time (data): 0.480 (0.000)] l_pix: -3.1196e+01 
2023-06-08 09:40:58,686 INFO: [Resto..][epoch:  4, iter:  56,800, lr:(9.511e-04,)] [eta: 2 days, 0:38:25, time (data): 0.482 (0.000)] l_pix: -2.4657e+01 
2023-06-08 09:42:38,125 INFO: [Resto..][epoch:  4, iter:  57,000, lr:(9.507e-04,)] [eta: 2 days, 0:34:35, time (data): 0.540 (0.016)] l_pix: -2.5600e+01 
2023-06-08 09:44:17,469 INFO: [Resto..][epoch:  4, iter:  57,200, lr:(9.504e-04,)] [eta: 2 days, 0:30:48, time (data): 0.502 (0.000)] l_pix: -2.3785e+01 
2023-06-08 09:45:56,207 INFO: [Resto..][epoch:  4, iter:  57,400, lr:(9.501e-04,)] [eta: 2 days, 0:26:40, time (data): 0.486 (0.000)] l_pix: -2.7572e+01 
2023-06-08 09:47:35,044 INFO: [Resto..][epoch:  4, iter:  57,600, lr:(9.497e-04,)] [eta: 2 days, 0:22:44, time (data): 0.486 (0.000)] l_pix: -2.3925e+01 
2023-06-08 09:49:12,895 INFO: [Resto..][epoch:  4, iter:  57,800, lr:(9.494e-04,)] [eta: 2 days, 0:18:12, time (data): 0.476 (0.000)] l_pix: -2.2183e+01 
2023-06-08 09:50:51,605 INFO: [Resto..][epoch:  4, iter:  58,000, lr:(9.490e-04,)] [eta: 2 days, 0:14:26, time (data): 0.484 (0.001)] l_pix: -2.6533e+01 
2023-06-08 09:52:30,749 INFO: [Resto..][epoch:  4, iter:  58,200, lr:(9.487e-04,)] [eta: 2 days, 0:11:04, time (data): 0.483 (0.000)] l_pix: -2.3212e+01 
2023-06-08 09:54:10,092 INFO: [Resto..][epoch:  4, iter:  58,400, lr:(9.483e-04,)] [eta: 2 days, 0:07:54, time (data): 0.475 (0.001)] l_pix: -1.9366e+01 
2023-06-08 09:55:49,638 INFO: [Resto..][epoch:  4, iter:  58,600, lr:(9.480e-04,)] [eta: 2 days, 0:04:57, time (data): 0.486 (0.000)] l_pix: -2.7827e+01 
2023-06-08 09:57:26,816 INFO: [Resto..][epoch:  4, iter:  58,800, lr:(9.476e-04,)] [eta: 2 days, 0:00:32, time (data): 0.489 (0.000)] l_pix: -2.7885e+01 
2023-06-08 09:59:04,817 INFO: [Resto..][epoch:  4, iter:  59,000, lr:(9.473e-04,)] [eta: 1 day, 23:56:46, time (data): 0.480 (0.000)] l_pix: -2.1177e+01 
2023-06-08 10:00:42,055 INFO: [Resto..][epoch:  4, iter:  59,200, lr:(9.469e-04,)] [eta: 1 day, 23:52:36, time (data): 0.492 (0.000)] l_pix: -2.3329e+01 
2023-06-08 10:02:21,649 INFO: [Resto..][epoch:  4, iter:  59,400, lr:(9.466e-04,)] [eta: 1 day, 23:49:59, time (data): 0.489 (0.000)] l_pix: -1.8718e+01 
2023-06-08 10:03:59,349 INFO: [Resto..][epoch:  4, iter:  59,600, lr:(9.462e-04,)] [eta: 1 day, 23:46:17, time (data): 0.476 (0.000)] l_pix: -2.1180e+01 
2023-06-08 10:05:37,158 INFO: [Resto..][epoch:  4, iter:  59,800, lr:(9.459e-04,)] [eta: 1 day, 23:42:43, time (data): 0.489 (0.000)] l_pix: -1.7493e+01 
2023-06-08 10:07:14,606 INFO: [Resto..][epoch:  5, iter:  60,000, lr:(9.455e-04,)] [eta: 1 day, 23:39:02, time (data): 0.476 (0.000)] l_pix: -2.4717e+01 
2023-06-08 10:07:14,606 INFO: Saving models and training states.
2023-06-08 10:07:29,327 INFO: Validation RestoreNet-test, 		 # psnr: 24.1563	 # ssim: 0.8179
2023-06-08 10:07:29,337 INFO: [Resto..][epoch:  5, iter:  60,000, lr:(9.455e-04,)] m_psnr: 2.4156e+01 m_ssim: 8.1792e-01 
2023-06-08 10:09:08,591 INFO: [Resto..][epoch:  5, iter:  60,200, lr:(9.452e-04,)] [eta: 1 day, 23:44:37, time (data): 0.484 (0.000)] l_pix: -2.0442e+01 
2023-06-08 10:10:47,571 INFO: [Resto..][epoch:  5, iter:  60,400, lr:(9.448e-04,)] [eta: 1 day, 23:41:44, time (data): 0.492 (0.000)] l_pix: -2.5890e+01 
2023-06-08 10:12:27,030 INFO: [Resto..][epoch:  5, iter:  60,600, lr:(9.444e-04,)] [eta: 1 day, 23:39:10, time (data): 0.497 (0.000)] l_pix: -2.0375e+01 
2023-06-08 10:14:06,111 INFO: [Resto..][epoch:  5, iter:  60,800, lr:(9.441e-04,)] [eta: 1 day, 23:36:26, time (data): 0.486 (0.000)] l_pix: -2.4334e+01 
2023-06-08 10:15:45,108 INFO: [Resto..][epoch:  5, iter:  61,000, lr:(9.437e-04,)] [eta: 1 day, 23:33:41, time (data): 0.476 (0.000)] l_pix: -1.8960e+01 
2023-06-08 10:17:24,729 INFO: [Resto..][epoch:  5, iter:  61,200, lr:(9.434e-04,)] [eta: 1 day, 23:31:18, time (data): 0.481 (0.000)] l_pix: -1.7466e+01 
2023-06-08 10:19:02,764 INFO: [Resto..][epoch:  5, iter:  61,400, lr:(9.430e-04,)] [eta: 1 day, 23:28:09, time (data): 0.488 (0.000)] l_pix: -2.1477e+01 
2023-06-08 10:20:41,779 INFO: [Resto..][epoch:  5, iter:  61,600, lr:(9.426e-04,)] [eta: 1 day, 23:25:32, time (data): 0.490 (0.000)] l_pix: -2.0822e+01 
2023-06-08 10:22:20,569 INFO: [Resto..][epoch:  5, iter:  61,800, lr:(9.423e-04,)] [eta: 1 day, 23:22:51, time (data): 0.533 (0.000)] l_pix: -2.5298e+01 
2023-06-08 10:23:58,601 INFO: [Resto..][epoch:  5, iter:  62,000, lr:(9.419e-04,)] [eta: 1 day, 23:19:50, time (data): 0.495 (0.000)] l_pix: -2.4797e+01 
2023-06-08 10:25:37,182 INFO: [Resto..][epoch:  5, iter:  62,200, lr:(9.415e-04,)] [eta: 1 day, 23:17:07, time (data): 0.483 (0.000)] l_pix: -1.9785e+01 
2023-06-08 10:27:16,298 INFO: [Resto..][epoch:  5, iter:  62,400, lr:(9.412e-04,)] [eta: 1 day, 23:14:41, time (data): 0.500 (0.001)] l_pix: -2.4843e+01 
2023-06-08 10:28:58,068 INFO: [Resto..][epoch:  5, iter:  62,600, lr:(9.408e-04,)] [eta: 1 day, 23:13:27, time (data): 0.502 (0.000)] l_pix: -2.0333e+01 
2023-06-08 10:30:37,397 INFO: [Resto..][epoch:  5, iter:  62,800, lr:(9.404e-04,)] [eta: 1 day, 23:11:08, time (data): 0.486 (0.000)] l_pix: -2.5394e+01 
2023-06-08 10:32:18,438 INFO: [Resto..][epoch:  5, iter:  63,000, lr:(9.400e-04,)] [eta: 1 day, 23:09:35, time (data): 0.492 (0.000)] l_pix: -2.0665e+01 
2023-06-08 10:34:02,770 INFO: [Resto..][epoch:  5, iter:  63,200, lr:(9.397e-04,)] [eta: 1 day, 23:09:25, time (data): 0.628 (0.000)] l_pix: -2.2192e+01 
2023-06-08 10:35:42,992 INFO: [Resto..][epoch:  5, iter:  63,400, lr:(9.393e-04,)] [eta: 1 day, 23:07:30, time (data): 0.516 (0.001)] l_pix: -2.6846e+01 
2023-06-08 10:37:24,846 INFO: [Resto..][epoch:  5, iter:  63,600, lr:(9.389e-04,)] [eta: 1 day, 23:06:15, time (data): 0.487 (0.000)] l_pix: -2.3574e+01 
2023-06-08 10:39:26,346 INFO: [Resto..][epoch:  5, iter:  63,800, lr:(9.385e-04,)] [eta: 1 day, 23:12:58, time (data): 0.490 (0.000)] l_pix: -2.3753e+01 
2023-06-08 10:41:09,548 INFO: [Resto..][epoch:  5, iter:  64,000, lr:(9.382e-04,)] [eta: 1 day, 23:12:07, time (data): 0.490 (0.000)] l_pix: -2.2540e+01 
2023-06-08 10:42:51,782 INFO: [Resto..][epoch:  5, iter:  64,200, lr:(9.378e-04,)] [eta: 1 day, 23:10:51, time (data): 0.490 (0.000)] l_pix: -2.2014e+01 
2023-06-08 10:44:29,700 INFO: [Resto..][epoch:  5, iter:  64,400, lr:(9.374e-04,)] [eta: 1 day, 23:07:55, time (data): 0.487 (0.001)] l_pix: -2.5026e+01 
2023-06-08 10:46:08,786 INFO: [Resto..][epoch:  5, iter:  64,600, lr:(9.370e-04,)] [eta: 1 day, 23:05:27, time (data): 0.486 (0.000)] l_pix: -2.2072e+01 
2023-06-08 10:47:47,838 INFO: [Resto..][epoch:  5, iter:  64,800, lr:(9.366e-04,)] [eta: 1 day, 23:03:00, time (data): 0.490 (0.000)] l_pix: -1.7124e+01 
2023-06-08 10:49:27,494 INFO: [Resto..][epoch:  5, iter:  65,000, lr:(9.363e-04,)] [eta: 1 day, 23:00:47, time (data): 0.496 (0.000)] l_pix: -1.9424e+01 
2023-06-08 10:49:27,494 INFO: Saving models and training states.
2023-06-08 10:49:41,947 INFO: Validation RestoreNet-test, 		 # psnr: 24.2689	 # ssim: 0.8196
2023-06-08 10:49:41,949 INFO: [Resto..][epoch:  5, iter:  65,000, lr:(9.363e-04,)] m_psnr: 2.4269e+01 m_ssim: 8.1963e-01 
